ARM GAS  /var/folders/sv/kgmgr77579zbf78p2zlhkdfr0000gn/T//ccPkLzZQ.s 			page 1


   1              		.syntax unified
   2              		.cpu cortex-m4
   3              		.eabi_attribute 27, 1
   4              		.eabi_attribute 28, 1
   5              		.fpu fpv4-sp-d16
   6              		.eabi_attribute 20, 1
   7              		.eabi_attribute 21, 1
   8              		.eabi_attribute 23, 3
   9              		.eabi_attribute 24, 1
  10              		.eabi_attribute 25, 1
  11              		.eabi_attribute 26, 1
  12              		.eabi_attribute 30, 2
  13              		.eabi_attribute 34, 1
  14              		.eabi_attribute 18, 4
  15              		.thumb
  16              		.syntax unified
  17              		.file	"board.c"
  18              		.text
  19              	.Ltext0:
  20              		.cfi_sections	.debug_frame
  21              		.section	.text.__early_init,"ax",%progbits
  22              		.align	2
  23              		.p2align 4,,15
  24              		.global	__early_init
  25              		.thumb
  26              		.thumb_func
  27              		.type	__early_init, %function
  28              	__early_init:
  29              	.LFB256:
  30              		.file 1 "board.c"
  31              		.loc 1 70 0
  32              		.cfi_startproc
  33              		@ args = 0, pretend = 0, frame = 0
  34              		@ frame_needed = 0, uses_anonymous_args = 0
  35              		@ link register save eliminated.
  36              		.loc 1 72 0
  37 0000 FFF7FEBF 		b	stm32_clock_init
  38              	.LVL0:
  39              		.cfi_endproc
  40              	.LFE256:
  41              		.size	__early_init, .-__early_init
  42              		.section	.text.boardInit,"ax",%progbits
  43              		.align	2
  44              		.p2align 4,,15
  45              		.global	boardInit
  46              		.thumb
  47              		.thumb_func
  48              		.type	boardInit, %function
  49              	boardInit:
  50              	.LFB257:
  51              		.loc 1 123 0
  52              		.cfi_startproc
  53              		@ args = 0, pretend = 0, frame = 0
  54              		@ frame_needed = 0, uses_anonymous_args = 0
  55              		@ link register save eliminated.
  56 0000 7047     		bx	lr
  57              		.cfi_endproc
ARM GAS  /var/folders/sv/kgmgr77579zbf78p2zlhkdfr0000gn/T//ccPkLzZQ.s 			page 2


  58              	.LFE257:
  59              		.size	boardInit, .-boardInit
  60              		.global	pal_default_config
  61 0002 00BF     		.section	.rodata.pal_default_config,"a",%progbits
  62              		.align	2
  63              		.type	pal_default_config, %object
  64              		.size	pal_default_config, 252
  65              	pal_default_config:
  66 0000 00000028 		.word	671088640
  67 0004 00000000 		.word	0
  68 0008 FFFFFFFF 		.word	-1
  69 000c 00000000 		.word	0
  70 0010 FFFF0000 		.word	65535
  71 0014 00005655 		.word	1431699456
  72 0018 00AA0A00 		.word	698880
  73 001c 00000000 		.word	0
  74 0020 40020000 		.word	576
  75 0024 FFFFFFFF 		.word	-1
  76 0028 00000000 		.word	0
  77 002c FFFF0000 		.word	65535
  78 0030 00000004 		.word	67108864
  79 0034 40000000 		.word	64
  80 0038 00000000 		.word	0
  81 003c 00000000 		.word	0
  82 0040 FFFFFFFF 		.word	-1
  83 0044 00000000 		.word	0
  84 0048 FFFF0000 		.word	65535
  85 004c 00000060 		.word	1610612736
  86 0050 00060600 		.word	394752
  87 0054 00000000 		.word	0
  88 0058 00000000 		.word	0
  89 005c FFFFFFFF 		.word	-1
  90 0060 00000000 		.word	0
  91 0064 FFFF0000 		.word	65535
  92 0068 00000000 		.word	0
  93 006c 00000000 		.word	0
  94 0070 00000000 		.word	0
  95 0074 00000000 		.word	0
  96 0078 FFFFFFFF 		.word	-1
  97 007c 00000000 		.word	0
  98 0080 FFFF0000 		.word	65535
  99 0084 00000000 		.word	0
 100 0088 00000000 		.word	0
 101 008c 00000000 		.word	0
 102 0090 00000000 		.word	0
 103 0094 FFFFFFFF 		.word	-1
 104 0098 00000000 		.word	0
 105 009c FFFF0000 		.word	65535
 106 00a0 00000000 		.word	0
 107 00a4 00000000 		.word	0
 108 00a8 00000000 		.word	0
 109 00ac 00000000 		.word	0
 110 00b0 FFFFFFFF 		.word	-1
 111 00b4 00000000 		.word	0
 112 00b8 FFFF0000 		.word	65535
 113 00bc 00000000 		.word	0
 114 00c0 00000000 		.word	0
ARM GAS  /var/folders/sv/kgmgr77579zbf78p2zlhkdfr0000gn/T//ccPkLzZQ.s 			page 3


 115 00c4 00000000 		.word	0
 116 00c8 00000000 		.word	0
 117 00cc FFFFFFFF 		.word	-1
 118 00d0 00000000 		.word	0
 119 00d4 FFFF0000 		.word	65535
 120 00d8 00000000 		.word	0
 121 00dc 00000000 		.word	0
 122 00e0 00000000 		.word	0
 123 00e4 00000000 		.word	0
 124 00e8 FFFFFFFF 		.word	-1
 125 00ec 00000000 		.word	0
 126 00f0 FFFF0000 		.word	65535
 127 00f4 00000000 		.word	0
 128 00f8 00000000 		.word	0
 129              		.text
 130              	.Letext0:
 131              		.file 2 "/usr/local/Cellar/gcc-arm-none-eabi/20160928/lib/gcc/arm-none-eabi/5.4.1/include/stddef.h
 132              		.file 3 "/usr/local/Cellar/gcc-arm-none-eabi/20160928/arm-none-eabi/include/machine/_default_types
 133              		.file 4 "/usr/local/Cellar/gcc-arm-none-eabi/20160928/arm-none-eabi/include/sys/_stdint.h"
 134              		.file 5 "ChibiOS_3.0.2/os/rt/ports/ARMCMx/compilers/GCC/chtypes.h"
 135              		.file 6 "ChibiOS_3.0.2/os/rt/include/chsystypes.h"
 136              		.file 7 "ChibiOS_3.0.2/os/rt/include/chschd.h"
 137              		.file 8 "ChibiOS_3.0.2/os/rt/ports/ARMCMx/chcore.h"
 138              		.file 9 "ChibiOS_3.0.2/os/rt/ports/ARMCMx/chcore_v7m.h"
 139              		.file 10 "ChibiOS_3.0.2/os/rt/include/chtm.h"
 140              		.file 11 "ChibiOS_3.0.2/os/rt/include/chsem.h"
 141              		.file 12 "ChibiOS_3.0.2/os/rt/include/chmtx.h"
 142              		.file 13 "ChibiOS_3.0.2/os/hal/ports/STM32/LLD/GPIOv2/pal_lld.h"
 143              		.file 14 "ChibiOS_3.0.2/os/ext/CMSIS/include/core_cm4.h"
 144              		.file 15 "ChibiOS_3.0.2/os/hal/ports/STM32/STM32F4xx/hal_lld.h"
 145              		.section	.debug_info,"",%progbits
 146              	.Ldebug_info0:
 147 0000 70080000 		.4byte	0x870
 148 0004 0400     		.2byte	0x4
 149 0006 00000000 		.4byte	.Ldebug_abbrev0
 150 000a 04       		.byte	0x4
 151 000b 01       		.uleb128 0x1
 152 000c 8B040000 		.4byte	.LASF126
 153 0010 0C       		.byte	0xc
 154 0011 02040000 		.4byte	.LASF127
 155 0015 C3050000 		.4byte	.LASF128
 156 0019 00000000 		.4byte	.Ldebug_ranges0+0
 157 001d 00000000 		.4byte	0
 158 0021 00000000 		.4byte	.Ldebug_line0
 159 0025 02       		.uleb128 0x2
 160 0026 04       		.byte	0x4
 161 0027 05       		.byte	0x5
 162 0028 696E7400 		.ascii	"int\000"
 163 002c 03       		.uleb128 0x3
 164 002d 20000000 		.4byte	.LASF2
 165 0031 02       		.byte	0x2
 166 0032 D8       		.byte	0xd8
 167 0033 37000000 		.4byte	0x37
 168 0037 04       		.uleb128 0x4
 169 0038 04       		.byte	0x4
 170 0039 07       		.byte	0x7
 171 003a 8A010000 		.4byte	.LASF0
ARM GAS  /var/folders/sv/kgmgr77579zbf78p2zlhkdfr0000gn/T//ccPkLzZQ.s 			page 4


 172 003e 04       		.uleb128 0x4
 173 003f 01       		.byte	0x1
 174 0040 06       		.byte	0x6
 175 0041 C6000000 		.4byte	.LASF1
 176 0045 03       		.uleb128 0x3
 177 0046 37000000 		.4byte	.LASF3
 178 004a 03       		.byte	0x3
 179 004b 1D       		.byte	0x1d
 180 004c 50000000 		.4byte	0x50
 181 0050 04       		.uleb128 0x4
 182 0051 01       		.byte	0x1
 183 0052 08       		.byte	0x8
 184 0053 2C030000 		.4byte	.LASF4
 185 0057 04       		.uleb128 0x4
 186 0058 02       		.byte	0x2
 187 0059 05       		.byte	0x5
 188 005a 49030000 		.4byte	.LASF5
 189 005e 04       		.uleb128 0x4
 190 005f 02       		.byte	0x2
 191 0060 07       		.byte	0x7
 192 0061 E1010000 		.4byte	.LASF6
 193 0065 03       		.uleb128 0x3
 194 0066 39020000 		.4byte	.LASF7
 195 006a 03       		.byte	0x3
 196 006b 3F       		.byte	0x3f
 197 006c 70000000 		.4byte	0x70
 198 0070 04       		.uleb128 0x4
 199 0071 04       		.byte	0x4
 200 0072 05       		.byte	0x5
 201 0073 0A010000 		.4byte	.LASF8
 202 0077 03       		.uleb128 0x3
 203 0078 3F040000 		.4byte	.LASF9
 204 007c 03       		.byte	0x3
 205 007d 41       		.byte	0x41
 206 007e 82000000 		.4byte	0x82
 207 0082 04       		.uleb128 0x4
 208 0083 04       		.byte	0x4
 209 0084 07       		.byte	0x7
 210 0085 EB030000 		.4byte	.LASF10
 211 0089 04       		.uleb128 0x4
 212 008a 08       		.byte	0x8
 213 008b 05       		.byte	0x5
 214 008c B8000000 		.4byte	.LASF11
 215 0090 03       		.uleb128 0x3
 216 0091 D6020000 		.4byte	.LASF12
 217 0095 03       		.byte	0x3
 218 0096 5B       		.byte	0x5b
 219 0097 9B000000 		.4byte	0x9b
 220 009b 04       		.uleb128 0x4
 221 009c 08       		.byte	0x8
 222 009d 07       		.byte	0x7
 223 009e 5B000000 		.4byte	.LASF13
 224 00a2 03       		.uleb128 0x3
 225 00a3 B5050000 		.4byte	.LASF14
 226 00a7 04       		.byte	0x4
 227 00a8 18       		.byte	0x18
 228 00a9 45000000 		.4byte	0x45
ARM GAS  /var/folders/sv/kgmgr77579zbf78p2zlhkdfr0000gn/T//ccPkLzZQ.s 			page 5


 229 00ad 03       		.uleb128 0x3
 230 00ae 24030000 		.4byte	.LASF15
 231 00b2 04       		.byte	0x4
 232 00b3 2C       		.byte	0x2c
 233 00b4 65000000 		.4byte	0x65
 234 00b8 03       		.uleb128 0x3
 235 00b9 BF030000 		.4byte	.LASF16
 236 00bd 04       		.byte	0x4
 237 00be 30       		.byte	0x30
 238 00bf 77000000 		.4byte	0x77
 239 00c3 03       		.uleb128 0x3
 240 00c4 2E000000 		.4byte	.LASF17
 241 00c8 04       		.byte	0x4
 242 00c9 3C       		.byte	0x3c
 243 00ca 90000000 		.4byte	0x90
 244 00ce 05       		.uleb128 0x5
 245 00cf AD000000 		.4byte	0xad
 246 00d3 03       		.uleb128 0x3
 247 00d4 55020000 		.4byte	.LASF18
 248 00d8 05       		.byte	0x5
 249 00d9 45       		.byte	0x45
 250 00da B8000000 		.4byte	0xb8
 251 00de 03       		.uleb128 0x3
 252 00df 17020000 		.4byte	.LASF19
 253 00e3 05       		.byte	0x5
 254 00e4 48       		.byte	0x48
 255 00e5 A2000000 		.4byte	0xa2
 256 00e9 03       		.uleb128 0x3
 257 00ea 1A010000 		.4byte	.LASF20
 258 00ee 05       		.byte	0x5
 259 00ef 49       		.byte	0x49
 260 00f0 A2000000 		.4byte	0xa2
 261 00f4 03       		.uleb128 0x3
 262 00f5 E7020000 		.4byte	.LASF21
 263 00f9 05       		.byte	0x5
 264 00fa 4A       		.byte	0x4a
 265 00fb A2000000 		.4byte	0xa2
 266 00ff 03       		.uleb128 0x3
 267 0100 F0000000 		.4byte	.LASF22
 268 0104 05       		.byte	0x5
 269 0105 4B       		.byte	0x4b
 270 0106 A2000000 		.4byte	0xa2
 271 010a 03       		.uleb128 0x3
 272 010b 06030000 		.4byte	.LASF23
 273 010f 05       		.byte	0x5
 274 0110 4C       		.byte	0x4c
 275 0111 B8000000 		.4byte	0xb8
 276 0115 03       		.uleb128 0x3
 277 0116 05020000 		.4byte	.LASF24
 278 011a 05       		.byte	0x5
 279 011b 4D       		.byte	0x4d
 280 011c AD000000 		.4byte	0xad
 281 0120 03       		.uleb128 0x3
 282 0121 2D020000 		.4byte	.LASF25
 283 0125 05       		.byte	0x5
 284 0126 4F       		.byte	0x4f
 285 0127 B8000000 		.4byte	0xb8
ARM GAS  /var/folders/sv/kgmgr77579zbf78p2zlhkdfr0000gn/T//ccPkLzZQ.s 			page 6


 286 012b 03       		.uleb128 0x3
 287 012c 84010000 		.4byte	.LASF26
 288 0130 05       		.byte	0x5
 289 0131 51       		.byte	0x51
 290 0132 AD000000 		.4byte	0xad
 291 0136 03       		.uleb128 0x3
 292 0137 21040000 		.4byte	.LASF27
 293 013b 06       		.byte	0x6
 294 013c 33       		.byte	0x33
 295 013d B8000000 		.4byte	0xb8
 296 0141 03       		.uleb128 0x3
 297 0142 11040000 		.4byte	.LASF28
 298 0146 06       		.byte	0x6
 299 0147 3F       		.byte	0x3f
 300 0148 4C010000 		.4byte	0x14c
 301 014c 06       		.uleb128 0x6
 302 014d FB010000 		.4byte	.LASF50
 303 0151 48       		.byte	0x48
 304 0152 07       		.byte	0x7
 305 0153 C2       		.byte	0xc2
 306 0154 51020000 		.4byte	0x251
 307 0158 07       		.uleb128 0x7
 308 0159 7A030000 		.4byte	.LASF29
 309 015d 07       		.byte	0x7
 310 015e C3       		.byte	0xc3
 311 015f 5C020000 		.4byte	0x25c
 312 0163 00       		.byte	0
 313 0164 07       		.uleb128 0x7
 314 0165 FF020000 		.4byte	.LASF30
 315 0169 07       		.byte	0x7
 316 016a C5       		.byte	0xc5
 317 016b 5C020000 		.4byte	0x25c
 318 016f 04       		.byte	0x4
 319 0170 07       		.uleb128 0x7
 320 0171 B1000000 		.4byte	.LASF31
 321 0175 07       		.byte	0x7
 322 0176 C7       		.byte	0xc7
 323 0177 0A010000 		.4byte	0x10a
 324 017b 08       		.byte	0x8
 325 017c 07       		.uleb128 0x7
 326 017d 49060000 		.4byte	.LASF32
 327 0181 07       		.byte	0x7
 328 0182 C8       		.byte	0xc8
 329 0183 8C040000 		.4byte	0x48c
 330 0187 0C       		.byte	0xc
 331 0188 07       		.uleb128 0x7
 332 0189 23010000 		.4byte	.LASF33
 333 018d 07       		.byte	0x7
 334 018e CA       		.byte	0xca
 335 018f 5C020000 		.4byte	0x25c
 336 0193 10       		.byte	0x10
 337 0194 07       		.uleb128 0x7
 338 0195 8F020000 		.4byte	.LASF34
 339 0199 07       		.byte	0x7
 340 019a CB       		.byte	0xcb
 341 019b 5C020000 		.4byte	0x25c
 342 019f 14       		.byte	0x14
ARM GAS  /var/folders/sv/kgmgr77579zbf78p2zlhkdfr0000gn/T//ccPkLzZQ.s 			page 7


 343 01a0 07       		.uleb128 0x7
 344 01a1 01060000 		.4byte	.LASF35
 345 01a5 07       		.byte	0x7
 346 01a6 D2       		.byte	0xd2
 347 01a7 D1060000 		.4byte	0x6d1
 348 01ab 18       		.byte	0x18
 349 01ac 07       		.uleb128 0x7
 350 01ad 53030000 		.4byte	.LASF36
 351 01b1 07       		.byte	0x7
 352 01b2 DD       		.byte	0xdd
 353 01b3 E9000000 		.4byte	0xe9
 354 01b7 1C       		.byte	0x1c
 355 01b8 07       		.uleb128 0x7
 356 01b9 81030000 		.4byte	.LASF37
 357 01bd 07       		.byte	0x7
 358 01be E1       		.byte	0xe1
 359 01bf DE000000 		.4byte	0xde
 360 01c3 1D       		.byte	0x1d
 361 01c4 07       		.uleb128 0x7
 362 01c5 84040000 		.4byte	.LASF38
 363 01c9 07       		.byte	0x7
 364 01ca E6       		.byte	0xe6
 365 01cb F4000000 		.4byte	0xf4
 366 01cf 1E       		.byte	0x1e
 367 01d0 07       		.uleb128 0x7
 368 01d1 CC020000 		.4byte	.LASF39
 369 01d5 07       		.byte	0x7
 370 01d6 EC       		.byte	0xec
 371 01d7 FF000000 		.4byte	0xff
 372 01db 1F       		.byte	0x1f
 373 01dc 07       		.uleb128 0x7
 374 01dd 5B040000 		.4byte	.LASF40
 375 01e1 07       		.byte	0x7
 376 01e2 F3       		.byte	0xf3
 377 01e3 E3060000 		.4byte	0x6e3
 378 01e7 20       		.byte	0x20
 379 01e8 08       		.uleb128 0x8
 380 01e9 705F7500 		.ascii	"p_u\000"
 381 01ed 07       		.byte	0x7
 382 01ee 3101     		.2byte	0x131
 383 01f0 0C060000 		.4byte	0x60c
 384 01f4 24       		.byte	0x24
 385 01f5 09       		.uleb128 0x9
 386 01f6 4F060000 		.4byte	.LASF41
 387 01fa 07       		.byte	0x7
 388 01fb 3601     		.2byte	0x136
 389 01fd 62020000 		.4byte	0x262
 390 0201 28       		.byte	0x28
 391 0202 09       		.uleb128 0x9
 392 0203 62040000 		.4byte	.LASF42
 393 0207 07       		.byte	0x7
 394 0208 3C01     		.2byte	0x13c
 395 020a 86020000 		.4byte	0x286
 396 020e 2C       		.byte	0x2c
 397 020f 09       		.uleb128 0x9
 398 0210 1E060000 		.4byte	.LASF43
 399 0214 07       		.byte	0x7
ARM GAS  /var/folders/sv/kgmgr77579zbf78p2zlhkdfr0000gn/T//ccPkLzZQ.s 			page 8


 400 0215 4001     		.2byte	0x140
 401 0217 15010000 		.4byte	0x115
 402 021b 34       		.byte	0x34
 403 021c 09       		.uleb128 0x9
 404 021d AE030000 		.4byte	.LASF44
 405 0221 07       		.byte	0x7
 406 0222 4601     		.2byte	0x146
 407 0224 20010000 		.4byte	0x120
 408 0228 38       		.byte	0x38
 409 0229 09       		.uleb128 0x9
 410 022a 3F030000 		.4byte	.LASF45
 411 022e 07       		.byte	0x7
 412 022f 4D01     		.2byte	0x14d
 413 0231 CB060000 		.4byte	0x6cb
 414 0235 3C       		.byte	0x3c
 415 0236 09       		.uleb128 0x9
 416 0237 2B040000 		.4byte	.LASF46
 417 023b 07       		.byte	0x7
 418 023c 5101     		.2byte	0x151
 419 023e 0A010000 		.4byte	0x10a
 420 0242 40       		.byte	0x40
 421 0243 09       		.uleb128 0x9
 422 0244 D2000000 		.4byte	.LASF47
 423 0248 07       		.byte	0x7
 424 0249 5801     		.2byte	0x158
 425 024b 39030000 		.4byte	0x339
 426 024f 44       		.byte	0x44
 427 0250 00       		.byte	0
 428 0251 03       		.uleb128 0x3
 429 0252 5D020000 		.4byte	.LASF48
 430 0256 06       		.byte	0x6
 431 0257 44       		.byte	0x44
 432 0258 5C020000 		.4byte	0x25c
 433 025c 0A       		.uleb128 0xa
 434 025d 04       		.byte	0x4
 435 025e 41010000 		.4byte	0x141
 436 0262 03       		.uleb128 0x3
 437 0263 0F060000 		.4byte	.LASF49
 438 0267 06       		.byte	0x6
 439 0268 49       		.byte	0x49
 440 0269 6D020000 		.4byte	0x26d
 441 026d 06       		.uleb128 0x6
 442 026e DB030000 		.4byte	.LASF51
 443 0272 04       		.byte	0x4
 444 0273 07       		.byte	0x7
 445 0274 B0       		.byte	0xb0
 446 0275 86020000 		.4byte	0x286
 447 0279 07       		.uleb128 0x7
 448 027a 7A030000 		.4byte	.LASF29
 449 027e 07       		.byte	0x7
 450 027f B1       		.byte	0xb1
 451 0280 5C020000 		.4byte	0x25c
 452 0284 00       		.byte	0
 453 0285 00       		.byte	0
 454 0286 03       		.uleb128 0x3
 455 0287 74040000 		.4byte	.LASF52
 456 028b 06       		.byte	0x6
ARM GAS  /var/folders/sv/kgmgr77579zbf78p2zlhkdfr0000gn/T//ccPkLzZQ.s 			page 9


 457 028c 50       		.byte	0x50
 458 028d 91020000 		.4byte	0x291
 459 0291 06       		.uleb128 0x6
 460 0292 A0000000 		.4byte	.LASF53
 461 0296 08       		.byte	0x8
 462 0297 07       		.byte	0x7
 463 0298 B7       		.byte	0xb7
 464 0299 B6020000 		.4byte	0x2b6
 465 029d 07       		.uleb128 0x7
 466 029e 7A030000 		.4byte	.LASF29
 467 02a2 07       		.byte	0x7
 468 02a3 B8       		.byte	0xb8
 469 02a4 5C020000 		.4byte	0x25c
 470 02a8 00       		.byte	0
 471 02a9 07       		.uleb128 0x7
 472 02aa FF020000 		.4byte	.LASF30
 473 02ae 07       		.byte	0x7
 474 02af B9       		.byte	0xb9
 475 02b0 5C020000 		.4byte	0x25c
 476 02b4 04       		.byte	0x4
 477 02b5 00       		.byte	0
 478 02b6 03       		.uleb128 0x3
 479 02b7 13000000 		.4byte	.LASF54
 480 02bb 06       		.byte	0x6
 481 02bc 57       		.byte	0x57
 482 02bd C1020000 		.4byte	0x2c1
 483 02c1 0B       		.uleb128 0xb
 484 02c2 1F020000 		.4byte	.LASF55
 485 02c6 1C       		.byte	0x1c
 486 02c7 07       		.byte	0x7
 487 02c8 9001     		.2byte	0x190
 488 02ca 1D030000 		.4byte	0x31d
 489 02ce 09       		.uleb128 0x9
 490 02cf C8030000 		.4byte	.LASF56
 491 02d3 07       		.byte	0x7
 492 02d4 9101     		.2byte	0x191
 493 02d6 86020000 		.4byte	0x286
 494 02da 00       		.byte	0
 495 02db 09       		.uleb128 0x9
 496 02dc 65030000 		.4byte	.LASF57
 497 02e0 07       		.byte	0x7
 498 02e1 9201     		.2byte	0x192
 499 02e3 0A010000 		.4byte	0x10a
 500 02e7 08       		.byte	0x8
 501 02e8 09       		.uleb128 0x9
 502 02e9 97020000 		.4byte	.LASF58
 503 02ed 07       		.byte	0x7
 504 02ee 9401     		.2byte	0x194
 505 02f0 8C040000 		.4byte	0x48c
 506 02f4 0C       		.byte	0xc
 507 02f5 09       		.uleb128 0x9
 508 02f6 3C010000 		.4byte	.LASF59
 509 02fa 07       		.byte	0x7
 510 02fb 9701     		.2byte	0x197
 511 02fd 5C020000 		.4byte	0x25c
 512 0301 10       		.byte	0x10
 513 0302 09       		.uleb128 0x9
ARM GAS  /var/folders/sv/kgmgr77579zbf78p2zlhkdfr0000gn/T//ccPkLzZQ.s 			page 10


 514 0303 C4020000 		.4byte	.LASF60
 515 0307 07       		.byte	0x7
 516 0308 9801     		.2byte	0x198
 517 030a 5C020000 		.4byte	0x25c
 518 030e 14       		.byte	0x14
 519 030f 09       		.uleb128 0x9
 520 0310 BA020000 		.4byte	.LASF61
 521 0314 07       		.byte	0x7
 522 0315 9B01     		.2byte	0x19b
 523 0317 5C020000 		.4byte	0x25c
 524 031b 18       		.byte	0x18
 525 031c 00       		.byte	0
 526 031d 03       		.uleb128 0x3
 527 031e 36040000 		.4byte	.LASF62
 528 0322 06       		.byte	0x6
 529 0323 5C       		.byte	0x5c
 530 0324 28030000 		.4byte	0x328
 531 0328 0A       		.uleb128 0xa
 532 0329 04       		.byte	0x4
 533 032a 2E030000 		.4byte	0x32e
 534 032e 0C       		.uleb128 0xc
 535 032f 39030000 		.4byte	0x339
 536 0333 0D       		.uleb128 0xd
 537 0334 39030000 		.4byte	0x339
 538 0338 00       		.byte	0
 539 0339 0E       		.uleb128 0xe
 540 033a 04       		.byte	0x4
 541 033b 03       		.uleb128 0x3
 542 033c EF020000 		.4byte	.LASF63
 543 0340 06       		.byte	0x6
 544 0341 61       		.byte	0x61
 545 0342 46030000 		.4byte	0x346
 546 0346 0B       		.uleb128 0xb
 547 0347 90030000 		.4byte	.LASF64
 548 034b 14       		.byte	0x14
 549 034c 07       		.byte	0x7
 550 034d 6B01     		.2byte	0x16b
 551 034f 95030000 		.4byte	0x395
 552 0353 09       		.uleb128 0x9
 553 0354 97010000 		.4byte	.LASF65
 554 0358 07       		.byte	0x7
 555 0359 6C01     		.2byte	0x16c
 556 035b E8060000 		.4byte	0x6e8
 557 035f 00       		.byte	0
 558 0360 09       		.uleb128 0x9
 559 0361 4D010000 		.4byte	.LASF66
 560 0365 07       		.byte	0x7
 561 0366 6D01     		.2byte	0x16d
 562 0368 E8060000 		.4byte	0x6e8
 563 036c 04       		.byte	0x4
 564 036d 09       		.uleb128 0x9
 565 036e A6010000 		.4byte	.LASF67
 566 0372 07       		.byte	0x7
 567 0373 6E01     		.2byte	0x16e
 568 0375 36010000 		.4byte	0x136
 569 0379 08       		.byte	0x8
 570 037a 09       		.uleb128 0x9
ARM GAS  /var/folders/sv/kgmgr77579zbf78p2zlhkdfr0000gn/T//ccPkLzZQ.s 			page 11


 571 037b 87020000 		.4byte	.LASF68
 572 037f 07       		.byte	0x7
 573 0380 6F01     		.2byte	0x16f
 574 0382 1D030000 		.4byte	0x31d
 575 0386 0C       		.byte	0xc
 576 0387 09       		.uleb128 0x9
 577 0388 6D040000 		.4byte	.LASF69
 578 038c 07       		.byte	0x7
 579 038d 7101     		.2byte	0x171
 580 038f 39030000 		.4byte	0x339
 581 0393 10       		.byte	0x10
 582 0394 00       		.byte	0
 583 0395 03       		.uleb128 0x3
 584 0396 7D000000 		.4byte	.LASF70
 585 039a 06       		.byte	0x6
 586 039b 66       		.byte	0x66
 587 039c A0030000 		.4byte	0x3a0
 588 03a0 0B       		.uleb128 0xb
 589 03a1 70020000 		.4byte	.LASF71
 590 03a5 10       		.byte	0x10
 591 03a6 07       		.byte	0x7
 592 03a7 7B01     		.2byte	0x17b
 593 03a9 E2030000 		.4byte	0x3e2
 594 03ad 09       		.uleb128 0x9
 595 03ae 97010000 		.4byte	.LASF65
 596 03b2 07       		.byte	0x7
 597 03b3 7C01     		.2byte	0x17c
 598 03b5 E8060000 		.4byte	0x6e8
 599 03b9 00       		.byte	0
 600 03ba 09       		.uleb128 0x9
 601 03bb 4D010000 		.4byte	.LASF66
 602 03bf 07       		.byte	0x7
 603 03c0 7E01     		.2byte	0x17e
 604 03c2 E8060000 		.4byte	0x6e8
 605 03c6 04       		.byte	0x4
 606 03c7 09       		.uleb128 0x9
 607 03c8 A6010000 		.4byte	.LASF67
 608 03cc 07       		.byte	0x7
 609 03cd 8001     		.2byte	0x180
 610 03cf 36010000 		.4byte	0x136
 611 03d3 08       		.byte	0x8
 612 03d4 09       		.uleb128 0x9
 613 03d5 D0030000 		.4byte	.LASF72
 614 03d9 07       		.byte	0x7
 615 03da 8201     		.2byte	0x182
 616 03dc E3060000 		.4byte	0x6e3
 617 03e0 0C       		.byte	0xc
 618 03e1 00       		.byte	0
 619 03e2 03       		.uleb128 0x3
 620 03e3 AF010000 		.4byte	.LASF73
 621 03e7 06       		.byte	0x6
 622 03e8 6B       		.byte	0x6b
 623 03e9 ED030000 		.4byte	0x3ed
 624 03ed 0B       		.uleb128 0xb
 625 03ee 0E030000 		.4byte	.LASF74
 626 03f2 04       		.byte	0x4
 627 03f3 07       		.byte	0x7
ARM GAS  /var/folders/sv/kgmgr77579zbf78p2zlhkdfr0000gn/T//ccPkLzZQ.s 			page 12


 628 03f4 A201     		.2byte	0x1a2
 629 03f6 08040000 		.4byte	0x408
 630 03fa 09       		.uleb128 0x9
 631 03fb 4A040000 		.4byte	.LASF75
 632 03ff 07       		.byte	0x7
 633 0400 AA01     		.2byte	0x1aa
 634 0402 EE060000 		.4byte	0x6ee
 635 0406 00       		.byte	0
 636 0407 00       		.byte	0
 637 0408 03       		.uleb128 0x3
 638 0409 0B020000 		.4byte	.LASF76
 639 040d 06       		.byte	0x6
 640 040e 70       		.byte	0x70
 641 040f 13040000 		.4byte	0x413
 642 0413 0F       		.uleb128 0xf
 643 0414 00010000 		.4byte	.LASF77
 644 0418 5802     		.2byte	0x258
 645 041a 07       		.byte	0x7
 646 041b C201     		.2byte	0x1c2
 647 041d 6F040000 		.4byte	0x46f
 648 0421 09       		.uleb128 0x9
 649 0422 AF050000 		.4byte	.LASF78
 650 0426 07       		.byte	0x7
 651 0427 C601     		.2byte	0x1c6
 652 0429 B6020000 		.4byte	0x2b6
 653 042d 00       		.byte	0
 654 042e 09       		.uleb128 0x9
 655 042f E2000000 		.4byte	.LASF79
 656 0433 07       		.byte	0x7
 657 0434 CA01     		.2byte	0x1ca
 658 0436 95030000 		.4byte	0x395
 659 043a 1C       		.byte	0x1c
 660 043b 08       		.uleb128 0x8
 661 043c 64626700 		.ascii	"dbg\000"
 662 0440 07       		.byte	0x7
 663 0441 CE01     		.2byte	0x1ce
 664 0443 E2030000 		.4byte	0x3e2
 665 0447 2C       		.byte	0x2c
 666 0448 09       		.uleb128 0x9
 667 0449 72000000 		.4byte	.LASF80
 668 044d 07       		.byte	0x7
 669 044e D201     		.2byte	0x1d2
 670 0450 41010000 		.4byte	0x141
 671 0454 30       		.byte	0x30
 672 0455 08       		.uleb128 0x8
 673 0456 746D00   		.ascii	"tm\000"
 674 0459 07       		.byte	0x7
 675 045a D701     		.2byte	0x1d7
 676 045c 01060000 		.4byte	0x601
 677 0460 78       		.byte	0x78
 678 0461 09       		.uleb128 0x9
 679 0462 75010000 		.4byte	.LASF81
 680 0466 07       		.byte	0x7
 681 0467 E301     		.2byte	0x1e3
 682 0469 F3060000 		.4byte	0x6f3
 683 046d 80       		.byte	0x80
 684 046e 00       		.byte	0
ARM GAS  /var/folders/sv/kgmgr77579zbf78p2zlhkdfr0000gn/T//ccPkLzZQ.s 			page 13


 685 046f 04       		.uleb128 0x4
 686 0470 04       		.byte	0x4
 687 0471 07       		.byte	0x7
 688 0472 EF050000 		.4byte	.LASF82
 689 0476 03       		.uleb128 0x3
 690 0477 44010000 		.4byte	.LASF83
 691 047b 08       		.byte	0x8
 692 047c 65       		.byte	0x65
 693 047d 39030000 		.4byte	0x339
 694 0481 03       		.uleb128 0x3
 695 0482 4A020000 		.4byte	.LASF84
 696 0486 08       		.byte	0x8
 697 0487 6D       		.byte	0x6d
 698 0488 C3000000 		.4byte	0xc3
 699 048c 06       		.uleb128 0x6
 700 048d D9010000 		.4byte	.LASF85
 701 0491 04       		.byte	0x4
 702 0492 08       		.byte	0x8
 703 0493 89       		.byte	0x89
 704 0494 A5040000 		.4byte	0x4a5
 705 0498 10       		.uleb128 0x10
 706 0499 72313300 		.ascii	"r13\000"
 707 049d 08       		.byte	0x8
 708 049e 8A       		.byte	0x8a
 709 049f E6050000 		.4byte	0x5e6
 710 04a3 00       		.byte	0
 711 04a4 00       		.byte	0
 712 04a5 06       		.uleb128 0x6
 713 04a6 41000000 		.4byte	.LASF86
 714 04aa 64       		.byte	0x64
 715 04ab 09       		.byte	0x9
 716 04ac F4       		.byte	0xf4
 717 04ad E6050000 		.4byte	0x5e6
 718 04b1 10       		.uleb128 0x10
 719 04b2 73313600 		.ascii	"s16\000"
 720 04b6 09       		.byte	0x9
 721 04b7 F6       		.byte	0xf6
 722 04b8 76040000 		.4byte	0x476
 723 04bc 00       		.byte	0
 724 04bd 10       		.uleb128 0x10
 725 04be 73313700 		.ascii	"s17\000"
 726 04c2 09       		.byte	0x9
 727 04c3 F7       		.byte	0xf7
 728 04c4 76040000 		.4byte	0x476
 729 04c8 04       		.byte	0x4
 730 04c9 10       		.uleb128 0x10
 731 04ca 73313800 		.ascii	"s18\000"
 732 04ce 09       		.byte	0x9
 733 04cf F8       		.byte	0xf8
 734 04d0 76040000 		.4byte	0x476
 735 04d4 08       		.byte	0x8
 736 04d5 10       		.uleb128 0x10
 737 04d6 73313900 		.ascii	"s19\000"
 738 04da 09       		.byte	0x9
 739 04db F9       		.byte	0xf9
 740 04dc 76040000 		.4byte	0x476
 741 04e0 0C       		.byte	0xc
ARM GAS  /var/folders/sv/kgmgr77579zbf78p2zlhkdfr0000gn/T//ccPkLzZQ.s 			page 14


 742 04e1 10       		.uleb128 0x10
 743 04e2 73323000 		.ascii	"s20\000"
 744 04e6 09       		.byte	0x9
 745 04e7 FA       		.byte	0xfa
 746 04e8 76040000 		.4byte	0x476
 747 04ec 10       		.byte	0x10
 748 04ed 10       		.uleb128 0x10
 749 04ee 73323100 		.ascii	"s21\000"
 750 04f2 09       		.byte	0x9
 751 04f3 FB       		.byte	0xfb
 752 04f4 76040000 		.4byte	0x476
 753 04f8 14       		.byte	0x14
 754 04f9 10       		.uleb128 0x10
 755 04fa 73323200 		.ascii	"s22\000"
 756 04fe 09       		.byte	0x9
 757 04ff FC       		.byte	0xfc
 758 0500 76040000 		.4byte	0x476
 759 0504 18       		.byte	0x18
 760 0505 10       		.uleb128 0x10
 761 0506 73323300 		.ascii	"s23\000"
 762 050a 09       		.byte	0x9
 763 050b FD       		.byte	0xfd
 764 050c 76040000 		.4byte	0x476
 765 0510 1C       		.byte	0x1c
 766 0511 10       		.uleb128 0x10
 767 0512 73323400 		.ascii	"s24\000"
 768 0516 09       		.byte	0x9
 769 0517 FE       		.byte	0xfe
 770 0518 76040000 		.4byte	0x476
 771 051c 20       		.byte	0x20
 772 051d 10       		.uleb128 0x10
 773 051e 73323500 		.ascii	"s25\000"
 774 0522 09       		.byte	0x9
 775 0523 FF       		.byte	0xff
 776 0524 76040000 		.4byte	0x476
 777 0528 24       		.byte	0x24
 778 0529 08       		.uleb128 0x8
 779 052a 73323600 		.ascii	"s26\000"
 780 052e 09       		.byte	0x9
 781 052f 0001     		.2byte	0x100
 782 0531 76040000 		.4byte	0x476
 783 0535 28       		.byte	0x28
 784 0536 08       		.uleb128 0x8
 785 0537 73323700 		.ascii	"s27\000"
 786 053b 09       		.byte	0x9
 787 053c 0101     		.2byte	0x101
 788 053e 76040000 		.4byte	0x476
 789 0542 2C       		.byte	0x2c
 790 0543 08       		.uleb128 0x8
 791 0544 73323800 		.ascii	"s28\000"
 792 0548 09       		.byte	0x9
 793 0549 0201     		.2byte	0x102
 794 054b 76040000 		.4byte	0x476
 795 054f 30       		.byte	0x30
 796 0550 08       		.uleb128 0x8
 797 0551 73323900 		.ascii	"s29\000"
 798 0555 09       		.byte	0x9
ARM GAS  /var/folders/sv/kgmgr77579zbf78p2zlhkdfr0000gn/T//ccPkLzZQ.s 			page 15


 799 0556 0301     		.2byte	0x103
 800 0558 76040000 		.4byte	0x476
 801 055c 34       		.byte	0x34
 802 055d 08       		.uleb128 0x8
 803 055e 73333000 		.ascii	"s30\000"
 804 0562 09       		.byte	0x9
 805 0563 0401     		.2byte	0x104
 806 0565 76040000 		.4byte	0x476
 807 0569 38       		.byte	0x38
 808 056a 08       		.uleb128 0x8
 809 056b 73333100 		.ascii	"s31\000"
 810 056f 09       		.byte	0x9
 811 0570 0501     		.2byte	0x105
 812 0572 76040000 		.4byte	0x476
 813 0576 3C       		.byte	0x3c
 814 0577 08       		.uleb128 0x8
 815 0578 723400   		.ascii	"r4\000"
 816 057b 09       		.byte	0x9
 817 057c 0701     		.2byte	0x107
 818 057e 76040000 		.4byte	0x476
 819 0582 40       		.byte	0x40
 820 0583 08       		.uleb128 0x8
 821 0584 723500   		.ascii	"r5\000"
 822 0587 09       		.byte	0x9
 823 0588 0801     		.2byte	0x108
 824 058a 76040000 		.4byte	0x476
 825 058e 44       		.byte	0x44
 826 058f 08       		.uleb128 0x8
 827 0590 723600   		.ascii	"r6\000"
 828 0593 09       		.byte	0x9
 829 0594 0901     		.2byte	0x109
 830 0596 76040000 		.4byte	0x476
 831 059a 48       		.byte	0x48
 832 059b 08       		.uleb128 0x8
 833 059c 723700   		.ascii	"r7\000"
 834 059f 09       		.byte	0x9
 835 05a0 0A01     		.2byte	0x10a
 836 05a2 76040000 		.4byte	0x476
 837 05a6 4C       		.byte	0x4c
 838 05a7 08       		.uleb128 0x8
 839 05a8 723800   		.ascii	"r8\000"
 840 05ab 09       		.byte	0x9
 841 05ac 0B01     		.2byte	0x10b
 842 05ae 76040000 		.4byte	0x476
 843 05b2 50       		.byte	0x50
 844 05b3 08       		.uleb128 0x8
 845 05b4 723900   		.ascii	"r9\000"
 846 05b7 09       		.byte	0x9
 847 05b8 0C01     		.2byte	0x10c
 848 05ba 76040000 		.4byte	0x476
 849 05be 54       		.byte	0x54
 850 05bf 08       		.uleb128 0x8
 851 05c0 72313000 		.ascii	"r10\000"
 852 05c4 09       		.byte	0x9
 853 05c5 0D01     		.2byte	0x10d
 854 05c7 76040000 		.4byte	0x476
 855 05cb 58       		.byte	0x58
ARM GAS  /var/folders/sv/kgmgr77579zbf78p2zlhkdfr0000gn/T//ccPkLzZQ.s 			page 16


 856 05cc 08       		.uleb128 0x8
 857 05cd 72313100 		.ascii	"r11\000"
 858 05d1 09       		.byte	0x9
 859 05d2 0E01     		.2byte	0x10e
 860 05d4 76040000 		.4byte	0x476
 861 05d8 5C       		.byte	0x5c
 862 05d9 08       		.uleb128 0x8
 863 05da 6C7200   		.ascii	"lr\000"
 864 05dd 09       		.byte	0x9
 865 05de 0F01     		.2byte	0x10f
 866 05e0 76040000 		.4byte	0x476
 867 05e4 60       		.byte	0x60
 868 05e5 00       		.byte	0
 869 05e6 0A       		.uleb128 0xa
 870 05e7 04       		.byte	0x4
 871 05e8 A5040000 		.4byte	0x4a5
 872 05ec 11       		.uleb128 0x11
 873 05ed 04       		.byte	0x4
 874 05ee 0A       		.byte	0xa
 875 05ef 38       		.byte	0x38
 876 05f0 01060000 		.4byte	0x601
 877 05f4 07       		.uleb128 0x7
 878 05f5 54040000 		.4byte	.LASF87
 879 05f9 0A       		.byte	0xa
 880 05fa 3C       		.byte	0x3c
 881 05fb D3000000 		.4byte	0xd3
 882 05ff 00       		.byte	0
 883 0600 00       		.byte	0
 884 0601 03       		.uleb128 0x3
 885 0602 9D020000 		.4byte	.LASF88
 886 0606 0A       		.byte	0xa
 887 0607 3D       		.byte	0x3d
 888 0608 EC050000 		.4byte	0x5ec
 889 060c 12       		.uleb128 0x12
 890 060d 04       		.byte	0x4
 891 060e 07       		.byte	0x7
 892 060f FA       		.byte	0xfa
 893 0610 69060000 		.4byte	0x669
 894 0614 13       		.uleb128 0x13
 895 0615 27000000 		.4byte	.LASF89
 896 0619 07       		.byte	0x7
 897 061a 0101     		.2byte	0x101
 898 061c 15010000 		.4byte	0x115
 899 0620 13       		.uleb128 0x13
 900 0621 33010000 		.4byte	.LASF90
 901 0625 07       		.byte	0x7
 902 0626 0801     		.2byte	0x108
 903 0628 15010000 		.4byte	0x115
 904 062c 13       		.uleb128 0x13
 905 062d E9000000 		.4byte	.LASF91
 906 0631 07       		.byte	0x7
 907 0632 0F01     		.2byte	0x10f
 908 0634 39030000 		.4byte	0x339
 909 0638 13       		.uleb128 0x13
 910 0639 FA000000 		.4byte	.LASF92
 911 063d 07       		.byte	0x7
 912 063e 1601     		.2byte	0x116
ARM GAS  /var/folders/sv/kgmgr77579zbf78p2zlhkdfr0000gn/T//ccPkLzZQ.s 			page 17


 913 0640 69060000 		.4byte	0x669
 914 0644 13       		.uleb128 0x13
 915 0645 9F010000 		.4byte	.LASF93
 916 0649 07       		.byte	0x7
 917 064a 1E01     		.2byte	0x11e
 918 064c 94060000 		.4byte	0x694
 919 0650 13       		.uleb128 0x13
 920 0651 0A040000 		.4byte	.LASF94
 921 0655 07       		.byte	0x7
 922 0656 2701     		.2byte	0x127
 923 0658 CB060000 		.4byte	0x6cb
 924 065c 13       		.uleb128 0x13
 925 065d 73030000 		.4byte	.LASF95
 926 0661 07       		.byte	0x7
 927 0662 2F01     		.2byte	0x12f
 928 0664 20010000 		.4byte	0x120
 929 0668 00       		.byte	0
 930 0669 0A       		.uleb128 0xa
 931 066a 04       		.byte	0x4
 932 066b 51020000 		.4byte	0x251
 933 066f 06       		.uleb128 0x6
 934 0670 A1030000 		.4byte	.LASF96
 935 0674 0C       		.byte	0xc
 936 0675 0B       		.byte	0xb
 937 0676 34       		.byte	0x34
 938 0677 94060000 		.4byte	0x694
 939 067b 07       		.uleb128 0x7
 940 067c 2B010000 		.4byte	.LASF97
 941 0680 0B       		.byte	0xb
 942 0681 35       		.byte	0x35
 943 0682 86020000 		.4byte	0x286
 944 0686 00       		.byte	0
 945 0687 07       		.uleb128 0x7
 946 0688 C6010000 		.4byte	.LASF98
 947 068c 0B       		.byte	0xb
 948 068d 37       		.byte	0x37
 949 068e 2B010000 		.4byte	0x12b
 950 0692 08       		.byte	0x8
 951 0693 00       		.byte	0
 952 0694 0A       		.uleb128 0xa
 953 0695 04       		.byte	0x4
 954 0696 6F060000 		.4byte	0x66f
 955 069a 06       		.uleb128 0x6
 956 069b F8050000 		.4byte	.LASF99
 957 069f 10       		.byte	0x10
 958 06a0 0C       		.byte	0xc
 959 06a1 39       		.byte	0x39
 960 06a2 CB060000 		.4byte	0x6cb
 961 06a6 07       		.uleb128 0x7
 962 06a7 DA000000 		.4byte	.LASF100
 963 06ab 0C       		.byte	0xc
 964 06ac 3A       		.byte	0x3a
 965 06ad 86020000 		.4byte	0x286
 966 06b1 00       		.byte	0
 967 06b2 07       		.uleb128 0x7
 968 06b3 2E060000 		.4byte	.LASF101
 969 06b7 0C       		.byte	0xc
ARM GAS  /var/folders/sv/kgmgr77579zbf78p2zlhkdfr0000gn/T//ccPkLzZQ.s 			page 18


 970 06b8 3C       		.byte	0x3c
 971 06b9 5C020000 		.4byte	0x25c
 972 06bd 08       		.byte	0x8
 973 06be 07       		.uleb128 0x7
 974 06bf 1A040000 		.4byte	.LASF102
 975 06c3 0C       		.byte	0xc
 976 06c4 3E       		.byte	0x3e
 977 06c5 0E070000 		.4byte	0x70e
 978 06c9 0C       		.byte	0xc
 979 06ca 00       		.byte	0
 980 06cb 0A       		.uleb128 0xa
 981 06cc 04       		.byte	0x4
 982 06cd 9A060000 		.4byte	0x69a
 983 06d1 0A       		.uleb128 0xa
 984 06d2 04       		.byte	0x4
 985 06d3 DE060000 		.4byte	0x6de
 986 06d7 04       		.uleb128 0x4
 987 06d8 01       		.byte	0x1
 988 06d9 08       		.byte	0x8
 989 06da FD030000 		.4byte	.LASF103
 990 06de 14       		.uleb128 0x14
 991 06df D7060000 		.4byte	0x6d7
 992 06e3 05       		.uleb128 0x5
 993 06e4 36010000 		.4byte	0x136
 994 06e8 0A       		.uleb128 0xa
 995 06e9 04       		.byte	0x4
 996 06ea 3B030000 		.4byte	0x33b
 997 06ee 05       		.uleb128 0x5
 998 06ef D1060000 		.4byte	0x6d1
 999 06f3 15       		.uleb128 0x15
 1000 06f4 81040000 		.4byte	0x481
 1001 06f8 03070000 		.4byte	0x703
 1002 06fc 16       		.uleb128 0x16
 1003 06fd 6F040000 		.4byte	0x46f
 1004 0701 3A       		.byte	0x3a
 1005 0702 00       		.byte	0
 1006 0703 03       		.uleb128 0x3
 1007 0704 66010000 		.4byte	.LASF104
 1008 0708 0C       		.byte	0xc
 1009 0709 34       		.byte	0x34
 1010 070a 9A060000 		.4byte	0x69a
 1011 070e 0A       		.uleb128 0xa
 1012 070f 04       		.byte	0x4
 1013 0710 03070000 		.4byte	0x703
 1014 0714 04       		.uleb128 0x4
 1015 0715 04       		.byte	0x4
 1016 0716 04       		.byte	0x4
 1017 0717 E1020000 		.4byte	.LASF105
 1018 071b 04       		.uleb128 0x4
 1019 071c 01       		.byte	0x1
 1020 071d 02       		.byte	0x2
 1021 071e 1E030000 		.4byte	.LASF106
 1022 0722 11       		.uleb128 0x11
 1023 0723 1C       		.byte	0x1c
 1024 0724 0D       		.byte	0xd
 1025 0725 C1       		.byte	0xc1
 1026 0726 7F070000 		.4byte	0x77f
ARM GAS  /var/folders/sv/kgmgr77579zbf78p2zlhkdfr0000gn/T//ccPkLzZQ.s 			page 19


 1027 072a 07       		.uleb128 0x7
 1028 072b B9030000 		.4byte	.LASF107
 1029 072f 0D       		.byte	0xd
 1030 0730 C3       		.byte	0xc3
 1031 0731 B8000000 		.4byte	0xb8
 1032 0735 00       		.byte	0
 1033 0736 07       		.uleb128 0x7
 1034 0737 4D000000 		.4byte	.LASF108
 1035 073b 0D       		.byte	0xd
 1036 073c C5       		.byte	0xc5
 1037 073d B8000000 		.4byte	0xb8
 1038 0741 04       		.byte	0x4
 1039 0742 07       		.uleb128 0x7
 1040 0743 BE010000 		.4byte	.LASF109
 1041 0747 0D       		.byte	0xd
 1042 0748 C7       		.byte	0xc7
 1043 0749 B8000000 		.4byte	0xb8
 1044 074d 08       		.byte	0x8
 1045 074e 07       		.uleb128 0x7
 1046 074f BD050000 		.4byte	.LASF110
 1047 0753 0D       		.byte	0xd
 1048 0754 C9       		.byte	0xc9
 1049 0755 B8000000 		.4byte	0xb8
 1050 0759 0C       		.byte	0xc
 1051 075a 10       		.uleb128 0x10
 1052 075b 6F647200 		.ascii	"odr\000"
 1053 075f 0D       		.byte	0xd
 1054 0760 CB       		.byte	0xcb
 1055 0761 B8000000 		.4byte	0xb8
 1056 0765 10       		.byte	0x10
 1057 0766 07       		.uleb128 0x7
 1058 0767 3A030000 		.4byte	.LASF111
 1059 076b 0D       		.byte	0xd
 1060 076c CD       		.byte	0xcd
 1061 076d B8000000 		.4byte	0xb8
 1062 0771 14       		.byte	0x14
 1063 0772 07       		.uleb128 0x7
 1064 0773 AE020000 		.4byte	.LASF112
 1065 0777 0D       		.byte	0xd
 1066 0778 CF       		.byte	0xcf
 1067 0779 B8000000 		.4byte	0xb8
 1068 077d 18       		.byte	0x18
 1069 077e 00       		.byte	0
 1070 077f 03       		.uleb128 0x3
 1071 0780 00000000 		.4byte	.LASF113
 1072 0784 0D       		.byte	0xd
 1073 0785 D0       		.byte	0xd0
 1074 0786 22070000 		.4byte	0x722
 1075 078a 11       		.uleb128 0x11
 1076 078b FC       		.byte	0xfc
 1077 078c 0D       		.byte	0xd
 1078 078d D9       		.byte	0xd9
 1079 078e FF070000 		.4byte	0x7ff
 1080 0792 07       		.uleb128 0x7
 1081 0793 6C030000 		.4byte	.LASF114
 1082 0797 0D       		.byte	0xd
 1083 0798 DC       		.byte	0xdc
ARM GAS  /var/folders/sv/kgmgr77579zbf78p2zlhkdfr0000gn/T//ccPkLzZQ.s 			page 20


 1084 0799 7F070000 		.4byte	0x77f
 1085 079d 00       		.byte	0
 1086 079e 07       		.uleb128 0x7
 1087 079f 6E010000 		.4byte	.LASF115
 1088 07a3 0D       		.byte	0xd
 1089 07a4 E0       		.byte	0xe0
 1090 07a5 7F070000 		.4byte	0x77f
 1091 07a9 1C       		.byte	0x1c
 1092 07aa 07       		.uleb128 0x7
 1093 07ab 08060000 		.4byte	.LASF116
 1094 07af 0D       		.byte	0xd
 1095 07b0 E4       		.byte	0xe4
 1096 07b1 7F070000 		.4byte	0x77f
 1097 07b5 38       		.byte	0x38
 1098 07b6 07       		.uleb128 0x7
 1099 07b7 B3020000 		.4byte	.LASF117
 1100 07bb 0D       		.byte	0xd
 1101 07bc E8       		.byte	0xe8
 1102 07bd 7F070000 		.4byte	0x77f
 1103 07c1 54       		.byte	0x54
 1104 07c2 07       		.uleb128 0x7
 1105 07c3 13010000 		.4byte	.LASF118
 1106 07c7 0D       		.byte	0xd
 1107 07c8 EC       		.byte	0xec
 1108 07c9 7F070000 		.4byte	0x77f
 1109 07cd 70       		.byte	0x70
 1110 07ce 07       		.uleb128 0x7
 1111 07cf F4010000 		.4byte	.LASF119
 1112 07d3 0D       		.byte	0xd
 1113 07d4 F0       		.byte	0xf0
 1114 07d5 7F070000 		.4byte	0x77f
 1115 07d9 8C       		.byte	0x8c
 1116 07da 07       		.uleb128 0x7
 1117 07db 43020000 		.4byte	.LASF120
 1118 07df 0D       		.byte	0xd
 1119 07e0 F4       		.byte	0xf4
 1120 07e1 7F070000 		.4byte	0x77f
 1121 07e5 A8       		.byte	0xa8
 1122 07e6 07       		.uleb128 0x7
 1123 07e7 54000000 		.4byte	.LASF121
 1124 07eb 0D       		.byte	0xd
 1125 07ec F8       		.byte	0xf8
 1126 07ed 7F070000 		.4byte	0x77f
 1127 07f1 C4       		.byte	0xc4
 1128 07f2 07       		.uleb128 0x7
 1129 07f3 89030000 		.4byte	.LASF122
 1130 07f7 0D       		.byte	0xd
 1131 07f8 FC       		.byte	0xfc
 1132 07f9 7F070000 		.4byte	0x77f
 1133 07fd E0       		.byte	0xe0
 1134 07fe 00       		.byte	0
 1135 07ff 03       		.uleb128 0x3
 1136 0800 24060000 		.4byte	.LASF123
 1137 0804 0D       		.byte	0xd
 1138 0805 FE       		.byte	0xfe
 1139 0806 8A070000 		.4byte	0x78a
 1140 080a 17       		.uleb128 0x17
ARM GAS  /var/folders/sv/kgmgr77579zbf78p2zlhkdfr0000gn/T//ccPkLzZQ.s 			page 21


 1141 080b CC010000 		.4byte	.LASF129
 1142 080f 01       		.byte	0x1
 1143 0810 46       		.byte	0x46
 1144 0811 00000000 		.4byte	.LFB256
 1145 0815 04000000 		.4byte	.LFE256-.LFB256
 1146 0819 01       		.uleb128 0x1
 1147 081a 9C       		.byte	0x9c
 1148 081b 29080000 		.4byte	0x829
 1149 081f 18       		.uleb128 0x18
 1150 0820 04000000 		.4byte	.LVL0
 1151 0824 67080000 		.4byte	0x867
 1152 0828 00       		.byte	0
 1153 0829 19       		.uleb128 0x19
 1154 082a 5B030000 		.4byte	.LASF130
 1155 082e 01       		.byte	0x1
 1156 082f 7B       		.byte	0x7b
 1157 0830 00000000 		.4byte	.LFB257
 1158 0834 02000000 		.4byte	.LFE257-.LFB257
 1159 0838 01       		.uleb128 0x1
 1160 0839 9C       		.byte	0x9c
 1161 083a 1A       		.uleb128 0x1a
 1162 083b 93000000 		.4byte	.LASF124
 1163 083f 0E       		.byte	0xe
 1164 0840 A706     		.2byte	0x6a7
 1165 0842 CE000000 		.4byte	0xce
 1166 0846 1B       		.uleb128 0x1b
 1167 0847 636800   		.ascii	"ch\000"
 1168 084a 07       		.byte	0x7
 1169 084b 0902     		.2byte	0x209
 1170 084d 08040000 		.4byte	0x408
 1171 0851 1C       		.uleb128 0x1c
 1172 0852 36060000 		.4byte	.LASF125
 1173 0856 01       		.byte	0x1
 1174 0857 19       		.byte	0x19
 1175 0858 62080000 		.4byte	0x862
 1176 085c 05       		.uleb128 0x5
 1177 085d 03       		.byte	0x3
 1178 085e 00000000 		.4byte	pal_default_config
 1179 0862 14       		.uleb128 0x14
 1180 0863 FF070000 		.4byte	0x7ff
 1181 0867 1D       		.uleb128 0x1d
 1182 0868 55010000 		.4byte	.LASF131
 1183 086c 55010000 		.4byte	.LASF131
 1184 0870 0F       		.byte	0xf
 1185 0871 1306     		.2byte	0x613
 1186 0873 00       		.byte	0
 1187              		.section	.debug_abbrev,"",%progbits
 1188              	.Ldebug_abbrev0:
 1189 0000 01       		.uleb128 0x1
 1190 0001 11       		.uleb128 0x11
 1191 0002 01       		.byte	0x1
 1192 0003 25       		.uleb128 0x25
 1193 0004 0E       		.uleb128 0xe
 1194 0005 13       		.uleb128 0x13
 1195 0006 0B       		.uleb128 0xb
 1196 0007 03       		.uleb128 0x3
 1197 0008 0E       		.uleb128 0xe
ARM GAS  /var/folders/sv/kgmgr77579zbf78p2zlhkdfr0000gn/T//ccPkLzZQ.s 			page 22


 1198 0009 1B       		.uleb128 0x1b
 1199 000a 0E       		.uleb128 0xe
 1200 000b 55       		.uleb128 0x55
 1201 000c 17       		.uleb128 0x17
 1202 000d 11       		.uleb128 0x11
 1203 000e 01       		.uleb128 0x1
 1204 000f 10       		.uleb128 0x10
 1205 0010 17       		.uleb128 0x17
 1206 0011 00       		.byte	0
 1207 0012 00       		.byte	0
 1208 0013 02       		.uleb128 0x2
 1209 0014 24       		.uleb128 0x24
 1210 0015 00       		.byte	0
 1211 0016 0B       		.uleb128 0xb
 1212 0017 0B       		.uleb128 0xb
 1213 0018 3E       		.uleb128 0x3e
 1214 0019 0B       		.uleb128 0xb
 1215 001a 03       		.uleb128 0x3
 1216 001b 08       		.uleb128 0x8
 1217 001c 00       		.byte	0
 1218 001d 00       		.byte	0
 1219 001e 03       		.uleb128 0x3
 1220 001f 16       		.uleb128 0x16
 1221 0020 00       		.byte	0
 1222 0021 03       		.uleb128 0x3
 1223 0022 0E       		.uleb128 0xe
 1224 0023 3A       		.uleb128 0x3a
 1225 0024 0B       		.uleb128 0xb
 1226 0025 3B       		.uleb128 0x3b
 1227 0026 0B       		.uleb128 0xb
 1228 0027 49       		.uleb128 0x49
 1229 0028 13       		.uleb128 0x13
 1230 0029 00       		.byte	0
 1231 002a 00       		.byte	0
 1232 002b 04       		.uleb128 0x4
 1233 002c 24       		.uleb128 0x24
 1234 002d 00       		.byte	0
 1235 002e 0B       		.uleb128 0xb
 1236 002f 0B       		.uleb128 0xb
 1237 0030 3E       		.uleb128 0x3e
 1238 0031 0B       		.uleb128 0xb
 1239 0032 03       		.uleb128 0x3
 1240 0033 0E       		.uleb128 0xe
 1241 0034 00       		.byte	0
 1242 0035 00       		.byte	0
 1243 0036 05       		.uleb128 0x5
 1244 0037 35       		.uleb128 0x35
 1245 0038 00       		.byte	0
 1246 0039 49       		.uleb128 0x49
 1247 003a 13       		.uleb128 0x13
 1248 003b 00       		.byte	0
 1249 003c 00       		.byte	0
 1250 003d 06       		.uleb128 0x6
 1251 003e 13       		.uleb128 0x13
 1252 003f 01       		.byte	0x1
 1253 0040 03       		.uleb128 0x3
 1254 0041 0E       		.uleb128 0xe
ARM GAS  /var/folders/sv/kgmgr77579zbf78p2zlhkdfr0000gn/T//ccPkLzZQ.s 			page 23


 1255 0042 0B       		.uleb128 0xb
 1256 0043 0B       		.uleb128 0xb
 1257 0044 3A       		.uleb128 0x3a
 1258 0045 0B       		.uleb128 0xb
 1259 0046 3B       		.uleb128 0x3b
 1260 0047 0B       		.uleb128 0xb
 1261 0048 01       		.uleb128 0x1
 1262 0049 13       		.uleb128 0x13
 1263 004a 00       		.byte	0
 1264 004b 00       		.byte	0
 1265 004c 07       		.uleb128 0x7
 1266 004d 0D       		.uleb128 0xd
 1267 004e 00       		.byte	0
 1268 004f 03       		.uleb128 0x3
 1269 0050 0E       		.uleb128 0xe
 1270 0051 3A       		.uleb128 0x3a
 1271 0052 0B       		.uleb128 0xb
 1272 0053 3B       		.uleb128 0x3b
 1273 0054 0B       		.uleb128 0xb
 1274 0055 49       		.uleb128 0x49
 1275 0056 13       		.uleb128 0x13
 1276 0057 38       		.uleb128 0x38
 1277 0058 0B       		.uleb128 0xb
 1278 0059 00       		.byte	0
 1279 005a 00       		.byte	0
 1280 005b 08       		.uleb128 0x8
 1281 005c 0D       		.uleb128 0xd
 1282 005d 00       		.byte	0
 1283 005e 03       		.uleb128 0x3
 1284 005f 08       		.uleb128 0x8
 1285 0060 3A       		.uleb128 0x3a
 1286 0061 0B       		.uleb128 0xb
 1287 0062 3B       		.uleb128 0x3b
 1288 0063 05       		.uleb128 0x5
 1289 0064 49       		.uleb128 0x49
 1290 0065 13       		.uleb128 0x13
 1291 0066 38       		.uleb128 0x38
 1292 0067 0B       		.uleb128 0xb
 1293 0068 00       		.byte	0
 1294 0069 00       		.byte	0
 1295 006a 09       		.uleb128 0x9
 1296 006b 0D       		.uleb128 0xd
 1297 006c 00       		.byte	0
 1298 006d 03       		.uleb128 0x3
 1299 006e 0E       		.uleb128 0xe
 1300 006f 3A       		.uleb128 0x3a
 1301 0070 0B       		.uleb128 0xb
 1302 0071 3B       		.uleb128 0x3b
 1303 0072 05       		.uleb128 0x5
 1304 0073 49       		.uleb128 0x49
 1305 0074 13       		.uleb128 0x13
 1306 0075 38       		.uleb128 0x38
 1307 0076 0B       		.uleb128 0xb
 1308 0077 00       		.byte	0
 1309 0078 00       		.byte	0
 1310 0079 0A       		.uleb128 0xa
 1311 007a 0F       		.uleb128 0xf
ARM GAS  /var/folders/sv/kgmgr77579zbf78p2zlhkdfr0000gn/T//ccPkLzZQ.s 			page 24


 1312 007b 00       		.byte	0
 1313 007c 0B       		.uleb128 0xb
 1314 007d 0B       		.uleb128 0xb
 1315 007e 49       		.uleb128 0x49
 1316 007f 13       		.uleb128 0x13
 1317 0080 00       		.byte	0
 1318 0081 00       		.byte	0
 1319 0082 0B       		.uleb128 0xb
 1320 0083 13       		.uleb128 0x13
 1321 0084 01       		.byte	0x1
 1322 0085 03       		.uleb128 0x3
 1323 0086 0E       		.uleb128 0xe
 1324 0087 0B       		.uleb128 0xb
 1325 0088 0B       		.uleb128 0xb
 1326 0089 3A       		.uleb128 0x3a
 1327 008a 0B       		.uleb128 0xb
 1328 008b 3B       		.uleb128 0x3b
 1329 008c 05       		.uleb128 0x5
 1330 008d 01       		.uleb128 0x1
 1331 008e 13       		.uleb128 0x13
 1332 008f 00       		.byte	0
 1333 0090 00       		.byte	0
 1334 0091 0C       		.uleb128 0xc
 1335 0092 15       		.uleb128 0x15
 1336 0093 01       		.byte	0x1
 1337 0094 27       		.uleb128 0x27
 1338 0095 19       		.uleb128 0x19
 1339 0096 01       		.uleb128 0x1
 1340 0097 13       		.uleb128 0x13
 1341 0098 00       		.byte	0
 1342 0099 00       		.byte	0
 1343 009a 0D       		.uleb128 0xd
 1344 009b 05       		.uleb128 0x5
 1345 009c 00       		.byte	0
 1346 009d 49       		.uleb128 0x49
 1347 009e 13       		.uleb128 0x13
 1348 009f 00       		.byte	0
 1349 00a0 00       		.byte	0
 1350 00a1 0E       		.uleb128 0xe
 1351 00a2 0F       		.uleb128 0xf
 1352 00a3 00       		.byte	0
 1353 00a4 0B       		.uleb128 0xb
 1354 00a5 0B       		.uleb128 0xb
 1355 00a6 00       		.byte	0
 1356 00a7 00       		.byte	0
 1357 00a8 0F       		.uleb128 0xf
 1358 00a9 13       		.uleb128 0x13
 1359 00aa 01       		.byte	0x1
 1360 00ab 03       		.uleb128 0x3
 1361 00ac 0E       		.uleb128 0xe
 1362 00ad 0B       		.uleb128 0xb
 1363 00ae 05       		.uleb128 0x5
 1364 00af 3A       		.uleb128 0x3a
 1365 00b0 0B       		.uleb128 0xb
 1366 00b1 3B       		.uleb128 0x3b
 1367 00b2 05       		.uleb128 0x5
 1368 00b3 01       		.uleb128 0x1
ARM GAS  /var/folders/sv/kgmgr77579zbf78p2zlhkdfr0000gn/T//ccPkLzZQ.s 			page 25


 1369 00b4 13       		.uleb128 0x13
 1370 00b5 00       		.byte	0
 1371 00b6 00       		.byte	0
 1372 00b7 10       		.uleb128 0x10
 1373 00b8 0D       		.uleb128 0xd
 1374 00b9 00       		.byte	0
 1375 00ba 03       		.uleb128 0x3
 1376 00bb 08       		.uleb128 0x8
 1377 00bc 3A       		.uleb128 0x3a
 1378 00bd 0B       		.uleb128 0xb
 1379 00be 3B       		.uleb128 0x3b
 1380 00bf 0B       		.uleb128 0xb
 1381 00c0 49       		.uleb128 0x49
 1382 00c1 13       		.uleb128 0x13
 1383 00c2 38       		.uleb128 0x38
 1384 00c3 0B       		.uleb128 0xb
 1385 00c4 00       		.byte	0
 1386 00c5 00       		.byte	0
 1387 00c6 11       		.uleb128 0x11
 1388 00c7 13       		.uleb128 0x13
 1389 00c8 01       		.byte	0x1
 1390 00c9 0B       		.uleb128 0xb
 1391 00ca 0B       		.uleb128 0xb
 1392 00cb 3A       		.uleb128 0x3a
 1393 00cc 0B       		.uleb128 0xb
 1394 00cd 3B       		.uleb128 0x3b
 1395 00ce 0B       		.uleb128 0xb
 1396 00cf 01       		.uleb128 0x1
 1397 00d0 13       		.uleb128 0x13
 1398 00d1 00       		.byte	0
 1399 00d2 00       		.byte	0
 1400 00d3 12       		.uleb128 0x12
 1401 00d4 17       		.uleb128 0x17
 1402 00d5 01       		.byte	0x1
 1403 00d6 0B       		.uleb128 0xb
 1404 00d7 0B       		.uleb128 0xb
 1405 00d8 3A       		.uleb128 0x3a
 1406 00d9 0B       		.uleb128 0xb
 1407 00da 3B       		.uleb128 0x3b
 1408 00db 0B       		.uleb128 0xb
 1409 00dc 01       		.uleb128 0x1
 1410 00dd 13       		.uleb128 0x13
 1411 00de 00       		.byte	0
 1412 00df 00       		.byte	0
 1413 00e0 13       		.uleb128 0x13
 1414 00e1 0D       		.uleb128 0xd
 1415 00e2 00       		.byte	0
 1416 00e3 03       		.uleb128 0x3
 1417 00e4 0E       		.uleb128 0xe
 1418 00e5 3A       		.uleb128 0x3a
 1419 00e6 0B       		.uleb128 0xb
 1420 00e7 3B       		.uleb128 0x3b
 1421 00e8 05       		.uleb128 0x5
 1422 00e9 49       		.uleb128 0x49
 1423 00ea 13       		.uleb128 0x13
 1424 00eb 00       		.byte	0
 1425 00ec 00       		.byte	0
ARM GAS  /var/folders/sv/kgmgr77579zbf78p2zlhkdfr0000gn/T//ccPkLzZQ.s 			page 26


 1426 00ed 14       		.uleb128 0x14
 1427 00ee 26       		.uleb128 0x26
 1428 00ef 00       		.byte	0
 1429 00f0 49       		.uleb128 0x49
 1430 00f1 13       		.uleb128 0x13
 1431 00f2 00       		.byte	0
 1432 00f3 00       		.byte	0
 1433 00f4 15       		.uleb128 0x15
 1434 00f5 01       		.uleb128 0x1
 1435 00f6 01       		.byte	0x1
 1436 00f7 49       		.uleb128 0x49
 1437 00f8 13       		.uleb128 0x13
 1438 00f9 01       		.uleb128 0x1
 1439 00fa 13       		.uleb128 0x13
 1440 00fb 00       		.byte	0
 1441 00fc 00       		.byte	0
 1442 00fd 16       		.uleb128 0x16
 1443 00fe 21       		.uleb128 0x21
 1444 00ff 00       		.byte	0
 1445 0100 49       		.uleb128 0x49
 1446 0101 13       		.uleb128 0x13
 1447 0102 2F       		.uleb128 0x2f
 1448 0103 0B       		.uleb128 0xb
 1449 0104 00       		.byte	0
 1450 0105 00       		.byte	0
 1451 0106 17       		.uleb128 0x17
 1452 0107 2E       		.uleb128 0x2e
 1453 0108 01       		.byte	0x1
 1454 0109 3F       		.uleb128 0x3f
 1455 010a 19       		.uleb128 0x19
 1456 010b 03       		.uleb128 0x3
 1457 010c 0E       		.uleb128 0xe
 1458 010d 3A       		.uleb128 0x3a
 1459 010e 0B       		.uleb128 0xb
 1460 010f 3B       		.uleb128 0x3b
 1461 0110 0B       		.uleb128 0xb
 1462 0111 27       		.uleb128 0x27
 1463 0112 19       		.uleb128 0x19
 1464 0113 11       		.uleb128 0x11
 1465 0114 01       		.uleb128 0x1
 1466 0115 12       		.uleb128 0x12
 1467 0116 06       		.uleb128 0x6
 1468 0117 40       		.uleb128 0x40
 1469 0118 18       		.uleb128 0x18
 1470 0119 9742     		.uleb128 0x2117
 1471 011b 19       		.uleb128 0x19
 1472 011c 01       		.uleb128 0x1
 1473 011d 13       		.uleb128 0x13
 1474 011e 00       		.byte	0
 1475 011f 00       		.byte	0
 1476 0120 18       		.uleb128 0x18
 1477 0121 898201   		.uleb128 0x4109
 1478 0124 00       		.byte	0
 1479 0125 11       		.uleb128 0x11
 1480 0126 01       		.uleb128 0x1
 1481 0127 9542     		.uleb128 0x2115
 1482 0129 19       		.uleb128 0x19
ARM GAS  /var/folders/sv/kgmgr77579zbf78p2zlhkdfr0000gn/T//ccPkLzZQ.s 			page 27


 1483 012a 31       		.uleb128 0x31
 1484 012b 13       		.uleb128 0x13
 1485 012c 00       		.byte	0
 1486 012d 00       		.byte	0
 1487 012e 19       		.uleb128 0x19
 1488 012f 2E       		.uleb128 0x2e
 1489 0130 00       		.byte	0
 1490 0131 3F       		.uleb128 0x3f
 1491 0132 19       		.uleb128 0x19
 1492 0133 03       		.uleb128 0x3
 1493 0134 0E       		.uleb128 0xe
 1494 0135 3A       		.uleb128 0x3a
 1495 0136 0B       		.uleb128 0xb
 1496 0137 3B       		.uleb128 0x3b
 1497 0138 0B       		.uleb128 0xb
 1498 0139 27       		.uleb128 0x27
 1499 013a 19       		.uleb128 0x19
 1500 013b 11       		.uleb128 0x11
 1501 013c 01       		.uleb128 0x1
 1502 013d 12       		.uleb128 0x12
 1503 013e 06       		.uleb128 0x6
 1504 013f 40       		.uleb128 0x40
 1505 0140 18       		.uleb128 0x18
 1506 0141 9742     		.uleb128 0x2117
 1507 0143 19       		.uleb128 0x19
 1508 0144 00       		.byte	0
 1509 0145 00       		.byte	0
 1510 0146 1A       		.uleb128 0x1a
 1511 0147 34       		.uleb128 0x34
 1512 0148 00       		.byte	0
 1513 0149 03       		.uleb128 0x3
 1514 014a 0E       		.uleb128 0xe
 1515 014b 3A       		.uleb128 0x3a
 1516 014c 0B       		.uleb128 0xb
 1517 014d 3B       		.uleb128 0x3b
 1518 014e 05       		.uleb128 0x5
 1519 014f 49       		.uleb128 0x49
 1520 0150 13       		.uleb128 0x13
 1521 0151 3F       		.uleb128 0x3f
 1522 0152 19       		.uleb128 0x19
 1523 0153 3C       		.uleb128 0x3c
 1524 0154 19       		.uleb128 0x19
 1525 0155 00       		.byte	0
 1526 0156 00       		.byte	0
 1527 0157 1B       		.uleb128 0x1b
 1528 0158 34       		.uleb128 0x34
 1529 0159 00       		.byte	0
 1530 015a 03       		.uleb128 0x3
 1531 015b 08       		.uleb128 0x8
 1532 015c 3A       		.uleb128 0x3a
 1533 015d 0B       		.uleb128 0xb
 1534 015e 3B       		.uleb128 0x3b
 1535 015f 05       		.uleb128 0x5
 1536 0160 49       		.uleb128 0x49
 1537 0161 13       		.uleb128 0x13
 1538 0162 3F       		.uleb128 0x3f
 1539 0163 19       		.uleb128 0x19
ARM GAS  /var/folders/sv/kgmgr77579zbf78p2zlhkdfr0000gn/T//ccPkLzZQ.s 			page 28


 1540 0164 3C       		.uleb128 0x3c
 1541 0165 19       		.uleb128 0x19
 1542 0166 00       		.byte	0
 1543 0167 00       		.byte	0
 1544 0168 1C       		.uleb128 0x1c
 1545 0169 34       		.uleb128 0x34
 1546 016a 00       		.byte	0
 1547 016b 03       		.uleb128 0x3
 1548 016c 0E       		.uleb128 0xe
 1549 016d 3A       		.uleb128 0x3a
 1550 016e 0B       		.uleb128 0xb
 1551 016f 3B       		.uleb128 0x3b
 1552 0170 0B       		.uleb128 0xb
 1553 0171 49       		.uleb128 0x49
 1554 0172 13       		.uleb128 0x13
 1555 0173 3F       		.uleb128 0x3f
 1556 0174 19       		.uleb128 0x19
 1557 0175 02       		.uleb128 0x2
 1558 0176 18       		.uleb128 0x18
 1559 0177 00       		.byte	0
 1560 0178 00       		.byte	0
 1561 0179 1D       		.uleb128 0x1d
 1562 017a 2E       		.uleb128 0x2e
 1563 017b 00       		.byte	0
 1564 017c 3F       		.uleb128 0x3f
 1565 017d 19       		.uleb128 0x19
 1566 017e 3C       		.uleb128 0x3c
 1567 017f 19       		.uleb128 0x19
 1568 0180 6E       		.uleb128 0x6e
 1569 0181 0E       		.uleb128 0xe
 1570 0182 03       		.uleb128 0x3
 1571 0183 0E       		.uleb128 0xe
 1572 0184 3A       		.uleb128 0x3a
 1573 0185 0B       		.uleb128 0xb
 1574 0186 3B       		.uleb128 0x3b
 1575 0187 05       		.uleb128 0x5
 1576 0188 00       		.byte	0
 1577 0189 00       		.byte	0
 1578 018a 00       		.byte	0
 1579              		.section	.debug_aranges,"",%progbits
 1580 0000 24000000 		.4byte	0x24
 1581 0004 0200     		.2byte	0x2
 1582 0006 00000000 		.4byte	.Ldebug_info0
 1583 000a 04       		.byte	0x4
 1584 000b 00       		.byte	0
 1585 000c 0000     		.2byte	0
 1586 000e 0000     		.2byte	0
 1587 0010 00000000 		.4byte	.LFB256
 1588 0014 04000000 		.4byte	.LFE256-.LFB256
 1589 0018 00000000 		.4byte	.LFB257
 1590 001c 02000000 		.4byte	.LFE257-.LFB257
 1591 0020 00000000 		.4byte	0
 1592 0024 00000000 		.4byte	0
 1593              		.section	.debug_ranges,"",%progbits
 1594              	.Ldebug_ranges0:
 1595 0000 00000000 		.4byte	.LFB256
 1596 0004 04000000 		.4byte	.LFE256
ARM GAS  /var/folders/sv/kgmgr77579zbf78p2zlhkdfr0000gn/T//ccPkLzZQ.s 			page 29


 1597 0008 00000000 		.4byte	.LFB257
 1598 000c 02000000 		.4byte	.LFE257
 1599 0010 00000000 		.4byte	0
 1600 0014 00000000 		.4byte	0
 1601              		.section	.debug_line,"",%progbits
 1602              	.Ldebug_line0:
 1603 0000 C8020000 		.section	.debug_str,"MS",%progbits,1
 1603      0200A102 
 1603      00000201 
 1603      FB0E0D00 
 1603      01010101 
 1604              	.LASF113:
 1605 0000 73746D33 		.ascii	"stm32_gpio_setup_t\000"
 1605      325F6770 
 1605      696F5F73 
 1605      65747570 
 1605      5F7400
 1606              	.LASF54:
 1607 0013 72656164 		.ascii	"ready_list_t\000"
 1607      795F6C69 
 1607      73745F74 
 1607      00
 1608              	.LASF2:
 1609 0020 73697A65 		.ascii	"size_t\000"
 1609      5F7400
 1610              	.LASF89:
 1611 0027 7264796D 		.ascii	"rdymsg\000"
 1611      736700
 1612              	.LASF17:
 1613 002e 75696E74 		.ascii	"uint64_t\000"
 1613      36345F74 
 1613      00
 1614              	.LASF3:
 1615 0037 5F5F7569 		.ascii	"__uint8_t\000"
 1615      6E74385F 
 1615      7400
 1616              	.LASF86:
 1617 0041 706F7274 		.ascii	"port_intctx\000"
 1617      5F696E74 
 1617      63747800 
 1618              	.LASF108:
 1619 004d 6F747970 		.ascii	"otyper\000"
 1619      657200
 1620              	.LASF121:
 1621 0054 50484461 		.ascii	"PHData\000"
 1621      746100
 1622              	.LASF13:
 1623 005b 6C6F6E67 		.ascii	"long long unsigned int\000"
 1623      206C6F6E 
 1623      6720756E 
 1623      7369676E 
 1623      65642069 
 1624              	.LASF80:
 1625 0072 6D61696E 		.ascii	"mainthread\000"
 1625      74687265 
 1625      616400
 1626              	.LASF70:
ARM GAS  /var/folders/sv/kgmgr77579zbf78p2zlhkdfr0000gn/T//ccPkLzZQ.s 			page 30


 1627 007d 76697274 		.ascii	"virtual_timers_list_t\000"
 1627      75616C5F 
 1627      74696D65 
 1627      72735F6C 
 1627      6973745F 
 1628              	.LASF124:
 1629 0093 49544D5F 		.ascii	"ITM_RxBuffer\000"
 1629      52784275 
 1629      66666572 
 1629      00
 1630              	.LASF53:
 1631 00a0 63685F74 		.ascii	"ch_threads_queue\000"
 1631      68726561 
 1631      64735F71 
 1631      75657565 
 1631      00
 1632              	.LASF31:
 1633 00b1 705F7072 		.ascii	"p_prio\000"
 1633      696F00
 1634              	.LASF11:
 1635 00b8 6C6F6E67 		.ascii	"long long int\000"
 1635      206C6F6E 
 1635      6720696E 
 1635      7400
 1636              	.LASF1:
 1637 00c6 7369676E 		.ascii	"signed char\000"
 1637      65642063 
 1637      68617200 
 1638              	.LASF47:
 1639 00d2 705F6D70 		.ascii	"p_mpool\000"
 1639      6F6F6C00 
 1640              	.LASF100:
 1641 00da 6D5F7175 		.ascii	"m_queue\000"
 1641      65756500 
 1642              	.LASF79:
 1643 00e2 76746C69 		.ascii	"vtlist\000"
 1643      737400
 1644              	.LASF91:
 1645 00e9 77746F62 		.ascii	"wtobjp\000"
 1645      6A7000
 1646              	.LASF22:
 1647 00f0 74736C69 		.ascii	"tslices_t\000"
 1647      6365735F 
 1647      7400
 1648              	.LASF92:
 1649 00fa 77747472 		.ascii	"wttrp\000"
 1649      7000
 1650              	.LASF77:
 1651 0100 63685F73 		.ascii	"ch_system\000"
 1651      79737465 
 1651      6D00
 1652              	.LASF8:
 1653 010a 6C6F6E67 		.ascii	"long int\000"
 1653      20696E74 
 1653      00
 1654              	.LASF118:
 1655 0113 50454461 		.ascii	"PEData\000"
ARM GAS  /var/folders/sv/kgmgr77579zbf78p2zlhkdfr0000gn/T//ccPkLzZQ.s 			page 31


 1655      746100
 1656              	.LASF20:
 1657 011a 74737461 		.ascii	"tstate_t\000"
 1657      74655F74 
 1657      00
 1658              	.LASF33:
 1659 0123 705F6E65 		.ascii	"p_newer\000"
 1659      77657200 
 1660              	.LASF97:
 1661 012b 735F7175 		.ascii	"s_queue\000"
 1661      65756500 
 1662              	.LASF90:
 1663 0133 65786974 		.ascii	"exitcode\000"
 1663      636F6465 
 1663      00
 1664              	.LASF59:
 1665 013c 725F6E65 		.ascii	"r_newer\000"
 1665      77657200 
 1666              	.LASF83:
 1667 0144 72656761 		.ascii	"regarm_t\000"
 1667      726D5F74 
 1667      00
 1668              	.LASF66:
 1669 014d 76745F70 		.ascii	"vt_prev\000"
 1669      72657600 
 1670              	.LASF131:
 1671 0155 73746D33 		.ascii	"stm32_clock_init\000"
 1671      325F636C 
 1671      6F636B5F 
 1671      696E6974 
 1671      00
 1672              	.LASF104:
 1673 0166 6D757465 		.ascii	"mutex_t\000"
 1673      785F7400 
 1674              	.LASF115:
 1675 016e 50424461 		.ascii	"PBData\000"
 1675      746100
 1676              	.LASF81:
 1677 0175 69646C65 		.ascii	"idle_thread_wa\000"
 1677      5F746872 
 1677      6561645F 
 1677      776100
 1678              	.LASF26:
 1679 0184 636E745F 		.ascii	"cnt_t\000"
 1679      7400
 1680              	.LASF0:
 1681 018a 756E7369 		.ascii	"unsigned int\000"
 1681      676E6564 
 1681      20696E74 
 1681      00
 1682              	.LASF65:
 1683 0197 76745F6E 		.ascii	"vt_next\000"
 1683      65787400 
 1684              	.LASF93:
 1685 019f 77747365 		.ascii	"wtsemp\000"
 1685      6D7000
 1686              	.LASF67:
ARM GAS  /var/folders/sv/kgmgr77579zbf78p2zlhkdfr0000gn/T//ccPkLzZQ.s 			page 32


 1687 01a6 76745F64 		.ascii	"vt_delta\000"
 1687      656C7461 
 1687      00
 1688              	.LASF73:
 1689 01af 73797374 		.ascii	"system_debug_t\000"
 1689      656D5F64 
 1689      65627567 
 1689      5F7400
 1690              	.LASF109:
 1691 01be 6F737065 		.ascii	"ospeedr\000"
 1691      65647200 
 1692              	.LASF98:
 1693 01c6 735F636E 		.ascii	"s_cnt\000"
 1693      7400
 1694              	.LASF129:
 1695 01cc 5F5F6561 		.ascii	"__early_init\000"
 1695      726C795F 
 1695      696E6974 
 1695      00
 1696              	.LASF85:
 1697 01d9 636F6E74 		.ascii	"context\000"
 1697      65787400 
 1698              	.LASF6:
 1699 01e1 73686F72 		.ascii	"short unsigned int\000"
 1699      7420756E 
 1699      7369676E 
 1699      65642069 
 1699      6E7400
 1700              	.LASF119:
 1701 01f4 50464461 		.ascii	"PFData\000"
 1701      746100
 1702              	.LASF50:
 1703 01fb 63685F74 		.ascii	"ch_thread\000"
 1703      68726561 
 1703      6400
 1704              	.LASF24:
 1705 0205 6D73675F 		.ascii	"msg_t\000"
 1705      7400
 1706              	.LASF76:
 1707 020b 63685F73 		.ascii	"ch_system_t\000"
 1707      79737465 
 1707      6D5F7400 
 1708              	.LASF19:
 1709 0217 746D6F64 		.ascii	"tmode_t\000"
 1709      655F7400 
 1710              	.LASF55:
 1711 021f 63685F72 		.ascii	"ch_ready_list\000"
 1711      65616479 
 1711      5F6C6973 
 1711      7400
 1712              	.LASF25:
 1713 022d 6576656E 		.ascii	"eventmask_t\000"
 1713      746D6173 
 1713      6B5F7400 
 1714              	.LASF7:
 1715 0239 5F5F696E 		.ascii	"__int32_t\000"
 1715      7433325F 
ARM GAS  /var/folders/sv/kgmgr77579zbf78p2zlhkdfr0000gn/T//ccPkLzZQ.s 			page 33


 1715      7400
 1716              	.LASF120:
 1717 0243 50474461 		.ascii	"PGData\000"
 1717      746100
 1718              	.LASF84:
 1719 024a 73746B61 		.ascii	"stkalign_t\000"
 1719      6C69676E 
 1719      5F7400
 1720              	.LASF18:
 1721 0255 7274636E 		.ascii	"rtcnt_t\000"
 1721      745F7400 
 1722              	.LASF48:
 1723 025d 74687265 		.ascii	"thread_reference_t\000"
 1723      61645F72 
 1723      65666572 
 1723      656E6365 
 1723      5F7400
 1724              	.LASF71:
 1725 0270 63685F76 		.ascii	"ch_virtual_timers_list\000"
 1725      69727475 
 1725      616C5F74 
 1725      696D6572 
 1725      735F6C69 
 1726              	.LASF68:
 1727 0287 76745F66 		.ascii	"vt_func\000"
 1727      756E6300 
 1728              	.LASF34:
 1729 028f 705F6F6C 		.ascii	"p_older\000"
 1729      64657200 
 1730              	.LASF58:
 1731 0297 725F6374 		.ascii	"r_ctx\000"
 1731      7800
 1732              	.LASF88:
 1733 029d 746D5F63 		.ascii	"tm_calibration_t\000"
 1733      616C6962 
 1733      72617469 
 1733      6F6E5F74 
 1733      00
 1734              	.LASF112:
 1735 02ae 61667268 		.ascii	"afrh\000"
 1735      00
 1736              	.LASF117:
 1737 02b3 50444461 		.ascii	"PDData\000"
 1737      746100
 1738              	.LASF61:
 1739 02ba 725F6375 		.ascii	"r_current\000"
 1739      7272656E 
 1739      7400
 1740              	.LASF60:
 1741 02c4 725F6F6C 		.ascii	"r_older\000"
 1741      64657200 
 1742              	.LASF39:
 1743 02cc 705F7072 		.ascii	"p_preempt\000"
 1743      65656D70 
 1743      7400
 1744              	.LASF12:
 1745 02d6 5F5F7569 		.ascii	"__uint64_t\000"
ARM GAS  /var/folders/sv/kgmgr77579zbf78p2zlhkdfr0000gn/T//ccPkLzZQ.s 			page 34


 1745      6E743634 
 1745      5F7400
 1746              	.LASF105:
 1747 02e1 666C6F61 		.ascii	"float\000"
 1747      7400
 1748              	.LASF21:
 1749 02e7 74726566 		.ascii	"trefs_t\000"
 1749      735F7400 
 1750              	.LASF63:
 1751 02ef 76697274 		.ascii	"virtual_timer_t\000"
 1751      75616C5F 
 1751      74696D65 
 1751      725F7400 
 1752              	.LASF30:
 1753 02ff 705F7072 		.ascii	"p_prev\000"
 1753      657600
 1754              	.LASF23:
 1755 0306 74707269 		.ascii	"tprio_t\000"
 1755      6F5F7400 
 1756              	.LASF74:
 1757 030e 63685F73 		.ascii	"ch_system_debug\000"
 1757      79737465 
 1757      6D5F6465 
 1757      62756700 
 1758              	.LASF106:
 1759 031e 5F426F6F 		.ascii	"_Bool\000"
 1759      6C00
 1760              	.LASF15:
 1761 0324 696E7433 		.ascii	"int32_t\000"
 1761      325F7400 
 1762              	.LASF4:
 1763 032c 756E7369 		.ascii	"unsigned char\000"
 1763      676E6564 
 1763      20636861 
 1763      7200
 1764              	.LASF111:
 1765 033a 6166726C 		.ascii	"afrl\000"
 1765      00
 1766              	.LASF45:
 1767 033f 705F6D74 		.ascii	"p_mtxlist\000"
 1767      786C6973 
 1767      7400
 1768              	.LASF5:
 1769 0349 73686F72 		.ascii	"short int\000"
 1769      7420696E 
 1769      7400
 1770              	.LASF36:
 1771 0353 705F7374 		.ascii	"p_state\000"
 1771      61746500 
 1772              	.LASF130:
 1773 035b 626F6172 		.ascii	"boardInit\000"
 1773      64496E69 
 1773      7400
 1774              	.LASF57:
 1775 0365 725F7072 		.ascii	"r_prio\000"
 1775      696F00
 1776              	.LASF114:
ARM GAS  /var/folders/sv/kgmgr77579zbf78p2zlhkdfr0000gn/T//ccPkLzZQ.s 			page 35


 1777 036c 50414461 		.ascii	"PAData\000"
 1777      746100
 1778              	.LASF95:
 1779 0373 65776D61 		.ascii	"ewmask\000"
 1779      736B00
 1780              	.LASF29:
 1781 037a 705F6E65 		.ascii	"p_next\000"
 1781      787400
 1782              	.LASF37:
 1783 0381 705F666C 		.ascii	"p_flags\000"
 1783      61677300 
 1784              	.LASF122:
 1785 0389 50494461 		.ascii	"PIData\000"
 1785      746100
 1786              	.LASF64:
 1787 0390 63685F76 		.ascii	"ch_virtual_timer\000"
 1787      69727475 
 1787      616C5F74 
 1787      696D6572 
 1787      00
 1788              	.LASF96:
 1789 03a1 63685F73 		.ascii	"ch_semaphore\000"
 1789      656D6170 
 1789      686F7265 
 1789      00
 1790              	.LASF44:
 1791 03ae 705F6570 		.ascii	"p_epending\000"
 1791      656E6469 
 1791      6E6700
 1792              	.LASF107:
 1793 03b9 6D6F6465 		.ascii	"moder\000"
 1793      7200
 1794              	.LASF16:
 1795 03bf 75696E74 		.ascii	"uint32_t\000"
 1795      33325F74 
 1795      00
 1796              	.LASF56:
 1797 03c8 725F7175 		.ascii	"r_queue\000"
 1797      65756500 
 1798              	.LASF72:
 1799 03d0 76745F73 		.ascii	"vt_systime\000"
 1799      79737469 
 1799      6D6500
 1800              	.LASF51:
 1801 03db 63685F74 		.ascii	"ch_threads_list\000"
 1801      68726561 
 1801      64735F6C 
 1801      69737400 
 1802              	.LASF10:
 1803 03eb 6C6F6E67 		.ascii	"long unsigned int\000"
 1803      20756E73 
 1803      69676E65 
 1803      6420696E 
 1803      7400
 1804              	.LASF103:
 1805 03fd 63686172 		.ascii	"char\000"
 1805      00
ARM GAS  /var/folders/sv/kgmgr77579zbf78p2zlhkdfr0000gn/T//ccPkLzZQ.s 			page 36


 1806              	.LASF127:
 1807 0402 626F6172 		.ascii	"board.c\000"
 1807      642E6300 
 1808              	.LASF94:
 1809 040a 77746D74 		.ascii	"wtmtxp\000"
 1809      787000
 1810              	.LASF28:
 1811 0411 74687265 		.ascii	"thread_t\000"
 1811      61645F74 
 1811      00
 1812              	.LASF102:
 1813 041a 6D5F6E65 		.ascii	"m_next\000"
 1813      787400
 1814              	.LASF27:
 1815 0421 73797374 		.ascii	"systime_t\000"
 1815      696D655F 
 1815      7400
 1816              	.LASF46:
 1817 042b 705F7265 		.ascii	"p_realprio\000"
 1817      616C7072 
 1817      696F00
 1818              	.LASF62:
 1819 0436 76746675 		.ascii	"vtfunc_t\000"
 1819      6E635F74 
 1819      00
 1820              	.LASF9:
 1821 043f 5F5F7569 		.ascii	"__uint32_t\000"
 1821      6E743332 
 1821      5F7400
 1822              	.LASF75:
 1823 044a 70616E69 		.ascii	"panic_msg\000"
 1823      635F6D73 
 1823      6700
 1824              	.LASF87:
 1825 0454 6F666673 		.ascii	"offset\000"
 1825      657400
 1826              	.LASF40:
 1827 045b 705F7469 		.ascii	"p_time\000"
 1827      6D6500
 1828              	.LASF42:
 1829 0462 705F6D73 		.ascii	"p_msgqueue\000"
 1829      67717565 
 1829      756500
 1830              	.LASF69:
 1831 046d 76745F70 		.ascii	"vt_par\000"
 1831      617200
 1832              	.LASF52:
 1833 0474 74687265 		.ascii	"threads_queue_t\000"
 1833      6164735F 
 1833      71756575 
 1833      655F7400 
 1834              	.LASF38:
 1835 0484 705F7265 		.ascii	"p_refs\000"
 1835      667300
 1836              	.LASF126:
 1837 048b 474E5520 		.ascii	"GNU C99 5.4.1 20160919 (release) [ARM/embedded-5-br"
 1837      43393920 
ARM GAS  /var/folders/sv/kgmgr77579zbf78p2zlhkdfr0000gn/T//ccPkLzZQ.s 			page 37


 1837      352E342E 
 1837      31203230 
 1837      31363039 
 1838 04be 616E6368 		.ascii	"anch revision 240496] -mcpu=cortex-m4 -mfloat-abi=h"
 1838      20726576 
 1838      6973696F 
 1838      6E203234 
 1838      30343936 
 1839 04f1 61726420 		.ascii	"ard -mfpu=fpv4-sp-d16 -mno-thumb-interwork -mthumb "
 1839      2D6D6670 
 1839      753D6670 
 1839      76342D73 
 1839      702D6431 
 1840 0524 2D676764 		.ascii	"-ggdb -O2 -std=gnu99 -fomit-frame-pointer -falign-f"
 1840      62202D4F 
 1840      32202D73 
 1840      74643D67 
 1840      6E753939 
 1841 0557 756E6374 		.ascii	"unctions=16 -ffunction-sections -fdata-sections -fn"
 1841      696F6E73 
 1841      3D313620 
 1841      2D666675 
 1841      6E637469 
 1842 058a 6F2D636F 		.ascii	"o-common -fsingle-precision-constant\000"
 1842      6D6D6F6E 
 1842      202D6673 
 1842      696E676C 
 1842      652D7072 
 1843              	.LASF78:
 1844 05af 726C6973 		.ascii	"rlist\000"
 1844      7400
 1845              	.LASF14:
 1846 05b5 75696E74 		.ascii	"uint8_t\000"
 1846      385F7400 
 1847              	.LASF110:
 1848 05bd 70757064 		.ascii	"pupdr\000"
 1848      7200
 1849              	.LASF128:
 1850 05c3 2F557365 		.ascii	"/Users/moslin/Documents/Project/bldc-master\000"
 1850      72732F6D 
 1850      6F736C69 
 1850      6E2F446F 
 1850      63756D65 
 1851              	.LASF82:
 1852 05ef 73697A65 		.ascii	"sizetype\000"
 1852      74797065 
 1852      00
 1853              	.LASF99:
 1854 05f8 63685F6D 		.ascii	"ch_mutex\000"
 1854      75746578 
 1854      00
 1855              	.LASF35:
 1856 0601 705F6E61 		.ascii	"p_name\000"
 1856      6D6500
 1857              	.LASF116:
 1858 0608 50434461 		.ascii	"PCData\000"
 1858      746100
ARM GAS  /var/folders/sv/kgmgr77579zbf78p2zlhkdfr0000gn/T//ccPkLzZQ.s 			page 38


 1859              	.LASF49:
 1860 060f 74687265 		.ascii	"threads_list_t\000"
 1860      6164735F 
 1860      6C697374 
 1860      5F7400
 1861              	.LASF43:
 1862 061e 705F6D73 		.ascii	"p_msg\000"
 1862      6700
 1863              	.LASF123:
 1864 0624 50414C43 		.ascii	"PALConfig\000"
 1864      6F6E6669 
 1864      6700
 1865              	.LASF101:
 1866 062e 6D5F6F77 		.ascii	"m_owner\000"
 1866      6E657200 
 1867              	.LASF125:
 1868 0636 70616C5F 		.ascii	"pal_default_config\000"
 1868      64656661 
 1868      756C745F 
 1868      636F6E66 
 1868      696700
 1869              	.LASF32:
 1870 0649 705F6374 		.ascii	"p_ctx\000"
 1870      7800
 1871              	.LASF41:
 1872 064f 705F7761 		.ascii	"p_waiting\000"
 1872      6974696E 
 1872      6700
 1873              		.ident	"GCC: (GNU Tools for ARM Embedded Processors) 5.4.1 20160919 (release) [ARM/embedded-5-bran
ARM GAS  /var/folders/sv/kgmgr77579zbf78p2zlhkdfr0000gn/T//ccPkLzZQ.s 			page 39


DEFINED SYMBOLS
                            *ABS*:0000000000000000 board.c
/var/folders/sv/kgmgr77579zbf78p2zlhkdfr0000gn/T//ccPkLzZQ.s:22     .text.__early_init:0000000000000000 $t
/var/folders/sv/kgmgr77579zbf78p2zlhkdfr0000gn/T//ccPkLzZQ.s:28     .text.__early_init:0000000000000000 __early_init
/var/folders/sv/kgmgr77579zbf78p2zlhkdfr0000gn/T//ccPkLzZQ.s:43     .text.boardInit:0000000000000000 $t
/var/folders/sv/kgmgr77579zbf78p2zlhkdfr0000gn/T//ccPkLzZQ.s:49     .text.boardInit:0000000000000000 boardInit
/var/folders/sv/kgmgr77579zbf78p2zlhkdfr0000gn/T//ccPkLzZQ.s:65     .rodata.pal_default_config:0000000000000000 pal_default_config
/var/folders/sv/kgmgr77579zbf78p2zlhkdfr0000gn/T//ccPkLzZQ.s:62     .rodata.pal_default_config:0000000000000000 $d
                     .debug_frame:0000000000000010 $d

UNDEFINED SYMBOLS
stm32_clock_init
