ARM GAS  /var/folders/sv/kgmgr77579zbf78p2zlhkdfr0000gn/T//ccD9VypD.s 			page 1


   1              		.syntax unified
   2              		.cpu cortex-m4
   3              		.eabi_attribute 27, 1
   4              		.eabi_attribute 28, 1
   5              		.fpu fpv4-sp-d16
   6              		.eabi_attribute 20, 1
   7              		.eabi_attribute 21, 1
   8              		.eabi_attribute 23, 3
   9              		.eabi_attribute 24, 1
  10              		.eabi_attribute 25, 1
  11              		.eabi_attribute 26, 1
  12              		.eabi_attribute 30, 2
  13              		.eabi_attribute 34, 1
  14              		.eabi_attribute 18, 4
  15              		.thumb
  16              		.syntax unified
  17              		.file	"hal.c"
  18              		.text
  19              	.Ltext0:
  20              		.cfi_sections	.debug_frame
  21              		.section	.text.halInit,"ax",%progbits
  22              		.align	2
  23              		.p2align 4,,15
  24              		.global	halInit
  25              		.thumb
  26              		.thumb_func
  27              		.type	halInit, %function
  28              	halInit:
  29              	.LFB256:
  30              		.file 1 "ChibiOS_3.0.2/os/hal/src/hal.c"
  31              		.loc 1 56 0
  32              		.cfi_startproc
  33              		@ args = 0, pretend = 0, frame = 0
  34              		@ frame_needed = 0, uses_anonymous_args = 0
  35 0000 08B5     		push	{r3, lr}
  36              		.cfi_def_cfa_offset 8
  37              		.cfi_offset 3, -8
  38              		.cfi_offset 14, -4
  39              		.loc 1 62 0
  40 0002 FFF7FEFF 		bl	hal_lld_init
  41              	.LVL0:
  42              		.loc 1 65 0
  43 0006 0B48     		ldr	r0, .L3
  44 0008 FFF7FEFF 		bl	_pal_lld_init
  45              	.LVL1:
  46              		.loc 1 71 0
  47 000c FFF7FEFF 		bl	canInit
  48              	.LVL2:
  49              		.loc 1 83 0
  50 0010 FFF7FEFF 		bl	i2cInit
  51              	.LVL3:
  52              		.loc 1 89 0
  53 0014 FFF7FEFF 		bl	icuInit
  54              	.LVL4:
  55              		.loc 1 104 0
  56 0018 FFF7FEFF 		bl	spiInit
  57              	.LVL5:
ARM GAS  /var/folders/sv/kgmgr77579zbf78p2zlhkdfr0000gn/T//ccD9VypD.s 			page 2


  58              		.loc 1 107 0
  59 001c FFF7FEFF 		bl	uartInit
  60              	.LVL6:
  61              		.loc 1 110 0
  62 0020 FFF7FEFF 		bl	usbInit
  63              	.LVL7:
  64              		.loc 1 116 0
  65 0024 FFF7FEFF 		bl	sduInit
  66              	.LVL8:
  67              		.loc 1 130 0
  68 0028 FFF7FEFF 		bl	boardInit
  69              	.LVL9:
  70              		.loc 1 139 0
  71 002c BDE80840 		pop	{r3, lr}
  72              		.cfi_restore 14
  73              		.cfi_restore 3
  74              		.cfi_def_cfa_offset 0
  75              		.loc 1 137 0
  76 0030 FFF7FEBF 		b	stInit
  77              	.LVL10:
  78              	.L4:
  79              		.align	2
  80              	.L3:
  81 0034 00000000 		.word	pal_default_config
  82              		.cfi_endproc
  83              	.LFE256:
  84              		.size	halInit, .-halInit
  85              		.text
  86              	.Letext0:
  87              		.file 2 "/usr/local/Cellar/gcc-arm-none-eabi/20160928/arm-none-eabi/include/machine/_default_types
  88              		.file 3 "/usr/local/Cellar/gcc-arm-none-eabi/20160928/arm-none-eabi/include/sys/_stdint.h"
  89              		.file 4 "ChibiOS_3.0.2/os/rt/ports/ARMCMx/compilers/GCC/chtypes.h"
  90              		.file 5 "ChibiOS_3.0.2/os/rt/include/chsystypes.h"
  91              		.file 6 "ChibiOS_3.0.2/os/rt/include/chschd.h"
  92              		.file 7 "ChibiOS_3.0.2/os/rt/ports/ARMCMx/chcore.h"
  93              		.file 8 "ChibiOS_3.0.2/os/rt/ports/ARMCMx/chcore_v7m.h"
  94              		.file 9 "ChibiOS_3.0.2/os/rt/include/chtm.h"
  95              		.file 10 "ChibiOS_3.0.2/os/rt/include/chsem.h"
  96              		.file 11 "ChibiOS_3.0.2/os/rt/include/chmtx.h"
  97              		.file 12 "ChibiOS_3.0.2/os/hal/ports/STM32/LLD/GPIOv2/pal_lld.h"
  98              		.file 13 "ChibiOS_3.0.2/os/ext/CMSIS/include/core_cm4.h"
  99              		.file 14 "ChibiOS_3.0.2/os/hal/ports/STM32/STM32F4xx/hal_lld.h"
 100              		.file 15 "ChibiOS_3.0.2/os/hal/include/can.h"
 101              		.file 16 "ChibiOS_3.0.2/os/hal/include/i2c.h"
 102              		.file 17 "ChibiOS_3.0.2/os/hal/include/icu.h"
 103              		.file 18 "ChibiOS_3.0.2/os/hal/include/spi.h"
 104              		.file 19 "ChibiOS_3.0.2/os/hal/include/uart.h"
 105              		.file 20 "ChibiOS_3.0.2/os/hal/include/usb.h"
 106              		.file 21 "ChibiOS_3.0.2/os/hal/include/serial_usb.h"
 107              		.file 22 "./board.h"
 108              		.file 23 "ChibiOS_3.0.2/os/hal/include/st.h"
 109              		.file 24 "ChibiOS_3.0.2/os/hal/osal/rt/osal.h"
 110              		.section	.debug_info,"",%progbits
 111              	.Ldebug_info0:
 112 0000 24090000 		.4byte	0x924
 113 0004 0400     		.2byte	0x4
 114 0006 00000000 		.4byte	.Ldebug_abbrev0
ARM GAS  /var/folders/sv/kgmgr77579zbf78p2zlhkdfr0000gn/T//ccD9VypD.s 			page 3


 115 000a 04       		.byte	0x4
 116 000b 01       		.uleb128 0x1
 117 000c E1040000 		.4byte	.LASF136
 118 0010 0C       		.byte	0xc
 119 0011 3C010000 		.4byte	.LASF137
 120 0015 19060000 		.4byte	.LASF138
 121 0019 00000000 		.4byte	.Ldebug_ranges0+0
 122 001d 00000000 		.4byte	0
 123 0021 00000000 		.4byte	.Ldebug_line0
 124 0025 02       		.uleb128 0x2
 125 0026 04       		.byte	0x4
 126 0027 05       		.byte	0x5
 127 0028 696E7400 		.ascii	"int\000"
 128 002c 03       		.uleb128 0x3
 129 002d 04       		.byte	0x4
 130 002e 07       		.byte	0x7
 131 002f B1010000 		.4byte	.LASF0
 132 0033 03       		.uleb128 0x3
 133 0034 01       		.byte	0x1
 134 0035 06       		.byte	0x6
 135 0036 DC000000 		.4byte	.LASF1
 136 003a 04       		.uleb128 0x4
 137 003b 45000000 		.4byte	.LASF5
 138 003f 02       		.byte	0x2
 139 0040 1D       		.byte	0x1d
 140 0041 45000000 		.4byte	0x45
 141 0045 03       		.uleb128 0x3
 142 0046 01       		.byte	0x1
 143 0047 08       		.byte	0x8
 144 0048 5F030000 		.4byte	.LASF2
 145 004c 03       		.uleb128 0x3
 146 004d 02       		.byte	0x2
 147 004e 05       		.byte	0x5
 148 004f 84030000 		.4byte	.LASF3
 149 0053 03       		.uleb128 0x3
 150 0054 02       		.byte	0x2
 151 0055 07       		.byte	0x7
 152 0056 03020000 		.4byte	.LASF4
 153 005a 04       		.uleb128 0x4
 154 005b 5B020000 		.4byte	.LASF6
 155 005f 02       		.byte	0x2
 156 0060 3F       		.byte	0x3f
 157 0061 65000000 		.4byte	0x65
 158 0065 03       		.uleb128 0x3
 159 0066 04       		.byte	0x4
 160 0067 05       		.byte	0x5
 161 0068 23010000 		.4byte	.LASF7
 162 006c 04       		.uleb128 0x4
 163 006d 7A040000 		.4byte	.LASF8
 164 0071 02       		.byte	0x2
 165 0072 41       		.byte	0x41
 166 0073 77000000 		.4byte	0x77
 167 0077 03       		.uleb128 0x3
 168 0078 04       		.byte	0x4
 169 0079 07       		.byte	0x7
 170 007a 26040000 		.4byte	.LASF9
 171 007e 03       		.uleb128 0x3
ARM GAS  /var/folders/sv/kgmgr77579zbf78p2zlhkdfr0000gn/T//ccD9VypD.s 			page 4


 172 007f 08       		.byte	0x8
 173 0080 05       		.byte	0x5
 174 0081 CE000000 		.4byte	.LASF10
 175 0085 04       		.uleb128 0x4
 176 0086 00030000 		.4byte	.LASF11
 177 008a 02       		.byte	0x2
 178 008b 5B       		.byte	0x5b
 179 008c 90000000 		.4byte	0x90
 180 0090 03       		.uleb128 0x3
 181 0091 08       		.byte	0x8
 182 0092 07       		.byte	0x7
 183 0093 71000000 		.4byte	.LASF12
 184 0097 04       		.uleb128 0x4
 185 0098 0B060000 		.4byte	.LASF13
 186 009c 03       		.byte	0x3
 187 009d 18       		.byte	0x18
 188 009e 3A000000 		.4byte	0x3a
 189 00a2 04       		.uleb128 0x4
 190 00a3 57030000 		.4byte	.LASF14
 191 00a7 03       		.byte	0x3
 192 00a8 2C       		.byte	0x2c
 193 00a9 5A000000 		.4byte	0x5a
 194 00ad 04       		.uleb128 0x4
 195 00ae FA030000 		.4byte	.LASF15
 196 00b2 03       		.byte	0x3
 197 00b3 30       		.byte	0x30
 198 00b4 6C000000 		.4byte	0x6c
 199 00b8 04       		.uleb128 0x4
 200 00b9 3C000000 		.4byte	.LASF16
 201 00bd 03       		.byte	0x3
 202 00be 3C       		.byte	0x3c
 203 00bf 85000000 		.4byte	0x85
 204 00c3 05       		.uleb128 0x5
 205 00c4 A2000000 		.4byte	0xa2
 206 00c8 04       		.uleb128 0x4
 207 00c9 7F020000 		.4byte	.LASF17
 208 00cd 04       		.byte	0x4
 209 00ce 45       		.byte	0x45
 210 00cf AD000000 		.4byte	0xad
 211 00d3 04       		.uleb128 0x4
 212 00d4 39020000 		.4byte	.LASF18
 213 00d8 04       		.byte	0x4
 214 00d9 48       		.byte	0x48
 215 00da 97000000 		.4byte	0x97
 216 00de 04       		.uleb128 0x4
 217 00df 33010000 		.4byte	.LASF19
 218 00e3 04       		.byte	0x4
 219 00e4 49       		.byte	0x49
 220 00e5 97000000 		.4byte	0x97
 221 00e9 04       		.uleb128 0x4
 222 00ea 11030000 		.4byte	.LASF20
 223 00ee 04       		.byte	0x4
 224 00ef 4A       		.byte	0x4a
 225 00f0 97000000 		.4byte	0x97
 226 00f4 04       		.uleb128 0x4
 227 00f5 0F010000 		.4byte	.LASF21
 228 00f9 04       		.byte	0x4
ARM GAS  /var/folders/sv/kgmgr77579zbf78p2zlhkdfr0000gn/T//ccD9VypD.s 			page 5


 229 00fa 4B       		.byte	0x4b
 230 00fb 97000000 		.4byte	0x97
 231 00ff 04       		.uleb128 0x4
 232 0100 39030000 		.4byte	.LASF22
 233 0104 04       		.byte	0x4
 234 0105 4C       		.byte	0x4c
 235 0106 AD000000 		.4byte	0xad
 236 010a 04       		.uleb128 0x4
 237 010b 27020000 		.4byte	.LASF23
 238 010f 04       		.byte	0x4
 239 0110 4D       		.byte	0x4d
 240 0111 A2000000 		.4byte	0xa2
 241 0115 04       		.uleb128 0x4
 242 0116 4F020000 		.4byte	.LASF24
 243 011a 04       		.byte	0x4
 244 011b 4F       		.byte	0x4f
 245 011c AD000000 		.4byte	0xad
 246 0120 04       		.uleb128 0x4
 247 0121 AB010000 		.4byte	.LASF25
 248 0125 04       		.byte	0x4
 249 0126 51       		.byte	0x51
 250 0127 A2000000 		.4byte	0xa2
 251 012b 04       		.uleb128 0x4
 252 012c 5C040000 		.4byte	.LASF26
 253 0130 05       		.byte	0x5
 254 0131 33       		.byte	0x33
 255 0132 AD000000 		.4byte	0xad
 256 0136 04       		.uleb128 0x4
 257 0137 4C040000 		.4byte	.LASF27
 258 013b 05       		.byte	0x5
 259 013c 3F       		.byte	0x3f
 260 013d 41010000 		.4byte	0x141
 261 0141 06       		.uleb128 0x6
 262 0142 1D020000 		.4byte	.LASF49
 263 0146 48       		.byte	0x48
 264 0147 06       		.byte	0x6
 265 0148 C2       		.byte	0xc2
 266 0149 46020000 		.4byte	0x246
 267 014d 07       		.uleb128 0x7
 268 014e B5030000 		.4byte	.LASF28
 269 0152 06       		.byte	0x6
 270 0153 C3       		.byte	0xc3
 271 0154 51020000 		.4byte	0x251
 272 0158 00       		.byte	0
 273 0159 07       		.uleb128 0x7
 274 015a 29030000 		.4byte	.LASF29
 275 015e 06       		.byte	0x6
 276 015f C5       		.byte	0xc5
 277 0160 51020000 		.4byte	0x251
 278 0164 04       		.byte	0x4
 279 0165 07       		.uleb128 0x7
 280 0166 C7000000 		.4byte	.LASF30
 281 016a 06       		.byte	0x6
 282 016b C7       		.byte	0xc7
 283 016c FF000000 		.4byte	0xff
 284 0170 08       		.byte	0x8
 285 0171 07       		.uleb128 0x7
ARM GAS  /var/folders/sv/kgmgr77579zbf78p2zlhkdfr0000gn/T//ccD9VypD.s 			page 6


 286 0172 A7060000 		.4byte	.LASF31
 287 0176 06       		.byte	0x6
 288 0177 C8       		.byte	0xc8
 289 0178 81040000 		.4byte	0x481
 290 017c 0C       		.byte	0xc
 291 017d 07       		.uleb128 0x7
 292 017e 5B010000 		.4byte	.LASF32
 293 0182 06       		.byte	0x6
 294 0183 CA       		.byte	0xca
 295 0184 51020000 		.4byte	0x251
 296 0188 10       		.byte	0x10
 297 0189 07       		.uleb128 0x7
 298 018a B9020000 		.4byte	.LASF33
 299 018e 06       		.byte	0x6
 300 018f CB       		.byte	0xcb
 301 0190 51020000 		.4byte	0x251
 302 0194 14       		.byte	0x14
 303 0195 07       		.uleb128 0x7
 304 0196 57060000 		.4byte	.LASF34
 305 019a 06       		.byte	0x6
 306 019b D2       		.byte	0xd2
 307 019c C6060000 		.4byte	0x6c6
 308 01a0 18       		.byte	0x18
 309 01a1 07       		.uleb128 0x7
 310 01a2 8E030000 		.4byte	.LASF35
 311 01a6 06       		.byte	0x6
 312 01a7 DD       		.byte	0xdd
 313 01a8 DE000000 		.4byte	0xde
 314 01ac 1C       		.byte	0x1c
 315 01ad 07       		.uleb128 0x7
 316 01ae BC030000 		.4byte	.LASF36
 317 01b2 06       		.byte	0x6
 318 01b3 E1       		.byte	0xe1
 319 01b4 D3000000 		.4byte	0xd3
 320 01b8 1D       		.byte	0x1d
 321 01b9 07       		.uleb128 0x7
 322 01ba CC040000 		.4byte	.LASF37
 323 01be 06       		.byte	0x6
 324 01bf E6       		.byte	0xe6
 325 01c0 E9000000 		.4byte	0xe9
 326 01c4 1E       		.byte	0x1e
 327 01c5 07       		.uleb128 0x7
 328 01c6 F6020000 		.4byte	.LASF38
 329 01ca 06       		.byte	0x6
 330 01cb EC       		.byte	0xec
 331 01cc F4000000 		.4byte	0xf4
 332 01d0 1F       		.byte	0x1f
 333 01d1 07       		.uleb128 0x7
 334 01d2 96040000 		.4byte	.LASF39
 335 01d6 06       		.byte	0x6
 336 01d7 F3       		.byte	0xf3
 337 01d8 D8060000 		.4byte	0x6d8
 338 01dc 20       		.byte	0x20
 339 01dd 08       		.uleb128 0x8
 340 01de 705F7500 		.ascii	"p_u\000"
 341 01e2 06       		.byte	0x6
 342 01e3 3101     		.2byte	0x131
ARM GAS  /var/folders/sv/kgmgr77579zbf78p2zlhkdfr0000gn/T//ccD9VypD.s 			page 7


 343 01e5 01060000 		.4byte	0x601
 344 01e9 24       		.byte	0x24
 345 01ea 09       		.uleb128 0x9
 346 01eb AD060000 		.4byte	.LASF40
 347 01ef 06       		.byte	0x6
 348 01f0 3601     		.2byte	0x136
 349 01f2 57020000 		.4byte	0x257
 350 01f6 28       		.byte	0x28
 351 01f7 09       		.uleb128 0x9
 352 01f8 AA040000 		.4byte	.LASF41
 353 01fc 06       		.byte	0x6
 354 01fd 3C01     		.2byte	0x13c
 355 01ff 7B020000 		.4byte	0x27b
 356 0203 2C       		.byte	0x2c
 357 0204 09       		.uleb128 0x9
 358 0205 7C060000 		.4byte	.LASF42
 359 0209 06       		.byte	0x6
 360 020a 4001     		.2byte	0x140
 361 020c 0A010000 		.4byte	0x10a
 362 0210 34       		.byte	0x34
 363 0211 09       		.uleb128 0x9
 364 0212 E9030000 		.4byte	.LASF43
 365 0216 06       		.byte	0x6
 366 0217 4601     		.2byte	0x146
 367 0219 15010000 		.4byte	0x115
 368 021d 38       		.byte	0x38
 369 021e 09       		.uleb128 0x9
 370 021f 7A030000 		.4byte	.LASF44
 371 0223 06       		.byte	0x6
 372 0224 4D01     		.2byte	0x14d
 373 0226 C0060000 		.4byte	0x6c0
 374 022a 3C       		.byte	0x3c
 375 022b 09       		.uleb128 0x9
 376 022c 66040000 		.4byte	.LASF45
 377 0230 06       		.byte	0x6
 378 0231 5101     		.2byte	0x151
 379 0233 FF000000 		.4byte	0xff
 380 0237 40       		.byte	0x40
 381 0238 09       		.uleb128 0x9
 382 0239 F1000000 		.4byte	.LASF46
 383 023d 06       		.byte	0x6
 384 023e 5801     		.2byte	0x158
 385 0240 2E030000 		.4byte	0x32e
 386 0244 44       		.byte	0x44
 387 0245 00       		.byte	0
 388 0246 04       		.uleb128 0x4
 389 0247 87020000 		.4byte	.LASF47
 390 024b 05       		.byte	0x5
 391 024c 44       		.byte	0x44
 392 024d 51020000 		.4byte	0x251
 393 0251 0A       		.uleb128 0xa
 394 0252 04       		.byte	0x4
 395 0253 36010000 		.4byte	0x136
 396 0257 04       		.uleb128 0x4
 397 0258 65060000 		.4byte	.LASF48
 398 025c 05       		.byte	0x5
 399 025d 49       		.byte	0x49
ARM GAS  /var/folders/sv/kgmgr77579zbf78p2zlhkdfr0000gn/T//ccD9VypD.s 			page 8


 400 025e 62020000 		.4byte	0x262
 401 0262 06       		.uleb128 0x6
 402 0263 16040000 		.4byte	.LASF50
 403 0267 04       		.byte	0x4
 404 0268 06       		.byte	0x6
 405 0269 B0       		.byte	0xb0
 406 026a 7B020000 		.4byte	0x27b
 407 026e 07       		.uleb128 0x7
 408 026f B5030000 		.4byte	.LASF28
 409 0273 06       		.byte	0x6
 410 0274 B1       		.byte	0xb1
 411 0275 51020000 		.4byte	0x251
 412 0279 00       		.byte	0
 413 027a 00       		.byte	0
 414 027b 04       		.uleb128 0x4
 415 027c BC040000 		.4byte	.LASF51
 416 0280 05       		.byte	0x5
 417 0281 50       		.byte	0x50
 418 0282 86020000 		.4byte	0x286
 419 0286 06       		.uleb128 0x6
 420 0287 B6000000 		.4byte	.LASF52
 421 028b 08       		.byte	0x8
 422 028c 06       		.byte	0x6
 423 028d B7       		.byte	0xb7
 424 028e AB020000 		.4byte	0x2ab
 425 0292 07       		.uleb128 0x7
 426 0293 B5030000 		.4byte	.LASF28
 427 0297 06       		.byte	0x6
 428 0298 B8       		.byte	0xb8
 429 0299 51020000 		.4byte	0x251
 430 029d 00       		.byte	0
 431 029e 07       		.uleb128 0x7
 432 029f 29030000 		.4byte	.LASF29
 433 02a3 06       		.byte	0x6
 434 02a4 B9       		.byte	0xb9
 435 02a5 51020000 		.4byte	0x251
 436 02a9 04       		.byte	0x4
 437 02aa 00       		.byte	0
 438 02ab 04       		.uleb128 0x4
 439 02ac 13000000 		.4byte	.LASF53
 440 02b0 05       		.byte	0x5
 441 02b1 57       		.byte	0x57
 442 02b2 B6020000 		.4byte	0x2b6
 443 02b6 0B       		.uleb128 0xb
 444 02b7 41020000 		.4byte	.LASF54
 445 02bb 1C       		.byte	0x1c
 446 02bc 06       		.byte	0x6
 447 02bd 9001     		.2byte	0x190
 448 02bf 12030000 		.4byte	0x312
 449 02c3 09       		.uleb128 0x9
 450 02c4 03040000 		.4byte	.LASF55
 451 02c8 06       		.byte	0x6
 452 02c9 9101     		.2byte	0x191
 453 02cb 7B020000 		.4byte	0x27b
 454 02cf 00       		.byte	0
 455 02d0 09       		.uleb128 0x9
 456 02d1 A0030000 		.4byte	.LASF56
ARM GAS  /var/folders/sv/kgmgr77579zbf78p2zlhkdfr0000gn/T//ccD9VypD.s 			page 9


 457 02d5 06       		.byte	0x6
 458 02d6 9201     		.2byte	0x192
 459 02d8 FF000000 		.4byte	0xff
 460 02dc 08       		.byte	0x8
 461 02dd 09       		.uleb128 0x9
 462 02de C1020000 		.4byte	.LASF57
 463 02e2 06       		.byte	0x6
 464 02e3 9401     		.2byte	0x194
 465 02e5 81040000 		.4byte	0x481
 466 02e9 0C       		.byte	0xc
 467 02ea 09       		.uleb128 0x9
 468 02eb 74010000 		.4byte	.LASF58
 469 02ef 06       		.byte	0x6
 470 02f0 9701     		.2byte	0x197
 471 02f2 51020000 		.4byte	0x251
 472 02f6 10       		.byte	0x10
 473 02f7 09       		.uleb128 0x9
 474 02f8 EE020000 		.4byte	.LASF59
 475 02fc 06       		.byte	0x6
 476 02fd 9801     		.2byte	0x198
 477 02ff 51020000 		.4byte	0x251
 478 0303 14       		.byte	0x14
 479 0304 09       		.uleb128 0x9
 480 0305 E4020000 		.4byte	.LASF60
 481 0309 06       		.byte	0x6
 482 030a 9B01     		.2byte	0x19b
 483 030c 51020000 		.4byte	0x251
 484 0310 18       		.byte	0x18
 485 0311 00       		.byte	0
 486 0312 04       		.uleb128 0x4
 487 0313 71040000 		.4byte	.LASF61
 488 0317 05       		.byte	0x5
 489 0318 5C       		.byte	0x5c
 490 0319 1D030000 		.4byte	0x31d
 491 031d 0A       		.uleb128 0xa
 492 031e 04       		.byte	0x4
 493 031f 23030000 		.4byte	0x323
 494 0323 0C       		.uleb128 0xc
 495 0324 2E030000 		.4byte	0x32e
 496 0328 0D       		.uleb128 0xd
 497 0329 2E030000 		.4byte	0x32e
 498 032d 00       		.byte	0
 499 032e 0E       		.uleb128 0xe
 500 032f 04       		.byte	0x4
 501 0330 04       		.uleb128 0x4
 502 0331 19030000 		.4byte	.LASF62
 503 0335 05       		.byte	0x5
 504 0336 61       		.byte	0x61
 505 0337 3B030000 		.4byte	0x33b
 506 033b 0B       		.uleb128 0xb
 507 033c CB030000 		.4byte	.LASF63
 508 0340 14       		.byte	0x14
 509 0341 06       		.byte	0x6
 510 0342 6B01     		.2byte	0x16b
 511 0344 8A030000 		.4byte	0x38a
 512 0348 09       		.uleb128 0x9
 513 0349 BE010000 		.4byte	.LASF64
ARM GAS  /var/folders/sv/kgmgr77579zbf78p2zlhkdfr0000gn/T//ccD9VypD.s 			page 10


 514 034d 06       		.byte	0x6
 515 034e 6C01     		.2byte	0x16c
 516 0350 DD060000 		.4byte	0x6dd
 517 0354 00       		.byte	0
 518 0355 09       		.uleb128 0x9
 519 0356 85010000 		.4byte	.LASF65
 520 035a 06       		.byte	0x6
 521 035b 6D01     		.2byte	0x16d
 522 035d DD060000 		.4byte	0x6dd
 523 0361 04       		.byte	0x4
 524 0362 09       		.uleb128 0x9
 525 0363 CD010000 		.4byte	.LASF66
 526 0367 06       		.byte	0x6
 527 0368 6E01     		.2byte	0x16e
 528 036a 2B010000 		.4byte	0x12b
 529 036e 08       		.byte	0x8
 530 036f 09       		.uleb128 0x9
 531 0370 B1020000 		.4byte	.LASF67
 532 0374 06       		.byte	0x6
 533 0375 6F01     		.2byte	0x16f
 534 0377 12030000 		.4byte	0x312
 535 037b 0C       		.byte	0xc
 536 037c 09       		.uleb128 0x9
 537 037d B5040000 		.4byte	.LASF68
 538 0381 06       		.byte	0x6
 539 0382 7101     		.2byte	0x171
 540 0384 2E030000 		.4byte	0x32e
 541 0388 10       		.byte	0x10
 542 0389 00       		.byte	0
 543 038a 04       		.uleb128 0x4
 544 038b 93000000 		.4byte	.LASF69
 545 038f 05       		.byte	0x5
 546 0390 66       		.byte	0x66
 547 0391 95030000 		.4byte	0x395
 548 0395 0B       		.uleb128 0xb
 549 0396 9A020000 		.4byte	.LASF70
 550 039a 10       		.byte	0x10
 551 039b 06       		.byte	0x6
 552 039c 7B01     		.2byte	0x17b
 553 039e D7030000 		.4byte	0x3d7
 554 03a2 09       		.uleb128 0x9
 555 03a3 BE010000 		.4byte	.LASF64
 556 03a7 06       		.byte	0x6
 557 03a8 7C01     		.2byte	0x17c
 558 03aa DD060000 		.4byte	0x6dd
 559 03ae 00       		.byte	0
 560 03af 09       		.uleb128 0x9
 561 03b0 85010000 		.4byte	.LASF65
 562 03b4 06       		.byte	0x6
 563 03b5 7E01     		.2byte	0x17e
 564 03b7 DD060000 		.4byte	0x6dd
 565 03bb 04       		.byte	0x4
 566 03bc 09       		.uleb128 0x9
 567 03bd CD010000 		.4byte	.LASF66
 568 03c1 06       		.byte	0x6
 569 03c2 8001     		.2byte	0x180
 570 03c4 2B010000 		.4byte	0x12b
ARM GAS  /var/folders/sv/kgmgr77579zbf78p2zlhkdfr0000gn/T//ccD9VypD.s 			page 11


 571 03c8 08       		.byte	0x8
 572 03c9 09       		.uleb128 0x9
 573 03ca 0B040000 		.4byte	.LASF71
 574 03ce 06       		.byte	0x6
 575 03cf 8201     		.2byte	0x182
 576 03d1 D8060000 		.4byte	0x6d8
 577 03d5 0C       		.byte	0xc
 578 03d6 00       		.byte	0
 579 03d7 04       		.uleb128 0x4
 580 03d8 D6010000 		.4byte	.LASF72
 581 03dc 05       		.byte	0x5
 582 03dd 6B       		.byte	0x6b
 583 03de E2030000 		.4byte	0x3e2
 584 03e2 0B       		.uleb128 0xb
 585 03e3 41030000 		.4byte	.LASF73
 586 03e7 04       		.byte	0x4
 587 03e8 06       		.byte	0x6
 588 03e9 A201     		.2byte	0x1a2
 589 03eb FD030000 		.4byte	0x3fd
 590 03ef 09       		.uleb128 0x9
 591 03f0 85040000 		.4byte	.LASF74
 592 03f4 06       		.byte	0x6
 593 03f5 AA01     		.2byte	0x1aa
 594 03f7 E3060000 		.4byte	0x6e3
 595 03fb 00       		.byte	0
 596 03fc 00       		.byte	0
 597 03fd 04       		.uleb128 0x4
 598 03fe 2D020000 		.4byte	.LASF75
 599 0402 05       		.byte	0x5
 600 0403 70       		.byte	0x70
 601 0404 08040000 		.4byte	0x408
 602 0408 0F       		.uleb128 0xf
 603 0409 19010000 		.4byte	.LASF76
 604 040d 5802     		.2byte	0x258
 605 040f 06       		.byte	0x6
 606 0410 C201     		.2byte	0x1c2
 607 0412 64040000 		.4byte	0x464
 608 0416 09       		.uleb128 0x9
 609 0417 05060000 		.4byte	.LASF77
 610 041b 06       		.byte	0x6
 611 041c C601     		.2byte	0x1c6
 612 041e AB020000 		.4byte	0x2ab
 613 0422 00       		.byte	0
 614 0423 09       		.uleb128 0x9
 615 0424 01010000 		.4byte	.LASF78
 616 0428 06       		.byte	0x6
 617 0429 CA01     		.2byte	0x1ca
 618 042b 8A030000 		.4byte	0x38a
 619 042f 1C       		.byte	0x1c
 620 0430 08       		.uleb128 0x8
 621 0431 64626700 		.ascii	"dbg\000"
 622 0435 06       		.byte	0x6
 623 0436 CE01     		.2byte	0x1ce
 624 0438 D7030000 		.4byte	0x3d7
 625 043c 2C       		.byte	0x2c
 626 043d 09       		.uleb128 0x9
 627 043e 88000000 		.4byte	.LASF79
ARM GAS  /var/folders/sv/kgmgr77579zbf78p2zlhkdfr0000gn/T//ccD9VypD.s 			page 12


 628 0442 06       		.byte	0x6
 629 0443 D201     		.2byte	0x1d2
 630 0445 36010000 		.4byte	0x136
 631 0449 30       		.byte	0x30
 632 044a 08       		.uleb128 0x8
 633 044b 746D00   		.ascii	"tm\000"
 634 044e 06       		.byte	0x6
 635 044f D701     		.2byte	0x1d7
 636 0451 F6050000 		.4byte	0x5f6
 637 0455 78       		.byte	0x78
 638 0456 09       		.uleb128 0x9
 639 0457 9C010000 		.4byte	.LASF80
 640 045b 06       		.byte	0x6
 641 045c E301     		.2byte	0x1e3
 642 045e E8060000 		.4byte	0x6e8
 643 0462 80       		.byte	0x80
 644 0463 00       		.byte	0
 645 0464 03       		.uleb128 0x3
 646 0465 04       		.byte	0x4
 647 0466 07       		.byte	0x7
 648 0467 45060000 		.4byte	.LASF81
 649 046b 04       		.uleb128 0x4
 650 046c 7C010000 		.4byte	.LASF82
 651 0470 07       		.byte	0x7
 652 0471 65       		.byte	0x65
 653 0472 2E030000 		.4byte	0x32e
 654 0476 04       		.uleb128 0x4
 655 0477 6C020000 		.4byte	.LASF83
 656 047b 07       		.byte	0x7
 657 047c 6D       		.byte	0x6d
 658 047d B8000000 		.4byte	0xb8
 659 0481 06       		.uleb128 0x6
 660 0482 FB010000 		.4byte	.LASF84
 661 0486 04       		.byte	0x4
 662 0487 07       		.byte	0x7
 663 0488 89       		.byte	0x89
 664 0489 9A040000 		.4byte	0x49a
 665 048d 10       		.uleb128 0x10
 666 048e 72313300 		.ascii	"r13\000"
 667 0492 07       		.byte	0x7
 668 0493 8A       		.byte	0x8a
 669 0494 DB050000 		.4byte	0x5db
 670 0498 00       		.byte	0
 671 0499 00       		.byte	0
 672 049a 06       		.uleb128 0x6
 673 049b 4F000000 		.4byte	.LASF85
 674 049f 64       		.byte	0x64
 675 04a0 08       		.byte	0x8
 676 04a1 F4       		.byte	0xf4
 677 04a2 DB050000 		.4byte	0x5db
 678 04a6 10       		.uleb128 0x10
 679 04a7 73313600 		.ascii	"s16\000"
 680 04ab 08       		.byte	0x8
 681 04ac F6       		.byte	0xf6
 682 04ad 6B040000 		.4byte	0x46b
 683 04b1 00       		.byte	0
 684 04b2 10       		.uleb128 0x10
ARM GAS  /var/folders/sv/kgmgr77579zbf78p2zlhkdfr0000gn/T//ccD9VypD.s 			page 13


 685 04b3 73313700 		.ascii	"s17\000"
 686 04b7 08       		.byte	0x8
 687 04b8 F7       		.byte	0xf7
 688 04b9 6B040000 		.4byte	0x46b
 689 04bd 04       		.byte	0x4
 690 04be 10       		.uleb128 0x10
 691 04bf 73313800 		.ascii	"s18\000"
 692 04c3 08       		.byte	0x8
 693 04c4 F8       		.byte	0xf8
 694 04c5 6B040000 		.4byte	0x46b
 695 04c9 08       		.byte	0x8
 696 04ca 10       		.uleb128 0x10
 697 04cb 73313900 		.ascii	"s19\000"
 698 04cf 08       		.byte	0x8
 699 04d0 F9       		.byte	0xf9
 700 04d1 6B040000 		.4byte	0x46b
 701 04d5 0C       		.byte	0xc
 702 04d6 10       		.uleb128 0x10
 703 04d7 73323000 		.ascii	"s20\000"
 704 04db 08       		.byte	0x8
 705 04dc FA       		.byte	0xfa
 706 04dd 6B040000 		.4byte	0x46b
 707 04e1 10       		.byte	0x10
 708 04e2 10       		.uleb128 0x10
 709 04e3 73323100 		.ascii	"s21\000"
 710 04e7 08       		.byte	0x8
 711 04e8 FB       		.byte	0xfb
 712 04e9 6B040000 		.4byte	0x46b
 713 04ed 14       		.byte	0x14
 714 04ee 10       		.uleb128 0x10
 715 04ef 73323200 		.ascii	"s22\000"
 716 04f3 08       		.byte	0x8
 717 04f4 FC       		.byte	0xfc
 718 04f5 6B040000 		.4byte	0x46b
 719 04f9 18       		.byte	0x18
 720 04fa 10       		.uleb128 0x10
 721 04fb 73323300 		.ascii	"s23\000"
 722 04ff 08       		.byte	0x8
 723 0500 FD       		.byte	0xfd
 724 0501 6B040000 		.4byte	0x46b
 725 0505 1C       		.byte	0x1c
 726 0506 10       		.uleb128 0x10
 727 0507 73323400 		.ascii	"s24\000"
 728 050b 08       		.byte	0x8
 729 050c FE       		.byte	0xfe
 730 050d 6B040000 		.4byte	0x46b
 731 0511 20       		.byte	0x20
 732 0512 10       		.uleb128 0x10
 733 0513 73323500 		.ascii	"s25\000"
 734 0517 08       		.byte	0x8
 735 0518 FF       		.byte	0xff
 736 0519 6B040000 		.4byte	0x46b
 737 051d 24       		.byte	0x24
 738 051e 08       		.uleb128 0x8
 739 051f 73323600 		.ascii	"s26\000"
 740 0523 08       		.byte	0x8
 741 0524 0001     		.2byte	0x100
ARM GAS  /var/folders/sv/kgmgr77579zbf78p2zlhkdfr0000gn/T//ccD9VypD.s 			page 14


 742 0526 6B040000 		.4byte	0x46b
 743 052a 28       		.byte	0x28
 744 052b 08       		.uleb128 0x8
 745 052c 73323700 		.ascii	"s27\000"
 746 0530 08       		.byte	0x8
 747 0531 0101     		.2byte	0x101
 748 0533 6B040000 		.4byte	0x46b
 749 0537 2C       		.byte	0x2c
 750 0538 08       		.uleb128 0x8
 751 0539 73323800 		.ascii	"s28\000"
 752 053d 08       		.byte	0x8
 753 053e 0201     		.2byte	0x102
 754 0540 6B040000 		.4byte	0x46b
 755 0544 30       		.byte	0x30
 756 0545 08       		.uleb128 0x8
 757 0546 73323900 		.ascii	"s29\000"
 758 054a 08       		.byte	0x8
 759 054b 0301     		.2byte	0x103
 760 054d 6B040000 		.4byte	0x46b
 761 0551 34       		.byte	0x34
 762 0552 08       		.uleb128 0x8
 763 0553 73333000 		.ascii	"s30\000"
 764 0557 08       		.byte	0x8
 765 0558 0401     		.2byte	0x104
 766 055a 6B040000 		.4byte	0x46b
 767 055e 38       		.byte	0x38
 768 055f 08       		.uleb128 0x8
 769 0560 73333100 		.ascii	"s31\000"
 770 0564 08       		.byte	0x8
 771 0565 0501     		.2byte	0x105
 772 0567 6B040000 		.4byte	0x46b
 773 056b 3C       		.byte	0x3c
 774 056c 08       		.uleb128 0x8
 775 056d 723400   		.ascii	"r4\000"
 776 0570 08       		.byte	0x8
 777 0571 0701     		.2byte	0x107
 778 0573 6B040000 		.4byte	0x46b
 779 0577 40       		.byte	0x40
 780 0578 08       		.uleb128 0x8
 781 0579 723500   		.ascii	"r5\000"
 782 057c 08       		.byte	0x8
 783 057d 0801     		.2byte	0x108
 784 057f 6B040000 		.4byte	0x46b
 785 0583 44       		.byte	0x44
 786 0584 08       		.uleb128 0x8
 787 0585 723600   		.ascii	"r6\000"
 788 0588 08       		.byte	0x8
 789 0589 0901     		.2byte	0x109
 790 058b 6B040000 		.4byte	0x46b
 791 058f 48       		.byte	0x48
 792 0590 08       		.uleb128 0x8
 793 0591 723700   		.ascii	"r7\000"
 794 0594 08       		.byte	0x8
 795 0595 0A01     		.2byte	0x10a
 796 0597 6B040000 		.4byte	0x46b
 797 059b 4C       		.byte	0x4c
 798 059c 08       		.uleb128 0x8
ARM GAS  /var/folders/sv/kgmgr77579zbf78p2zlhkdfr0000gn/T//ccD9VypD.s 			page 15


 799 059d 723800   		.ascii	"r8\000"
 800 05a0 08       		.byte	0x8
 801 05a1 0B01     		.2byte	0x10b
 802 05a3 6B040000 		.4byte	0x46b
 803 05a7 50       		.byte	0x50
 804 05a8 08       		.uleb128 0x8
 805 05a9 723900   		.ascii	"r9\000"
 806 05ac 08       		.byte	0x8
 807 05ad 0C01     		.2byte	0x10c
 808 05af 6B040000 		.4byte	0x46b
 809 05b3 54       		.byte	0x54
 810 05b4 08       		.uleb128 0x8
 811 05b5 72313000 		.ascii	"r10\000"
 812 05b9 08       		.byte	0x8
 813 05ba 0D01     		.2byte	0x10d
 814 05bc 6B040000 		.4byte	0x46b
 815 05c0 58       		.byte	0x58
 816 05c1 08       		.uleb128 0x8
 817 05c2 72313100 		.ascii	"r11\000"
 818 05c6 08       		.byte	0x8
 819 05c7 0E01     		.2byte	0x10e
 820 05c9 6B040000 		.4byte	0x46b
 821 05cd 5C       		.byte	0x5c
 822 05ce 08       		.uleb128 0x8
 823 05cf 6C7200   		.ascii	"lr\000"
 824 05d2 08       		.byte	0x8
 825 05d3 0F01     		.2byte	0x10f
 826 05d5 6B040000 		.4byte	0x46b
 827 05d9 60       		.byte	0x60
 828 05da 00       		.byte	0
 829 05db 0A       		.uleb128 0xa
 830 05dc 04       		.byte	0x4
 831 05dd 9A040000 		.4byte	0x49a
 832 05e1 11       		.uleb128 0x11
 833 05e2 04       		.byte	0x4
 834 05e3 09       		.byte	0x9
 835 05e4 38       		.byte	0x38
 836 05e5 F6050000 		.4byte	0x5f6
 837 05e9 07       		.uleb128 0x7
 838 05ea 8F040000 		.4byte	.LASF86
 839 05ee 09       		.byte	0x9
 840 05ef 3C       		.byte	0x3c
 841 05f0 C8000000 		.4byte	0xc8
 842 05f4 00       		.byte	0
 843 05f5 00       		.byte	0
 844 05f6 04       		.uleb128 0x4
 845 05f7 C7020000 		.4byte	.LASF87
 846 05fb 09       		.byte	0x9
 847 05fc 3D       		.byte	0x3d
 848 05fd E1050000 		.4byte	0x5e1
 849 0601 12       		.uleb128 0x12
 850 0602 04       		.byte	0x4
 851 0603 06       		.byte	0x6
 852 0604 FA       		.byte	0xfa
 853 0605 5E060000 		.4byte	0x65e
 854 0609 13       		.uleb128 0x13
 855 060a 2D000000 		.4byte	.LASF88
ARM GAS  /var/folders/sv/kgmgr77579zbf78p2zlhkdfr0000gn/T//ccD9VypD.s 			page 16


 856 060e 06       		.byte	0x6
 857 060f 0101     		.2byte	0x101
 858 0611 0A010000 		.4byte	0x10a
 859 0615 13       		.uleb128 0x13
 860 0616 6B010000 		.4byte	.LASF89
 861 061a 06       		.byte	0x6
 862 061b 0801     		.2byte	0x108
 863 061d 0A010000 		.4byte	0x10a
 864 0621 13       		.uleb128 0x13
 865 0622 08010000 		.4byte	.LASF90
 866 0626 06       		.byte	0x6
 867 0627 0F01     		.2byte	0x10f
 868 0629 2E030000 		.4byte	0x32e
 869 062d 13       		.uleb128 0x13
 870 062e 27000000 		.4byte	.LASF91
 871 0632 06       		.byte	0x6
 872 0633 1601     		.2byte	0x116
 873 0635 5E060000 		.4byte	0x65e
 874 0639 13       		.uleb128 0x13
 875 063a C6010000 		.4byte	.LASF92
 876 063e 06       		.byte	0x6
 877 063f 1E01     		.2byte	0x11e
 878 0641 89060000 		.4byte	0x689
 879 0645 13       		.uleb128 0x13
 880 0646 45040000 		.4byte	.LASF93
 881 064a 06       		.byte	0x6
 882 064b 2701     		.2byte	0x127
 883 064d C0060000 		.4byte	0x6c0
 884 0651 13       		.uleb128 0x13
 885 0652 AE030000 		.4byte	.LASF94
 886 0656 06       		.byte	0x6
 887 0657 2F01     		.2byte	0x12f
 888 0659 15010000 		.4byte	0x115
 889 065d 00       		.byte	0
 890 065e 0A       		.uleb128 0xa
 891 065f 04       		.byte	0x4
 892 0660 46020000 		.4byte	0x246
 893 0664 06       		.uleb128 0x6
 894 0665 DC030000 		.4byte	.LASF95
 895 0669 0C       		.byte	0xc
 896 066a 0A       		.byte	0xa
 897 066b 34       		.byte	0x34
 898 066c 89060000 		.4byte	0x689
 899 0670 07       		.uleb128 0x7
 900 0671 63010000 		.4byte	.LASF96
 901 0675 0A       		.byte	0xa
 902 0676 35       		.byte	0x35
 903 0677 7B020000 		.4byte	0x27b
 904 067b 00       		.byte	0
 905 067c 07       		.uleb128 0x7
 906 067d F5010000 		.4byte	.LASF97
 907 0681 0A       		.byte	0xa
 908 0682 37       		.byte	0x37
 909 0683 20010000 		.4byte	0x120
 910 0687 08       		.byte	0x8
 911 0688 00       		.byte	0
 912 0689 0A       		.uleb128 0xa
ARM GAS  /var/folders/sv/kgmgr77579zbf78p2zlhkdfr0000gn/T//ccD9VypD.s 			page 17


 913 068a 04       		.byte	0x4
 914 068b 64060000 		.4byte	0x664
 915 068f 06       		.uleb128 0x6
 916 0690 4E060000 		.4byte	.LASF98
 917 0694 10       		.byte	0x10
 918 0695 0B       		.byte	0xb
 919 0696 39       		.byte	0x39
 920 0697 C0060000 		.4byte	0x6c0
 921 069b 07       		.uleb128 0x7
 922 069c F9000000 		.4byte	.LASF99
 923 06a0 0B       		.byte	0xb
 924 06a1 3A       		.byte	0x3a
 925 06a2 7B020000 		.4byte	0x27b
 926 06a6 00       		.byte	0
 927 06a7 07       		.uleb128 0x7
 928 06a8 8C060000 		.4byte	.LASF100
 929 06ac 0B       		.byte	0xb
 930 06ad 3C       		.byte	0x3c
 931 06ae 51020000 		.4byte	0x251
 932 06b2 08       		.byte	0x8
 933 06b3 07       		.uleb128 0x7
 934 06b4 55040000 		.4byte	.LASF101
 935 06b8 0B       		.byte	0xb
 936 06b9 3E       		.byte	0x3e
 937 06ba 03070000 		.4byte	0x703
 938 06be 0C       		.byte	0xc
 939 06bf 00       		.byte	0
 940 06c0 0A       		.uleb128 0xa
 941 06c1 04       		.byte	0x4
 942 06c2 8F060000 		.4byte	0x68f
 943 06c6 0A       		.uleb128 0xa
 944 06c7 04       		.byte	0x4
 945 06c8 D3060000 		.4byte	0x6d3
 946 06cc 03       		.uleb128 0x3
 947 06cd 01       		.byte	0x1
 948 06ce 08       		.byte	0x8
 949 06cf 38040000 		.4byte	.LASF102
 950 06d3 14       		.uleb128 0x14
 951 06d4 CC060000 		.4byte	0x6cc
 952 06d8 05       		.uleb128 0x5
 953 06d9 2B010000 		.4byte	0x12b
 954 06dd 0A       		.uleb128 0xa
 955 06de 04       		.byte	0x4
 956 06df 30030000 		.4byte	0x330
 957 06e3 05       		.uleb128 0x5
 958 06e4 C6060000 		.4byte	0x6c6
 959 06e8 15       		.uleb128 0x15
 960 06e9 76040000 		.4byte	0x476
 961 06ed F8060000 		.4byte	0x6f8
 962 06f1 16       		.uleb128 0x16
 963 06f2 64040000 		.4byte	0x464
 964 06f6 3A       		.byte	0x3a
 965 06f7 00       		.byte	0
 966 06f8 04       		.uleb128 0x4
 967 06f9 8D010000 		.4byte	.LASF103
 968 06fd 0B       		.byte	0xb
 969 06fe 34       		.byte	0x34
ARM GAS  /var/folders/sv/kgmgr77579zbf78p2zlhkdfr0000gn/T//ccD9VypD.s 			page 18


 970 06ff 8F060000 		.4byte	0x68f
 971 0703 0A       		.uleb128 0xa
 972 0704 04       		.byte	0x4
 973 0705 F8060000 		.4byte	0x6f8
 974 0709 03       		.uleb128 0x3
 975 070a 04       		.byte	0x4
 976 070b 04       		.byte	0x4
 977 070c 0B030000 		.4byte	.LASF104
 978 0710 03       		.uleb128 0x3
 979 0711 01       		.byte	0x1
 980 0712 02       		.byte	0x2
 981 0713 51030000 		.4byte	.LASF105
 982 0717 11       		.uleb128 0x11
 983 0718 1C       		.byte	0x1c
 984 0719 0C       		.byte	0xc
 985 071a C1       		.byte	0xc1
 986 071b 74070000 		.4byte	0x774
 987 071f 07       		.uleb128 0x7
 988 0720 F4030000 		.4byte	.LASF106
 989 0724 0C       		.byte	0xc
 990 0725 C3       		.byte	0xc3
 991 0726 AD000000 		.4byte	0xad
 992 072a 00       		.byte	0
 993 072b 07       		.uleb128 0x7
 994 072c 5B000000 		.4byte	.LASF107
 995 0730 0C       		.byte	0xc
 996 0731 C5       		.byte	0xc5
 997 0732 AD000000 		.4byte	0xad
 998 0736 04       		.byte	0x4
 999 0737 07       		.uleb128 0x7
 1000 0738 ED010000 		.4byte	.LASF108
 1001 073c 0C       		.byte	0xc
 1002 073d C7       		.byte	0xc7
 1003 073e AD000000 		.4byte	0xad
 1004 0742 08       		.byte	0x8
 1005 0743 07       		.uleb128 0x7
 1006 0744 13060000 		.4byte	.LASF109
 1007 0748 0C       		.byte	0xc
 1008 0749 C9       		.byte	0xc9
 1009 074a AD000000 		.4byte	0xad
 1010 074e 0C       		.byte	0xc
 1011 074f 10       		.uleb128 0x10
 1012 0750 6F647200 		.ascii	"odr\000"
 1013 0754 0C       		.byte	0xc
 1014 0755 CB       		.byte	0xcb
 1015 0756 AD000000 		.4byte	0xad
 1016 075a 10       		.byte	0x10
 1017 075b 07       		.uleb128 0x7
 1018 075c 75030000 		.4byte	.LASF110
 1019 0760 0C       		.byte	0xc
 1020 0761 CD       		.byte	0xcd
 1021 0762 AD000000 		.4byte	0xad
 1022 0766 14       		.byte	0x14
 1023 0767 07       		.uleb128 0x7
 1024 0768 D8020000 		.4byte	.LASF111
 1025 076c 0C       		.byte	0xc
 1026 076d CF       		.byte	0xcf
ARM GAS  /var/folders/sv/kgmgr77579zbf78p2zlhkdfr0000gn/T//ccD9VypD.s 			page 19


 1027 076e AD000000 		.4byte	0xad
 1028 0772 18       		.byte	0x18
 1029 0773 00       		.byte	0
 1030 0774 04       		.uleb128 0x4
 1031 0775 00000000 		.4byte	.LASF112
 1032 0779 0C       		.byte	0xc
 1033 077a D0       		.byte	0xd0
 1034 077b 17070000 		.4byte	0x717
 1035 077f 11       		.uleb128 0x11
 1036 0780 FC       		.byte	0xfc
 1037 0781 0C       		.byte	0xc
 1038 0782 D9       		.byte	0xd9
 1039 0783 F4070000 		.4byte	0x7f4
 1040 0787 07       		.uleb128 0x7
 1041 0788 A7030000 		.4byte	.LASF113
 1042 078c 0C       		.byte	0xc
 1043 078d DC       		.byte	0xdc
 1044 078e 74070000 		.4byte	0x774
 1045 0792 00       		.byte	0
 1046 0793 07       		.uleb128 0x7
 1047 0794 95010000 		.4byte	.LASF114
 1048 0798 0C       		.byte	0xc
 1049 0799 E0       		.byte	0xe0
 1050 079a 74070000 		.4byte	0x774
 1051 079e 1C       		.byte	0x1c
 1052 079f 07       		.uleb128 0x7
 1053 07a0 5E060000 		.4byte	.LASF115
 1054 07a4 0C       		.byte	0xc
 1055 07a5 E4       		.byte	0xe4
 1056 07a6 74070000 		.4byte	0x774
 1057 07aa 38       		.byte	0x38
 1058 07ab 07       		.uleb128 0x7
 1059 07ac DD020000 		.4byte	.LASF116
 1060 07b0 0C       		.byte	0xc
 1061 07b1 E8       		.byte	0xe8
 1062 07b2 74070000 		.4byte	0x774
 1063 07b6 54       		.byte	0x54
 1064 07b7 07       		.uleb128 0x7
 1065 07b8 2C010000 		.4byte	.LASF117
 1066 07bc 0C       		.byte	0xc
 1067 07bd EC       		.byte	0xec
 1068 07be 74070000 		.4byte	0x774
 1069 07c2 70       		.byte	0x70
 1070 07c3 07       		.uleb128 0x7
 1071 07c4 16020000 		.4byte	.LASF118
 1072 07c8 0C       		.byte	0xc
 1073 07c9 F0       		.byte	0xf0
 1074 07ca 74070000 		.4byte	0x774
 1075 07ce 8C       		.byte	0x8c
 1076 07cf 07       		.uleb128 0x7
 1077 07d0 65020000 		.4byte	.LASF119
 1078 07d4 0C       		.byte	0xc
 1079 07d5 F4       		.byte	0xf4
 1080 07d6 74070000 		.4byte	0x774
 1081 07da A8       		.byte	0xa8
 1082 07db 07       		.uleb128 0x7
 1083 07dc 6A000000 		.4byte	.LASF120
ARM GAS  /var/folders/sv/kgmgr77579zbf78p2zlhkdfr0000gn/T//ccD9VypD.s 			page 20


 1084 07e0 0C       		.byte	0xc
 1085 07e1 F8       		.byte	0xf8
 1086 07e2 74070000 		.4byte	0x774
 1087 07e6 C4       		.byte	0xc4
 1088 07e7 07       		.uleb128 0x7
 1089 07e8 C4030000 		.4byte	.LASF121
 1090 07ec 0C       		.byte	0xc
 1091 07ed FC       		.byte	0xfc
 1092 07ee 74070000 		.4byte	0x774
 1093 07f2 E0       		.byte	0xe0
 1094 07f3 00       		.byte	0
 1095 07f4 04       		.uleb128 0x4
 1096 07f5 82060000 		.4byte	.LASF122
 1097 07f9 0C       		.byte	0xc
 1098 07fa FE       		.byte	0xfe
 1099 07fb 7F070000 		.4byte	0x77f
 1100 07ff 17       		.uleb128 0x17
 1101 0800 30030000 		.4byte	.LASF139
 1102 0804 18       		.byte	0x18
 1103 0805 C101     		.2byte	0x1c1
 1104 0807 03       		.byte	0x3
 1105 0808 18       		.uleb128 0x18
 1106 0809 E5010000 		.4byte	.LASF140
 1107 080d 01       		.byte	0x1
 1108 080e 38       		.byte	0x38
 1109 080f 00000000 		.4byte	.LFB256
 1110 0813 38000000 		.4byte	.LFE256-.LFB256
 1111 0817 01       		.uleb128 0x1
 1112 0818 9C       		.byte	0x9c
 1113 0819 81080000 		.4byte	0x881
 1114 081d 19       		.uleb128 0x19
 1115 081e 06000000 		.4byte	.LVL0
 1116 0822 A9080000 		.4byte	0x8a9
 1117 0826 19       		.uleb128 0x19
 1118 0827 0C000000 		.4byte	.LVL1
 1119 082b B5080000 		.4byte	0x8b5
 1120 082f 19       		.uleb128 0x19
 1121 0830 10000000 		.4byte	.LVL2
 1122 0834 C1080000 		.4byte	0x8c1
 1123 0838 19       		.uleb128 0x19
 1124 0839 14000000 		.4byte	.LVL3
 1125 083d CC080000 		.4byte	0x8cc
 1126 0841 19       		.uleb128 0x19
 1127 0842 18000000 		.4byte	.LVL4
 1128 0846 D7080000 		.4byte	0x8d7
 1129 084a 19       		.uleb128 0x19
 1130 084b 1C000000 		.4byte	.LVL5
 1131 084f E2080000 		.4byte	0x8e2
 1132 0853 19       		.uleb128 0x19
 1133 0854 20000000 		.4byte	.LVL6
 1134 0858 EE080000 		.4byte	0x8ee
 1135 085c 19       		.uleb128 0x19
 1136 085d 24000000 		.4byte	.LVL7
 1137 0861 F9080000 		.4byte	0x8f9
 1138 0865 19       		.uleb128 0x19
 1139 0866 28000000 		.4byte	.LVL8
 1140 086a 05090000 		.4byte	0x905
ARM GAS  /var/folders/sv/kgmgr77579zbf78p2zlhkdfr0000gn/T//ccD9VypD.s 			page 21


 1141 086e 19       		.uleb128 0x19
 1142 086f 2C000000 		.4byte	.LVL9
 1143 0873 10090000 		.4byte	0x910
 1144 0877 1A       		.uleb128 0x1a
 1145 0878 34000000 		.4byte	.LVL10
 1146 087c 1C090000 		.4byte	0x91c
 1147 0880 00       		.byte	0
 1148 0881 1B       		.uleb128 0x1b
 1149 0882 A9000000 		.4byte	.LASF123
 1150 0886 0D       		.byte	0xd
 1151 0887 A706     		.2byte	0x6a7
 1152 0889 C3000000 		.4byte	0xc3
 1153 088d 1C       		.uleb128 0x1c
 1154 088e 636800   		.ascii	"ch\000"
 1155 0891 06       		.byte	0x6
 1156 0892 0902     		.2byte	0x209
 1157 0894 FD030000 		.4byte	0x3fd
 1158 0898 1B       		.uleb128 0x1b
 1159 0899 94060000 		.4byte	.LASF124
 1160 089d 0C       		.byte	0xc
 1161 089e DA01     		.2byte	0x1da
 1162 08a0 A4080000 		.4byte	0x8a4
 1163 08a4 14       		.uleb128 0x14
 1164 08a5 F4070000 		.4byte	0x7f4
 1165 08a9 1D       		.uleb128 0x1d
 1166 08aa 9D040000 		.4byte	.LASF125
 1167 08ae 9D040000 		.4byte	.LASF125
 1168 08b2 0E       		.byte	0xe
 1169 08b3 1206     		.2byte	0x612
 1170 08b5 1D       		.uleb128 0x1d
 1171 08b6 D3040000 		.4byte	.LASF126
 1172 08ba D3040000 		.4byte	.LASF126
 1173 08be 0C       		.byte	0xc
 1174 08bf DF01     		.2byte	0x1df
 1175 08c1 1E       		.uleb128 0x1e
 1176 08c2 34000000 		.4byte	.LASF127
 1177 08c6 34000000 		.4byte	.LASF127
 1178 08ca 0F       		.byte	0xf
 1179 08cb 7E       		.byte	0x7e
 1180 08cc 1E       		.uleb128 0x1e
 1181 08cd 74060000 		.4byte	.LASF128
 1182 08d1 74060000 		.4byte	.LASF128
 1183 08d5 10       		.byte	0x10
 1184 08d6 8B       		.byte	0x8b
 1185 08d7 1E       		.uleb128 0x1e
 1186 08d8 62000000 		.4byte	.LASF129
 1187 08dc 62000000 		.4byte	.LASF129
 1188 08e0 11       		.byte	0x11
 1189 08e1 DD       		.byte	0xdd
 1190 08e2 1D       		.uleb128 0x1d
 1191 08e3 77020000 		.4byte	.LASF130
 1192 08e7 77020000 		.4byte	.LASF130
 1193 08eb 12       		.byte	0x12
 1194 08ec 0601     		.2byte	0x106
 1195 08ee 1E       		.uleb128 0x1e
 1196 08ef E8000000 		.4byte	.LASF131
 1197 08f3 E8000000 		.4byte	.LASF131
ARM GAS  /var/folders/sv/kgmgr77579zbf78p2zlhkdfr0000gn/T//ccD9VypD.s 			page 22


 1198 08f7 13       		.byte	0x13
 1199 08f8 62       		.byte	0x62
 1200 08f9 1D       		.uleb128 0x1d
 1201 08fa 3D040000 		.4byte	.LASF132
 1202 08fe 3D040000 		.4byte	.LASF132
 1203 0902 14       		.byte	0x14
 1204 0903 3502     		.2byte	0x235
 1205 0905 1E       		.uleb128 0x1e
 1206 0906 6D030000 		.4byte	.LASF133
 1207 090a 6D030000 		.4byte	.LASF133
 1208 090e 15       		.byte	0x15
 1209 090f F6       		.byte	0xf6
 1210 0910 1D       		.uleb128 0x1d
 1211 0911 96030000 		.4byte	.LASF134
 1212 0915 96030000 		.4byte	.LASF134
 1213 0919 16       		.byte	0x16
 1214 091a 8204     		.2byte	0x482
 1215 091c 1E       		.uleb128 0x1e
 1216 091d 20000000 		.4byte	.LASF135
 1217 0921 20000000 		.4byte	.LASF135
 1218 0925 17       		.byte	0x17
 1219 0926 56       		.byte	0x56
 1220 0927 00       		.byte	0
 1221              		.section	.debug_abbrev,"",%progbits
 1222              	.Ldebug_abbrev0:
 1223 0000 01       		.uleb128 0x1
 1224 0001 11       		.uleb128 0x11
 1225 0002 01       		.byte	0x1
 1226 0003 25       		.uleb128 0x25
 1227 0004 0E       		.uleb128 0xe
 1228 0005 13       		.uleb128 0x13
 1229 0006 0B       		.uleb128 0xb
 1230 0007 03       		.uleb128 0x3
 1231 0008 0E       		.uleb128 0xe
 1232 0009 1B       		.uleb128 0x1b
 1233 000a 0E       		.uleb128 0xe
 1234 000b 55       		.uleb128 0x55
 1235 000c 17       		.uleb128 0x17
 1236 000d 11       		.uleb128 0x11
 1237 000e 01       		.uleb128 0x1
 1238 000f 10       		.uleb128 0x10
 1239 0010 17       		.uleb128 0x17
 1240 0011 00       		.byte	0
 1241 0012 00       		.byte	0
 1242 0013 02       		.uleb128 0x2
 1243 0014 24       		.uleb128 0x24
 1244 0015 00       		.byte	0
 1245 0016 0B       		.uleb128 0xb
 1246 0017 0B       		.uleb128 0xb
 1247 0018 3E       		.uleb128 0x3e
 1248 0019 0B       		.uleb128 0xb
 1249 001a 03       		.uleb128 0x3
 1250 001b 08       		.uleb128 0x8
 1251 001c 00       		.byte	0
 1252 001d 00       		.byte	0
 1253 001e 03       		.uleb128 0x3
 1254 001f 24       		.uleb128 0x24
ARM GAS  /var/folders/sv/kgmgr77579zbf78p2zlhkdfr0000gn/T//ccD9VypD.s 			page 23


 1255 0020 00       		.byte	0
 1256 0021 0B       		.uleb128 0xb
 1257 0022 0B       		.uleb128 0xb
 1258 0023 3E       		.uleb128 0x3e
 1259 0024 0B       		.uleb128 0xb
 1260 0025 03       		.uleb128 0x3
 1261 0026 0E       		.uleb128 0xe
 1262 0027 00       		.byte	0
 1263 0028 00       		.byte	0
 1264 0029 04       		.uleb128 0x4
 1265 002a 16       		.uleb128 0x16
 1266 002b 00       		.byte	0
 1267 002c 03       		.uleb128 0x3
 1268 002d 0E       		.uleb128 0xe
 1269 002e 3A       		.uleb128 0x3a
 1270 002f 0B       		.uleb128 0xb
 1271 0030 3B       		.uleb128 0x3b
 1272 0031 0B       		.uleb128 0xb
 1273 0032 49       		.uleb128 0x49
 1274 0033 13       		.uleb128 0x13
 1275 0034 00       		.byte	0
 1276 0035 00       		.byte	0
 1277 0036 05       		.uleb128 0x5
 1278 0037 35       		.uleb128 0x35
 1279 0038 00       		.byte	0
 1280 0039 49       		.uleb128 0x49
 1281 003a 13       		.uleb128 0x13
 1282 003b 00       		.byte	0
 1283 003c 00       		.byte	0
 1284 003d 06       		.uleb128 0x6
 1285 003e 13       		.uleb128 0x13
 1286 003f 01       		.byte	0x1
 1287 0040 03       		.uleb128 0x3
 1288 0041 0E       		.uleb128 0xe
 1289 0042 0B       		.uleb128 0xb
 1290 0043 0B       		.uleb128 0xb
 1291 0044 3A       		.uleb128 0x3a
 1292 0045 0B       		.uleb128 0xb
 1293 0046 3B       		.uleb128 0x3b
 1294 0047 0B       		.uleb128 0xb
 1295 0048 01       		.uleb128 0x1
 1296 0049 13       		.uleb128 0x13
 1297 004a 00       		.byte	0
 1298 004b 00       		.byte	0
 1299 004c 07       		.uleb128 0x7
 1300 004d 0D       		.uleb128 0xd
 1301 004e 00       		.byte	0
 1302 004f 03       		.uleb128 0x3
 1303 0050 0E       		.uleb128 0xe
 1304 0051 3A       		.uleb128 0x3a
 1305 0052 0B       		.uleb128 0xb
 1306 0053 3B       		.uleb128 0x3b
 1307 0054 0B       		.uleb128 0xb
 1308 0055 49       		.uleb128 0x49
 1309 0056 13       		.uleb128 0x13
 1310 0057 38       		.uleb128 0x38
 1311 0058 0B       		.uleb128 0xb
ARM GAS  /var/folders/sv/kgmgr77579zbf78p2zlhkdfr0000gn/T//ccD9VypD.s 			page 24


 1312 0059 00       		.byte	0
 1313 005a 00       		.byte	0
 1314 005b 08       		.uleb128 0x8
 1315 005c 0D       		.uleb128 0xd
 1316 005d 00       		.byte	0
 1317 005e 03       		.uleb128 0x3
 1318 005f 08       		.uleb128 0x8
 1319 0060 3A       		.uleb128 0x3a
 1320 0061 0B       		.uleb128 0xb
 1321 0062 3B       		.uleb128 0x3b
 1322 0063 05       		.uleb128 0x5
 1323 0064 49       		.uleb128 0x49
 1324 0065 13       		.uleb128 0x13
 1325 0066 38       		.uleb128 0x38
 1326 0067 0B       		.uleb128 0xb
 1327 0068 00       		.byte	0
 1328 0069 00       		.byte	0
 1329 006a 09       		.uleb128 0x9
 1330 006b 0D       		.uleb128 0xd
 1331 006c 00       		.byte	0
 1332 006d 03       		.uleb128 0x3
 1333 006e 0E       		.uleb128 0xe
 1334 006f 3A       		.uleb128 0x3a
 1335 0070 0B       		.uleb128 0xb
 1336 0071 3B       		.uleb128 0x3b
 1337 0072 05       		.uleb128 0x5
 1338 0073 49       		.uleb128 0x49
 1339 0074 13       		.uleb128 0x13
 1340 0075 38       		.uleb128 0x38
 1341 0076 0B       		.uleb128 0xb
 1342 0077 00       		.byte	0
 1343 0078 00       		.byte	0
 1344 0079 0A       		.uleb128 0xa
 1345 007a 0F       		.uleb128 0xf
 1346 007b 00       		.byte	0
 1347 007c 0B       		.uleb128 0xb
 1348 007d 0B       		.uleb128 0xb
 1349 007e 49       		.uleb128 0x49
 1350 007f 13       		.uleb128 0x13
 1351 0080 00       		.byte	0
 1352 0081 00       		.byte	0
 1353 0082 0B       		.uleb128 0xb
 1354 0083 13       		.uleb128 0x13
 1355 0084 01       		.byte	0x1
 1356 0085 03       		.uleb128 0x3
 1357 0086 0E       		.uleb128 0xe
 1358 0087 0B       		.uleb128 0xb
 1359 0088 0B       		.uleb128 0xb
 1360 0089 3A       		.uleb128 0x3a
 1361 008a 0B       		.uleb128 0xb
 1362 008b 3B       		.uleb128 0x3b
 1363 008c 05       		.uleb128 0x5
 1364 008d 01       		.uleb128 0x1
 1365 008e 13       		.uleb128 0x13
 1366 008f 00       		.byte	0
 1367 0090 00       		.byte	0
 1368 0091 0C       		.uleb128 0xc
ARM GAS  /var/folders/sv/kgmgr77579zbf78p2zlhkdfr0000gn/T//ccD9VypD.s 			page 25


 1369 0092 15       		.uleb128 0x15
 1370 0093 01       		.byte	0x1
 1371 0094 27       		.uleb128 0x27
 1372 0095 19       		.uleb128 0x19
 1373 0096 01       		.uleb128 0x1
 1374 0097 13       		.uleb128 0x13
 1375 0098 00       		.byte	0
 1376 0099 00       		.byte	0
 1377 009a 0D       		.uleb128 0xd
 1378 009b 05       		.uleb128 0x5
 1379 009c 00       		.byte	0
 1380 009d 49       		.uleb128 0x49
 1381 009e 13       		.uleb128 0x13
 1382 009f 00       		.byte	0
 1383 00a0 00       		.byte	0
 1384 00a1 0E       		.uleb128 0xe
 1385 00a2 0F       		.uleb128 0xf
 1386 00a3 00       		.byte	0
 1387 00a4 0B       		.uleb128 0xb
 1388 00a5 0B       		.uleb128 0xb
 1389 00a6 00       		.byte	0
 1390 00a7 00       		.byte	0
 1391 00a8 0F       		.uleb128 0xf
 1392 00a9 13       		.uleb128 0x13
 1393 00aa 01       		.byte	0x1
 1394 00ab 03       		.uleb128 0x3
 1395 00ac 0E       		.uleb128 0xe
 1396 00ad 0B       		.uleb128 0xb
 1397 00ae 05       		.uleb128 0x5
 1398 00af 3A       		.uleb128 0x3a
 1399 00b0 0B       		.uleb128 0xb
 1400 00b1 3B       		.uleb128 0x3b
 1401 00b2 05       		.uleb128 0x5
 1402 00b3 01       		.uleb128 0x1
 1403 00b4 13       		.uleb128 0x13
 1404 00b5 00       		.byte	0
 1405 00b6 00       		.byte	0
 1406 00b7 10       		.uleb128 0x10
 1407 00b8 0D       		.uleb128 0xd
 1408 00b9 00       		.byte	0
 1409 00ba 03       		.uleb128 0x3
 1410 00bb 08       		.uleb128 0x8
 1411 00bc 3A       		.uleb128 0x3a
 1412 00bd 0B       		.uleb128 0xb
 1413 00be 3B       		.uleb128 0x3b
 1414 00bf 0B       		.uleb128 0xb
 1415 00c0 49       		.uleb128 0x49
 1416 00c1 13       		.uleb128 0x13
 1417 00c2 38       		.uleb128 0x38
 1418 00c3 0B       		.uleb128 0xb
 1419 00c4 00       		.byte	0
 1420 00c5 00       		.byte	0
 1421 00c6 11       		.uleb128 0x11
 1422 00c7 13       		.uleb128 0x13
 1423 00c8 01       		.byte	0x1
 1424 00c9 0B       		.uleb128 0xb
 1425 00ca 0B       		.uleb128 0xb
ARM GAS  /var/folders/sv/kgmgr77579zbf78p2zlhkdfr0000gn/T//ccD9VypD.s 			page 26


 1426 00cb 3A       		.uleb128 0x3a
 1427 00cc 0B       		.uleb128 0xb
 1428 00cd 3B       		.uleb128 0x3b
 1429 00ce 0B       		.uleb128 0xb
 1430 00cf 01       		.uleb128 0x1
 1431 00d0 13       		.uleb128 0x13
 1432 00d1 00       		.byte	0
 1433 00d2 00       		.byte	0
 1434 00d3 12       		.uleb128 0x12
 1435 00d4 17       		.uleb128 0x17
 1436 00d5 01       		.byte	0x1
 1437 00d6 0B       		.uleb128 0xb
 1438 00d7 0B       		.uleb128 0xb
 1439 00d8 3A       		.uleb128 0x3a
 1440 00d9 0B       		.uleb128 0xb
 1441 00da 3B       		.uleb128 0x3b
 1442 00db 0B       		.uleb128 0xb
 1443 00dc 01       		.uleb128 0x1
 1444 00dd 13       		.uleb128 0x13
 1445 00de 00       		.byte	0
 1446 00df 00       		.byte	0
 1447 00e0 13       		.uleb128 0x13
 1448 00e1 0D       		.uleb128 0xd
 1449 00e2 00       		.byte	0
 1450 00e3 03       		.uleb128 0x3
 1451 00e4 0E       		.uleb128 0xe
 1452 00e5 3A       		.uleb128 0x3a
 1453 00e6 0B       		.uleb128 0xb
 1454 00e7 3B       		.uleb128 0x3b
 1455 00e8 05       		.uleb128 0x5
 1456 00e9 49       		.uleb128 0x49
 1457 00ea 13       		.uleb128 0x13
 1458 00eb 00       		.byte	0
 1459 00ec 00       		.byte	0
 1460 00ed 14       		.uleb128 0x14
 1461 00ee 26       		.uleb128 0x26
 1462 00ef 00       		.byte	0
 1463 00f0 49       		.uleb128 0x49
 1464 00f1 13       		.uleb128 0x13
 1465 00f2 00       		.byte	0
 1466 00f3 00       		.byte	0
 1467 00f4 15       		.uleb128 0x15
 1468 00f5 01       		.uleb128 0x1
 1469 00f6 01       		.byte	0x1
 1470 00f7 49       		.uleb128 0x49
 1471 00f8 13       		.uleb128 0x13
 1472 00f9 01       		.uleb128 0x1
 1473 00fa 13       		.uleb128 0x13
 1474 00fb 00       		.byte	0
 1475 00fc 00       		.byte	0
 1476 00fd 16       		.uleb128 0x16
 1477 00fe 21       		.uleb128 0x21
 1478 00ff 00       		.byte	0
 1479 0100 49       		.uleb128 0x49
 1480 0101 13       		.uleb128 0x13
 1481 0102 2F       		.uleb128 0x2f
 1482 0103 0B       		.uleb128 0xb
ARM GAS  /var/folders/sv/kgmgr77579zbf78p2zlhkdfr0000gn/T//ccD9VypD.s 			page 27


 1483 0104 00       		.byte	0
 1484 0105 00       		.byte	0
 1485 0106 17       		.uleb128 0x17
 1486 0107 2E       		.uleb128 0x2e
 1487 0108 00       		.byte	0
 1488 0109 03       		.uleb128 0x3
 1489 010a 0E       		.uleb128 0xe
 1490 010b 3A       		.uleb128 0x3a
 1491 010c 0B       		.uleb128 0xb
 1492 010d 3B       		.uleb128 0x3b
 1493 010e 05       		.uleb128 0x5
 1494 010f 27       		.uleb128 0x27
 1495 0110 19       		.uleb128 0x19
 1496 0111 20       		.uleb128 0x20
 1497 0112 0B       		.uleb128 0xb
 1498 0113 00       		.byte	0
 1499 0114 00       		.byte	0
 1500 0115 18       		.uleb128 0x18
 1501 0116 2E       		.uleb128 0x2e
 1502 0117 01       		.byte	0x1
 1503 0118 3F       		.uleb128 0x3f
 1504 0119 19       		.uleb128 0x19
 1505 011a 03       		.uleb128 0x3
 1506 011b 0E       		.uleb128 0xe
 1507 011c 3A       		.uleb128 0x3a
 1508 011d 0B       		.uleb128 0xb
 1509 011e 3B       		.uleb128 0x3b
 1510 011f 0B       		.uleb128 0xb
 1511 0120 27       		.uleb128 0x27
 1512 0121 19       		.uleb128 0x19
 1513 0122 11       		.uleb128 0x11
 1514 0123 01       		.uleb128 0x1
 1515 0124 12       		.uleb128 0x12
 1516 0125 06       		.uleb128 0x6
 1517 0126 40       		.uleb128 0x40
 1518 0127 18       		.uleb128 0x18
 1519 0128 9742     		.uleb128 0x2117
 1520 012a 19       		.uleb128 0x19
 1521 012b 01       		.uleb128 0x1
 1522 012c 13       		.uleb128 0x13
 1523 012d 00       		.byte	0
 1524 012e 00       		.byte	0
 1525 012f 19       		.uleb128 0x19
 1526 0130 898201   		.uleb128 0x4109
 1527 0133 00       		.byte	0
 1528 0134 11       		.uleb128 0x11
 1529 0135 01       		.uleb128 0x1
 1530 0136 31       		.uleb128 0x31
 1531 0137 13       		.uleb128 0x13
 1532 0138 00       		.byte	0
 1533 0139 00       		.byte	0
 1534 013a 1A       		.uleb128 0x1a
 1535 013b 898201   		.uleb128 0x4109
 1536 013e 00       		.byte	0
 1537 013f 11       		.uleb128 0x11
 1538 0140 01       		.uleb128 0x1
 1539 0141 9542     		.uleb128 0x2115
ARM GAS  /var/folders/sv/kgmgr77579zbf78p2zlhkdfr0000gn/T//ccD9VypD.s 			page 28


 1540 0143 19       		.uleb128 0x19
 1541 0144 31       		.uleb128 0x31
 1542 0145 13       		.uleb128 0x13
 1543 0146 00       		.byte	0
 1544 0147 00       		.byte	0
 1545 0148 1B       		.uleb128 0x1b
 1546 0149 34       		.uleb128 0x34
 1547 014a 00       		.byte	0
 1548 014b 03       		.uleb128 0x3
 1549 014c 0E       		.uleb128 0xe
 1550 014d 3A       		.uleb128 0x3a
 1551 014e 0B       		.uleb128 0xb
 1552 014f 3B       		.uleb128 0x3b
 1553 0150 05       		.uleb128 0x5
 1554 0151 49       		.uleb128 0x49
 1555 0152 13       		.uleb128 0x13
 1556 0153 3F       		.uleb128 0x3f
 1557 0154 19       		.uleb128 0x19
 1558 0155 3C       		.uleb128 0x3c
 1559 0156 19       		.uleb128 0x19
 1560 0157 00       		.byte	0
 1561 0158 00       		.byte	0
 1562 0159 1C       		.uleb128 0x1c
 1563 015a 34       		.uleb128 0x34
 1564 015b 00       		.byte	0
 1565 015c 03       		.uleb128 0x3
 1566 015d 08       		.uleb128 0x8
 1567 015e 3A       		.uleb128 0x3a
 1568 015f 0B       		.uleb128 0xb
 1569 0160 3B       		.uleb128 0x3b
 1570 0161 05       		.uleb128 0x5
 1571 0162 49       		.uleb128 0x49
 1572 0163 13       		.uleb128 0x13
 1573 0164 3F       		.uleb128 0x3f
 1574 0165 19       		.uleb128 0x19
 1575 0166 3C       		.uleb128 0x3c
 1576 0167 19       		.uleb128 0x19
 1577 0168 00       		.byte	0
 1578 0169 00       		.byte	0
 1579 016a 1D       		.uleb128 0x1d
 1580 016b 2E       		.uleb128 0x2e
 1581 016c 00       		.byte	0
 1582 016d 3F       		.uleb128 0x3f
 1583 016e 19       		.uleb128 0x19
 1584 016f 3C       		.uleb128 0x3c
 1585 0170 19       		.uleb128 0x19
 1586 0171 6E       		.uleb128 0x6e
 1587 0172 0E       		.uleb128 0xe
 1588 0173 03       		.uleb128 0x3
 1589 0174 0E       		.uleb128 0xe
 1590 0175 3A       		.uleb128 0x3a
 1591 0176 0B       		.uleb128 0xb
 1592 0177 3B       		.uleb128 0x3b
 1593 0178 05       		.uleb128 0x5
 1594 0179 00       		.byte	0
 1595 017a 00       		.byte	0
 1596 017b 1E       		.uleb128 0x1e
ARM GAS  /var/folders/sv/kgmgr77579zbf78p2zlhkdfr0000gn/T//ccD9VypD.s 			page 29


 1597 017c 2E       		.uleb128 0x2e
 1598 017d 00       		.byte	0
 1599 017e 3F       		.uleb128 0x3f
 1600 017f 19       		.uleb128 0x19
 1601 0180 3C       		.uleb128 0x3c
 1602 0181 19       		.uleb128 0x19
 1603 0182 6E       		.uleb128 0x6e
 1604 0183 0E       		.uleb128 0xe
 1605 0184 03       		.uleb128 0x3
 1606 0185 0E       		.uleb128 0xe
 1607 0186 3A       		.uleb128 0x3a
 1608 0187 0B       		.uleb128 0xb
 1609 0188 3B       		.uleb128 0x3b
 1610 0189 0B       		.uleb128 0xb
 1611 018a 00       		.byte	0
 1612 018b 00       		.byte	0
 1613 018c 00       		.byte	0
 1614              		.section	.debug_aranges,"",%progbits
 1615 0000 1C000000 		.4byte	0x1c
 1616 0004 0200     		.2byte	0x2
 1617 0006 00000000 		.4byte	.Ldebug_info0
 1618 000a 04       		.byte	0x4
 1619 000b 00       		.byte	0
 1620 000c 0000     		.2byte	0
 1621 000e 0000     		.2byte	0
 1622 0010 00000000 		.4byte	.LFB256
 1623 0014 38000000 		.4byte	.LFE256-.LFB256
 1624 0018 00000000 		.4byte	0
 1625 001c 00000000 		.4byte	0
 1626              		.section	.debug_ranges,"",%progbits
 1627              	.Ldebug_ranges0:
 1628 0000 00000000 		.4byte	.LFB256
 1629 0004 38000000 		.4byte	.LFE256
 1630 0008 00000000 		.4byte	0
 1631 000c 00000000 		.4byte	0
 1632              		.section	.debug_line,"",%progbits
 1633              	.Ldebug_line0:
 1634 0000 24030000 		.section	.debug_str,"MS",%progbits,1
 1634      0200FB02 
 1634      00000201 
 1634      FB0E0D00 
 1634      01010101 
 1635              	.LASF112:
 1636 0000 73746D33 		.ascii	"stm32_gpio_setup_t\000"
 1636      325F6770 
 1636      696F5F73 
 1636      65747570 
 1636      5F7400
 1637              	.LASF53:
 1638 0013 72656164 		.ascii	"ready_list_t\000"
 1638      795F6C69 
 1638      73745F74 
 1638      00
 1639              	.LASF135:
 1640 0020 7374496E 		.ascii	"stInit\000"
 1640      697400
 1641              	.LASF91:
ARM GAS  /var/folders/sv/kgmgr77579zbf78p2zlhkdfr0000gn/T//ccD9VypD.s 			page 30


 1642 0027 77747472 		.ascii	"wttrp\000"
 1642      7000
 1643              	.LASF88:
 1644 002d 7264796D 		.ascii	"rdymsg\000"
 1644      736700
 1645              	.LASF127:
 1646 0034 63616E49 		.ascii	"canInit\000"
 1646      6E697400 
 1647              	.LASF16:
 1648 003c 75696E74 		.ascii	"uint64_t\000"
 1648      36345F74 
 1648      00
 1649              	.LASF5:
 1650 0045 5F5F7569 		.ascii	"__uint8_t\000"
 1650      6E74385F 
 1650      7400
 1651              	.LASF85:
 1652 004f 706F7274 		.ascii	"port_intctx\000"
 1652      5F696E74 
 1652      63747800 
 1653              	.LASF107:
 1654 005b 6F747970 		.ascii	"otyper\000"
 1654      657200
 1655              	.LASF129:
 1656 0062 69637549 		.ascii	"icuInit\000"
 1656      6E697400 
 1657              	.LASF120:
 1658 006a 50484461 		.ascii	"PHData\000"
 1658      746100
 1659              	.LASF12:
 1660 0071 6C6F6E67 		.ascii	"long long unsigned int\000"
 1660      206C6F6E 
 1660      6720756E 
 1660      7369676E 
 1660      65642069 
 1661              	.LASF79:
 1662 0088 6D61696E 		.ascii	"mainthread\000"
 1662      74687265 
 1662      616400
 1663              	.LASF69:
 1664 0093 76697274 		.ascii	"virtual_timers_list_t\000"
 1664      75616C5F 
 1664      74696D65 
 1664      72735F6C 
 1664      6973745F 
 1665              	.LASF123:
 1666 00a9 49544D5F 		.ascii	"ITM_RxBuffer\000"
 1666      52784275 
 1666      66666572 
 1666      00
 1667              	.LASF52:
 1668 00b6 63685F74 		.ascii	"ch_threads_queue\000"
 1668      68726561 
 1668      64735F71 
 1668      75657565 
 1668      00
 1669              	.LASF30:
ARM GAS  /var/folders/sv/kgmgr77579zbf78p2zlhkdfr0000gn/T//ccD9VypD.s 			page 31


 1670 00c7 705F7072 		.ascii	"p_prio\000"
 1670      696F00
 1671              	.LASF10:
 1672 00ce 6C6F6E67 		.ascii	"long long int\000"
 1672      206C6F6E 
 1672      6720696E 
 1672      7400
 1673              	.LASF1:
 1674 00dc 7369676E 		.ascii	"signed char\000"
 1674      65642063 
 1674      68617200 
 1675              	.LASF131:
 1676 00e8 75617274 		.ascii	"uartInit\000"
 1676      496E6974 
 1676      00
 1677              	.LASF46:
 1678 00f1 705F6D70 		.ascii	"p_mpool\000"
 1678      6F6F6C00 
 1679              	.LASF99:
 1680 00f9 6D5F7175 		.ascii	"m_queue\000"
 1680      65756500 
 1681              	.LASF78:
 1682 0101 76746C69 		.ascii	"vtlist\000"
 1682      737400
 1683              	.LASF90:
 1684 0108 77746F62 		.ascii	"wtobjp\000"
 1684      6A7000
 1685              	.LASF21:
 1686 010f 74736C69 		.ascii	"tslices_t\000"
 1686      6365735F 
 1686      7400
 1687              	.LASF76:
 1688 0119 63685F73 		.ascii	"ch_system\000"
 1688      79737465 
 1688      6D00
 1689              	.LASF7:
 1690 0123 6C6F6E67 		.ascii	"long int\000"
 1690      20696E74 
 1690      00
 1691              	.LASF117:
 1692 012c 50454461 		.ascii	"PEData\000"
 1692      746100
 1693              	.LASF19:
 1694 0133 74737461 		.ascii	"tstate_t\000"
 1694      74655F74 
 1694      00
 1695              	.LASF137:
 1696 013c 43686962 		.ascii	"ChibiOS_3.0.2/os/hal/src/hal.c\000"
 1696      694F535F 
 1696      332E302E 
 1696      322F6F73 
 1696      2F68616C 
 1697              	.LASF32:
 1698 015b 705F6E65 		.ascii	"p_newer\000"
 1698      77657200 
 1699              	.LASF96:
 1700 0163 735F7175 		.ascii	"s_queue\000"
ARM GAS  /var/folders/sv/kgmgr77579zbf78p2zlhkdfr0000gn/T//ccD9VypD.s 			page 32


 1700      65756500 
 1701              	.LASF89:
 1702 016b 65786974 		.ascii	"exitcode\000"
 1702      636F6465 
 1702      00
 1703              	.LASF58:
 1704 0174 725F6E65 		.ascii	"r_newer\000"
 1704      77657200 
 1705              	.LASF82:
 1706 017c 72656761 		.ascii	"regarm_t\000"
 1706      726D5F74 
 1706      00
 1707              	.LASF65:
 1708 0185 76745F70 		.ascii	"vt_prev\000"
 1708      72657600 
 1709              	.LASF103:
 1710 018d 6D757465 		.ascii	"mutex_t\000"
 1710      785F7400 
 1711              	.LASF114:
 1712 0195 50424461 		.ascii	"PBData\000"
 1712      746100
 1713              	.LASF80:
 1714 019c 69646C65 		.ascii	"idle_thread_wa\000"
 1714      5F746872 
 1714      6561645F 
 1714      776100
 1715              	.LASF25:
 1716 01ab 636E745F 		.ascii	"cnt_t\000"
 1716      7400
 1717              	.LASF0:
 1718 01b1 756E7369 		.ascii	"unsigned int\000"
 1718      676E6564 
 1718      20696E74 
 1718      00
 1719              	.LASF64:
 1720 01be 76745F6E 		.ascii	"vt_next\000"
 1720      65787400 
 1721              	.LASF92:
 1722 01c6 77747365 		.ascii	"wtsemp\000"
 1722      6D7000
 1723              	.LASF66:
 1724 01cd 76745F64 		.ascii	"vt_delta\000"
 1724      656C7461 
 1724      00
 1725              	.LASF72:
 1726 01d6 73797374 		.ascii	"system_debug_t\000"
 1726      656D5F64 
 1726      65627567 
 1726      5F7400
 1727              	.LASF140:
 1728 01e5 68616C49 		.ascii	"halInit\000"
 1728      6E697400 
 1729              	.LASF108:
 1730 01ed 6F737065 		.ascii	"ospeedr\000"
 1730      65647200 
 1731              	.LASF97:
 1732 01f5 735F636E 		.ascii	"s_cnt\000"
ARM GAS  /var/folders/sv/kgmgr77579zbf78p2zlhkdfr0000gn/T//ccD9VypD.s 			page 33


 1732      7400
 1733              	.LASF84:
 1734 01fb 636F6E74 		.ascii	"context\000"
 1734      65787400 
 1735              	.LASF4:
 1736 0203 73686F72 		.ascii	"short unsigned int\000"
 1736      7420756E 
 1736      7369676E 
 1736      65642069 
 1736      6E7400
 1737              	.LASF118:
 1738 0216 50464461 		.ascii	"PFData\000"
 1738      746100
 1739              	.LASF49:
 1740 021d 63685F74 		.ascii	"ch_thread\000"
 1740      68726561 
 1740      6400
 1741              	.LASF23:
 1742 0227 6D73675F 		.ascii	"msg_t\000"
 1742      7400
 1743              	.LASF75:
 1744 022d 63685F73 		.ascii	"ch_system_t\000"
 1744      79737465 
 1744      6D5F7400 
 1745              	.LASF18:
 1746 0239 746D6F64 		.ascii	"tmode_t\000"
 1746      655F7400 
 1747              	.LASF54:
 1748 0241 63685F72 		.ascii	"ch_ready_list\000"
 1748      65616479 
 1748      5F6C6973 
 1748      7400
 1749              	.LASF24:
 1750 024f 6576656E 		.ascii	"eventmask_t\000"
 1750      746D6173 
 1750      6B5F7400 
 1751              	.LASF6:
 1752 025b 5F5F696E 		.ascii	"__int32_t\000"
 1752      7433325F 
 1752      7400
 1753              	.LASF119:
 1754 0265 50474461 		.ascii	"PGData\000"
 1754      746100
 1755              	.LASF83:
 1756 026c 73746B61 		.ascii	"stkalign_t\000"
 1756      6C69676E 
 1756      5F7400
 1757              	.LASF130:
 1758 0277 73706949 		.ascii	"spiInit\000"
 1758      6E697400 
 1759              	.LASF17:
 1760 027f 7274636E 		.ascii	"rtcnt_t\000"
 1760      745F7400 
 1761              	.LASF47:
 1762 0287 74687265 		.ascii	"thread_reference_t\000"
 1762      61645F72 
 1762      65666572 
ARM GAS  /var/folders/sv/kgmgr77579zbf78p2zlhkdfr0000gn/T//ccD9VypD.s 			page 34


 1762      656E6365 
 1762      5F7400
 1763              	.LASF70:
 1764 029a 63685F76 		.ascii	"ch_virtual_timers_list\000"
 1764      69727475 
 1764      616C5F74 
 1764      696D6572 
 1764      735F6C69 
 1765              	.LASF67:
 1766 02b1 76745F66 		.ascii	"vt_func\000"
 1766      756E6300 
 1767              	.LASF33:
 1768 02b9 705F6F6C 		.ascii	"p_older\000"
 1768      64657200 
 1769              	.LASF57:
 1770 02c1 725F6374 		.ascii	"r_ctx\000"
 1770      7800
 1771              	.LASF87:
 1772 02c7 746D5F63 		.ascii	"tm_calibration_t\000"
 1772      616C6962 
 1772      72617469 
 1772      6F6E5F74 
 1772      00
 1773              	.LASF111:
 1774 02d8 61667268 		.ascii	"afrh\000"
 1774      00
 1775              	.LASF116:
 1776 02dd 50444461 		.ascii	"PDData\000"
 1776      746100
 1777              	.LASF60:
 1778 02e4 725F6375 		.ascii	"r_current\000"
 1778      7272656E 
 1778      7400
 1779              	.LASF59:
 1780 02ee 725F6F6C 		.ascii	"r_older\000"
 1780      64657200 
 1781              	.LASF38:
 1782 02f6 705F7072 		.ascii	"p_preempt\000"
 1782      65656D70 
 1782      7400
 1783              	.LASF11:
 1784 0300 5F5F7569 		.ascii	"__uint64_t\000"
 1784      6E743634 
 1784      5F7400
 1785              	.LASF104:
 1786 030b 666C6F61 		.ascii	"float\000"
 1786      7400
 1787              	.LASF20:
 1788 0311 74726566 		.ascii	"trefs_t\000"
 1788      735F7400 
 1789              	.LASF62:
 1790 0319 76697274 		.ascii	"virtual_timer_t\000"
 1790      75616C5F 
 1790      74696D65 
 1790      725F7400 
 1791              	.LASF29:
 1792 0329 705F7072 		.ascii	"p_prev\000"
ARM GAS  /var/folders/sv/kgmgr77579zbf78p2zlhkdfr0000gn/T//ccD9VypD.s 			page 35


 1792      657600
 1793              	.LASF139:
 1794 0330 6F73616C 		.ascii	"osalInit\000"
 1794      496E6974 
 1794      00
 1795              	.LASF22:
 1796 0339 74707269 		.ascii	"tprio_t\000"
 1796      6F5F7400 
 1797              	.LASF73:
 1798 0341 63685F73 		.ascii	"ch_system_debug\000"
 1798      79737465 
 1798      6D5F6465 
 1798      62756700 
 1799              	.LASF105:
 1800 0351 5F426F6F 		.ascii	"_Bool\000"
 1800      6C00
 1801              	.LASF14:
 1802 0357 696E7433 		.ascii	"int32_t\000"
 1802      325F7400 
 1803              	.LASF2:
 1804 035f 756E7369 		.ascii	"unsigned char\000"
 1804      676E6564 
 1804      20636861 
 1804      7200
 1805              	.LASF133:
 1806 036d 73647549 		.ascii	"sduInit\000"
 1806      6E697400 
 1807              	.LASF110:
 1808 0375 6166726C 		.ascii	"afrl\000"
 1808      00
 1809              	.LASF44:
 1810 037a 705F6D74 		.ascii	"p_mtxlist\000"
 1810      786C6973 
 1810      7400
 1811              	.LASF3:
 1812 0384 73686F72 		.ascii	"short int\000"
 1812      7420696E 
 1812      7400
 1813              	.LASF35:
 1814 038e 705F7374 		.ascii	"p_state\000"
 1814      61746500 
 1815              	.LASF134:
 1816 0396 626F6172 		.ascii	"boardInit\000"
 1816      64496E69 
 1816      7400
 1817              	.LASF56:
 1818 03a0 725F7072 		.ascii	"r_prio\000"
 1818      696F00
 1819              	.LASF113:
 1820 03a7 50414461 		.ascii	"PAData\000"
 1820      746100
 1821              	.LASF94:
 1822 03ae 65776D61 		.ascii	"ewmask\000"
 1822      736B00
 1823              	.LASF28:
 1824 03b5 705F6E65 		.ascii	"p_next\000"
 1824      787400
ARM GAS  /var/folders/sv/kgmgr77579zbf78p2zlhkdfr0000gn/T//ccD9VypD.s 			page 36


 1825              	.LASF36:
 1826 03bc 705F666C 		.ascii	"p_flags\000"
 1826      61677300 
 1827              	.LASF121:
 1828 03c4 50494461 		.ascii	"PIData\000"
 1828      746100
 1829              	.LASF63:
 1830 03cb 63685F76 		.ascii	"ch_virtual_timer\000"
 1830      69727475 
 1830      616C5F74 
 1830      696D6572 
 1830      00
 1831              	.LASF95:
 1832 03dc 63685F73 		.ascii	"ch_semaphore\000"
 1832      656D6170 
 1832      686F7265 
 1832      00
 1833              	.LASF43:
 1834 03e9 705F6570 		.ascii	"p_epending\000"
 1834      656E6469 
 1834      6E6700
 1835              	.LASF106:
 1836 03f4 6D6F6465 		.ascii	"moder\000"
 1836      7200
 1837              	.LASF15:
 1838 03fa 75696E74 		.ascii	"uint32_t\000"
 1838      33325F74 
 1838      00
 1839              	.LASF55:
 1840 0403 725F7175 		.ascii	"r_queue\000"
 1840      65756500 
 1841              	.LASF71:
 1842 040b 76745F73 		.ascii	"vt_systime\000"
 1842      79737469 
 1842      6D6500
 1843              	.LASF50:
 1844 0416 63685F74 		.ascii	"ch_threads_list\000"
 1844      68726561 
 1844      64735F6C 
 1844      69737400 
 1845              	.LASF9:
 1846 0426 6C6F6E67 		.ascii	"long unsigned int\000"
 1846      20756E73 
 1846      69676E65 
 1846      6420696E 
 1846      7400
 1847              	.LASF102:
 1848 0438 63686172 		.ascii	"char\000"
 1848      00
 1849              	.LASF132:
 1850 043d 75736249 		.ascii	"usbInit\000"
 1850      6E697400 
 1851              	.LASF93:
 1852 0445 77746D74 		.ascii	"wtmtxp\000"
 1852      787000
 1853              	.LASF27:
 1854 044c 74687265 		.ascii	"thread_t\000"
ARM GAS  /var/folders/sv/kgmgr77579zbf78p2zlhkdfr0000gn/T//ccD9VypD.s 			page 37


 1854      61645F74 
 1854      00
 1855              	.LASF101:
 1856 0455 6D5F6E65 		.ascii	"m_next\000"
 1856      787400
 1857              	.LASF26:
 1858 045c 73797374 		.ascii	"systime_t\000"
 1858      696D655F 
 1858      7400
 1859              	.LASF45:
 1860 0466 705F7265 		.ascii	"p_realprio\000"
 1860      616C7072 
 1860      696F00
 1861              	.LASF61:
 1862 0471 76746675 		.ascii	"vtfunc_t\000"
 1862      6E635F74 
 1862      00
 1863              	.LASF8:
 1864 047a 5F5F7569 		.ascii	"__uint32_t\000"
 1864      6E743332 
 1864      5F7400
 1865              	.LASF74:
 1866 0485 70616E69 		.ascii	"panic_msg\000"
 1866      635F6D73 
 1866      6700
 1867              	.LASF86:
 1868 048f 6F666673 		.ascii	"offset\000"
 1868      657400
 1869              	.LASF39:
 1870 0496 705F7469 		.ascii	"p_time\000"
 1870      6D6500
 1871              	.LASF125:
 1872 049d 68616C5F 		.ascii	"hal_lld_init\000"
 1872      6C6C645F 
 1872      696E6974 
 1872      00
 1873              	.LASF41:
 1874 04aa 705F6D73 		.ascii	"p_msgqueue\000"
 1874      67717565 
 1874      756500
 1875              	.LASF68:
 1876 04b5 76745F70 		.ascii	"vt_par\000"
 1876      617200
 1877              	.LASF51:
 1878 04bc 74687265 		.ascii	"threads_queue_t\000"
 1878      6164735F 
 1878      71756575 
 1878      655F7400 
 1879              	.LASF37:
 1880 04cc 705F7265 		.ascii	"p_refs\000"
 1880      667300
 1881              	.LASF126:
 1882 04d3 5F70616C 		.ascii	"_pal_lld_init\000"
 1882      5F6C6C64 
 1882      5F696E69 
 1882      7400
 1883              	.LASF136:
ARM GAS  /var/folders/sv/kgmgr77579zbf78p2zlhkdfr0000gn/T//ccD9VypD.s 			page 38


 1884 04e1 474E5520 		.ascii	"GNU C99 5.4.1 20160919 (release) [ARM/embedded-5-br"
 1884      43393920 
 1884      352E342E 
 1884      31203230 
 1884      31363039 
 1885 0514 616E6368 		.ascii	"anch revision 240496] -mcpu=cortex-m4 -mfloat-abi=h"
 1885      20726576 
 1885      6973696F 
 1885      6E203234 
 1885      30343936 
 1886 0547 61726420 		.ascii	"ard -mfpu=fpv4-sp-d16 -mno-thumb-interwork -mthumb "
 1886      2D6D6670 
 1886      753D6670 
 1886      76342D73 
 1886      702D6431 
 1887 057a 2D676764 		.ascii	"-ggdb -O2 -std=gnu99 -fomit-frame-pointer -falign-f"
 1887      62202D4F 
 1887      32202D73 
 1887      74643D67 
 1887      6E753939 
 1888 05ad 756E6374 		.ascii	"unctions=16 -ffunction-sections -fdata-sections -fn"
 1888      696F6E73 
 1888      3D313620 
 1888      2D666675 
 1888      6E637469 
 1889 05e0 6F2D636F 		.ascii	"o-common -fsingle-precision-constant\000"
 1889      6D6D6F6E 
 1889      202D6673 
 1889      696E676C 
 1889      652D7072 
 1890              	.LASF77:
 1891 0605 726C6973 		.ascii	"rlist\000"
 1891      7400
 1892              	.LASF13:
 1893 060b 75696E74 		.ascii	"uint8_t\000"
 1893      385F7400 
 1894              	.LASF109:
 1895 0613 70757064 		.ascii	"pupdr\000"
 1895      7200
 1896              	.LASF138:
 1897 0619 2F557365 		.ascii	"/Users/moslin/Documents/Project/bldc-master\000"
 1897      72732F6D 
 1897      6F736C69 
 1897      6E2F446F 
 1897      63756D65 
 1898              	.LASF81:
 1899 0645 73697A65 		.ascii	"sizetype\000"
 1899      74797065 
 1899      00
 1900              	.LASF98:
 1901 064e 63685F6D 		.ascii	"ch_mutex\000"
 1901      75746578 
 1901      00
 1902              	.LASF34:
 1903 0657 705F6E61 		.ascii	"p_name\000"
 1903      6D6500
 1904              	.LASF115:
ARM GAS  /var/folders/sv/kgmgr77579zbf78p2zlhkdfr0000gn/T//ccD9VypD.s 			page 39


 1905 065e 50434461 		.ascii	"PCData\000"
 1905      746100
 1906              	.LASF48:
 1907 0665 74687265 		.ascii	"threads_list_t\000"
 1907      6164735F 
 1907      6C697374 
 1907      5F7400
 1908              	.LASF128:
 1909 0674 69326349 		.ascii	"i2cInit\000"
 1909      6E697400 
 1910              	.LASF42:
 1911 067c 705F6D73 		.ascii	"p_msg\000"
 1911      6700
 1912              	.LASF122:
 1913 0682 50414C43 		.ascii	"PALConfig\000"
 1913      6F6E6669 
 1913      6700
 1914              	.LASF100:
 1915 068c 6D5F6F77 		.ascii	"m_owner\000"
 1915      6E657200 
 1916              	.LASF124:
 1917 0694 70616C5F 		.ascii	"pal_default_config\000"
 1917      64656661 
 1917      756C745F 
 1917      636F6E66 
 1917      696700
 1918              	.LASF31:
 1919 06a7 705F6374 		.ascii	"p_ctx\000"
 1919      7800
 1920              	.LASF40:
 1921 06ad 705F7761 		.ascii	"p_waiting\000"
 1921      6974696E 
 1921      6700
 1922              		.ident	"GCC: (GNU Tools for ARM Embedded Processors) 5.4.1 20160919 (release) [ARM/embedded-5-bran
ARM GAS  /var/folders/sv/kgmgr77579zbf78p2zlhkdfr0000gn/T//ccD9VypD.s 			page 40


DEFINED SYMBOLS
                            *ABS*:0000000000000000 hal.c
/var/folders/sv/kgmgr77579zbf78p2zlhkdfr0000gn/T//ccD9VypD.s:22     .text.halInit:0000000000000000 $t
/var/folders/sv/kgmgr77579zbf78p2zlhkdfr0000gn/T//ccD9VypD.s:28     .text.halInit:0000000000000000 halInit
/var/folders/sv/kgmgr77579zbf78p2zlhkdfr0000gn/T//ccD9VypD.s:81     .text.halInit:0000000000000034 $d
                     .debug_frame:0000000000000010 $d

UNDEFINED SYMBOLS
hal_lld_init
_pal_lld_init
canInit
i2cInit
icuInit
spiInit
uartInit
usbInit
sduInit
boardInit
stInit
pal_default_config
