ARM GAS  /var/folders/sv/kgmgr77579zbf78p2zlhkdfr0000gn/T//ccZWPGBY.s 			page 1


   1              		.syntax unified
   2              		.cpu cortex-m4
   3              		.eabi_attribute 27, 1
   4              		.eabi_attribute 28, 1
   5              		.fpu fpv4-sp-d16
   6              		.eabi_attribute 20, 1
   7              		.eabi_attribute 21, 1
   8              		.eabi_attribute 23, 3
   9              		.eabi_attribute 24, 1
  10              		.eabi_attribute 25, 1
  11              		.eabi_attribute 26, 1
  12              		.eabi_attribute 30, 2
  13              		.eabi_attribute 34, 1
  14              		.eabi_attribute 18, 4
  15              		.thumb
  16              		.syntax unified
  17              		.file	"hal_lld.c"
  18              		.text
  19              	.Ltext0:
  20              		.cfi_sections	.debug_frame
  21              		.section	.text.hal_lld_init,"ax",%progbits
  22              		.align	2
  23              		.p2align 4,,15
  24              		.global	hal_lld_init
  25              		.thumb
  26              		.thumb_func
  27              		.type	hal_lld_init, %function
  28              	hal_lld_init:
  29              	.LFB257:
  30              		.file 1 "ChibiOS_3.0.2/os/hal/ports/STM32/STM32F4xx/hal_lld.c"
  31              		.loc 1 114 0
  32              		.cfi_startproc
  33              		@ args = 0, pretend = 0, frame = 0
  34              		@ frame_needed = 0, uses_anonymous_args = 0
  35              		@ link register save eliminated.
  36              		.loc 1 118 0
  37 0000 174B     		ldr	r3, .L8
  38 0002 4FF0FF31 		mov	r1, #-1
  39 0006 1A69     		ldr	r2, [r3, #16]
  40 0008 0022     		movs	r2, #0
  41              		.loc 1 114 0
  42 000a 10B4     		push	{r4}
  43              		.cfi_def_cfa_offset 4
  44              		.cfi_offset 4, -4
  45              		.loc 1 118 0
  46 000c 1961     		str	r1, [r3, #16]
  47 000e 1A61     		str	r2, [r3, #16]
  48              		.loc 1 119 0
  49 0010 5869     		ldr	r0, [r3, #20]
  50 0012 5961     		str	r1, [r3, #20]
  51 0014 5A61     		str	r2, [r3, #20]
  52              		.loc 1 120 0
  53 0016 186A     		ldr	r0, [r3, #32]
  54              	.LBB4:
  55              	.LBB5:
  56              		.loc 1 57 0
  57 0018 124C     		ldr	r4, .L8+4
ARM GAS  /var/folders/sv/kgmgr77579zbf78p2zlhkdfr0000gn/T//ccZWPGBY.s 			page 2


  58              	.LBE5:
  59              	.LBE4:
  60              		.loc 1 120 0
  61 001a 60F08050 		orn	r0, r0, #268435456
  62 001e 1862     		str	r0, [r3, #32]
  63 0020 1A62     		str	r2, [r3, #32]
  64              		.loc 1 121 0
  65 0022 586A     		ldr	r0, [r3, #36]
  66 0024 5962     		str	r1, [r3, #36]
  67 0026 5A62     		str	r2, [r3, #36]
  68              		.loc 1 124 0
  69 0028 196C     		ldr	r1, [r3, #64]
  70 002a 41F08051 		orr	r1, r1, #268435456
  71 002e 1964     		str	r1, [r3, #64]
  72              	.LBB8:
  73              	.LBB6:
  74              		.loc 1 57 0
  75 0030 2168     		ldr	r1, [r4]
  76 0032 41F48071 		orr	r1, r1, #256
  77 0036 2160     		str	r1, [r4]
  78              		.loc 1 60 0
  79 0038 196F     		ldr	r1, [r3, #112]
  80 003a 01F44071 		and	r1, r1, #768
  81 003e B1F5007F 		cmp	r1, #512
  82 0042 03D0     		beq	.L2
  83              		.loc 1 62 0
  84 0044 4FF48031 		mov	r1, #65536
  85 0048 1967     		str	r1, [r3, #112]
  86              		.loc 1 63 0
  87 004a 1A67     		str	r2, [r3, #112]
  88              	.L2:
  89              		.loc 1 97 0
  90 004c 054A     		ldr	r2, .L8+4
  91              	.LBE6:
  92              	.LBE8:
  93              		.loc 1 137 0
  94 004e 5DF8044B 		ldr	r4, [sp], #4
  95              		.cfi_restore 4
  96              		.cfi_def_cfa_offset 0
  97              	.LBB9:
  98              	.LBB7:
  99              		.loc 1 97 0
 100 0052 5368     		ldr	r3, [r2, #4]
 101 0054 23F40073 		bic	r3, r3, #512
 102 0058 5360     		str	r3, [r2, #4]
 103              	.LBE7:
 104              	.LBE9:
 105              		.loc 1 130 0
 106 005a FFF7FEBF 		b	dmaInit
 107              	.LVL0:
 108              	.L9:
 109 005e 00BF     		.align	2
 110              	.L8:
 111 0060 00380240 		.word	1073887232
 112 0064 00700040 		.word	1073770496
 113              		.cfi_endproc
 114              	.LFE257:
ARM GAS  /var/folders/sv/kgmgr77579zbf78p2zlhkdfr0000gn/T//ccZWPGBY.s 			page 3


 115              		.size	hal_lld_init, .-hal_lld_init
 116              		.section	.text.stm32_clock_init,"ax",%progbits
 117              		.align	2
 118              		.p2align 4,,15
 119              		.global	stm32_clock_init
 120              		.thumb
 121              		.thumb_func
 122              		.type	stm32_clock_init, %function
 123              	stm32_clock_init:
 124              	.LFB258:
 125              		.loc 1 146 0
 126              		.cfi_startproc
 127              		@ args = 0, pretend = 0, frame = 0
 128              		@ frame_needed = 0, uses_anonymous_args = 0
 129              		@ link register save eliminated.
 130              		.loc 1 150 0
 131 0000 2C49     		ldr	r1, .L31
 132              		.loc 1 154 0
 133 0002 2D4B     		ldr	r3, .L31+4
 134              		.loc 1 150 0
 135 0004 4FF08050 		mov	r0, #268435456
 136              		.loc 1 154 0
 137 0008 4FF44042 		mov	r2, #49152
 138              		.loc 1 150 0
 139 000c 0864     		str	r0, [r1, #64]
 140              		.loc 1 154 0
 141 000e 1A60     		str	r2, [r3]
 142              		.loc 1 161 0
 143 0010 0B68     		ldr	r3, [r1]
 144 0012 43F00103 		orr	r3, r3, #1
 145 0016 0B60     		str	r3, [r1]
 146              	.L11:
 147              		.loc 1 162 0 discriminator 1
 148 0018 0A68     		ldr	r2, [r1]
 149 001a 264B     		ldr	r3, .L31
 150 001c 9007     		lsls	r0, r2, #30
 151 001e FBD5     		bpl	.L11
 152              		.loc 1 168 0
 153 0020 9A68     		ldr	r2, [r3, #8]
 154 0022 22F00302 		bic	r2, r2, #3
 155 0026 9A60     		str	r2, [r3, #8]
 156              		.loc 1 169 0
 157 0028 9A68     		ldr	r2, [r3, #8]
 158 002a 9A60     		str	r2, [r3, #8]
 159              		.loc 1 170 0
 160 002c 1946     		mov	r1, r3
 161              	.L12:
 162              		.loc 1 170 0 is_stmt 0 discriminator 1
 163 002e 8B68     		ldr	r3, [r1, #8]
 164 0030 204A     		ldr	r2, .L31
 165 0032 13F00C03 		ands	r3, r3, #12
 166 0036 FAD1     		bne	.L12
 167              		.loc 1 174 0 is_stmt 1
 168 0038 1168     		ldr	r1, [r2]
 169 003a 01F0F901 		and	r1, r1, #249
 170 003e 1160     		str	r1, [r2]
 171              		.loc 1 175 0
ARM GAS  /var/folders/sv/kgmgr77579zbf78p2zlhkdfr0000gn/T//ccZWPGBY.s 			page 4


 172 0040 9360     		str	r3, [r2, #8]
 173              		.loc 1 184 0
 174 0042 1368     		ldr	r3, [r2]
 175 0044 43F48033 		orr	r3, r3, #65536
 176 0048 1360     		str	r3, [r2]
 177              	.L13:
 178              		.loc 1 186 0 discriminator 1
 179 004a 1168     		ldr	r1, [r2]
 180 004c 194B     		ldr	r3, .L31
 181 004e 8903     		lsls	r1, r1, #14
 182 0050 FBD5     		bpl	.L13
 183              		.loc 1 192 0
 184 0052 5A6F     		ldr	r2, [r3, #116]
 185 0054 42F00102 		orr	r2, r2, #1
 186 0058 5A67     		str	r2, [r3, #116]
 187              	.L14:
 188              		.loc 1 193 0 discriminator 1
 189 005a 5A6F     		ldr	r2, [r3, #116]
 190 005c 1549     		ldr	r1, .L31
 191 005e 9007     		lsls	r0, r2, #30
 192 0060 FBD5     		bpl	.L14
 193              		.loc 1 199 0
 194 0062 164B     		ldr	r3, .L31+8
 195 0064 4B60     		str	r3, [r1, #4]
 196              		.loc 1 201 0
 197 0066 0B68     		ldr	r3, [r1]
 198              		.loc 1 205 0
 199 0068 134A     		ldr	r2, .L31+4
 200              		.loc 1 201 0
 201 006a 43F08073 		orr	r3, r3, #16777216
 202 006e 0B60     		str	r3, [r1]
 203              	.L15:
 204              		.loc 1 205 0 discriminator 1
 205 0070 5368     		ldr	r3, [r2, #4]
 206 0072 5904     		lsls	r1, r3, #17
 207 0074 FCD5     		bpl	.L15
 208              		.loc 1 221 0 discriminator 1
 209 0076 0F49     		ldr	r1, .L31
 210              	.L25:
 211 0078 0A68     		ldr	r2, [r1]
 212 007a 0E4B     		ldr	r3, .L31
 213 007c 9201     		lsls	r2, r2, #6
 214 007e FBD5     		bpl	.L25
 215              		.loc 1 260 0
 216 0080 0F4A     		ldr	r2, .L31+12
 217              		.loc 1 247 0
 218 0082 1049     		ldr	r1, .L31+16
 219 0084 9960     		str	r1, [r3, #8]
 220              		.loc 1 260 0
 221 0086 40F20571 		movw	r1, #1797
 222 008a 1160     		str	r1, [r2]
 223              		.loc 1 266 0
 224 008c 9A68     		ldr	r2, [r3, #8]
 225 008e 42F00202 		orr	r2, r2, #2
 226 0092 9A60     		str	r2, [r3, #8]
 227              		.loc 1 267 0
 228 0094 1A46     		mov	r2, r3
ARM GAS  /var/folders/sv/kgmgr77579zbf78p2zlhkdfr0000gn/T//ccZWPGBY.s 			page 5


 229              	.L17:
 230              		.loc 1 267 0 is_stmt 0 discriminator 1
 231 0096 9368     		ldr	r3, [r2, #8]
 232 0098 0649     		ldr	r1, .L31
 233 009a 03F00C03 		and	r3, r3, #12
 234 009e 082B     		cmp	r3, #8
 235 00a0 F9D1     		bne	.L17
 236              		.loc 1 274 0 is_stmt 1
 237 00a2 4B6C     		ldr	r3, [r1, #68]
 238 00a4 43F48043 		orr	r3, r3, #16384
 239 00a8 4B64     		str	r3, [r1, #68]
 240 00aa 4B6E     		ldr	r3, [r1, #100]
 241 00ac 43F48043 		orr	r3, r3, #16384
 242 00b0 4B66     		str	r3, [r1, #100]
 243 00b2 7047     		bx	lr
 244              	.L32:
 245              		.align	2
 246              	.L31:
 247 00b4 00380240 		.word	1073887232
 248 00b8 00700040 		.word	1073770496
 249 00bc 08544007 		.word	121656328
 250 00c0 003C0240 		.word	1073888256
 251 00c4 00940838 		.word	940086272
 252              		.cfi_endproc
 253              	.LFE258:
 254              		.size	stm32_clock_init, .-stm32_clock_init
 255              		.global	SystemCoreClock
 256              		.section	.data.SystemCoreClock,"aw",%progbits
 257              		.align	2
 258              		.type	SystemCoreClock, %object
 259              		.size	SystemCoreClock, 4
 260              	SystemCoreClock:
 261 0000 007A030A 		.word	168000000
 262              		.text
 263              	.Letext0:
 264              		.file 2 "/usr/local/Cellar/gcc-arm-none-eabi/20160928/lib/gcc/arm-none-eabi/5.4.1/include/stddef.h
 265              		.file 3 "/usr/local/Cellar/gcc-arm-none-eabi/20160928/arm-none-eabi/include/machine/_default_types
 266              		.file 4 "/usr/local/Cellar/gcc-arm-none-eabi/20160928/arm-none-eabi/include/sys/_stdint.h"
 267              		.file 5 "ChibiOS_3.0.2/os/rt/ports/ARMCMx/compilers/GCC/chtypes.h"
 268              		.file 6 "ChibiOS_3.0.2/os/rt/include/chsystypes.h"
 269              		.file 7 "ChibiOS_3.0.2/os/rt/include/chschd.h"
 270              		.file 8 "ChibiOS_3.0.2/os/ext/CMSIS/ST/stm32f407xx.h"
 271              		.file 9 "ChibiOS_3.0.2/os/rt/ports/ARMCMx/chcore.h"
 272              		.file 10 "ChibiOS_3.0.2/os/rt/ports/ARMCMx/chcore_v7m.h"
 273              		.file 11 "ChibiOS_3.0.2/os/rt/include/chtm.h"
 274              		.file 12 "ChibiOS_3.0.2/os/rt/include/chsem.h"
 275              		.file 13 "ChibiOS_3.0.2/os/rt/include/chmtx.h"
 276              		.file 14 "ChibiOS_3.0.2/os/ext/CMSIS/include/core_cm4.h"
 277              		.file 15 "ChibiOS_3.0.2/os/hal/ports/STM32/STM32F4xx/stm32_dma.h"
 278              		.section	.debug_info,"",%progbits
 279              	.Ldebug_info0:
 280 0000 E8090000 		.4byte	0x9e8
 281 0004 0400     		.2byte	0x4
 282 0006 00000000 		.4byte	.Ldebug_abbrev0
 283 000a 04       		.byte	0x4
 284 000b 01       		.uleb128 0x1
 285 000c 97050000 		.4byte	.LASF143
ARM GAS  /var/folders/sv/kgmgr77579zbf78p2zlhkdfr0000gn/T//ccZWPGBY.s 			page 6


 286 0010 0C       		.byte	0xc
 287 0011 93000000 		.4byte	.LASF144
 288 0015 C9060000 		.4byte	.LASF145
 289 0019 20000000 		.4byte	.Ldebug_ranges0+0x20
 290 001d 00000000 		.4byte	0
 291 0021 00000000 		.4byte	.Ldebug_line0
 292 0025 02       		.uleb128 0x2
 293 0026 04       		.byte	0x4
 294 0027 05       		.byte	0x5
 295 0028 696E7400 		.ascii	"int\000"
 296 002c 03       		.uleb128 0x3
 297 002d 0D000000 		.4byte	.LASF2
 298 0031 02       		.byte	0x2
 299 0032 D8       		.byte	0xd8
 300 0033 37000000 		.4byte	0x37
 301 0037 04       		.uleb128 0x4
 302 0038 04       		.byte	0x4
 303 0039 07       		.byte	0x7
 304 003a DB010000 		.4byte	.LASF0
 305 003e 04       		.uleb128 0x4
 306 003f 01       		.byte	0x1
 307 0040 06       		.byte	0x6
 308 0041 02010000 		.4byte	.LASF1
 309 0045 03       		.uleb128 0x3
 310 0046 24000000 		.4byte	.LASF3
 311 004a 03       		.byte	0x3
 312 004b 1D       		.byte	0x1d
 313 004c 50000000 		.4byte	0x50
 314 0050 04       		.uleb128 0x4
 315 0051 01       		.byte	0x1
 316 0052 08       		.byte	0x8
 317 0053 CE030000 		.4byte	.LASF4
 318 0057 04       		.uleb128 0x4
 319 0058 02       		.byte	0x2
 320 0059 05       		.byte	0x5
 321 005a E6030000 		.4byte	.LASF5
 322 005e 04       		.uleb128 0x4
 323 005f 02       		.byte	0x2
 324 0060 07       		.byte	0x7
 325 0061 2E020000 		.4byte	.LASF6
 326 0065 03       		.uleb128 0x3
 327 0066 B8020000 		.4byte	.LASF7
 328 006a 03       		.byte	0x3
 329 006b 3F       		.byte	0x3f
 330 006c 70000000 		.4byte	0x70
 331 0070 04       		.uleb128 0x4
 332 0071 04       		.byte	0x4
 333 0072 05       		.byte	0x5
 334 0073 56010000 		.4byte	.LASF8
 335 0077 03       		.uleb128 0x3
 336 0078 EE040000 		.4byte	.LASF9
 337 007c 03       		.byte	0x3
 338 007d 41       		.byte	0x41
 339 007e 82000000 		.4byte	0x82
 340 0082 04       		.uleb128 0x4
 341 0083 04       		.byte	0x4
 342 0084 07       		.byte	0x7
ARM GAS  /var/folders/sv/kgmgr77579zbf78p2zlhkdfr0000gn/T//ccZWPGBY.s 			page 7


 343 0085 A0040000 		.4byte	.LASF10
 344 0089 04       		.uleb128 0x4
 345 008a 08       		.byte	0x8
 346 008b 05       		.byte	0x5
 347 008c F4000000 		.4byte	.LASF11
 348 0090 03       		.uleb128 0x3
 349 0091 4B030000 		.4byte	.LASF12
 350 0095 03       		.byte	0x3
 351 0096 5B       		.byte	0x5b
 352 0097 9B000000 		.4byte	0x9b
 353 009b 04       		.uleb128 0x4
 354 009c 08       		.byte	0x8
 355 009d 07       		.byte	0x7
 356 009e 4E000000 		.4byte	.LASF13
 357 00a2 03       		.uleb128 0x3
 358 00a3 C1060000 		.4byte	.LASF14
 359 00a7 04       		.byte	0x4
 360 00a8 18       		.byte	0x18
 361 00a9 45000000 		.4byte	0x45
 362 00ad 03       		.uleb128 0x3
 363 00ae C6030000 		.4byte	.LASF15
 364 00b2 04       		.byte	0x4
 365 00b3 2C       		.byte	0x2c
 366 00b4 65000000 		.4byte	0x65
 367 00b8 03       		.uleb128 0x3
 368 00b9 65040000 		.4byte	.LASF16
 369 00bd 04       		.byte	0x4
 370 00be 30       		.byte	0x30
 371 00bf 77000000 		.4byte	0x77
 372 00c3 03       		.uleb128 0x3
 373 00c4 1B000000 		.4byte	.LASF17
 374 00c8 04       		.byte	0x4
 375 00c9 3C       		.byte	0x3c
 376 00ca 90000000 		.4byte	0x90
 377 00ce 05       		.uleb128 0x5
 378 00cf AD000000 		.4byte	0xad
 379 00d3 05       		.uleb128 0x5
 380 00d4 B8000000 		.4byte	0xb8
 381 00d8 03       		.uleb128 0x3
 382 00d9 CD020000 		.4byte	.LASF18
 383 00dd 05       		.byte	0x5
 384 00de 45       		.byte	0x45
 385 00df B8000000 		.4byte	0xb8
 386 00e3 03       		.uleb128 0x3
 387 00e4 8C020000 		.4byte	.LASF19
 388 00e8 05       		.byte	0x5
 389 00e9 48       		.byte	0x48
 390 00ea A2000000 		.4byte	0xa2
 391 00ee 03       		.uleb128 0x3
 392 00ef 72010000 		.4byte	.LASF20
 393 00f3 05       		.byte	0x5
 394 00f4 49       		.byte	0x49
 395 00f5 A2000000 		.4byte	0xa2
 396 00f9 03       		.uleb128 0x3
 397 00fa 5C030000 		.4byte	.LASF21
 398 00fe 05       		.byte	0x5
 399 00ff 4A       		.byte	0x4a
ARM GAS  /var/folders/sv/kgmgr77579zbf78p2zlhkdfr0000gn/T//ccZWPGBY.s 			page 8


 400 0100 A2000000 		.4byte	0xa2
 401 0104 03       		.uleb128 0x3
 402 0105 3C010000 		.4byte	.LASF22
 403 0109 05       		.byte	0x5
 404 010a 4B       		.byte	0x4b
 405 010b A2000000 		.4byte	0xa2
 406 010f 03       		.uleb128 0x3
 407 0110 A8030000 		.4byte	.LASF23
 408 0114 05       		.byte	0x5
 409 0115 4C       		.byte	0x4c
 410 0116 B8000000 		.4byte	0xb8
 411 011a 03       		.uleb128 0x3
 412 011b 56020000 		.4byte	.LASF24
 413 011f 05       		.byte	0x5
 414 0120 4D       		.byte	0x4d
 415 0121 AD000000 		.4byte	0xad
 416 0125 03       		.uleb128 0x3
 417 0126 AC020000 		.4byte	.LASF25
 418 012a 05       		.byte	0x5
 419 012b 4F       		.byte	0x4f
 420 012c B8000000 		.4byte	0xb8
 421 0130 03       		.uleb128 0x3
 422 0131 D5010000 		.4byte	.LASF26
 423 0135 05       		.byte	0x5
 424 0136 51       		.byte	0x51
 425 0137 AD000000 		.4byte	0xad
 426 013b 03       		.uleb128 0x3
 427 013c D0040000 		.4byte	.LASF27
 428 0140 06       		.byte	0x6
 429 0141 33       		.byte	0x33
 430 0142 B8000000 		.4byte	0xb8
 431 0146 03       		.uleb128 0x3
 432 0147 C0040000 		.4byte	.LASF28
 433 014b 06       		.byte	0x6
 434 014c 3F       		.byte	0x3f
 435 014d 51010000 		.4byte	0x151
 436 0151 06       		.uleb128 0x6
 437 0152 41020000 		.4byte	.LASF50
 438 0156 48       		.byte	0x48
 439 0157 07       		.byte	0x7
 440 0158 C2       		.byte	0xc2
 441 0159 56020000 		.4byte	0x256
 442 015d 07       		.uleb128 0x7
 443 015e 1A040000 		.4byte	.LASF29
 444 0162 07       		.byte	0x7
 445 0163 C3       		.byte	0xc3
 446 0164 61020000 		.4byte	0x261
 447 0168 00       		.byte	0
 448 0169 07       		.uleb128 0x7
 449 016a 97030000 		.4byte	.LASF30
 450 016e 07       		.byte	0x7
 451 016f C5       		.byte	0xc5
 452 0170 61020000 		.4byte	0x261
 453 0174 04       		.byte	0x4
 454 0175 07       		.uleb128 0x7
 455 0176 ED000000 		.4byte	.LASF31
 456 017a 07       		.byte	0x7
ARM GAS  /var/folders/sv/kgmgr77579zbf78p2zlhkdfr0000gn/T//ccZWPGBY.s 			page 9


 457 017b C7       		.byte	0xc7
 458 017c 0F010000 		.4byte	0x10f
 459 0180 08       		.byte	0x8
 460 0181 07       		.uleb128 0x7
 461 0182 3B070000 		.4byte	.LASF32
 462 0186 07       		.byte	0x7
 463 0187 C8       		.byte	0xc8
 464 0188 DA060000 		.4byte	0x6da
 465 018c 0C       		.byte	0xc
 466 018d 07       		.uleb128 0x7
 467 018e 7B010000 		.4byte	.LASF33
 468 0192 07       		.byte	0x7
 469 0193 CA       		.byte	0xca
 470 0194 61020000 		.4byte	0x261
 471 0198 10       		.byte	0x10
 472 0199 07       		.uleb128 0x7
 473 019a 07030000 		.4byte	.LASF34
 474 019e 07       		.byte	0x7
 475 019f CB       		.byte	0xcb
 476 01a0 61020000 		.4byte	0x261
 477 01a4 14       		.byte	0x14
 478 01a5 07       		.uleb128 0x7
 479 01a6 07070000 		.4byte	.LASF35
 480 01aa 07       		.byte	0x7
 481 01ab D2       		.byte	0xd2
 482 01ac 1F090000 		.4byte	0x91f
 483 01b0 18       		.byte	0x18
 484 01b1 07       		.uleb128 0x7
 485 01b2 F0030000 		.4byte	.LASF36
 486 01b6 07       		.byte	0x7
 487 01b7 DD       		.byte	0xdd
 488 01b8 EE000000 		.4byte	0xee
 489 01bc 1C       		.byte	0x1c
 490 01bd 07       		.uleb128 0x7
 491 01be 21040000 		.4byte	.LASF37
 492 01c2 07       		.byte	0x7
 493 01c3 E1       		.byte	0xe1
 494 01c4 E3000000 		.4byte	0xe3
 495 01c8 1D       		.byte	0x1d
 496 01c9 07       		.uleb128 0x7
 497 01ca 8B050000 		.4byte	.LASF38
 498 01ce 07       		.byte	0x7
 499 01cf E6       		.byte	0xe6
 500 01d0 F9000000 		.4byte	0xf9
 501 01d4 1E       		.byte	0x1e
 502 01d5 07       		.uleb128 0x7
 503 01d6 F8030000 		.4byte	.LASF39
 504 01da 07       		.byte	0x7
 505 01db EC       		.byte	0xec
 506 01dc 04010000 		.4byte	0x104
 507 01e0 1F       		.byte	0x1f
 508 01e1 07       		.uleb128 0x7
 509 01e2 26050000 		.4byte	.LASF40
 510 01e6 07       		.byte	0x7
 511 01e7 F3       		.byte	0xf3
 512 01e8 31090000 		.4byte	0x931
 513 01ec 20       		.byte	0x20
ARM GAS  /var/folders/sv/kgmgr77579zbf78p2zlhkdfr0000gn/T//ccZWPGBY.s 			page 10


 514 01ed 08       		.uleb128 0x8
 515 01ee 705F7500 		.ascii	"p_u\000"
 516 01f2 07       		.byte	0x7
 517 01f3 3101     		.2byte	0x131
 518 01f5 5A080000 		.4byte	0x85a
 519 01f9 24       		.byte	0x24
 520 01fa 09       		.uleb128 0x9
 521 01fb 41070000 		.4byte	.LASF41
 522 01ff 07       		.byte	0x7
 523 0200 3601     		.2byte	0x136
 524 0202 67020000 		.4byte	0x267
 525 0206 28       		.byte	0x28
 526 0207 09       		.uleb128 0x9
 527 0208 53050000 		.4byte	.LASF42
 528 020c 07       		.byte	0x7
 529 020d 3C01     		.2byte	0x13c
 530 020f 8B020000 		.4byte	0x28b
 531 0213 2C       		.byte	0x2c
 532 0214 09       		.uleb128 0x9
 533 0215 2D070000 		.4byte	.LASF43
 534 0219 07       		.byte	0x7
 535 021a 4001     		.2byte	0x140
 536 021c 1A010000 		.4byte	0x11a
 537 0220 34       		.byte	0x34
 538 0221 09       		.uleb128 0x9
 539 0222 46040000 		.4byte	.LASF44
 540 0226 07       		.byte	0x7
 541 0227 4601     		.2byte	0x146
 542 0229 25010000 		.4byte	0x125
 543 022d 38       		.byte	0x38
 544 022e 09       		.uleb128 0x9
 545 022f DC030000 		.4byte	.LASF45
 546 0233 07       		.byte	0x7
 547 0234 4D01     		.2byte	0x14d
 548 0236 19090000 		.4byte	0x919
 549 023a 3C       		.byte	0x3c
 550 023b 09       		.uleb128 0x9
 551 023c DA040000 		.4byte	.LASF46
 552 0240 07       		.byte	0x7
 553 0241 5101     		.2byte	0x151
 554 0243 0F010000 		.4byte	0x10f
 555 0247 40       		.byte	0x40
 556 0248 09       		.uleb128 0x9
 557 0249 25010000 		.4byte	.LASF47
 558 024d 07       		.byte	0x7
 559 024e 5801     		.2byte	0x158
 560 0250 3E030000 		.4byte	0x33e
 561 0254 44       		.byte	0x44
 562 0255 00       		.byte	0
 563 0256 03       		.uleb128 0x3
 564 0257 D5020000 		.4byte	.LASF48
 565 025b 06       		.byte	0x6
 566 025c 44       		.byte	0x44
 567 025d 61020000 		.4byte	0x261
 568 0261 0A       		.uleb128 0xa
 569 0262 04       		.byte	0x4
 570 0263 46010000 		.4byte	0x146
ARM GAS  /var/folders/sv/kgmgr77579zbf78p2zlhkdfr0000gn/T//ccZWPGBY.s 			page 11


 571 0267 03       		.uleb128 0x3
 572 0268 16070000 		.4byte	.LASF49
 573 026c 06       		.byte	0x6
 574 026d 49       		.byte	0x49
 575 026e 72020000 		.4byte	0x272
 576 0272 06       		.uleb128 0x6
 577 0273 88040000 		.4byte	.LASF51
 578 0277 04       		.byte	0x4
 579 0278 07       		.byte	0x7
 580 0279 B0       		.byte	0xb0
 581 027a 8B020000 		.4byte	0x28b
 582 027e 07       		.uleb128 0x7
 583 027f 1A040000 		.4byte	.LASF29
 584 0283 07       		.byte	0x7
 585 0284 B1       		.byte	0xb1
 586 0285 61020000 		.4byte	0x261
 587 0289 00       		.byte	0
 588 028a 00       		.byte	0
 589 028b 03       		.uleb128 0x3
 590 028c 7B050000 		.4byte	.LASF52
 591 0290 06       		.byte	0x6
 592 0291 50       		.byte	0x50
 593 0292 96020000 		.4byte	0x296
 594 0296 06       		.uleb128 0x6
 595 0297 D2000000 		.4byte	.LASF53
 596 029b 08       		.byte	0x8
 597 029c 07       		.byte	0x7
 598 029d B7       		.byte	0xb7
 599 029e BB020000 		.4byte	0x2bb
 600 02a2 07       		.uleb128 0x7
 601 02a3 1A040000 		.4byte	.LASF29
 602 02a7 07       		.byte	0x7
 603 02a8 B8       		.byte	0xb8
 604 02a9 61020000 		.4byte	0x261
 605 02ad 00       		.byte	0
 606 02ae 07       		.uleb128 0x7
 607 02af 97030000 		.4byte	.LASF30
 608 02b3 07       		.byte	0x7
 609 02b4 B9       		.byte	0xb9
 610 02b5 61020000 		.4byte	0x261
 611 02b9 04       		.byte	0x4
 612 02ba 00       		.byte	0
 613 02bb 03       		.uleb128 0x3
 614 02bc 00000000 		.4byte	.LASF54
 615 02c0 06       		.byte	0x6
 616 02c1 57       		.byte	0x57
 617 02c2 C6020000 		.4byte	0x2c6
 618 02c6 0B       		.uleb128 0xb
 619 02c7 9E020000 		.4byte	.LASF55
 620 02cb 1C       		.byte	0x1c
 621 02cc 07       		.byte	0x7
 622 02cd 9001     		.2byte	0x190
 623 02cf 22030000 		.4byte	0x322
 624 02d3 09       		.uleb128 0x9
 625 02d4 75040000 		.4byte	.LASF56
 626 02d8 07       		.byte	0x7
 627 02d9 9101     		.2byte	0x191
ARM GAS  /var/folders/sv/kgmgr77579zbf78p2zlhkdfr0000gn/T//ccZWPGBY.s 			page 12


 628 02db 8B020000 		.4byte	0x28b
 629 02df 00       		.byte	0
 630 02e0 09       		.uleb128 0x9
 631 02e1 0C040000 		.4byte	.LASF57
 632 02e5 07       		.byte	0x7
 633 02e6 9201     		.2byte	0x192
 634 02e8 0F010000 		.4byte	0x10f
 635 02ec 08       		.byte	0x8
 636 02ed 09       		.uleb128 0x9
 637 02ee 0F030000 		.4byte	.LASF58
 638 02f2 07       		.byte	0x7
 639 02f3 9401     		.2byte	0x194
 640 02f5 DA060000 		.4byte	0x6da
 641 02f9 0C       		.byte	0xc
 642 02fa 09       		.uleb128 0x9
 643 02fb 94010000 		.4byte	.LASF59
 644 02ff 07       		.byte	0x7
 645 0300 9701     		.2byte	0x197
 646 0302 61020000 		.4byte	0x261
 647 0306 10       		.byte	0x10
 648 0307 09       		.uleb128 0x9
 649 0308 2D050000 		.4byte	.LASF60
 650 030c 07       		.byte	0x7
 651 030d 9801     		.2byte	0x198
 652 030f 61020000 		.4byte	0x261
 653 0313 14       		.byte	0x14
 654 0314 09       		.uleb128 0x9
 655 0315 38030000 		.4byte	.LASF61
 656 0319 07       		.byte	0x7
 657 031a 9B01     		.2byte	0x19b
 658 031c 61020000 		.4byte	0x261
 659 0320 18       		.byte	0x18
 660 0321 00       		.byte	0
 661 0322 03       		.uleb128 0x3
 662 0323 E5040000 		.4byte	.LASF62
 663 0327 06       		.byte	0x6
 664 0328 5C       		.byte	0x5c
 665 0329 2D030000 		.4byte	0x32d
 666 032d 0A       		.uleb128 0xa
 667 032e 04       		.byte	0x4
 668 032f 33030000 		.4byte	0x333
 669 0333 0C       		.uleb128 0xc
 670 0334 3E030000 		.4byte	0x33e
 671 0338 0D       		.uleb128 0xd
 672 0339 3E030000 		.4byte	0x33e
 673 033d 00       		.byte	0
 674 033e 0E       		.uleb128 0xe
 675 033f 04       		.byte	0x4
 676 0340 03       		.uleb128 0x3
 677 0341 87030000 		.4byte	.LASF63
 678 0345 06       		.byte	0x6
 679 0346 61       		.byte	0x61
 680 0347 4B030000 		.4byte	0x34b
 681 034b 0B       		.uleb128 0xb
 682 034c 42050000 		.4byte	.LASF64
 683 0350 14       		.byte	0x14
 684 0351 07       		.byte	0x7
ARM GAS  /var/folders/sv/kgmgr77579zbf78p2zlhkdfr0000gn/T//ccZWPGBY.s 			page 13


 685 0352 6B01     		.2byte	0x16b
 686 0354 9A030000 		.4byte	0x39a
 687 0358 09       		.uleb128 0x9
 688 0359 E8010000 		.4byte	.LASF65
 689 035d 07       		.byte	0x7
 690 035e 6C01     		.2byte	0x16c
 691 0360 36090000 		.4byte	0x936
 692 0364 00       		.byte	0
 693 0365 09       		.uleb128 0x9
 694 0366 A5010000 		.4byte	.LASF66
 695 036a 07       		.byte	0x7
 696 036b 6D01     		.2byte	0x16d
 697 036d 36090000 		.4byte	0x936
 698 0371 04       		.byte	0x4
 699 0372 09       		.uleb128 0x9
 700 0373 FC010000 		.4byte	.LASF67
 701 0377 07       		.byte	0x7
 702 0378 6E01     		.2byte	0x16e
 703 037a 3B010000 		.4byte	0x13b
 704 037e 08       		.byte	0x8
 705 037f 09       		.uleb128 0x9
 706 0380 FF020000 		.4byte	.LASF68
 707 0384 07       		.byte	0x7
 708 0385 6F01     		.2byte	0x16f
 709 0387 22030000 		.4byte	0x322
 710 038b 0C       		.byte	0xc
 711 038c 09       		.uleb128 0x9
 712 038d 6E050000 		.4byte	.LASF69
 713 0391 07       		.byte	0x7
 714 0392 7101     		.2byte	0x171
 715 0394 3E030000 		.4byte	0x33e
 716 0398 10       		.byte	0x10
 717 0399 00       		.byte	0
 718 039a 03       		.uleb128 0x3
 719 039b 70000000 		.4byte	.LASF70
 720 039f 06       		.byte	0x6
 721 03a0 66       		.byte	0x66
 722 03a1 A5030000 		.4byte	0x3a5
 723 03a5 0B       		.uleb128 0xb
 724 03a6 E8020000 		.4byte	.LASF71
 725 03aa 10       		.byte	0x10
 726 03ab 07       		.byte	0x7
 727 03ac 7B01     		.2byte	0x17b
 728 03ae E7030000 		.4byte	0x3e7
 729 03b2 09       		.uleb128 0x9
 730 03b3 E8010000 		.4byte	.LASF65
 731 03b7 07       		.byte	0x7
 732 03b8 7C01     		.2byte	0x17c
 733 03ba 36090000 		.4byte	0x936
 734 03be 00       		.byte	0
 735 03bf 09       		.uleb128 0x9
 736 03c0 A5010000 		.4byte	.LASF66
 737 03c4 07       		.byte	0x7
 738 03c5 7E01     		.2byte	0x17e
 739 03c7 36090000 		.4byte	0x936
 740 03cb 04       		.byte	0x4
 741 03cc 09       		.uleb128 0x9
ARM GAS  /var/folders/sv/kgmgr77579zbf78p2zlhkdfr0000gn/T//ccZWPGBY.s 			page 14


 742 03cd FC010000 		.4byte	.LASF67
 743 03d1 07       		.byte	0x7
 744 03d2 8001     		.2byte	0x180
 745 03d4 3B010000 		.4byte	0x13b
 746 03d8 08       		.byte	0x8
 747 03d9 09       		.uleb128 0x9
 748 03da 7D040000 		.4byte	.LASF72
 749 03de 07       		.byte	0x7
 750 03df 8201     		.2byte	0x182
 751 03e1 31090000 		.4byte	0x931
 752 03e5 0C       		.byte	0xc
 753 03e6 00       		.byte	0
 754 03e7 03       		.uleb128 0x3
 755 03e8 05020000 		.4byte	.LASF73
 756 03ec 06       		.byte	0x6
 757 03ed 6B       		.byte	0x6b
 758 03ee F2030000 		.4byte	0x3f2
 759 03f2 0B       		.uleb128 0xb
 760 03f3 B0030000 		.4byte	.LASF74
 761 03f7 04       		.byte	0x4
 762 03f8 07       		.byte	0x7
 763 03f9 A201     		.2byte	0x1a2
 764 03fb 0D040000 		.4byte	0x40d
 765 03ff 09       		.uleb128 0x9
 766 0400 F9040000 		.4byte	.LASF75
 767 0404 07       		.byte	0x7
 768 0405 AA01     		.2byte	0x1aa
 769 0407 3C090000 		.4byte	0x93c
 770 040b 00       		.byte	0
 771 040c 00       		.byte	0
 772 040d 03       		.uleb128 0x3
 773 040e 80020000 		.4byte	.LASF76
 774 0412 06       		.byte	0x6
 775 0413 70       		.byte	0x70
 776 0414 18040000 		.4byte	0x418
 777 0418 0F       		.uleb128 0xf
 778 0419 4C010000 		.4byte	.LASF77
 779 041d 5802     		.2byte	0x258
 780 041f 07       		.byte	0x7
 781 0420 C201     		.2byte	0x1c2
 782 0422 74040000 		.4byte	0x474
 783 0426 09       		.uleb128 0x9
 784 0427 BB060000 		.4byte	.LASF78
 785 042b 07       		.byte	0x7
 786 042c C601     		.2byte	0x1c6
 787 042e BB020000 		.4byte	0x2bb
 788 0432 00       		.byte	0
 789 0433 09       		.uleb128 0x9
 790 0434 3A000000 		.4byte	.LASF79
 791 0438 07       		.byte	0x7
 792 0439 CA01     		.2byte	0x1ca
 793 043b 9A030000 		.4byte	0x39a
 794 043f 1C       		.byte	0x1c
 795 0440 08       		.uleb128 0x8
 796 0441 64626700 		.ascii	"dbg\000"
 797 0445 07       		.byte	0x7
 798 0446 CE01     		.2byte	0x1ce
ARM GAS  /var/folders/sv/kgmgr77579zbf78p2zlhkdfr0000gn/T//ccZWPGBY.s 			page 15


 799 0448 E7030000 		.4byte	0x3e7
 800 044c 2C       		.byte	0x2c
 801 044d 09       		.uleb128 0x9
 802 044e 65000000 		.4byte	.LASF80
 803 0452 07       		.byte	0x7
 804 0453 D201     		.2byte	0x1d2
 805 0455 46010000 		.4byte	0x146
 806 0459 30       		.byte	0x30
 807 045a 08       		.uleb128 0x8
 808 045b 746D00   		.ascii	"tm\000"
 809 045e 07       		.byte	0x7
 810 045f D701     		.2byte	0x1d7
 811 0461 4F080000 		.4byte	0x84f
 812 0465 78       		.byte	0x78
 813 0466 09       		.uleb128 0x9
 814 0467 C6010000 		.4byte	.LASF81
 815 046b 07       		.byte	0x7
 816 046c E301     		.2byte	0x1e3
 817 046e 41090000 		.4byte	0x941
 818 0472 80       		.byte	0x80
 819 0473 00       		.byte	0
 820 0474 04       		.uleb128 0x4
 821 0475 04       		.byte	0x4
 822 0476 07       		.byte	0x7
 823 0477 F5060000 		.4byte	.LASF82
 824 047b 10       		.uleb128 0x10
 825 047c B8000000 		.4byte	0xb8
 826 0480 8B040000 		.4byte	0x48b
 827 0484 11       		.uleb128 0x11
 828 0485 74040000 		.4byte	0x474
 829 0489 01       		.byte	0x1
 830 048a 00       		.byte	0
 831 048b 12       		.uleb128 0x12
 832 048c 1C       		.byte	0x1c
 833 048d 08       		.byte	0x8
 834 048e DA01     		.2byte	0x1da
 835 0490 EE040000 		.4byte	0x4ee
 836 0494 08       		.uleb128 0x8
 837 0495 41435200 		.ascii	"ACR\000"
 838 0499 08       		.byte	0x8
 839 049a DC01     		.2byte	0x1dc
 840 049c D3000000 		.4byte	0xd3
 841 04a0 00       		.byte	0
 842 04a1 09       		.uleb128 0x9
 843 04a2 6E030000 		.4byte	.LASF83
 844 04a6 08       		.byte	0x8
 845 04a7 DD01     		.2byte	0x1dd
 846 04a9 D3000000 		.4byte	0xd3
 847 04ad 04       		.byte	0x4
 848 04ae 09       		.uleb128 0x9
 849 04af 83010000 		.4byte	.LASF84
 850 04b3 08       		.byte	0x8
 851 04b4 DE01     		.2byte	0x1de
 852 04b6 D3000000 		.4byte	0xd3
 853 04ba 08       		.byte	0x8
 854 04bb 08       		.uleb128 0x8
 855 04bc 535200   		.ascii	"SR\000"
ARM GAS  /var/folders/sv/kgmgr77579zbf78p2zlhkdfr0000gn/T//ccZWPGBY.s 			page 16


 856 04bf 08       		.byte	0x8
 857 04c0 DF01     		.2byte	0x1df
 858 04c2 D3000000 		.4byte	0xd3
 859 04c6 0C       		.byte	0xc
 860 04c7 08       		.uleb128 0x8
 861 04c8 435200   		.ascii	"CR\000"
 862 04cb 08       		.byte	0x8
 863 04cc E001     		.2byte	0x1e0
 864 04ce D3000000 		.4byte	0xd3
 865 04d2 10       		.byte	0x10
 866 04d3 09       		.uleb128 0x9
 867 04d4 41000000 		.4byte	.LASF85
 868 04d8 08       		.byte	0x8
 869 04d9 E101     		.2byte	0x1e1
 870 04db D3000000 		.4byte	0xd3
 871 04df 14       		.byte	0x14
 872 04e0 09       		.uleb128 0x9
 873 04e1 47000000 		.4byte	.LASF86
 874 04e5 08       		.byte	0x8
 875 04e6 E201     		.2byte	0x1e2
 876 04e8 D3000000 		.4byte	0xd3
 877 04ec 18       		.byte	0x18
 878 04ed 00       		.byte	0
 879 04ee 13       		.uleb128 0x13
 880 04ef 17010000 		.4byte	.LASF87
 881 04f3 08       		.byte	0x8
 882 04f4 E301     		.2byte	0x1e3
 883 04f6 8B040000 		.4byte	0x48b
 884 04fa 12       		.uleb128 0x12
 885 04fb 08       		.byte	0x8
 886 04fc 08       		.byte	0x8
 887 04fd 5D02     		.2byte	0x25d
 888 04ff 1D050000 		.4byte	0x51d
 889 0503 08       		.uleb128 0x8
 890 0504 435200   		.ascii	"CR\000"
 891 0507 08       		.byte	0x8
 892 0508 5F02     		.2byte	0x25f
 893 050a D3000000 		.4byte	0xd3
 894 050e 00       		.byte	0
 895 050f 08       		.uleb128 0x8
 896 0510 43535200 		.ascii	"CSR\000"
 897 0514 08       		.byte	0x8
 898 0515 6002     		.2byte	0x260
 899 0517 D3000000 		.4byte	0xd3
 900 051b 04       		.byte	0x4
 901 051c 00       		.byte	0
 902 051d 13       		.uleb128 0x13
 903 051e 12050000 		.4byte	.LASF88
 904 0522 08       		.byte	0x8
 905 0523 6102     		.2byte	0x261
 906 0525 FA040000 		.4byte	0x4fa
 907 0529 12       		.uleb128 0x12
 908 052a 88       		.byte	0x88
 909 052b 08       		.byte	0x8
 910 052c 6702     		.2byte	0x267
 911 052e B8060000 		.4byte	0x6b8
 912 0532 08       		.uleb128 0x8
ARM GAS  /var/folders/sv/kgmgr77579zbf78p2zlhkdfr0000gn/T//ccZWPGBY.s 			page 17


 913 0533 435200   		.ascii	"CR\000"
 914 0536 08       		.byte	0x8
 915 0537 6902     		.2byte	0x269
 916 0539 D3000000 		.4byte	0xd3
 917 053d 00       		.byte	0
 918 053e 09       		.uleb128 0x9
 919 053f 30030000 		.4byte	.LASF89
 920 0543 08       		.byte	0x8
 921 0544 6A02     		.2byte	0x26a
 922 0546 D3000000 		.4byte	0xd3
 923 054a 04       		.byte	0x4
 924 054b 09       		.uleb128 0x9
 925 054c F0010000 		.4byte	.LASF90
 926 0550 08       		.byte	0x8
 927 0551 6B02     		.2byte	0x26b
 928 0553 D3000000 		.4byte	0xd3
 929 0557 08       		.byte	0x8
 930 0558 08       		.uleb128 0x8
 931 0559 43495200 		.ascii	"CIR\000"
 932 055d 08       		.byte	0x8
 933 055e 6C02     		.2byte	0x26c
 934 0560 D3000000 		.4byte	0xd3
 935 0564 0C       		.byte	0xc
 936 0565 09       		.uleb128 0x9
 937 0566 0E010000 		.4byte	.LASF91
 938 056a 08       		.byte	0x8
 939 056b 6D02     		.2byte	0x26d
 940 056d D3000000 		.4byte	0xd3
 941 0571 10       		.byte	0x10
 942 0572 09       		.uleb128 0x9
 943 0573 B7040000 		.4byte	.LASF92
 944 0577 08       		.byte	0x8
 945 0578 6E02     		.2byte	0x26e
 946 057a D3000000 		.4byte	0xd3
 947 057e 14       		.byte	0x14
 948 057f 09       		.uleb128 0x9
 949 0580 5C020000 		.4byte	.LASF93
 950 0584 08       		.byte	0x8
 951 0585 6F02     		.2byte	0x26f
 952 0587 D3000000 		.4byte	0xd3
 953 058b 18       		.byte	0x18
 954 058c 09       		.uleb128 0x9
 955 058d 64030000 		.4byte	.LASF94
 956 0591 08       		.byte	0x8
 957 0592 7002     		.2byte	0x270
 958 0594 B8000000 		.4byte	0xb8
 959 0598 1C       		.byte	0x1c
 960 0599 09       		.uleb128 0x9
 961 059a 42030000 		.4byte	.LASF95
 962 059e 08       		.byte	0x8
 963 059f 7102     		.2byte	0x271
 964 05a1 D3000000 		.4byte	0xd3
 965 05a5 20       		.byte	0x20
 966 05a6 09       		.uleb128 0x9
 967 05a7 5F010000 		.4byte	.LASF96
 968 05ab 08       		.byte	0x8
 969 05ac 7202     		.2byte	0x272
ARM GAS  /var/folders/sv/kgmgr77579zbf78p2zlhkdfr0000gn/T//ccZWPGBY.s 			page 18


 970 05ae D3000000 		.4byte	0xd3
 971 05b2 24       		.byte	0x24
 972 05b3 09       		.uleb128 0x9
 973 05b4 C8000000 		.4byte	.LASF97
 974 05b8 08       		.byte	0x8
 975 05b9 7302     		.2byte	0x273
 976 05bb 7B040000 		.4byte	0x47b
 977 05bf 28       		.byte	0x28
 978 05c0 09       		.uleb128 0x9
 979 05c1 0E070000 		.4byte	.LASF98
 980 05c5 08       		.byte	0x8
 981 05c6 7402     		.2byte	0x274
 982 05c8 D3000000 		.4byte	0xd3
 983 05cc 30       		.byte	0x30
 984 05cd 09       		.uleb128 0x9
 985 05ce 1E050000 		.4byte	.LASF99
 986 05d2 08       		.byte	0x8
 987 05d3 7502     		.2byte	0x275
 988 05d5 D3000000 		.4byte	0xd3
 989 05d9 34       		.byte	0x34
 990 05da 09       		.uleb128 0x9
 991 05db 31040000 		.4byte	.LASF100
 992 05df 08       		.byte	0x8
 993 05e0 7602     		.2byte	0x276
 994 05e2 D3000000 		.4byte	0xd3
 995 05e6 38       		.byte	0x38
 996 05e7 09       		.uleb128 0x9
 997 05e8 73030000 		.4byte	.LASF101
 998 05ec 08       		.byte	0x8
 999 05ed 7702     		.2byte	0x277
 1000 05ef B8000000 		.4byte	0xb8
 1001 05f3 3C       		.byte	0x3c
 1002 05f4 09       		.uleb128 0x9
 1003 05f5 0A050000 		.4byte	.LASF102
 1004 05f9 08       		.byte	0x8
 1005 05fa 7802     		.2byte	0x278
 1006 05fc D3000000 		.4byte	0xd3
 1007 0600 40       		.byte	0x40
 1008 0601 09       		.uleb128 0x9
 1009 0602 29040000 		.4byte	.LASF103
 1010 0606 08       		.byte	0x8
 1011 0607 7902     		.2byte	0x279
 1012 0609 D3000000 		.4byte	0xd3
 1013 060d 44       		.byte	0x44
 1014 060e 09       		.uleb128 0x9
 1015 060f 7D030000 		.4byte	.LASF104
 1016 0613 08       		.byte	0x8
 1017 0614 7A02     		.2byte	0x27a
 1018 0616 7B040000 		.4byte	0x47b
 1019 061a 48       		.byte	0x48
 1020 061b 09       		.uleb128 0x9
 1021 061c E3000000 		.4byte	.LASF105
 1022 0620 08       		.byte	0x8
 1023 0621 7B02     		.2byte	0x27b
 1024 0623 D3000000 		.4byte	0xd3
 1025 0627 50       		.byte	0x50
 1026 0628 09       		.uleb128 0x9
ARM GAS  /var/folders/sv/kgmgr77579zbf78p2zlhkdfr0000gn/T//ccZWPGBY.s 			page 19


 1027 0629 15030000 		.4byte	.LASF106
 1028 062d 08       		.byte	0x8
 1029 062e 7C02     		.2byte	0x27c
 1030 0630 D3000000 		.4byte	0xd3
 1031 0634 54       		.byte	0x54
 1032 0635 09       		.uleb128 0x9
 1033 0636 02040000 		.4byte	.LASF107
 1034 063a 08       		.byte	0x8
 1035 063b 7D02     		.2byte	0x27d
 1036 063d D3000000 		.4byte	0xd3
 1037 0641 58       		.byte	0x58
 1038 0642 09       		.uleb128 0x9
 1039 0643 51040000 		.4byte	.LASF108
 1040 0647 08       		.byte	0x8
 1041 0648 7E02     		.2byte	0x27e
 1042 064a B8000000 		.4byte	0xb8
 1043 064e 5C       		.byte	0x5c
 1044 064f 09       		.uleb128 0x9
 1045 0650 68010000 		.4byte	.LASF109
 1046 0654 08       		.byte	0x8
 1047 0655 7F02     		.2byte	0x27f
 1048 0657 D3000000 		.4byte	0xd3
 1049 065b 60       		.byte	0x60
 1050 065c 09       		.uleb128 0x9
 1051 065d 94020000 		.4byte	.LASF110
 1052 0661 08       		.byte	0x8
 1053 0662 8002     		.2byte	0x280
 1054 0664 D3000000 		.4byte	0xd3
 1055 0668 64       		.byte	0x64
 1056 0669 09       		.uleb128 0x9
 1057 066a 5B040000 		.4byte	.LASF111
 1058 066e 08       		.byte	0x8
 1059 066f 8102     		.2byte	0x281
 1060 0671 7B040000 		.4byte	0x47b
 1061 0675 68       		.byte	0x68
 1062 0676 09       		.uleb128 0x9
 1063 0677 92050000 		.4byte	.LASF112
 1064 067b 08       		.byte	0x8
 1065 067c 8202     		.2byte	0x282
 1066 067e D3000000 		.4byte	0xd3
 1067 0682 70       		.byte	0x70
 1068 0683 08       		.uleb128 0x8
 1069 0684 43535200 		.ascii	"CSR\000"
 1070 0688 08       		.byte	0x8
 1071 0689 8302     		.2byte	0x283
 1072 068b D3000000 		.4byte	0xd3
 1073 068f 74       		.byte	0x74
 1074 0690 09       		.uleb128 0x9
 1075 0691 9E030000 		.4byte	.LASF113
 1076 0695 08       		.byte	0x8
 1077 0696 8402     		.2byte	0x284
 1078 0698 7B040000 		.4byte	0x47b
 1079 069c 78       		.byte	0x78
 1080 069d 09       		.uleb128 0x9
 1081 069e 75050000 		.4byte	.LASF114
 1082 06a2 08       		.byte	0x8
 1083 06a3 8502     		.2byte	0x285
ARM GAS  /var/folders/sv/kgmgr77579zbf78p2zlhkdfr0000gn/T//ccZWPGBY.s 			page 20


 1084 06a5 D3000000 		.4byte	0xd3
 1085 06a9 80       		.byte	0x80
 1086 06aa 09       		.uleb128 0x9
 1087 06ab 4B020000 		.4byte	.LASF115
 1088 06af 08       		.byte	0x8
 1089 06b0 8602     		.2byte	0x286
 1090 06b2 D3000000 		.4byte	0xd3
 1091 06b6 84       		.byte	0x84
 1092 06b7 00       		.byte	0
 1093 06b8 13       		.uleb128 0x13
 1094 06b9 14020000 		.4byte	.LASF116
 1095 06bd 08       		.byte	0x8
 1096 06be 8802     		.2byte	0x288
 1097 06c0 29050000 		.4byte	0x529
 1098 06c4 03       		.uleb128 0x3
 1099 06c5 9C010000 		.4byte	.LASF117
 1100 06c9 09       		.byte	0x9
 1101 06ca 65       		.byte	0x65
 1102 06cb 3E030000 		.4byte	0x33e
 1103 06cf 03       		.uleb128 0x3
 1104 06d0 C2020000 		.4byte	.LASF118
 1105 06d4 09       		.byte	0x9
 1106 06d5 6D       		.byte	0x6d
 1107 06d6 C3000000 		.4byte	0xc3
 1108 06da 06       		.uleb128 0x6
 1109 06db 26020000 		.4byte	.LASF119
 1110 06df 04       		.byte	0x4
 1111 06e0 09       		.byte	0x9
 1112 06e1 89       		.byte	0x89
 1113 06e2 F3060000 		.4byte	0x6f3
 1114 06e6 14       		.uleb128 0x14
 1115 06e7 72313300 		.ascii	"r13\000"
 1116 06eb 09       		.byte	0x9
 1117 06ec 8A       		.byte	0x8a
 1118 06ed 34080000 		.4byte	0x834
 1119 06f1 00       		.byte	0
 1120 06f2 00       		.byte	0
 1121 06f3 06       		.uleb128 0x6
 1122 06f4 2E000000 		.4byte	.LASF120
 1123 06f8 64       		.byte	0x64
 1124 06f9 0A       		.byte	0xa
 1125 06fa F4       		.byte	0xf4
 1126 06fb 34080000 		.4byte	0x834
 1127 06ff 14       		.uleb128 0x14
 1128 0700 73313600 		.ascii	"s16\000"
 1129 0704 0A       		.byte	0xa
 1130 0705 F6       		.byte	0xf6
 1131 0706 C4060000 		.4byte	0x6c4
 1132 070a 00       		.byte	0
 1133 070b 14       		.uleb128 0x14
 1134 070c 73313700 		.ascii	"s17\000"
 1135 0710 0A       		.byte	0xa
 1136 0711 F7       		.byte	0xf7
 1137 0712 C4060000 		.4byte	0x6c4
 1138 0716 04       		.byte	0x4
 1139 0717 14       		.uleb128 0x14
 1140 0718 73313800 		.ascii	"s18\000"
ARM GAS  /var/folders/sv/kgmgr77579zbf78p2zlhkdfr0000gn/T//ccZWPGBY.s 			page 21


 1141 071c 0A       		.byte	0xa
 1142 071d F8       		.byte	0xf8
 1143 071e C4060000 		.4byte	0x6c4
 1144 0722 08       		.byte	0x8
 1145 0723 14       		.uleb128 0x14
 1146 0724 73313900 		.ascii	"s19\000"
 1147 0728 0A       		.byte	0xa
 1148 0729 F9       		.byte	0xf9
 1149 072a C4060000 		.4byte	0x6c4
 1150 072e 0C       		.byte	0xc
 1151 072f 14       		.uleb128 0x14
 1152 0730 73323000 		.ascii	"s20\000"
 1153 0734 0A       		.byte	0xa
 1154 0735 FA       		.byte	0xfa
 1155 0736 C4060000 		.4byte	0x6c4
 1156 073a 10       		.byte	0x10
 1157 073b 14       		.uleb128 0x14
 1158 073c 73323100 		.ascii	"s21\000"
 1159 0740 0A       		.byte	0xa
 1160 0741 FB       		.byte	0xfb
 1161 0742 C4060000 		.4byte	0x6c4
 1162 0746 14       		.byte	0x14
 1163 0747 14       		.uleb128 0x14
 1164 0748 73323200 		.ascii	"s22\000"
 1165 074c 0A       		.byte	0xa
 1166 074d FC       		.byte	0xfc
 1167 074e C4060000 		.4byte	0x6c4
 1168 0752 18       		.byte	0x18
 1169 0753 14       		.uleb128 0x14
 1170 0754 73323300 		.ascii	"s23\000"
 1171 0758 0A       		.byte	0xa
 1172 0759 FD       		.byte	0xfd
 1173 075a C4060000 		.4byte	0x6c4
 1174 075e 1C       		.byte	0x1c
 1175 075f 14       		.uleb128 0x14
 1176 0760 73323400 		.ascii	"s24\000"
 1177 0764 0A       		.byte	0xa
 1178 0765 FE       		.byte	0xfe
 1179 0766 C4060000 		.4byte	0x6c4
 1180 076a 20       		.byte	0x20
 1181 076b 14       		.uleb128 0x14
 1182 076c 73323500 		.ascii	"s25\000"
 1183 0770 0A       		.byte	0xa
 1184 0771 FF       		.byte	0xff
 1185 0772 C4060000 		.4byte	0x6c4
 1186 0776 24       		.byte	0x24
 1187 0777 08       		.uleb128 0x8
 1188 0778 73323600 		.ascii	"s26\000"
 1189 077c 0A       		.byte	0xa
 1190 077d 0001     		.2byte	0x100
 1191 077f C4060000 		.4byte	0x6c4
 1192 0783 28       		.byte	0x28
 1193 0784 08       		.uleb128 0x8
 1194 0785 73323700 		.ascii	"s27\000"
 1195 0789 0A       		.byte	0xa
 1196 078a 0101     		.2byte	0x101
 1197 078c C4060000 		.4byte	0x6c4
ARM GAS  /var/folders/sv/kgmgr77579zbf78p2zlhkdfr0000gn/T//ccZWPGBY.s 			page 22


 1198 0790 2C       		.byte	0x2c
 1199 0791 08       		.uleb128 0x8
 1200 0792 73323800 		.ascii	"s28\000"
 1201 0796 0A       		.byte	0xa
 1202 0797 0201     		.2byte	0x102
 1203 0799 C4060000 		.4byte	0x6c4
 1204 079d 30       		.byte	0x30
 1205 079e 08       		.uleb128 0x8
 1206 079f 73323900 		.ascii	"s29\000"
 1207 07a3 0A       		.byte	0xa
 1208 07a4 0301     		.2byte	0x103
 1209 07a6 C4060000 		.4byte	0x6c4
 1210 07aa 34       		.byte	0x34
 1211 07ab 08       		.uleb128 0x8
 1212 07ac 73333000 		.ascii	"s30\000"
 1213 07b0 0A       		.byte	0xa
 1214 07b1 0401     		.2byte	0x104
 1215 07b3 C4060000 		.4byte	0x6c4
 1216 07b7 38       		.byte	0x38
 1217 07b8 08       		.uleb128 0x8
 1218 07b9 73333100 		.ascii	"s31\000"
 1219 07bd 0A       		.byte	0xa
 1220 07be 0501     		.2byte	0x105
 1221 07c0 C4060000 		.4byte	0x6c4
 1222 07c4 3C       		.byte	0x3c
 1223 07c5 08       		.uleb128 0x8
 1224 07c6 723400   		.ascii	"r4\000"
 1225 07c9 0A       		.byte	0xa
 1226 07ca 0701     		.2byte	0x107
 1227 07cc C4060000 		.4byte	0x6c4
 1228 07d0 40       		.byte	0x40
 1229 07d1 08       		.uleb128 0x8
 1230 07d2 723500   		.ascii	"r5\000"
 1231 07d5 0A       		.byte	0xa
 1232 07d6 0801     		.2byte	0x108
 1233 07d8 C4060000 		.4byte	0x6c4
 1234 07dc 44       		.byte	0x44
 1235 07dd 08       		.uleb128 0x8
 1236 07de 723600   		.ascii	"r6\000"
 1237 07e1 0A       		.byte	0xa
 1238 07e2 0901     		.2byte	0x109
 1239 07e4 C4060000 		.4byte	0x6c4
 1240 07e8 48       		.byte	0x48
 1241 07e9 08       		.uleb128 0x8
 1242 07ea 723700   		.ascii	"r7\000"
 1243 07ed 0A       		.byte	0xa
 1244 07ee 0A01     		.2byte	0x10a
 1245 07f0 C4060000 		.4byte	0x6c4
 1246 07f4 4C       		.byte	0x4c
 1247 07f5 08       		.uleb128 0x8
 1248 07f6 723800   		.ascii	"r8\000"
 1249 07f9 0A       		.byte	0xa
 1250 07fa 0B01     		.2byte	0x10b
 1251 07fc C4060000 		.4byte	0x6c4
 1252 0800 50       		.byte	0x50
 1253 0801 08       		.uleb128 0x8
 1254 0802 723900   		.ascii	"r9\000"
ARM GAS  /var/folders/sv/kgmgr77579zbf78p2zlhkdfr0000gn/T//ccZWPGBY.s 			page 23


 1255 0805 0A       		.byte	0xa
 1256 0806 0C01     		.2byte	0x10c
 1257 0808 C4060000 		.4byte	0x6c4
 1258 080c 54       		.byte	0x54
 1259 080d 08       		.uleb128 0x8
 1260 080e 72313000 		.ascii	"r10\000"
 1261 0812 0A       		.byte	0xa
 1262 0813 0D01     		.2byte	0x10d
 1263 0815 C4060000 		.4byte	0x6c4
 1264 0819 58       		.byte	0x58
 1265 081a 08       		.uleb128 0x8
 1266 081b 72313100 		.ascii	"r11\000"
 1267 081f 0A       		.byte	0xa
 1268 0820 0E01     		.2byte	0x10e
 1269 0822 C4060000 		.4byte	0x6c4
 1270 0826 5C       		.byte	0x5c
 1271 0827 08       		.uleb128 0x8
 1272 0828 6C7200   		.ascii	"lr\000"
 1273 082b 0A       		.byte	0xa
 1274 082c 0F01     		.2byte	0x10f
 1275 082e C4060000 		.4byte	0x6c4
 1276 0832 60       		.byte	0x60
 1277 0833 00       		.byte	0
 1278 0834 0A       		.uleb128 0xa
 1279 0835 04       		.byte	0x4
 1280 0836 F3060000 		.4byte	0x6f3
 1281 083a 15       		.uleb128 0x15
 1282 083b 04       		.byte	0x4
 1283 083c 0B       		.byte	0xb
 1284 083d 38       		.byte	0x38
 1285 083e 4F080000 		.4byte	0x84f
 1286 0842 07       		.uleb128 0x7
 1287 0843 03050000 		.4byte	.LASF121
 1288 0847 0B       		.byte	0xb
 1289 0848 3C       		.byte	0x3c
 1290 0849 D8000000 		.4byte	0xd8
 1291 084d 00       		.byte	0
 1292 084e 00       		.byte	0
 1293 084f 03       		.uleb128 0x3
 1294 0850 1F030000 		.4byte	.LASF122
 1295 0854 0B       		.byte	0xb
 1296 0855 3D       		.byte	0x3d
 1297 0856 3A080000 		.4byte	0x83a
 1298 085a 16       		.uleb128 0x16
 1299 085b 04       		.byte	0x4
 1300 085c 07       		.byte	0x7
 1301 085d FA       		.byte	0xfa
 1302 085e B7080000 		.4byte	0x8b7
 1303 0862 17       		.uleb128 0x17
 1304 0863 14000000 		.4byte	.LASF123
 1305 0867 07       		.byte	0x7
 1306 0868 0101     		.2byte	0x101
 1307 086a 1A010000 		.4byte	0x11a
 1308 086e 17       		.uleb128 0x17
 1309 086f 8B010000 		.4byte	.LASF124
 1310 0873 07       		.byte	0x7
 1311 0874 0801     		.2byte	0x108
ARM GAS  /var/folders/sv/kgmgr77579zbf78p2zlhkdfr0000gn/T//ccZWPGBY.s 			page 24


 1312 0876 1A010000 		.4byte	0x11a
 1313 087a 17       		.uleb128 0x17
 1314 087b 35010000 		.4byte	.LASF125
 1315 087f 07       		.byte	0x7
 1316 0880 0F01     		.2byte	0x10f
 1317 0882 3E030000 		.4byte	0x33e
 1318 0886 17       		.uleb128 0x17
 1319 0887 46010000 		.4byte	.LASF126
 1320 088b 07       		.byte	0x7
 1321 088c 1601     		.2byte	0x116
 1322 088e B7080000 		.4byte	0x8b7
 1323 0892 17       		.uleb128 0x17
 1324 0893 F5010000 		.4byte	.LASF127
 1325 0897 07       		.byte	0x7
 1326 0898 1E01     		.2byte	0x11e
 1327 089a E2080000 		.4byte	0x8e2
 1328 089e 17       		.uleb128 0x17
 1329 089f 6E040000 		.4byte	.LASF128
 1330 08a3 07       		.byte	0x7
 1331 08a4 2701     		.2byte	0x127
 1332 08a6 19090000 		.4byte	0x919
 1333 08aa 17       		.uleb128 0x17
 1334 08ab 13040000 		.4byte	.LASF129
 1335 08af 07       		.byte	0x7
 1336 08b0 2F01     		.2byte	0x12f
 1337 08b2 25010000 		.4byte	0x125
 1338 08b6 00       		.byte	0
 1339 08b7 0A       		.uleb128 0xa
 1340 08b8 04       		.byte	0x4
 1341 08b9 56020000 		.4byte	0x256
 1342 08bd 06       		.uleb128 0x6
 1343 08be 39040000 		.4byte	.LASF130
 1344 08c2 0C       		.byte	0xc
 1345 08c3 0C       		.byte	0xc
 1346 08c4 34       		.byte	0x34
 1347 08c5 E2080000 		.4byte	0x8e2
 1348 08c9 07       		.uleb128 0x7
 1349 08ca 25070000 		.4byte	.LASF131
 1350 08ce 0C       		.byte	0xc
 1351 08cf 35       		.byte	0x35
 1352 08d0 8B020000 		.4byte	0x28b
 1353 08d4 00       		.byte	0
 1354 08d5 07       		.uleb128 0x7
 1355 08d6 20020000 		.4byte	.LASF132
 1356 08da 0C       		.byte	0xc
 1357 08db 37       		.byte	0x37
 1358 08dc 30010000 		.4byte	0x130
 1359 08e0 08       		.byte	0x8
 1360 08e1 00       		.byte	0
 1361 08e2 0A       		.uleb128 0xa
 1362 08e3 04       		.byte	0x4
 1363 08e4 BD080000 		.4byte	0x8bd
 1364 08e8 06       		.uleb128 0x6
 1365 08e9 FE060000 		.4byte	.LASF133
 1366 08ed 10       		.byte	0x10
 1367 08ee 0D       		.byte	0xd
 1368 08ef 39       		.byte	0x39
ARM GAS  /var/folders/sv/kgmgr77579zbf78p2zlhkdfr0000gn/T//ccZWPGBY.s 			page 25


 1369 08f0 19090000 		.4byte	0x919
 1370 08f4 07       		.uleb128 0x7
 1371 08f5 2D010000 		.4byte	.LASF134
 1372 08f9 0D       		.byte	0xd
 1373 08fa 3A       		.byte	0x3a
 1374 08fb 8B020000 		.4byte	0x28b
 1375 08ff 00       		.byte	0
 1376 0900 07       		.uleb128 0x7
 1377 0901 33070000 		.4byte	.LASF135
 1378 0905 0D       		.byte	0xd
 1379 0906 3C       		.byte	0x3c
 1380 0907 61020000 		.4byte	0x261
 1381 090b 08       		.byte	0x8
 1382 090c 07       		.uleb128 0x7
 1383 090d C9040000 		.4byte	.LASF136
 1384 0911 0D       		.byte	0xd
 1385 0912 3E       		.byte	0x3e
 1386 0913 5C090000 		.4byte	0x95c
 1387 0917 0C       		.byte	0xc
 1388 0918 00       		.byte	0
 1389 0919 0A       		.uleb128 0xa
 1390 091a 04       		.byte	0x4
 1391 091b E8080000 		.4byte	0x8e8
 1392 091f 0A       		.uleb128 0xa
 1393 0920 04       		.byte	0x4
 1394 0921 2C090000 		.4byte	0x92c
 1395 0925 04       		.uleb128 0x4
 1396 0926 01       		.byte	0x1
 1397 0927 08       		.byte	0x8
 1398 0928 B2040000 		.4byte	.LASF137
 1399 092c 18       		.uleb128 0x18
 1400 092d 25090000 		.4byte	0x925
 1401 0931 05       		.uleb128 0x5
 1402 0932 3B010000 		.4byte	0x13b
 1403 0936 0A       		.uleb128 0xa
 1404 0937 04       		.byte	0x4
 1405 0938 40030000 		.4byte	0x340
 1406 093c 05       		.uleb128 0x5
 1407 093d 1F090000 		.4byte	0x91f
 1408 0941 10       		.uleb128 0x10
 1409 0942 CF060000 		.4byte	0x6cf
 1410 0946 51090000 		.4byte	0x951
 1411 094a 11       		.uleb128 0x11
 1412 094b 74040000 		.4byte	0x474
 1413 094f 3A       		.byte	0x3a
 1414 0950 00       		.byte	0
 1415 0951 03       		.uleb128 0x3
 1416 0952 BE010000 		.4byte	.LASF138
 1417 0956 0D       		.byte	0xd
 1418 0957 34       		.byte	0x34
 1419 0958 E8080000 		.4byte	0x8e8
 1420 095c 0A       		.uleb128 0xa
 1421 095d 04       		.byte	0x4
 1422 095e 51090000 		.4byte	0x951
 1423 0962 04       		.uleb128 0x4
 1424 0963 04       		.byte	0x4
 1425 0964 04       		.byte	0x4
ARM GAS  /var/folders/sv/kgmgr77579zbf78p2zlhkdfr0000gn/T//ccZWPGBY.s 			page 26


 1426 0965 56030000 		.4byte	.LASF139
 1427 0969 04       		.uleb128 0x4
 1428 096a 01       		.byte	0x1
 1429 096b 02       		.byte	0x2
 1430 096c C0030000 		.4byte	.LASF140
 1431 0970 19       		.uleb128 0x19
 1432 0971 65020000 		.4byte	.LASF146
 1433 0975 01       		.byte	0x1
 1434 0976 36       		.byte	0x36
 1435 0977 01       		.byte	0x1
 1436 0978 1A       		.uleb128 0x1a
 1437 0979 35050000 		.4byte	.LASF147
 1438 097d 01       		.byte	0x1
 1439 097e 72       		.byte	0x72
 1440 097f 00000000 		.4byte	.LFB257
 1441 0983 68000000 		.4byte	.LFE257-.LFB257
 1442 0987 01       		.uleb128 0x1
 1443 0988 9C       		.byte	0x9c
 1444 0989 A6090000 		.4byte	0x9a6
 1445 098d 1B       		.uleb128 0x1b
 1446 098e 70090000 		.4byte	0x970
 1447 0992 18000000 		.4byte	.LBB4
 1448 0996 00000000 		.4byte	.Ldebug_ranges0+0
 1449 099a 01       		.byte	0x1
 1450 099b 7F       		.byte	0x7f
 1451 099c 1C       		.uleb128 0x1c
 1452 099d 5E000000 		.4byte	.LVL0
 1453 09a1 DF090000 		.4byte	0x9df
 1454 09a5 00       		.byte	0
 1455 09a6 1D       		.uleb128 0x1d
 1456 09a7 AD010000 		.4byte	.LASF148
 1457 09ab 01       		.byte	0x1
 1458 09ac 92       		.byte	0x92
 1459 09ad 00000000 		.4byte	.LFB258
 1460 09b1 C8000000 		.4byte	.LFE258-.LFB258
 1461 09b5 01       		.uleb128 0x1
 1462 09b6 9C       		.byte	0x9c
 1463 09b7 1E       		.uleb128 0x1e
 1464 09b8 86000000 		.4byte	.LASF141
 1465 09bc 0E       		.byte	0xe
 1466 09bd A706     		.2byte	0x6a7
 1467 09bf CE000000 		.4byte	0xce
 1468 09c3 1F       		.uleb128 0x1f
 1469 09c4 5E050000 		.4byte	.LASF142
 1470 09c8 01       		.byte	0x1
 1471 09c9 27       		.byte	0x27
 1472 09ca B8000000 		.4byte	0xb8
 1473 09ce 05       		.uleb128 0x5
 1474 09cf 03       		.byte	0x3
 1475 09d0 00000000 		.4byte	SystemCoreClock
 1476 09d4 20       		.uleb128 0x20
 1477 09d5 636800   		.ascii	"ch\000"
 1478 09d8 07       		.byte	0x7
 1479 09d9 0902     		.2byte	0x209
 1480 09db 0D040000 		.4byte	0x40d
 1481 09df 21       		.uleb128 0x21
 1482 09e0 98040000 		.4byte	.LASF149
ARM GAS  /var/folders/sv/kgmgr77579zbf78p2zlhkdfr0000gn/T//ccZWPGBY.s 			page 27


 1483 09e4 98040000 		.4byte	.LASF149
 1484 09e8 0F       		.byte	0xf
 1485 09e9 C101     		.2byte	0x1c1
 1486 09eb 00       		.byte	0
 1487              		.section	.debug_abbrev,"",%progbits
 1488              	.Ldebug_abbrev0:
 1489 0000 01       		.uleb128 0x1
 1490 0001 11       		.uleb128 0x11
 1491 0002 01       		.byte	0x1
 1492 0003 25       		.uleb128 0x25
 1493 0004 0E       		.uleb128 0xe
 1494 0005 13       		.uleb128 0x13
 1495 0006 0B       		.uleb128 0xb
 1496 0007 03       		.uleb128 0x3
 1497 0008 0E       		.uleb128 0xe
 1498 0009 1B       		.uleb128 0x1b
 1499 000a 0E       		.uleb128 0xe
 1500 000b 55       		.uleb128 0x55
 1501 000c 17       		.uleb128 0x17
 1502 000d 11       		.uleb128 0x11
 1503 000e 01       		.uleb128 0x1
 1504 000f 10       		.uleb128 0x10
 1505 0010 17       		.uleb128 0x17
 1506 0011 00       		.byte	0
 1507 0012 00       		.byte	0
 1508 0013 02       		.uleb128 0x2
 1509 0014 24       		.uleb128 0x24
 1510 0015 00       		.byte	0
 1511 0016 0B       		.uleb128 0xb
 1512 0017 0B       		.uleb128 0xb
 1513 0018 3E       		.uleb128 0x3e
 1514 0019 0B       		.uleb128 0xb
 1515 001a 03       		.uleb128 0x3
 1516 001b 08       		.uleb128 0x8
 1517 001c 00       		.byte	0
 1518 001d 00       		.byte	0
 1519 001e 03       		.uleb128 0x3
 1520 001f 16       		.uleb128 0x16
 1521 0020 00       		.byte	0
 1522 0021 03       		.uleb128 0x3
 1523 0022 0E       		.uleb128 0xe
 1524 0023 3A       		.uleb128 0x3a
 1525 0024 0B       		.uleb128 0xb
 1526 0025 3B       		.uleb128 0x3b
 1527 0026 0B       		.uleb128 0xb
 1528 0027 49       		.uleb128 0x49
 1529 0028 13       		.uleb128 0x13
 1530 0029 00       		.byte	0
 1531 002a 00       		.byte	0
 1532 002b 04       		.uleb128 0x4
 1533 002c 24       		.uleb128 0x24
 1534 002d 00       		.byte	0
 1535 002e 0B       		.uleb128 0xb
 1536 002f 0B       		.uleb128 0xb
 1537 0030 3E       		.uleb128 0x3e
 1538 0031 0B       		.uleb128 0xb
 1539 0032 03       		.uleb128 0x3
ARM GAS  /var/folders/sv/kgmgr77579zbf78p2zlhkdfr0000gn/T//ccZWPGBY.s 			page 28


 1540 0033 0E       		.uleb128 0xe
 1541 0034 00       		.byte	0
 1542 0035 00       		.byte	0
 1543 0036 05       		.uleb128 0x5
 1544 0037 35       		.uleb128 0x35
 1545 0038 00       		.byte	0
 1546 0039 49       		.uleb128 0x49
 1547 003a 13       		.uleb128 0x13
 1548 003b 00       		.byte	0
 1549 003c 00       		.byte	0
 1550 003d 06       		.uleb128 0x6
 1551 003e 13       		.uleb128 0x13
 1552 003f 01       		.byte	0x1
 1553 0040 03       		.uleb128 0x3
 1554 0041 0E       		.uleb128 0xe
 1555 0042 0B       		.uleb128 0xb
 1556 0043 0B       		.uleb128 0xb
 1557 0044 3A       		.uleb128 0x3a
 1558 0045 0B       		.uleb128 0xb
 1559 0046 3B       		.uleb128 0x3b
 1560 0047 0B       		.uleb128 0xb
 1561 0048 01       		.uleb128 0x1
 1562 0049 13       		.uleb128 0x13
 1563 004a 00       		.byte	0
 1564 004b 00       		.byte	0
 1565 004c 07       		.uleb128 0x7
 1566 004d 0D       		.uleb128 0xd
 1567 004e 00       		.byte	0
 1568 004f 03       		.uleb128 0x3
 1569 0050 0E       		.uleb128 0xe
 1570 0051 3A       		.uleb128 0x3a
 1571 0052 0B       		.uleb128 0xb
 1572 0053 3B       		.uleb128 0x3b
 1573 0054 0B       		.uleb128 0xb
 1574 0055 49       		.uleb128 0x49
 1575 0056 13       		.uleb128 0x13
 1576 0057 38       		.uleb128 0x38
 1577 0058 0B       		.uleb128 0xb
 1578 0059 00       		.byte	0
 1579 005a 00       		.byte	0
 1580 005b 08       		.uleb128 0x8
 1581 005c 0D       		.uleb128 0xd
 1582 005d 00       		.byte	0
 1583 005e 03       		.uleb128 0x3
 1584 005f 08       		.uleb128 0x8
 1585 0060 3A       		.uleb128 0x3a
 1586 0061 0B       		.uleb128 0xb
 1587 0062 3B       		.uleb128 0x3b
 1588 0063 05       		.uleb128 0x5
 1589 0064 49       		.uleb128 0x49
 1590 0065 13       		.uleb128 0x13
 1591 0066 38       		.uleb128 0x38
 1592 0067 0B       		.uleb128 0xb
 1593 0068 00       		.byte	0
 1594 0069 00       		.byte	0
 1595 006a 09       		.uleb128 0x9
 1596 006b 0D       		.uleb128 0xd
ARM GAS  /var/folders/sv/kgmgr77579zbf78p2zlhkdfr0000gn/T//ccZWPGBY.s 			page 29


 1597 006c 00       		.byte	0
 1598 006d 03       		.uleb128 0x3
 1599 006e 0E       		.uleb128 0xe
 1600 006f 3A       		.uleb128 0x3a
 1601 0070 0B       		.uleb128 0xb
 1602 0071 3B       		.uleb128 0x3b
 1603 0072 05       		.uleb128 0x5
 1604 0073 49       		.uleb128 0x49
 1605 0074 13       		.uleb128 0x13
 1606 0075 38       		.uleb128 0x38
 1607 0076 0B       		.uleb128 0xb
 1608 0077 00       		.byte	0
 1609 0078 00       		.byte	0
 1610 0079 0A       		.uleb128 0xa
 1611 007a 0F       		.uleb128 0xf
 1612 007b 00       		.byte	0
 1613 007c 0B       		.uleb128 0xb
 1614 007d 0B       		.uleb128 0xb
 1615 007e 49       		.uleb128 0x49
 1616 007f 13       		.uleb128 0x13
 1617 0080 00       		.byte	0
 1618 0081 00       		.byte	0
 1619 0082 0B       		.uleb128 0xb
 1620 0083 13       		.uleb128 0x13
 1621 0084 01       		.byte	0x1
 1622 0085 03       		.uleb128 0x3
 1623 0086 0E       		.uleb128 0xe
 1624 0087 0B       		.uleb128 0xb
 1625 0088 0B       		.uleb128 0xb
 1626 0089 3A       		.uleb128 0x3a
 1627 008a 0B       		.uleb128 0xb
 1628 008b 3B       		.uleb128 0x3b
 1629 008c 05       		.uleb128 0x5
 1630 008d 01       		.uleb128 0x1
 1631 008e 13       		.uleb128 0x13
 1632 008f 00       		.byte	0
 1633 0090 00       		.byte	0
 1634 0091 0C       		.uleb128 0xc
 1635 0092 15       		.uleb128 0x15
 1636 0093 01       		.byte	0x1
 1637 0094 27       		.uleb128 0x27
 1638 0095 19       		.uleb128 0x19
 1639 0096 01       		.uleb128 0x1
 1640 0097 13       		.uleb128 0x13
 1641 0098 00       		.byte	0
 1642 0099 00       		.byte	0
 1643 009a 0D       		.uleb128 0xd
 1644 009b 05       		.uleb128 0x5
 1645 009c 00       		.byte	0
 1646 009d 49       		.uleb128 0x49
 1647 009e 13       		.uleb128 0x13
 1648 009f 00       		.byte	0
 1649 00a0 00       		.byte	0
 1650 00a1 0E       		.uleb128 0xe
 1651 00a2 0F       		.uleb128 0xf
 1652 00a3 00       		.byte	0
 1653 00a4 0B       		.uleb128 0xb
ARM GAS  /var/folders/sv/kgmgr77579zbf78p2zlhkdfr0000gn/T//ccZWPGBY.s 			page 30


 1654 00a5 0B       		.uleb128 0xb
 1655 00a6 00       		.byte	0
 1656 00a7 00       		.byte	0
 1657 00a8 0F       		.uleb128 0xf
 1658 00a9 13       		.uleb128 0x13
 1659 00aa 01       		.byte	0x1
 1660 00ab 03       		.uleb128 0x3
 1661 00ac 0E       		.uleb128 0xe
 1662 00ad 0B       		.uleb128 0xb
 1663 00ae 05       		.uleb128 0x5
 1664 00af 3A       		.uleb128 0x3a
 1665 00b0 0B       		.uleb128 0xb
 1666 00b1 3B       		.uleb128 0x3b
 1667 00b2 05       		.uleb128 0x5
 1668 00b3 01       		.uleb128 0x1
 1669 00b4 13       		.uleb128 0x13
 1670 00b5 00       		.byte	0
 1671 00b6 00       		.byte	0
 1672 00b7 10       		.uleb128 0x10
 1673 00b8 01       		.uleb128 0x1
 1674 00b9 01       		.byte	0x1
 1675 00ba 49       		.uleb128 0x49
 1676 00bb 13       		.uleb128 0x13
 1677 00bc 01       		.uleb128 0x1
 1678 00bd 13       		.uleb128 0x13
 1679 00be 00       		.byte	0
 1680 00bf 00       		.byte	0
 1681 00c0 11       		.uleb128 0x11
 1682 00c1 21       		.uleb128 0x21
 1683 00c2 00       		.byte	0
 1684 00c3 49       		.uleb128 0x49
 1685 00c4 13       		.uleb128 0x13
 1686 00c5 2F       		.uleb128 0x2f
 1687 00c6 0B       		.uleb128 0xb
 1688 00c7 00       		.byte	0
 1689 00c8 00       		.byte	0
 1690 00c9 12       		.uleb128 0x12
 1691 00ca 13       		.uleb128 0x13
 1692 00cb 01       		.byte	0x1
 1693 00cc 0B       		.uleb128 0xb
 1694 00cd 0B       		.uleb128 0xb
 1695 00ce 3A       		.uleb128 0x3a
 1696 00cf 0B       		.uleb128 0xb
 1697 00d0 3B       		.uleb128 0x3b
 1698 00d1 05       		.uleb128 0x5
 1699 00d2 01       		.uleb128 0x1
 1700 00d3 13       		.uleb128 0x13
 1701 00d4 00       		.byte	0
 1702 00d5 00       		.byte	0
 1703 00d6 13       		.uleb128 0x13
 1704 00d7 16       		.uleb128 0x16
 1705 00d8 00       		.byte	0
 1706 00d9 03       		.uleb128 0x3
 1707 00da 0E       		.uleb128 0xe
 1708 00db 3A       		.uleb128 0x3a
 1709 00dc 0B       		.uleb128 0xb
 1710 00dd 3B       		.uleb128 0x3b
ARM GAS  /var/folders/sv/kgmgr77579zbf78p2zlhkdfr0000gn/T//ccZWPGBY.s 			page 31


 1711 00de 05       		.uleb128 0x5
 1712 00df 49       		.uleb128 0x49
 1713 00e0 13       		.uleb128 0x13
 1714 00e1 00       		.byte	0
 1715 00e2 00       		.byte	0
 1716 00e3 14       		.uleb128 0x14
 1717 00e4 0D       		.uleb128 0xd
 1718 00e5 00       		.byte	0
 1719 00e6 03       		.uleb128 0x3
 1720 00e7 08       		.uleb128 0x8
 1721 00e8 3A       		.uleb128 0x3a
 1722 00e9 0B       		.uleb128 0xb
 1723 00ea 3B       		.uleb128 0x3b
 1724 00eb 0B       		.uleb128 0xb
 1725 00ec 49       		.uleb128 0x49
 1726 00ed 13       		.uleb128 0x13
 1727 00ee 38       		.uleb128 0x38
 1728 00ef 0B       		.uleb128 0xb
 1729 00f0 00       		.byte	0
 1730 00f1 00       		.byte	0
 1731 00f2 15       		.uleb128 0x15
 1732 00f3 13       		.uleb128 0x13
 1733 00f4 01       		.byte	0x1
 1734 00f5 0B       		.uleb128 0xb
 1735 00f6 0B       		.uleb128 0xb
 1736 00f7 3A       		.uleb128 0x3a
 1737 00f8 0B       		.uleb128 0xb
 1738 00f9 3B       		.uleb128 0x3b
 1739 00fa 0B       		.uleb128 0xb
 1740 00fb 01       		.uleb128 0x1
 1741 00fc 13       		.uleb128 0x13
 1742 00fd 00       		.byte	0
 1743 00fe 00       		.byte	0
 1744 00ff 16       		.uleb128 0x16
 1745 0100 17       		.uleb128 0x17
 1746 0101 01       		.byte	0x1
 1747 0102 0B       		.uleb128 0xb
 1748 0103 0B       		.uleb128 0xb
 1749 0104 3A       		.uleb128 0x3a
 1750 0105 0B       		.uleb128 0xb
 1751 0106 3B       		.uleb128 0x3b
 1752 0107 0B       		.uleb128 0xb
 1753 0108 01       		.uleb128 0x1
 1754 0109 13       		.uleb128 0x13
 1755 010a 00       		.byte	0
 1756 010b 00       		.byte	0
 1757 010c 17       		.uleb128 0x17
 1758 010d 0D       		.uleb128 0xd
 1759 010e 00       		.byte	0
 1760 010f 03       		.uleb128 0x3
 1761 0110 0E       		.uleb128 0xe
 1762 0111 3A       		.uleb128 0x3a
 1763 0112 0B       		.uleb128 0xb
 1764 0113 3B       		.uleb128 0x3b
 1765 0114 05       		.uleb128 0x5
 1766 0115 49       		.uleb128 0x49
 1767 0116 13       		.uleb128 0x13
ARM GAS  /var/folders/sv/kgmgr77579zbf78p2zlhkdfr0000gn/T//ccZWPGBY.s 			page 32


 1768 0117 00       		.byte	0
 1769 0118 00       		.byte	0
 1770 0119 18       		.uleb128 0x18
 1771 011a 26       		.uleb128 0x26
 1772 011b 00       		.byte	0
 1773 011c 49       		.uleb128 0x49
 1774 011d 13       		.uleb128 0x13
 1775 011e 00       		.byte	0
 1776 011f 00       		.byte	0
 1777 0120 19       		.uleb128 0x19
 1778 0121 2E       		.uleb128 0x2e
 1779 0122 00       		.byte	0
 1780 0123 03       		.uleb128 0x3
 1781 0124 0E       		.uleb128 0xe
 1782 0125 3A       		.uleb128 0x3a
 1783 0126 0B       		.uleb128 0xb
 1784 0127 3B       		.uleb128 0x3b
 1785 0128 0B       		.uleb128 0xb
 1786 0129 27       		.uleb128 0x27
 1787 012a 19       		.uleb128 0x19
 1788 012b 20       		.uleb128 0x20
 1789 012c 0B       		.uleb128 0xb
 1790 012d 00       		.byte	0
 1791 012e 00       		.byte	0
 1792 012f 1A       		.uleb128 0x1a
 1793 0130 2E       		.uleb128 0x2e
 1794 0131 01       		.byte	0x1
 1795 0132 3F       		.uleb128 0x3f
 1796 0133 19       		.uleb128 0x19
 1797 0134 03       		.uleb128 0x3
 1798 0135 0E       		.uleb128 0xe
 1799 0136 3A       		.uleb128 0x3a
 1800 0137 0B       		.uleb128 0xb
 1801 0138 3B       		.uleb128 0x3b
 1802 0139 0B       		.uleb128 0xb
 1803 013a 27       		.uleb128 0x27
 1804 013b 19       		.uleb128 0x19
 1805 013c 11       		.uleb128 0x11
 1806 013d 01       		.uleb128 0x1
 1807 013e 12       		.uleb128 0x12
 1808 013f 06       		.uleb128 0x6
 1809 0140 40       		.uleb128 0x40
 1810 0141 18       		.uleb128 0x18
 1811 0142 9742     		.uleb128 0x2117
 1812 0144 19       		.uleb128 0x19
 1813 0145 01       		.uleb128 0x1
 1814 0146 13       		.uleb128 0x13
 1815 0147 00       		.byte	0
 1816 0148 00       		.byte	0
 1817 0149 1B       		.uleb128 0x1b
 1818 014a 1D       		.uleb128 0x1d
 1819 014b 00       		.byte	0
 1820 014c 31       		.uleb128 0x31
 1821 014d 13       		.uleb128 0x13
 1822 014e 52       		.uleb128 0x52
 1823 014f 01       		.uleb128 0x1
 1824 0150 55       		.uleb128 0x55
ARM GAS  /var/folders/sv/kgmgr77579zbf78p2zlhkdfr0000gn/T//ccZWPGBY.s 			page 33


 1825 0151 17       		.uleb128 0x17
 1826 0152 58       		.uleb128 0x58
 1827 0153 0B       		.uleb128 0xb
 1828 0154 59       		.uleb128 0x59
 1829 0155 0B       		.uleb128 0xb
 1830 0156 00       		.byte	0
 1831 0157 00       		.byte	0
 1832 0158 1C       		.uleb128 0x1c
 1833 0159 898201   		.uleb128 0x4109
 1834 015c 00       		.byte	0
 1835 015d 11       		.uleb128 0x11
 1836 015e 01       		.uleb128 0x1
 1837 015f 9542     		.uleb128 0x2115
 1838 0161 19       		.uleb128 0x19
 1839 0162 31       		.uleb128 0x31
 1840 0163 13       		.uleb128 0x13
 1841 0164 00       		.byte	0
 1842 0165 00       		.byte	0
 1843 0166 1D       		.uleb128 0x1d
 1844 0167 2E       		.uleb128 0x2e
 1845 0168 00       		.byte	0
 1846 0169 3F       		.uleb128 0x3f
 1847 016a 19       		.uleb128 0x19
 1848 016b 03       		.uleb128 0x3
 1849 016c 0E       		.uleb128 0xe
 1850 016d 3A       		.uleb128 0x3a
 1851 016e 0B       		.uleb128 0xb
 1852 016f 3B       		.uleb128 0x3b
 1853 0170 0B       		.uleb128 0xb
 1854 0171 27       		.uleb128 0x27
 1855 0172 19       		.uleb128 0x19
 1856 0173 11       		.uleb128 0x11
 1857 0174 01       		.uleb128 0x1
 1858 0175 12       		.uleb128 0x12
 1859 0176 06       		.uleb128 0x6
 1860 0177 40       		.uleb128 0x40
 1861 0178 18       		.uleb128 0x18
 1862 0179 9742     		.uleb128 0x2117
 1863 017b 19       		.uleb128 0x19
 1864 017c 00       		.byte	0
 1865 017d 00       		.byte	0
 1866 017e 1E       		.uleb128 0x1e
 1867 017f 34       		.uleb128 0x34
 1868 0180 00       		.byte	0
 1869 0181 03       		.uleb128 0x3
 1870 0182 0E       		.uleb128 0xe
 1871 0183 3A       		.uleb128 0x3a
 1872 0184 0B       		.uleb128 0xb
 1873 0185 3B       		.uleb128 0x3b
 1874 0186 05       		.uleb128 0x5
 1875 0187 49       		.uleb128 0x49
 1876 0188 13       		.uleb128 0x13
 1877 0189 3F       		.uleb128 0x3f
 1878 018a 19       		.uleb128 0x19
 1879 018b 3C       		.uleb128 0x3c
 1880 018c 19       		.uleb128 0x19
 1881 018d 00       		.byte	0
ARM GAS  /var/folders/sv/kgmgr77579zbf78p2zlhkdfr0000gn/T//ccZWPGBY.s 			page 34


 1882 018e 00       		.byte	0
 1883 018f 1F       		.uleb128 0x1f
 1884 0190 34       		.uleb128 0x34
 1885 0191 00       		.byte	0
 1886 0192 03       		.uleb128 0x3
 1887 0193 0E       		.uleb128 0xe
 1888 0194 3A       		.uleb128 0x3a
 1889 0195 0B       		.uleb128 0xb
 1890 0196 3B       		.uleb128 0x3b
 1891 0197 0B       		.uleb128 0xb
 1892 0198 49       		.uleb128 0x49
 1893 0199 13       		.uleb128 0x13
 1894 019a 3F       		.uleb128 0x3f
 1895 019b 19       		.uleb128 0x19
 1896 019c 02       		.uleb128 0x2
 1897 019d 18       		.uleb128 0x18
 1898 019e 00       		.byte	0
 1899 019f 00       		.byte	0
 1900 01a0 20       		.uleb128 0x20
 1901 01a1 34       		.uleb128 0x34
 1902 01a2 00       		.byte	0
 1903 01a3 03       		.uleb128 0x3
 1904 01a4 08       		.uleb128 0x8
 1905 01a5 3A       		.uleb128 0x3a
 1906 01a6 0B       		.uleb128 0xb
 1907 01a7 3B       		.uleb128 0x3b
 1908 01a8 05       		.uleb128 0x5
 1909 01a9 49       		.uleb128 0x49
 1910 01aa 13       		.uleb128 0x13
 1911 01ab 3F       		.uleb128 0x3f
 1912 01ac 19       		.uleb128 0x19
 1913 01ad 3C       		.uleb128 0x3c
 1914 01ae 19       		.uleb128 0x19
 1915 01af 00       		.byte	0
 1916 01b0 00       		.byte	0
 1917 01b1 21       		.uleb128 0x21
 1918 01b2 2E       		.uleb128 0x2e
 1919 01b3 00       		.byte	0
 1920 01b4 3F       		.uleb128 0x3f
 1921 01b5 19       		.uleb128 0x19
 1922 01b6 3C       		.uleb128 0x3c
 1923 01b7 19       		.uleb128 0x19
 1924 01b8 6E       		.uleb128 0x6e
 1925 01b9 0E       		.uleb128 0xe
 1926 01ba 03       		.uleb128 0x3
 1927 01bb 0E       		.uleb128 0xe
 1928 01bc 3A       		.uleb128 0x3a
 1929 01bd 0B       		.uleb128 0xb
 1930 01be 3B       		.uleb128 0x3b
 1931 01bf 05       		.uleb128 0x5
 1932 01c0 00       		.byte	0
 1933 01c1 00       		.byte	0
 1934 01c2 00       		.byte	0
 1935              		.section	.debug_aranges,"",%progbits
 1936 0000 24000000 		.4byte	0x24
 1937 0004 0200     		.2byte	0x2
 1938 0006 00000000 		.4byte	.Ldebug_info0
ARM GAS  /var/folders/sv/kgmgr77579zbf78p2zlhkdfr0000gn/T//ccZWPGBY.s 			page 35


 1939 000a 04       		.byte	0x4
 1940 000b 00       		.byte	0
 1941 000c 0000     		.2byte	0
 1942 000e 0000     		.2byte	0
 1943 0010 00000000 		.4byte	.LFB257
 1944 0014 68000000 		.4byte	.LFE257-.LFB257
 1945 0018 00000000 		.4byte	.LFB258
 1946 001c C8000000 		.4byte	.LFE258-.LFB258
 1947 0020 00000000 		.4byte	0
 1948 0024 00000000 		.4byte	0
 1949              		.section	.debug_ranges,"",%progbits
 1950              	.Ldebug_ranges0:
 1951 0000 18000000 		.4byte	.LBB4
 1952 0004 1A000000 		.4byte	.LBE4
 1953 0008 30000000 		.4byte	.LBB8
 1954 000c 4E000000 		.4byte	.LBE8
 1955 0010 52000000 		.4byte	.LBB9
 1956 0014 5A000000 		.4byte	.LBE9
 1957 0018 00000000 		.4byte	0
 1958 001c 00000000 		.4byte	0
 1959 0020 00000000 		.4byte	.LFB257
 1960 0024 68000000 		.4byte	.LFE257
 1961 0028 00000000 		.4byte	.LFB258
 1962 002c C8000000 		.4byte	.LFE258
 1963 0030 00000000 		.4byte	0
 1964 0034 00000000 		.4byte	0
 1965              		.section	.debug_line,"",%progbits
 1966              	.Ldebug_line0:
 1967 0000 2A030000 		.section	.debug_str,"MS",%progbits,1
 1967      02009B02 
 1967      00000201 
 1967      FB0E0D00 
 1967      01010101 
 1968              	.LASF54:
 1969 0000 72656164 		.ascii	"ready_list_t\000"
 1969      795F6C69 
 1969      73745F74 
 1969      00
 1970              	.LASF2:
 1971 000d 73697A65 		.ascii	"size_t\000"
 1971      5F7400
 1972              	.LASF123:
 1973 0014 7264796D 		.ascii	"rdymsg\000"
 1973      736700
 1974              	.LASF17:
 1975 001b 75696E74 		.ascii	"uint64_t\000"
 1975      36345F74 
 1975      00
 1976              	.LASF3:
 1977 0024 5F5F7569 		.ascii	"__uint8_t\000"
 1977      6E74385F 
 1977      7400
 1978              	.LASF120:
 1979 002e 706F7274 		.ascii	"port_intctx\000"
 1979      5F696E74 
 1979      63747800 
 1980              	.LASF79:
ARM GAS  /var/folders/sv/kgmgr77579zbf78p2zlhkdfr0000gn/T//ccZWPGBY.s 			page 36


 1981 003a 76746C69 		.ascii	"vtlist\000"
 1981      737400
 1982              	.LASF85:
 1983 0041 4F505443 		.ascii	"OPTCR\000"
 1983      5200
 1984              	.LASF86:
 1985 0047 4F505443 		.ascii	"OPTCR1\000"
 1985      523100
 1986              	.LASF13:
 1987 004e 6C6F6E67 		.ascii	"long long unsigned int\000"
 1987      206C6F6E 
 1987      6720756E 
 1987      7369676E 
 1987      65642069 
 1988              	.LASF80:
 1989 0065 6D61696E 		.ascii	"mainthread\000"
 1989      74687265 
 1989      616400
 1990              	.LASF70:
 1991 0070 76697274 		.ascii	"virtual_timers_list_t\000"
 1991      75616C5F 
 1991      74696D65 
 1991      72735F6C 
 1991      6973745F 
 1992              	.LASF141:
 1993 0086 49544D5F 		.ascii	"ITM_RxBuffer\000"
 1993      52784275 
 1993      66666572 
 1993      00
 1994              	.LASF144:
 1995 0093 43686962 		.ascii	"ChibiOS_3.0.2/os/hal/ports/STM32/STM32F4xx/hal_lld."
 1995      694F535F 
 1995      332E302E 
 1995      322F6F73 
 1995      2F68616C 
 1996 00c6 6300     		.ascii	"c\000"
 1997              	.LASF97:
 1998 00c8 52455345 		.ascii	"RESERVED1\000"
 1998      52564544 
 1998      3100
 1999              	.LASF53:
 2000 00d2 63685F74 		.ascii	"ch_threads_queue\000"
 2000      68726561 
 2000      64735F71 
 2000      75657565 
 2000      00
 2001              	.LASF105:
 2002 00e3 41484231 		.ascii	"AHB1LPENR\000"
 2002      4C50454E 
 2002      5200
 2003              	.LASF31:
 2004 00ed 705F7072 		.ascii	"p_prio\000"
 2004      696F00
 2005              	.LASF11:
 2006 00f4 6C6F6E67 		.ascii	"long long int\000"
 2006      206C6F6E 
 2006      6720696E 
ARM GAS  /var/folders/sv/kgmgr77579zbf78p2zlhkdfr0000gn/T//ccZWPGBY.s 			page 37


 2006      7400
 2007              	.LASF1:
 2008 0102 7369676E 		.ascii	"signed char\000"
 2008      65642063 
 2008      68617200 
 2009              	.LASF91:
 2010 010e 41484231 		.ascii	"AHB1RSTR\000"
 2010      52535452 
 2010      00
 2011              	.LASF87:
 2012 0117 464C4153 		.ascii	"FLASH_TypeDef\000"
 2012      485F5479 
 2012      70654465 
 2012      6600
 2013              	.LASF47:
 2014 0125 705F6D70 		.ascii	"p_mpool\000"
 2014      6F6F6C00 
 2015              	.LASF134:
 2016 012d 6D5F7175 		.ascii	"m_queue\000"
 2016      65756500 
 2017              	.LASF125:
 2018 0135 77746F62 		.ascii	"wtobjp\000"
 2018      6A7000
 2019              	.LASF22:
 2020 013c 74736C69 		.ascii	"tslices_t\000"
 2020      6365735F 
 2020      7400
 2021              	.LASF126:
 2022 0146 77747472 		.ascii	"wttrp\000"
 2022      7000
 2023              	.LASF77:
 2024 014c 63685F73 		.ascii	"ch_system\000"
 2024      79737465 
 2024      6D00
 2025              	.LASF8:
 2026 0156 6C6F6E67 		.ascii	"long int\000"
 2026      20696E74 
 2026      00
 2027              	.LASF96:
 2028 015f 41504232 		.ascii	"APB2RSTR\000"
 2028      52535452 
 2028      00
 2029              	.LASF109:
 2030 0168 41504231 		.ascii	"APB1LPENR\000"
 2030      4C50454E 
 2030      5200
 2031              	.LASF20:
 2032 0172 74737461 		.ascii	"tstate_t\000"
 2032      74655F74 
 2032      00
 2033              	.LASF33:
 2034 017b 705F6E65 		.ascii	"p_newer\000"
 2034      77657200 
 2035              	.LASF84:
 2036 0183 4F50544B 		.ascii	"OPTKEYR\000"
 2036      45595200 
 2037              	.LASF124:
ARM GAS  /var/folders/sv/kgmgr77579zbf78p2zlhkdfr0000gn/T//ccZWPGBY.s 			page 38


 2038 018b 65786974 		.ascii	"exitcode\000"
 2038      636F6465 
 2038      00
 2039              	.LASF59:
 2040 0194 725F6E65 		.ascii	"r_newer\000"
 2040      77657200 
 2041              	.LASF117:
 2042 019c 72656761 		.ascii	"regarm_t\000"
 2042      726D5F74 
 2042      00
 2043              	.LASF66:
 2044 01a5 76745F70 		.ascii	"vt_prev\000"
 2044      72657600 
 2045              	.LASF148:
 2046 01ad 73746D33 		.ascii	"stm32_clock_init\000"
 2046      325F636C 
 2046      6F636B5F 
 2046      696E6974 
 2046      00
 2047              	.LASF138:
 2048 01be 6D757465 		.ascii	"mutex_t\000"
 2048      785F7400 
 2049              	.LASF81:
 2050 01c6 69646C65 		.ascii	"idle_thread_wa\000"
 2050      5F746872 
 2050      6561645F 
 2050      776100
 2051              	.LASF26:
 2052 01d5 636E745F 		.ascii	"cnt_t\000"
 2052      7400
 2053              	.LASF0:
 2054 01db 756E7369 		.ascii	"unsigned int\000"
 2054      676E6564 
 2054      20696E74 
 2054      00
 2055              	.LASF65:
 2056 01e8 76745F6E 		.ascii	"vt_next\000"
 2056      65787400 
 2057              	.LASF90:
 2058 01f0 43464752 		.ascii	"CFGR\000"
 2058      00
 2059              	.LASF127:
 2060 01f5 77747365 		.ascii	"wtsemp\000"
 2060      6D7000
 2061              	.LASF67:
 2062 01fc 76745F64 		.ascii	"vt_delta\000"
 2062      656C7461 
 2062      00
 2063              	.LASF73:
 2064 0205 73797374 		.ascii	"system_debug_t\000"
 2064      656D5F64 
 2064      65627567 
 2064      5F7400
 2065              	.LASF116:
 2066 0214 5243435F 		.ascii	"RCC_TypeDef\000"
 2066      54797065 
 2066      44656600 
ARM GAS  /var/folders/sv/kgmgr77579zbf78p2zlhkdfr0000gn/T//ccZWPGBY.s 			page 39


 2067              	.LASF132:
 2068 0220 735F636E 		.ascii	"s_cnt\000"
 2068      7400
 2069              	.LASF119:
 2070 0226 636F6E74 		.ascii	"context\000"
 2070      65787400 
 2071              	.LASF6:
 2072 022e 73686F72 		.ascii	"short unsigned int\000"
 2072      7420756E 
 2072      7369676E 
 2072      65642069 
 2072      6E7400
 2073              	.LASF50:
 2074 0241 63685F74 		.ascii	"ch_thread\000"
 2074      68726561 
 2074      6400
 2075              	.LASF115:
 2076 024b 504C4C49 		.ascii	"PLLI2SCFGR\000"
 2076      32534346 
 2076      475200
 2077              	.LASF24:
 2078 0256 6D73675F 		.ascii	"msg_t\000"
 2078      7400
 2079              	.LASF93:
 2080 025c 41484233 		.ascii	"AHB3RSTR\000"
 2080      52535452 
 2080      00
 2081              	.LASF146:
 2082 0265 68616C5F 		.ascii	"hal_lld_backup_domain_init\000"
 2082      6C6C645F 
 2082      6261636B 
 2082      75705F64 
 2082      6F6D6169 
 2083              	.LASF76:
 2084 0280 63685F73 		.ascii	"ch_system_t\000"
 2084      79737465 
 2084      6D5F7400 
 2085              	.LASF19:
 2086 028c 746D6F64 		.ascii	"tmode_t\000"
 2086      655F7400 
 2087              	.LASF110:
 2088 0294 41504232 		.ascii	"APB2LPENR\000"
 2088      4C50454E 
 2088      5200
 2089              	.LASF55:
 2090 029e 63685F72 		.ascii	"ch_ready_list\000"
 2090      65616479 
 2090      5F6C6973 
 2090      7400
 2091              	.LASF25:
 2092 02ac 6576656E 		.ascii	"eventmask_t\000"
 2092      746D6173 
 2092      6B5F7400 
 2093              	.LASF7:
 2094 02b8 5F5F696E 		.ascii	"__int32_t\000"
 2094      7433325F 
 2094      7400
ARM GAS  /var/folders/sv/kgmgr77579zbf78p2zlhkdfr0000gn/T//ccZWPGBY.s 			page 40


 2095              	.LASF118:
 2096 02c2 73746B61 		.ascii	"stkalign_t\000"
 2096      6C69676E 
 2096      5F7400
 2097              	.LASF18:
 2098 02cd 7274636E 		.ascii	"rtcnt_t\000"
 2098      745F7400 
 2099              	.LASF48:
 2100 02d5 74687265 		.ascii	"thread_reference_t\000"
 2100      61645F72 
 2100      65666572 
 2100      656E6365 
 2100      5F7400
 2101              	.LASF71:
 2102 02e8 63685F76 		.ascii	"ch_virtual_timers_list\000"
 2102      69727475 
 2102      616C5F74 
 2102      696D6572 
 2102      735F6C69 
 2103              	.LASF68:
 2104 02ff 76745F66 		.ascii	"vt_func\000"
 2104      756E6300 
 2105              	.LASF34:
 2106 0307 705F6F6C 		.ascii	"p_older\000"
 2106      64657200 
 2107              	.LASF58:
 2108 030f 725F6374 		.ascii	"r_ctx\000"
 2108      7800
 2109              	.LASF106:
 2110 0315 41484232 		.ascii	"AHB2LPENR\000"
 2110      4C50454E 
 2110      5200
 2111              	.LASF122:
 2112 031f 746D5F63 		.ascii	"tm_calibration_t\000"
 2112      616C6962 
 2112      72617469 
 2112      6F6E5F74 
 2112      00
 2113              	.LASF89:
 2114 0330 504C4C43 		.ascii	"PLLCFGR\000"
 2114      46475200 
 2115              	.LASF61:
 2116 0338 725F6375 		.ascii	"r_current\000"
 2116      7272656E 
 2116      7400
 2117              	.LASF95:
 2118 0342 41504231 		.ascii	"APB1RSTR\000"
 2118      52535452 
 2118      00
 2119              	.LASF12:
 2120 034b 5F5F7569 		.ascii	"__uint64_t\000"
 2120      6E743634 
 2120      5F7400
 2121              	.LASF139:
 2122 0356 666C6F61 		.ascii	"float\000"
 2122      7400
 2123              	.LASF21:
ARM GAS  /var/folders/sv/kgmgr77579zbf78p2zlhkdfr0000gn/T//ccZWPGBY.s 			page 41


 2124 035c 74726566 		.ascii	"trefs_t\000"
 2124      735F7400 
 2125              	.LASF94:
 2126 0364 52455345 		.ascii	"RESERVED0\000"
 2126      52564544 
 2126      3000
 2127              	.LASF83:
 2128 036e 4B455952 		.ascii	"KEYR\000"
 2128      00
 2129              	.LASF101:
 2130 0373 52455345 		.ascii	"RESERVED2\000"
 2130      52564544 
 2130      3200
 2131              	.LASF104:
 2132 037d 52455345 		.ascii	"RESERVED3\000"
 2132      52564544 
 2132      3300
 2133              	.LASF63:
 2134 0387 76697274 		.ascii	"virtual_timer_t\000"
 2134      75616C5F 
 2134      74696D65 
 2134      725F7400 
 2135              	.LASF30:
 2136 0397 705F7072 		.ascii	"p_prev\000"
 2136      657600
 2137              	.LASF113:
 2138 039e 52455345 		.ascii	"RESERVED6\000"
 2138      52564544 
 2138      3600
 2139              	.LASF23:
 2140 03a8 74707269 		.ascii	"tprio_t\000"
 2140      6F5F7400 
 2141              	.LASF74:
 2142 03b0 63685F73 		.ascii	"ch_system_debug\000"
 2142      79737465 
 2142      6D5F6465 
 2142      62756700 
 2143              	.LASF140:
 2144 03c0 5F426F6F 		.ascii	"_Bool\000"
 2144      6C00
 2145              	.LASF15:
 2146 03c6 696E7433 		.ascii	"int32_t\000"
 2146      325F7400 
 2147              	.LASF4:
 2148 03ce 756E7369 		.ascii	"unsigned char\000"
 2148      676E6564 
 2148      20636861 
 2148      7200
 2149              	.LASF45:
 2150 03dc 705F6D74 		.ascii	"p_mtxlist\000"
 2150      786C6973 
 2150      7400
 2151              	.LASF5:
 2152 03e6 73686F72 		.ascii	"short int\000"
 2152      7420696E 
 2152      7400
 2153              	.LASF36:
ARM GAS  /var/folders/sv/kgmgr77579zbf78p2zlhkdfr0000gn/T//ccZWPGBY.s 			page 42


 2154 03f0 705F7374 		.ascii	"p_state\000"
 2154      61746500 
 2155              	.LASF39:
 2156 03f8 705F7072 		.ascii	"p_preempt\000"
 2156      65656D70 
 2156      7400
 2157              	.LASF107:
 2158 0402 41484233 		.ascii	"AHB3LPENR\000"
 2158      4C50454E 
 2158      5200
 2159              	.LASF57:
 2160 040c 725F7072 		.ascii	"r_prio\000"
 2160      696F00
 2161              	.LASF129:
 2162 0413 65776D61 		.ascii	"ewmask\000"
 2162      736B00
 2163              	.LASF29:
 2164 041a 705F6E65 		.ascii	"p_next\000"
 2164      787400
 2165              	.LASF37:
 2166 0421 705F666C 		.ascii	"p_flags\000"
 2166      61677300 
 2167              	.LASF103:
 2168 0429 41504232 		.ascii	"APB2ENR\000"
 2168      454E5200 
 2169              	.LASF100:
 2170 0431 41484233 		.ascii	"AHB3ENR\000"
 2170      454E5200 
 2171              	.LASF130:
 2172 0439 63685F73 		.ascii	"ch_semaphore\000"
 2172      656D6170 
 2172      686F7265 
 2172      00
 2173              	.LASF44:
 2174 0446 705F6570 		.ascii	"p_epending\000"
 2174      656E6469 
 2174      6E6700
 2175              	.LASF108:
 2176 0451 52455345 		.ascii	"RESERVED4\000"
 2176      52564544 
 2176      3400
 2177              	.LASF111:
 2178 045b 52455345 		.ascii	"RESERVED5\000"
 2178      52564544 
 2178      3500
 2179              	.LASF16:
 2180 0465 75696E74 		.ascii	"uint32_t\000"
 2180      33325F74 
 2180      00
 2181              	.LASF128:
 2182 046e 77746D74 		.ascii	"wtmtxp\000"
 2182      787000
 2183              	.LASF56:
 2184 0475 725F7175 		.ascii	"r_queue\000"
 2184      65756500 
 2185              	.LASF72:
 2186 047d 76745F73 		.ascii	"vt_systime\000"
ARM GAS  /var/folders/sv/kgmgr77579zbf78p2zlhkdfr0000gn/T//ccZWPGBY.s 			page 43


 2186      79737469 
 2186      6D6500
 2187              	.LASF51:
 2188 0488 63685F74 		.ascii	"ch_threads_list\000"
 2188      68726561 
 2188      64735F6C 
 2188      69737400 
 2189              	.LASF149:
 2190 0498 646D6149 		.ascii	"dmaInit\000"
 2190      6E697400 
 2191              	.LASF10:
 2192 04a0 6C6F6E67 		.ascii	"long unsigned int\000"
 2192      20756E73 
 2192      69676E65 
 2192      6420696E 
 2192      7400
 2193              	.LASF137:
 2194 04b2 63686172 		.ascii	"char\000"
 2194      00
 2195              	.LASF92:
 2196 04b7 41484232 		.ascii	"AHB2RSTR\000"
 2196      52535452 
 2196      00
 2197              	.LASF28:
 2198 04c0 74687265 		.ascii	"thread_t\000"
 2198      61645F74 
 2198      00
 2199              	.LASF136:
 2200 04c9 6D5F6E65 		.ascii	"m_next\000"
 2200      787400
 2201              	.LASF27:
 2202 04d0 73797374 		.ascii	"systime_t\000"
 2202      696D655F 
 2202      7400
 2203              	.LASF46:
 2204 04da 705F7265 		.ascii	"p_realprio\000"
 2204      616C7072 
 2204      696F00
 2205              	.LASF62:
 2206 04e5 76746675 		.ascii	"vtfunc_t\000"
 2206      6E635F74 
 2206      00
 2207              	.LASF9:
 2208 04ee 5F5F7569 		.ascii	"__uint32_t\000"
 2208      6E743332 
 2208      5F7400
 2209              	.LASF75:
 2210 04f9 70616E69 		.ascii	"panic_msg\000"
 2210      635F6D73 
 2210      6700
 2211              	.LASF121:
 2212 0503 6F666673 		.ascii	"offset\000"
 2212      657400
 2213              	.LASF102:
 2214 050a 41504231 		.ascii	"APB1ENR\000"
 2214      454E5200 
 2215              	.LASF88:
ARM GAS  /var/folders/sv/kgmgr77579zbf78p2zlhkdfr0000gn/T//ccZWPGBY.s 			page 44


 2216 0512 5057525F 		.ascii	"PWR_TypeDef\000"
 2216      54797065 
 2216      44656600 
 2217              	.LASF99:
 2218 051e 41484232 		.ascii	"AHB2ENR\000"
 2218      454E5200 
 2219              	.LASF40:
 2220 0526 705F7469 		.ascii	"p_time\000"
 2220      6D6500
 2221              	.LASF60:
 2222 052d 725F6F6C 		.ascii	"r_older\000"
 2222      64657200 
 2223              	.LASF147:
 2224 0535 68616C5F 		.ascii	"hal_lld_init\000"
 2224      6C6C645F 
 2224      696E6974 
 2224      00
 2225              	.LASF64:
 2226 0542 63685F76 		.ascii	"ch_virtual_timer\000"
 2226      69727475 
 2226      616C5F74 
 2226      696D6572 
 2226      00
 2227              	.LASF42:
 2228 0553 705F6D73 		.ascii	"p_msgqueue\000"
 2228      67717565 
 2228      756500
 2229              	.LASF142:
 2230 055e 53797374 		.ascii	"SystemCoreClock\000"
 2230      656D436F 
 2230      7265436C 
 2230      6F636B00 
 2231              	.LASF69:
 2232 056e 76745F70 		.ascii	"vt_par\000"
 2232      617200
 2233              	.LASF114:
 2234 0575 53534347 		.ascii	"SSCGR\000"
 2234      5200
 2235              	.LASF52:
 2236 057b 74687265 		.ascii	"threads_queue_t\000"
 2236      6164735F 
 2236      71756575 
 2236      655F7400 
 2237              	.LASF38:
 2238 058b 705F7265 		.ascii	"p_refs\000"
 2238      667300
 2239              	.LASF112:
 2240 0592 42444352 		.ascii	"BDCR\000"
 2240      00
 2241              	.LASF143:
 2242 0597 474E5520 		.ascii	"GNU C99 5.4.1 20160919 (release) [ARM/embedded-5-br"
 2242      43393920 
 2242      352E342E 
 2242      31203230 
 2242      31363039 
 2243 05ca 616E6368 		.ascii	"anch revision 240496] -mcpu=cortex-m4 -mfloat-abi=h"
 2243      20726576 
ARM GAS  /var/folders/sv/kgmgr77579zbf78p2zlhkdfr0000gn/T//ccZWPGBY.s 			page 45


 2243      6973696F 
 2243      6E203234 
 2243      30343936 
 2244 05fd 61726420 		.ascii	"ard -mfpu=fpv4-sp-d16 -mno-thumb-interwork -mthumb "
 2244      2D6D6670 
 2244      753D6670 
 2244      76342D73 
 2244      702D6431 
 2245 0630 2D676764 		.ascii	"-ggdb -O2 -std=gnu99 -fomit-frame-pointer -falign-f"
 2245      62202D4F 
 2245      32202D73 
 2245      74643D67 
 2245      6E753939 
 2246 0663 756E6374 		.ascii	"unctions=16 -ffunction-sections -fdata-sections -fn"
 2246      696F6E73 
 2246      3D313620 
 2246      2D666675 
 2246      6E637469 
 2247 0696 6F2D636F 		.ascii	"o-common -fsingle-precision-constant\000"
 2247      6D6D6F6E 
 2247      202D6673 
 2247      696E676C 
 2247      652D7072 
 2248              	.LASF78:
 2249 06bb 726C6973 		.ascii	"rlist\000"
 2249      7400
 2250              	.LASF14:
 2251 06c1 75696E74 		.ascii	"uint8_t\000"
 2251      385F7400 
 2252              	.LASF145:
 2253 06c9 2F557365 		.ascii	"/Users/moslin/Documents/Project/bldc-master\000"
 2253      72732F6D 
 2253      6F736C69 
 2253      6E2F446F 
 2253      63756D65 
 2254              	.LASF82:
 2255 06f5 73697A65 		.ascii	"sizetype\000"
 2255      74797065 
 2255      00
 2256              	.LASF133:
 2257 06fe 63685F6D 		.ascii	"ch_mutex\000"
 2257      75746578 
 2257      00
 2258              	.LASF35:
 2259 0707 705F6E61 		.ascii	"p_name\000"
 2259      6D6500
 2260              	.LASF98:
 2261 070e 41484231 		.ascii	"AHB1ENR\000"
 2261      454E5200 
 2262              	.LASF49:
 2263 0716 74687265 		.ascii	"threads_list_t\000"
 2263      6164735F 
 2263      6C697374 
 2263      5F7400
 2264              	.LASF131:
 2265 0725 735F7175 		.ascii	"s_queue\000"
 2265      65756500 
ARM GAS  /var/folders/sv/kgmgr77579zbf78p2zlhkdfr0000gn/T//ccZWPGBY.s 			page 46


 2266              	.LASF43:
 2267 072d 705F6D73 		.ascii	"p_msg\000"
 2267      6700
 2268              	.LASF135:
 2269 0733 6D5F6F77 		.ascii	"m_owner\000"
 2269      6E657200 
 2270              	.LASF32:
 2271 073b 705F6374 		.ascii	"p_ctx\000"
 2271      7800
 2272              	.LASF41:
 2273 0741 705F7761 		.ascii	"p_waiting\000"
 2273      6974696E 
 2273      6700
 2274              		.ident	"GCC: (GNU Tools for ARM Embedded Processors) 5.4.1 20160919 (release) [ARM/embedded-5-bran
ARM GAS  /var/folders/sv/kgmgr77579zbf78p2zlhkdfr0000gn/T//ccZWPGBY.s 			page 47


DEFINED SYMBOLS
                            *ABS*:0000000000000000 hal_lld.c
/var/folders/sv/kgmgr77579zbf78p2zlhkdfr0000gn/T//ccZWPGBY.s:22     .text.hal_lld_init:0000000000000000 $t
/var/folders/sv/kgmgr77579zbf78p2zlhkdfr0000gn/T//ccZWPGBY.s:28     .text.hal_lld_init:0000000000000000 hal_lld_init
/var/folders/sv/kgmgr77579zbf78p2zlhkdfr0000gn/T//ccZWPGBY.s:111    .text.hal_lld_init:0000000000000060 $d
/var/folders/sv/kgmgr77579zbf78p2zlhkdfr0000gn/T//ccZWPGBY.s:117    .text.stm32_clock_init:0000000000000000 $t
/var/folders/sv/kgmgr77579zbf78p2zlhkdfr0000gn/T//ccZWPGBY.s:123    .text.stm32_clock_init:0000000000000000 stm32_clock_init
/var/folders/sv/kgmgr77579zbf78p2zlhkdfr0000gn/T//ccZWPGBY.s:247    .text.stm32_clock_init:00000000000000b4 $d
/var/folders/sv/kgmgr77579zbf78p2zlhkdfr0000gn/T//ccZWPGBY.s:260    .data.SystemCoreClock:0000000000000000 SystemCoreClock
/var/folders/sv/kgmgr77579zbf78p2zlhkdfr0000gn/T//ccZWPGBY.s:257    .data.SystemCoreClock:0000000000000000 $d
                     .debug_frame:0000000000000010 $d

UNDEFINED SYMBOLS
dmaInit
