ARM GAS  /var/folders/sv/kgmgr77579zbf78p2zlhkdfr0000gn/T//ccslbbjv.s 			page 1


   1              		.syntax unified
   2              		.cpu cortex-m4
   3              		.eabi_attribute 27, 1
   4              		.eabi_attribute 28, 1
   5              		.fpu fpv4-sp-d16
   6              		.eabi_attribute 20, 1
   7              		.eabi_attribute 21, 1
   8              		.eabi_attribute 23, 3
   9              		.eabi_attribute 24, 1
  10              		.eabi_attribute 25, 1
  11              		.eabi_attribute 26, 1
  12              		.eabi_attribute 30, 2
  13              		.eabi_attribute 34, 1
  14              		.eabi_attribute 18, 4
  15              		.thumb
  16              		.syntax unified
  17              		.file	"irq_handlers.c"
  18              		.text
  19              	.Ltext0:
  20              		.cfi_sections	.debug_frame
  21              		.section	.text.Vector88,"ax",%progbits
  22              		.align	2
  23              		.p2align 4,,15
  24              		.global	Vector88
  25              		.thumb
  26              		.thumb_func
  27              		.type	Vector88, %function
  28              	Vector88:
  29              	.LFB256:
  30              		.file 1 "irq_handlers.c"
  31              		.loc 1 29 0
  32              		.cfi_startproc
  33              		@ args = 0, pretend = 0, frame = 0
  34              		@ frame_needed = 0, uses_anonymous_args = 0
  35 0000 08B5     		push	{r3, lr}
  36              		.cfi_def_cfa_offset 8
  37              		.cfi_offset 3, -8
  38              		.cfi_offset 14, -4
  39              		.loc 1 31 0
  40 0002 40F20741 		movw	r1, #1031
  41 0006 0448     		ldr	r0, .L3
  42 0008 FFF7FEFF 		bl	ADC_ClearITPendingBit
  43              	.LVL0:
  44              		.loc 1 32 0
  45 000c FFF7FEFF 		bl	mc_interface_adc_inj_int_handler
  46              	.LVL1:
  47              		.loc 1 34 0
  48 0010 BDE80840 		pop	{r3, lr}
  49              		.cfi_restore 14
  50              		.cfi_restore 3
  51              		.cfi_def_cfa_offset 0
  52              		.loc 1 33 0
  53 0014 FFF7FEBF 		b	_port_irq_epilogue
  54              	.LVL2:
  55              	.L4:
  56              		.align	2
  57              	.L3:
ARM GAS  /var/folders/sv/kgmgr77579zbf78p2zlhkdfr0000gn/T//ccslbbjv.s 			page 2


  58 0018 00200140 		.word	1073815552
  59              		.cfi_endproc
  60              	.LFE256:
  61              		.size	Vector88, .-Vector88
  62              		.section	.text.VectorE0,"ax",%progbits
  63              		.align	2
  64              		.p2align 4,,15
  65              		.global	VectorE0
  66              		.thumb
  67              		.thumb_func
  68              		.type	VectorE0, %function
  69              	VectorE0:
  70              	.LFB257:
  71              		.loc 1 36 0
  72              		.cfi_startproc
  73              		@ args = 0, pretend = 0, frame = 0
  74              		@ frame_needed = 0, uses_anonymous_args = 0
  75 0000 08B5     		push	{r3, lr}
  76              		.cfi_def_cfa_offset 8
  77              		.cfi_offset 3, -8
  78              		.cfi_offset 14, -4
  79              		.loc 1 37 0
  80 0002 4FF40060 		mov	r0, #2048
  81 0006 FFF7FEFF 		bl	EXTI_GetITStatus
  82              	.LVL3:
  83 000a 00B9     		cbnz	r0, .L9
  84 000c 08BD     		pop	{r3, pc}
  85              	.L9:
  86              		.loc 1 38 0
  87 000e FFF7FEFF 		bl	encoder_reset
  88              	.LVL4:
  89              		.loc 1 41 0
  90 0012 4FF40060 		mov	r0, #2048
  91              		.loc 1 43 0
  92 0016 BDE80840 		pop	{r3, lr}
  93              		.cfi_restore 14
  94              		.cfi_restore 3
  95              		.cfi_def_cfa_offset 0
  96              		.loc 1 41 0
  97 001a FFF7FEBF 		b	EXTI_ClearITPendingBit
  98              	.LVL5:
  99              		.cfi_endproc
 100              	.LFE257:
 101              		.size	VectorE0, .-VectorE0
 102 001e 00BF     		.section	.text.VectorB8,"ax",%progbits
 103              		.align	2
 104              		.p2align 4,,15
 105              		.global	VectorB8
 106              		.thumb
 107              		.thumb_func
 108              		.type	VectorB8, %function
 109              	VectorB8:
 110              	.LFB258:
 111              		.loc 1 45 0
 112              		.cfi_startproc
 113              		@ args = 0, pretend = 0, frame = 0
 114              		@ frame_needed = 0, uses_anonymous_args = 0
ARM GAS  /var/folders/sv/kgmgr77579zbf78p2zlhkdfr0000gn/T//ccslbbjv.s 			page 3


 115 0000 08B5     		push	{r3, lr}
 116              		.cfi_def_cfa_offset 8
 117              		.cfi_offset 3, -8
 118              		.cfi_offset 14, -4
 119              		.loc 1 46 0
 120 0002 0121     		movs	r1, #1
 121 0004 0648     		ldr	r0, .L14
 122 0006 FFF7FEFF 		bl	TIM_GetITStatus
 123              	.LVL6:
 124 000a 00B9     		cbnz	r0, .L13
 125 000c 08BD     		pop	{r3, pc}
 126              	.L13:
 127              		.loc 1 47 0
 128 000e FFF7FEFF 		bl	encoder_tim_isr
 129              	.LVL7:
 130              		.loc 1 50 0
 131 0012 0121     		movs	r1, #1
 132 0014 0248     		ldr	r0, .L14
 133              		.loc 1 52 0
 134 0016 BDE80840 		pop	{r3, lr}
 135              		.cfi_restore 14
 136              		.cfi_restore 3
 137              		.cfi_def_cfa_offset 0
 138              		.loc 1 50 0
 139 001a FFF7FEBF 		b	TIM_ClearITPendingBit
 140              	.LVL8:
 141              	.L15:
 142 001e 00BF     		.align	2
 143              	.L14:
 144 0020 00080040 		.word	1073743872
 145              		.cfi_endproc
 146              	.LFE258:
 147              		.size	VectorB8, .-VectorB8
 148              		.section	.text.VectorF8,"ax",%progbits
 149              		.align	2
 150              		.p2align 4,,15
 151              		.global	VectorF8
 152              		.thumb
 153              		.thumb_func
 154              		.type	VectorF8, %function
 155              	VectorF8:
 156              	.LFB259:
 157              		.loc 1 54 0
 158              		.cfi_startproc
 159              		@ args = 0, pretend = 0, frame = 0
 160              		@ frame_needed = 0, uses_anonymous_args = 0
 161 0000 08B5     		push	{r3, lr}
 162              		.cfi_def_cfa_offset 8
 163              		.cfi_offset 3, -8
 164              		.cfi_offset 14, -4
 165              		.loc 1 55 0
 166 0002 0221     		movs	r1, #2
 167 0004 0648     		ldr	r0, .L20
 168 0006 FFF7FEFF 		bl	TIM_GetITStatus
 169              	.LVL9:
 170 000a 00B9     		cbnz	r0, .L19
 171 000c 08BD     		pop	{r3, pc}
ARM GAS  /var/folders/sv/kgmgr77579zbf78p2zlhkdfr0000gn/T//ccslbbjv.s 			page 4


 172              	.L19:
 173              		.loc 1 56 0
 174 000e FFF7FEFF 		bl	mcpwm_foc_tim_sample_int_handler
 175              	.LVL10:
 176              		.loc 1 59 0
 177 0012 0221     		movs	r1, #2
 178 0014 0248     		ldr	r0, .L20
 179              		.loc 1 61 0
 180 0016 BDE80840 		pop	{r3, lr}
 181              		.cfi_restore 14
 182              		.cfi_restore 3
 183              		.cfi_def_cfa_offset 0
 184              		.loc 1 59 0
 185 001a FFF7FEBF 		b	TIM_ClearITPendingBit
 186              	.LVL11:
 187              	.L21:
 188 001e 00BF     		.align	2
 189              	.L20:
 190 0020 00040140 		.word	1073808384
 191              		.cfi_endproc
 192              	.LFE259:
 193              		.size	VectorF8, .-VectorF8
 194              		.text
 195              	.Letext0:
 196              		.file 2 "/usr/local/Cellar/gcc-arm-none-eabi/20160928/arm-none-eabi/include/machine/_default_types
 197              		.file 3 "/usr/local/Cellar/gcc-arm-none-eabi/20160928/arm-none-eabi/include/sys/_stdint.h"
 198              		.file 4 "ChibiOS_3.0.2/os/rt/ports/ARMCMx/compilers/GCC/chtypes.h"
 199              		.file 5 "ChibiOS_3.0.2/os/rt/include/chsystypes.h"
 200              		.file 6 "ChibiOS_3.0.2/os/rt/include/chschd.h"
 201              		.file 7 "ChibiOS_3.0.2/os/ext/CMSIS/ST/stm32f407xx.h"
 202              		.file 8 "ChibiOS_3.0.2/os/rt/ports/ARMCMx/chcore.h"
 203              		.file 9 "ChibiOS_3.0.2/os/rt/ports/ARMCMx/chcore_v7m.h"
 204              		.file 10 "ChibiOS_3.0.2/os/rt/include/chtm.h"
 205              		.file 11 "ChibiOS_3.0.2/os/rt/include/chsem.h"
 206              		.file 12 "ChibiOS_3.0.2/os/rt/include/chmtx.h"
 207              		.file 13 "ChibiOS_3.0.2/ext/stdperiph_stm32f4/inc/stm32f4xx_adc.h"
 208              		.file 14 "mc_interface.h"
 209              		.file 15 "ChibiOS_3.0.2/ext/stdperiph_stm32f4/inc/stm32f4xx_exti.h"
 210              		.file 16 "encoder.h"
 211              		.file 17 "ChibiOS_3.0.2/ext/stdperiph_stm32f4/inc/stm32f4xx_tim.h"
 212              		.file 18 "mcpwm_foc.h"
 213              		.file 19 "ChibiOS_3.0.2/os/ext/CMSIS/ST/stm32f4xx.h"
 214              		.file 20 "ChibiOS_3.0.2/os/ext/CMSIS/include/core_cm4.h"
 215              		.section	.debug_info,"",%progbits
 216              	.Ldebug_info0:
 217 0000 290B0000 		.4byte	0xb29
 218 0004 0400     		.2byte	0x4
 219 0006 00000000 		.4byte	.Ldebug_abbrev0
 220 000a 04       		.byte	0x4
 221 000b 01       		.uleb128 0x1
 222 000c 76050000 		.4byte	.LASF151
 223 0010 0C       		.byte	0xc
 224 0011 E7060000 		.4byte	.LASF152
 225 0015 BB060000 		.4byte	.LASF153
 226 0019 00000000 		.4byte	.Ldebug_ranges0+0
 227 001d 00000000 		.4byte	0
 228 0021 00000000 		.4byte	.Ldebug_line0
ARM GAS  /var/folders/sv/kgmgr77579zbf78p2zlhkdfr0000gn/T//ccslbbjv.s 			page 5


 229 0025 02       		.uleb128 0x2
 230 0026 04       		.byte	0x4
 231 0027 05       		.byte	0x5
 232 0028 696E7400 		.ascii	"int\000"
 233 002c 03       		.uleb128 0x3
 234 002d 04       		.byte	0x4
 235 002e 07       		.byte	0x7
 236 002f DE010000 		.4byte	.LASF0
 237 0033 03       		.uleb128 0x3
 238 0034 01       		.byte	0x1
 239 0035 06       		.byte	0x6
 240 0036 E0000000 		.4byte	.LASF1
 241 003a 04       		.uleb128 0x4
 242 003b 28000000 		.4byte	.LASF4
 243 003f 02       		.byte	0x2
 244 0040 1D       		.byte	0x1d
 245 0041 45000000 		.4byte	0x45
 246 0045 03       		.uleb128 0x3
 247 0046 01       		.byte	0x1
 248 0047 08       		.byte	0x8
 249 0048 E3030000 		.4byte	.LASF2
 250 004c 03       		.uleb128 0x3
 251 004d 02       		.byte	0x2
 252 004e 05       		.byte	0x5
 253 004f FB030000 		.4byte	.LASF3
 254 0053 04       		.uleb128 0x4
 255 0054 B4040000 		.4byte	.LASF5
 256 0058 02       		.byte	0x2
 257 0059 2B       		.byte	0x2b
 258 005a 5E000000 		.4byte	0x5e
 259 005e 03       		.uleb128 0x3
 260 005f 02       		.byte	0x2
 261 0060 07       		.byte	0x7
 262 0061 20020000 		.4byte	.LASF6
 263 0065 04       		.uleb128 0x4
 264 0066 92020000 		.4byte	.LASF7
 265 006a 02       		.byte	0x2
 266 006b 3F       		.byte	0x3f
 267 006c 70000000 		.4byte	0x70
 268 0070 03       		.uleb128 0x3
 269 0071 04       		.byte	0x4
 270 0072 05       		.byte	0x5
 271 0073 31010000 		.4byte	.LASF8
 272 0077 04       		.uleb128 0x4
 273 0078 F2040000 		.4byte	.LASF9
 274 007c 02       		.byte	0x2
 275 007d 41       		.byte	0x41
 276 007e 82000000 		.4byte	0x82
 277 0082 03       		.uleb128 0x3
 278 0083 04       		.byte	0x4
 279 0084 07       		.byte	0x7
 280 0085 98040000 		.4byte	.LASF10
 281 0089 03       		.uleb128 0x3
 282 008a 08       		.byte	0x8
 283 008b 05       		.byte	0x5
 284 008c D2000000 		.4byte	.LASF11
 285 0090 04       		.uleb128 0x4
ARM GAS  /var/folders/sv/kgmgr77579zbf78p2zlhkdfr0000gn/T//ccslbbjv.s 			page 6


 286 0091 71030000 		.4byte	.LASF12
 287 0095 02       		.byte	0x2
 288 0096 5B       		.byte	0x5b
 289 0097 9B000000 		.4byte	0x9b
 290 009b 03       		.uleb128 0x3
 291 009c 08       		.byte	0x8
 292 009d 07       		.byte	0x7
 293 009e 57000000 		.4byte	.LASF13
 294 00a2 04       		.uleb128 0x4
 295 00a3 B3060000 		.4byte	.LASF14
 296 00a7 03       		.byte	0x3
 297 00a8 18       		.byte	0x18
 298 00a9 3A000000 		.4byte	0x3a
 299 00ad 04       		.uleb128 0x4
 300 00ae 59010000 		.4byte	.LASF15
 301 00b2 03       		.byte	0x3
 302 00b3 24       		.byte	0x24
 303 00b4 53000000 		.4byte	0x53
 304 00b8 04       		.uleb128 0x4
 305 00b9 DB030000 		.4byte	.LASF16
 306 00bd 03       		.byte	0x3
 307 00be 2C       		.byte	0x2c
 308 00bf 65000000 		.4byte	0x65
 309 00c3 04       		.uleb128 0x4
 310 00c4 65040000 		.4byte	.LASF17
 311 00c8 03       		.byte	0x3
 312 00c9 30       		.byte	0x30
 313 00ca 77000000 		.4byte	0x77
 314 00ce 04       		.uleb128 0x4
 315 00cf 1F000000 		.4byte	.LASF18
 316 00d3 03       		.byte	0x3
 317 00d4 3C       		.byte	0x3c
 318 00d5 90000000 		.4byte	0x90
 319 00d9 05       		.uleb128 0x5
 320 00da B8000000 		.4byte	0xb8
 321 00de 05       		.uleb128 0x5
 322 00df C3000000 		.4byte	0xc3
 323 00e3 04       		.uleb128 0x4
 324 00e4 BF020000 		.4byte	.LASF19
 325 00e8 04       		.byte	0x4
 326 00e9 45       		.byte	0x45
 327 00ea C3000000 		.4byte	0xc3
 328 00ee 04       		.uleb128 0x4
 329 00ef 70020000 		.4byte	.LASF20
 330 00f3 04       		.byte	0x4
 331 00f4 48       		.byte	0x48
 332 00f5 A2000000 		.4byte	0xa2
 333 00f9 04       		.uleb128 0x4
 334 00fa 50010000 		.4byte	.LASF21
 335 00fe 04       		.byte	0x4
 336 00ff 49       		.byte	0x49
 337 0100 A2000000 		.4byte	0xa2
 338 0104 04       		.uleb128 0x4
 339 0105 98030000 		.4byte	.LASF22
 340 0109 04       		.byte	0x4
 341 010a 4A       		.byte	0x4a
 342 010b A2000000 		.4byte	0xa2
ARM GAS  /var/folders/sv/kgmgr77579zbf78p2zlhkdfr0000gn/T//ccslbbjv.s 			page 7


 343 010f 04       		.uleb128 0x4
 344 0110 14010000 		.4byte	.LASF23
 345 0114 04       		.byte	0x4
 346 0115 4B       		.byte	0x4b
 347 0116 A2000000 		.4byte	0xa2
 348 011a 04       		.uleb128 0x4
 349 011b BD030000 		.4byte	.LASF24
 350 011f 04       		.byte	0x4
 351 0120 4C       		.byte	0x4c
 352 0121 C3000000 		.4byte	0xc3
 353 0125 04       		.uleb128 0x4
 354 0126 5E020000 		.4byte	.LASF25
 355 012a 04       		.byte	0x4
 356 012b 4D       		.byte	0x4d
 357 012c B8000000 		.4byte	0xb8
 358 0130 04       		.uleb128 0x4
 359 0131 86020000 		.4byte	.LASF26
 360 0135 04       		.byte	0x4
 361 0136 4F       		.byte	0x4f
 362 0137 C3000000 		.4byte	0xc3
 363 013b 04       		.uleb128 0x4
 364 013c F9020000 		.4byte	.LASF27
 365 0140 04       		.byte	0x4
 366 0141 51       		.byte	0x51
 367 0142 B8000000 		.4byte	0xb8
 368 0146 04       		.uleb128 0x4
 369 0147 D4040000 		.4byte	.LASF28
 370 014b 05       		.byte	0x5
 371 014c 33       		.byte	0x33
 372 014d C3000000 		.4byte	0xc3
 373 0151 04       		.uleb128 0x4
 374 0152 BF040000 		.4byte	.LASF29
 375 0156 05       		.byte	0x5
 376 0157 3F       		.byte	0x3f
 377 0158 5C010000 		.4byte	0x15c
 378 015c 06       		.uleb128 0x6
 379 015d 33020000 		.4byte	.LASF51
 380 0161 48       		.byte	0x48
 381 0162 06       		.byte	0x6
 382 0163 C2       		.byte	0xc2
 383 0164 61020000 		.4byte	0x261
 384 0168 07       		.uleb128 0x7
 385 0169 25040000 		.4byte	.LASF30
 386 016d 06       		.byte	0x6
 387 016e C3       		.byte	0xc3
 388 016f 6C020000 		.4byte	0x26c
 389 0173 00       		.byte	0
 390 0174 07       		.uleb128 0x7
 391 0175 B0030000 		.4byte	.LASF31
 392 0179 06       		.byte	0x6
 393 017a C5       		.byte	0xc5
 394 017b 6C020000 		.4byte	0x26c
 395 017f 04       		.byte	0x4
 396 0180 07       		.uleb128 0x7
 397 0181 B2000000 		.4byte	.LASF32
 398 0185 06       		.byte	0x6
 399 0186 C7       		.byte	0xc7
ARM GAS  /var/folders/sv/kgmgr77579zbf78p2zlhkdfr0000gn/T//ccslbbjv.s 			page 8


 400 0187 1A010000 		.4byte	0x11a
 401 018b 08       		.byte	0x8
 402 018c 07       		.uleb128 0x7
 403 018d 3F070000 		.4byte	.LASF33
 404 0191 06       		.byte	0x6
 405 0192 C8       		.byte	0xc8
 406 0193 DC060000 		.4byte	0x6dc
 407 0197 0C       		.byte	0xc
 408 0198 07       		.uleb128 0x7
 409 0199 7E010000 		.4byte	.LASF34
 410 019d 06       		.byte	0x6
 411 019e CA       		.byte	0xca
 412 019f 6C020000 		.4byte	0x26c
 413 01a3 10       		.byte	0x10
 414 01a4 07       		.uleb128 0x7
 415 01a5 1A030000 		.4byte	.LASF35
 416 01a9 06       		.byte	0x6
 417 01aa CB       		.byte	0xcb
 418 01ab 6C020000 		.4byte	0x26c
 419 01af 14       		.byte	0x14
 420 01b0 07       		.uleb128 0x7
 421 01b1 12070000 		.4byte	.LASF36
 422 01b5 06       		.byte	0x6
 423 01b6 D2       		.byte	0xd2
 424 01b7 21090000 		.4byte	0x921
 425 01bb 18       		.byte	0x18
 426 01bc 07       		.uleb128 0x7
 427 01bd 05040000 		.4byte	.LASF37
 428 01c1 06       		.byte	0x6
 429 01c2 DD       		.byte	0xdd
 430 01c3 F9000000 		.4byte	0xf9
 431 01c7 1C       		.byte	0x1c
 432 01c8 07       		.uleb128 0x7
 433 01c9 2C040000 		.4byte	.LASF38
 434 01cd 06       		.byte	0x6
 435 01ce E1       		.byte	0xe1
 436 01cf EE000000 		.4byte	0xee
 437 01d3 1D       		.byte	0x1d
 438 01d4 07       		.uleb128 0x7
 439 01d5 44030000 		.4byte	.LASF39
 440 01d9 06       		.byte	0x6
 441 01da E6       		.byte	0xe6
 442 01db 04010000 		.4byte	0x104
 443 01df 1E       		.byte	0x1e
 444 01e0 07       		.uleb128 0x7
 445 01e1 0D040000 		.4byte	.LASF40
 446 01e5 06       		.byte	0x6
 447 01e6 EC       		.byte	0xec
 448 01e7 0F010000 		.4byte	0x10f
 449 01eb 1F       		.byte	0x1f
 450 01ec 07       		.uleb128 0x7
 451 01ed 0E050000 		.4byte	.LASF41
 452 01f1 06       		.byte	0x6
 453 01f2 F3       		.byte	0xf3
 454 01f3 33090000 		.4byte	0x933
 455 01f7 20       		.byte	0x20
 456 01f8 08       		.uleb128 0x8
ARM GAS  /var/folders/sv/kgmgr77579zbf78p2zlhkdfr0000gn/T//ccslbbjv.s 			page 9


 457 01f9 705F7500 		.ascii	"p_u\000"
 458 01fd 06       		.byte	0x6
 459 01fe 3101     		.2byte	0x131
 460 0200 5C080000 		.4byte	0x85c
 461 0204 24       		.byte	0x24
 462 0205 09       		.uleb128 0x9
 463 0206 45070000 		.4byte	.LASF42
 464 020a 06       		.byte	0x6
 465 020b 3601     		.2byte	0x136
 466 020d 72020000 		.4byte	0x272
 467 0211 28       		.byte	0x28
 468 0212 09       		.uleb128 0x9
 469 0213 26050000 		.4byte	.LASF43
 470 0217 06       		.byte	0x6
 471 0218 3C01     		.2byte	0x13c
 472 021a 96020000 		.4byte	0x296
 473 021e 2C       		.byte	0x2c
 474 021f 09       		.uleb128 0x9
 475 0220 28070000 		.4byte	.LASF44
 476 0224 06       		.byte	0x6
 477 0225 4001     		.2byte	0x140
 478 0227 25010000 		.4byte	0x125
 479 022b 34       		.byte	0x34
 480 022c 09       		.uleb128 0x9
 481 022d 5A040000 		.4byte	.LASF45
 482 0231 06       		.byte	0x6
 483 0232 4601     		.2byte	0x146
 484 0234 30010000 		.4byte	0x130
 485 0238 38       		.byte	0x38
 486 0239 09       		.uleb128 0x9
 487 023a F1030000 		.4byte	.LASF46
 488 023e 06       		.byte	0x6
 489 023f 4D01     		.2byte	0x14d
 490 0241 1B090000 		.4byte	0x91b
 491 0245 3C       		.byte	0x3c
 492 0246 09       		.uleb128 0x9
 493 0247 DE040000 		.4byte	.LASF47
 494 024b 06       		.byte	0x6
 495 024c 5101     		.2byte	0x151
 496 024e 1A010000 		.4byte	0x11a
 497 0252 40       		.byte	0x40
 498 0253 09       		.uleb128 0x9
 499 0254 EC000000 		.4byte	.LASF48
 500 0258 06       		.byte	0x6
 501 0259 5801     		.2byte	0x158
 502 025b 49030000 		.4byte	0x349
 503 025f 44       		.byte	0x44
 504 0260 00       		.byte	0
 505 0261 04       		.uleb128 0x4
 506 0262 C7020000 		.4byte	.LASF49
 507 0266 05       		.byte	0x5
 508 0267 44       		.byte	0x44
 509 0268 6C020000 		.4byte	0x26c
 510 026c 0A       		.uleb128 0xa
 511 026d 04       		.byte	0x4
 512 026e 51010000 		.4byte	0x151
 513 0272 04       		.uleb128 0x4
ARM GAS  /var/folders/sv/kgmgr77579zbf78p2zlhkdfr0000gn/T//ccslbbjv.s 			page 10


 514 0273 19070000 		.4byte	.LASF50
 515 0277 05       		.byte	0x5
 516 0278 49       		.byte	0x49
 517 0279 7D020000 		.4byte	0x27d
 518 027d 06       		.uleb128 0x6
 519 027e 88040000 		.4byte	.LASF52
 520 0282 04       		.byte	0x4
 521 0283 06       		.byte	0x6
 522 0284 B0       		.byte	0xb0
 523 0285 96020000 		.4byte	0x296
 524 0289 07       		.uleb128 0x7
 525 028a 25040000 		.4byte	.LASF30
 526 028e 06       		.byte	0x6
 527 028f B1       		.byte	0xb1
 528 0290 6C020000 		.4byte	0x26c
 529 0294 00       		.byte	0
 530 0295 00       		.byte	0
 531 0296 04       		.uleb128 0x4
 532 0297 34040000 		.4byte	.LASF53
 533 029b 05       		.byte	0x5
 534 029c 50       		.byte	0x50
 535 029d A1020000 		.4byte	0x2a1
 536 02a1 06       		.uleb128 0x6
 537 02a2 A1000000 		.4byte	.LASF54
 538 02a6 08       		.byte	0x8
 539 02a7 06       		.byte	0x6
 540 02a8 B7       		.byte	0xb7
 541 02a9 C6020000 		.4byte	0x2c6
 542 02ad 07       		.uleb128 0x7
 543 02ae 25040000 		.4byte	.LASF30
 544 02b2 06       		.byte	0x6
 545 02b3 B8       		.byte	0xb8
 546 02b4 6C020000 		.4byte	0x26c
 547 02b8 00       		.byte	0
 548 02b9 07       		.uleb128 0x7
 549 02ba B0030000 		.4byte	.LASF31
 550 02be 06       		.byte	0x6
 551 02bf B9       		.byte	0xb9
 552 02c0 6C020000 		.4byte	0x26c
 553 02c4 04       		.byte	0x4
 554 02c5 00       		.byte	0
 555 02c6 04       		.uleb128 0x4
 556 02c7 00000000 		.4byte	.LASF55
 557 02cb 05       		.byte	0x5
 558 02cc 57       		.byte	0x57
 559 02cd D1020000 		.4byte	0x2d1
 560 02d1 0B       		.uleb128 0xb
 561 02d2 78020000 		.4byte	.LASF56
 562 02d6 1C       		.byte	0x1c
 563 02d7 06       		.byte	0x6
 564 02d8 9001     		.2byte	0x190
 565 02da 2D030000 		.4byte	0x32d
 566 02de 09       		.uleb128 0x9
 567 02df 75040000 		.4byte	.LASF57
 568 02e3 06       		.byte	0x6
 569 02e4 9101     		.2byte	0x191
 570 02e6 96020000 		.4byte	0x296
ARM GAS  /var/folders/sv/kgmgr77579zbf78p2zlhkdfr0000gn/T//ccslbbjv.s 			page 11


 571 02ea 00       		.byte	0
 572 02eb 09       		.uleb128 0x9
 573 02ec 17040000 		.4byte	.LASF58
 574 02f0 06       		.byte	0x6
 575 02f1 9201     		.2byte	0x192
 576 02f3 1A010000 		.4byte	0x11a
 577 02f7 08       		.byte	0x8
 578 02f8 09       		.uleb128 0x9
 579 02f9 22030000 		.4byte	.LASF59
 580 02fd 06       		.byte	0x6
 581 02fe 9401     		.2byte	0x194
 582 0300 DC060000 		.4byte	0x6dc
 583 0304 0C       		.byte	0xc
 584 0305 09       		.uleb128 0x9
 585 0306 97010000 		.4byte	.LASF60
 586 030a 06       		.byte	0x6
 587 030b 9701     		.2byte	0x197
 588 030d 6C020000 		.4byte	0x26c
 589 0311 10       		.byte	0x10
 590 0312 09       		.uleb128 0x9
 591 0313 55030000 		.4byte	.LASF61
 592 0317 06       		.byte	0x6
 593 0318 9801     		.2byte	0x198
 594 031a 6C020000 		.4byte	0x26c
 595 031e 14       		.byte	0x14
 596 031f 09       		.uleb128 0x9
 597 0320 4B030000 		.4byte	.LASF62
 598 0324 06       		.byte	0x6
 599 0325 9B01     		.2byte	0x19b
 600 0327 6C020000 		.4byte	0x26c
 601 032b 18       		.byte	0x18
 602 032c 00       		.byte	0
 603 032d 04       		.uleb128 0x4
 604 032e E9040000 		.4byte	.LASF63
 605 0332 05       		.byte	0x5
 606 0333 5C       		.byte	0x5c
 607 0334 38030000 		.4byte	0x338
 608 0338 0A       		.uleb128 0xa
 609 0339 04       		.byte	0x4
 610 033a 3E030000 		.4byte	0x33e
 611 033e 0C       		.uleb128 0xc
 612 033f 49030000 		.4byte	0x349
 613 0343 0D       		.uleb128 0xd
 614 0344 49030000 		.4byte	0x349
 615 0348 00       		.byte	0
 616 0349 0E       		.uleb128 0xe
 617 034a 04       		.byte	0x4
 618 034b 04       		.uleb128 0x4
 619 034c A0030000 		.4byte	.LASF64
 620 0350 05       		.byte	0x5
 621 0351 61       		.byte	0x61
 622 0352 56030000 		.4byte	0x356
 623 0356 0B       		.uleb128 0xb
 624 0357 15050000 		.4byte	.LASF65
 625 035b 14       		.byte	0x14
 626 035c 06       		.byte	0x6
 627 035d 6B01     		.2byte	0x16b
ARM GAS  /var/folders/sv/kgmgr77579zbf78p2zlhkdfr0000gn/T//ccslbbjv.s 			page 12


 628 035f A5030000 		.4byte	0x3a5
 629 0363 09       		.uleb128 0x9
 630 0364 EB010000 		.4byte	.LASF66
 631 0368 06       		.byte	0x6
 632 0369 6C01     		.2byte	0x16c
 633 036b 38090000 		.4byte	0x938
 634 036f 00       		.byte	0
 635 0370 09       		.uleb128 0x9
 636 0371 A8010000 		.4byte	.LASF67
 637 0375 06       		.byte	0x6
 638 0376 6D01     		.2byte	0x16d
 639 0378 38090000 		.4byte	0x938
 640 037c 04       		.byte	0x4
 641 037d 09       		.uleb128 0x9
 642 037e FA010000 		.4byte	.LASF68
 643 0382 06       		.byte	0x6
 644 0383 6E01     		.2byte	0x16e
 645 0385 46010000 		.4byte	0x146
 646 0389 08       		.byte	0x8
 647 038a 09       		.uleb128 0x9
 648 038b F1020000 		.4byte	.LASF69
 649 038f 06       		.byte	0x6
 650 0390 6F01     		.2byte	0x16f
 651 0392 2D030000 		.4byte	0x32d
 652 0396 0C       		.byte	0xc
 653 0397 09       		.uleb128 0x9
 654 0398 31050000 		.4byte	.LASF70
 655 039c 06       		.byte	0x6
 656 039d 7101     		.2byte	0x171
 657 039f 49030000 		.4byte	0x349
 658 03a3 10       		.byte	0x10
 659 03a4 00       		.byte	0
 660 03a5 04       		.uleb128 0x4
 661 03a6 79000000 		.4byte	.LASF71
 662 03aa 05       		.byte	0x5
 663 03ab 66       		.byte	0x66
 664 03ac B0030000 		.4byte	0x3b0
 665 03b0 0B       		.uleb128 0xb
 666 03b1 DA020000 		.4byte	.LASF72
 667 03b5 10       		.byte	0x10
 668 03b6 06       		.byte	0x6
 669 03b7 7B01     		.2byte	0x17b
 670 03b9 F2030000 		.4byte	0x3f2
 671 03bd 09       		.uleb128 0x9
 672 03be EB010000 		.4byte	.LASF66
 673 03c2 06       		.byte	0x6
 674 03c3 7C01     		.2byte	0x17c
 675 03c5 38090000 		.4byte	0x938
 676 03c9 00       		.byte	0
 677 03ca 09       		.uleb128 0x9
 678 03cb A8010000 		.4byte	.LASF67
 679 03cf 06       		.byte	0x6
 680 03d0 7E01     		.2byte	0x17e
 681 03d2 38090000 		.4byte	0x938
 682 03d6 04       		.byte	0x4
 683 03d7 09       		.uleb128 0x9
 684 03d8 FA010000 		.4byte	.LASF68
ARM GAS  /var/folders/sv/kgmgr77579zbf78p2zlhkdfr0000gn/T//ccslbbjv.s 			page 13


 685 03dc 06       		.byte	0x6
 686 03dd 8001     		.2byte	0x180
 687 03df 46010000 		.4byte	0x146
 688 03e3 08       		.byte	0x8
 689 03e4 09       		.uleb128 0x9
 690 03e5 7D040000 		.4byte	.LASF73
 691 03e9 06       		.byte	0x6
 692 03ea 8201     		.2byte	0x182
 693 03ec 33090000 		.4byte	0x933
 694 03f0 0C       		.byte	0xc
 695 03f1 00       		.byte	0
 696 03f2 04       		.uleb128 0x4
 697 03f3 03020000 		.4byte	.LASF74
 698 03f7 05       		.byte	0x5
 699 03f8 6B       		.byte	0x6b
 700 03f9 FD030000 		.4byte	0x3fd
 701 03fd 0B       		.uleb128 0xb
 702 03fe C5030000 		.4byte	.LASF75
 703 0402 04       		.byte	0x4
 704 0403 06       		.byte	0x6
 705 0404 A201     		.2byte	0x1a2
 706 0406 18040000 		.4byte	0x418
 707 040a 09       		.uleb128 0x9
 708 040b FD040000 		.4byte	.LASF76
 709 040f 06       		.byte	0x6
 710 0410 AA01     		.2byte	0x1aa
 711 0412 3E090000 		.4byte	0x93e
 712 0416 00       		.byte	0
 713 0417 00       		.byte	0
 714 0418 04       		.uleb128 0x4
 715 0419 64020000 		.4byte	.LASF77
 716 041d 05       		.byte	0x5
 717 041e 70       		.byte	0x70
 718 041f 23040000 		.4byte	0x423
 719 0423 0F       		.uleb128 0xf
 720 0424 27010000 		.4byte	.LASF78
 721 0428 5802     		.2byte	0x258
 722 042a 06       		.byte	0x6
 723 042b C201     		.2byte	0x1c2
 724 042d 7F040000 		.4byte	0x47f
 725 0431 09       		.uleb128 0x9
 726 0432 AD060000 		.4byte	.LASF79
 727 0436 06       		.byte	0x6
 728 0437 C601     		.2byte	0x1c6
 729 0439 C6020000 		.4byte	0x2c6
 730 043d 00       		.byte	0
 731 043e 09       		.uleb128 0x9
 732 043f 3E000000 		.4byte	.LASF80
 733 0443 06       		.byte	0x6
 734 0444 CA01     		.2byte	0x1ca
 735 0446 A5030000 		.4byte	0x3a5
 736 044a 1C       		.byte	0x1c
 737 044b 08       		.uleb128 0x8
 738 044c 64626700 		.ascii	"dbg\000"
 739 0450 06       		.byte	0x6
 740 0451 CE01     		.2byte	0x1ce
 741 0453 F2030000 		.4byte	0x3f2
ARM GAS  /var/folders/sv/kgmgr77579zbf78p2zlhkdfr0000gn/T//ccslbbjv.s 			page 14


 742 0457 2C       		.byte	0x2c
 743 0458 09       		.uleb128 0x9
 744 0459 6E000000 		.4byte	.LASF81
 745 045d 06       		.byte	0x6
 746 045e D201     		.2byte	0x1d2
 747 0460 51010000 		.4byte	0x151
 748 0464 30       		.byte	0x30
 749 0465 08       		.uleb128 0x8
 750 0466 746D00   		.ascii	"tm\000"
 751 0469 06       		.byte	0x6
 752 046a D701     		.2byte	0x1d7
 753 046c 51080000 		.4byte	0x851
 754 0470 78       		.byte	0x78
 755 0471 09       		.uleb128 0x9
 756 0472 B8010000 		.4byte	.LASF82
 757 0476 06       		.byte	0x6
 758 0477 E301     		.2byte	0x1e3
 759 0479 43090000 		.4byte	0x943
 760 047d 80       		.byte	0x80
 761 047e 00       		.byte	0
 762 047f 03       		.uleb128 0x3
 763 0480 04       		.byte	0x4
 764 0481 07       		.byte	0x7
 765 0482 F6060000 		.4byte	.LASF83
 766 0486 10       		.uleb128 0x10
 767 0487 50       		.byte	0x50
 768 0488 07       		.byte	0x7
 769 0489 C4       		.byte	0xc4
 770 048a 7D050000 		.4byte	0x57d
 771 048e 11       		.uleb128 0x11
 772 048f 535200   		.ascii	"SR\000"
 773 0492 07       		.byte	0x7
 774 0493 C6       		.byte	0xc6
 775 0494 DE000000 		.4byte	0xde
 776 0498 00       		.byte	0
 777 0499 11       		.uleb128 0x11
 778 049a 43523100 		.ascii	"CR1\000"
 779 049e 07       		.byte	0x7
 780 049f C7       		.byte	0xc7
 781 04a0 DE000000 		.4byte	0xde
 782 04a4 04       		.byte	0x4
 783 04a5 11       		.uleb128 0x11
 784 04a6 43523200 		.ascii	"CR2\000"
 785 04aa 07       		.byte	0x7
 786 04ab C8       		.byte	0xc8
 787 04ac DE000000 		.4byte	0xde
 788 04b0 08       		.byte	0x8
 789 04b1 07       		.uleb128 0x7
 790 04b2 28030000 		.4byte	.LASF84
 791 04b6 07       		.byte	0x7
 792 04b7 C9       		.byte	0xc9
 793 04b8 DE000000 		.4byte	0xde
 794 04bc 0C       		.byte	0xc
 795 04bd 07       		.uleb128 0x7
 796 04be 2E030000 		.4byte	.LASF85
 797 04c2 07       		.byte	0x7
 798 04c3 CA       		.byte	0xca
ARM GAS  /var/folders/sv/kgmgr77579zbf78p2zlhkdfr0000gn/T//ccslbbjv.s 			page 15


 799 04c4 DE000000 		.4byte	0xde
 800 04c8 10       		.byte	0x10
 801 04c9 07       		.uleb128 0x7
 802 04ca A7020000 		.4byte	.LASF86
 803 04ce 07       		.byte	0x7
 804 04cf CB       		.byte	0xcb
 805 04d0 DE000000 		.4byte	0xde
 806 04d4 14       		.byte	0x14
 807 04d5 07       		.uleb128 0x7
 808 04d6 AD020000 		.4byte	.LASF87
 809 04da 07       		.byte	0x7
 810 04db CC       		.byte	0xcc
 811 04dc DE000000 		.4byte	0xde
 812 04e0 18       		.byte	0x18
 813 04e1 07       		.uleb128 0x7
 814 04e2 B3020000 		.4byte	.LASF88
 815 04e6 07       		.byte	0x7
 816 04e7 CD       		.byte	0xcd
 817 04e8 DE000000 		.4byte	0xde
 818 04ec 1C       		.byte	0x1c
 819 04ed 07       		.uleb128 0x7
 820 04ee B9020000 		.4byte	.LASF89
 821 04f2 07       		.byte	0x7
 822 04f3 CE       		.byte	0xce
 823 04f4 DE000000 		.4byte	0xde
 824 04f8 20       		.byte	0x20
 825 04f9 11       		.uleb128 0x11
 826 04fa 48545200 		.ascii	"HTR\000"
 827 04fe 07       		.byte	0x7
 828 04ff CF       		.byte	0xcf
 829 0500 DE000000 		.4byte	0xde
 830 0504 24       		.byte	0x24
 831 0505 11       		.uleb128 0x11
 832 0506 4C545200 		.ascii	"LTR\000"
 833 050a 07       		.byte	0x7
 834 050b D0       		.byte	0xd0
 835 050c DE000000 		.4byte	0xde
 836 0510 28       		.byte	0x28
 837 0511 07       		.uleb128 0x7
 838 0512 62030000 		.4byte	.LASF90
 839 0516 07       		.byte	0x7
 840 0517 D1       		.byte	0xd1
 841 0518 DE000000 		.4byte	0xde
 842 051c 2C       		.byte	0x2c
 843 051d 07       		.uleb128 0x7
 844 051e 67030000 		.4byte	.LASF91
 845 0522 07       		.byte	0x7
 846 0523 D2       		.byte	0xd2
 847 0524 DE000000 		.4byte	0xde
 848 0528 30       		.byte	0x30
 849 0529 07       		.uleb128 0x7
 850 052a 6C030000 		.4byte	.LASF92
 851 052e 07       		.byte	0x7
 852 052f D3       		.byte	0xd3
 853 0530 DE000000 		.4byte	0xde
 854 0534 34       		.byte	0x34
 855 0535 07       		.uleb128 0x7
ARM GAS  /var/folders/sv/kgmgr77579zbf78p2zlhkdfr0000gn/T//ccslbbjv.s 			page 16


 856 0536 B9000000 		.4byte	.LASF93
 857 053a 07       		.byte	0x7
 858 053b D4       		.byte	0xd4
 859 053c DE000000 		.4byte	0xde
 860 0540 38       		.byte	0x38
 861 0541 07       		.uleb128 0x7
 862 0542 10030000 		.4byte	.LASF94
 863 0546 07       		.byte	0x7
 864 0547 D5       		.byte	0xd5
 865 0548 DE000000 		.4byte	0xde
 866 054c 3C       		.byte	0x3c
 867 054d 07       		.uleb128 0x7
 868 054e 15030000 		.4byte	.LASF95
 869 0552 07       		.byte	0x7
 870 0553 D6       		.byte	0xd6
 871 0554 DE000000 		.4byte	0xde
 872 0558 40       		.byte	0x40
 873 0559 07       		.uleb128 0x7
 874 055a FF060000 		.4byte	.LASF96
 875 055e 07       		.byte	0x7
 876 055f D7       		.byte	0xd7
 877 0560 DE000000 		.4byte	0xde
 878 0564 44       		.byte	0x44
 879 0565 07       		.uleb128 0x7
 880 0566 04070000 		.4byte	.LASF97
 881 056a 07       		.byte	0x7
 882 056b D8       		.byte	0xd8
 883 056c DE000000 		.4byte	0xde
 884 0570 48       		.byte	0x48
 885 0571 11       		.uleb128 0x11
 886 0572 445200   		.ascii	"DR\000"
 887 0575 07       		.byte	0x7
 888 0576 D9       		.byte	0xd9
 889 0577 DE000000 		.4byte	0xde
 890 057b 4C       		.byte	0x4c
 891 057c 00       		.byte	0
 892 057d 04       		.uleb128 0x4
 893 057e 62010000 		.4byte	.LASF98
 894 0582 07       		.byte	0x7
 895 0583 DA       		.byte	0xda
 896 0584 86040000 		.4byte	0x486
 897 0588 12       		.uleb128 0x12
 898 0589 54       		.byte	0x54
 899 058a 07       		.byte	0x7
 900 058b EC02     		.2byte	0x2ec
 901 058d A1060000 		.4byte	0x6a1
 902 0591 08       		.uleb128 0x8
 903 0592 43523100 		.ascii	"CR1\000"
 904 0596 07       		.byte	0x7
 905 0597 EE02     		.2byte	0x2ee
 906 0599 DE000000 		.4byte	0xde
 907 059d 00       		.byte	0
 908 059e 08       		.uleb128 0x8
 909 059f 43523200 		.ascii	"CR2\000"
 910 05a3 07       		.byte	0x7
 911 05a4 EF02     		.2byte	0x2ef
 912 05a6 DE000000 		.4byte	0xde
ARM GAS  /var/folders/sv/kgmgr77579zbf78p2zlhkdfr0000gn/T//ccslbbjv.s 			page 17


 913 05aa 04       		.byte	0x4
 914 05ab 09       		.uleb128 0x9
 915 05ac AF040000 		.4byte	.LASF99
 916 05b0 07       		.byte	0x7
 917 05b1 F002     		.2byte	0x2f0
 918 05b3 DE000000 		.4byte	0xde
 919 05b7 08       		.byte	0x8
 920 05b8 09       		.uleb128 0x9
 921 05b9 0D000000 		.4byte	.LASF100
 922 05bd 07       		.byte	0x7
 923 05be F102     		.2byte	0x2f1
 924 05c0 DE000000 		.4byte	0xde
 925 05c4 0C       		.byte	0xc
 926 05c5 08       		.uleb128 0x8
 927 05c6 535200   		.ascii	"SR\000"
 928 05c9 07       		.byte	0x7
 929 05ca F202     		.2byte	0x2f2
 930 05cc DE000000 		.4byte	0xde
 931 05d0 10       		.byte	0x10
 932 05d1 08       		.uleb128 0x8
 933 05d2 45475200 		.ascii	"EGR\000"
 934 05d6 07       		.byte	0x7
 935 05d7 F302     		.2byte	0x2f3
 936 05d9 DE000000 		.4byte	0xde
 937 05dd 14       		.byte	0x14
 938 05de 09       		.uleb128 0x9
 939 05df BE000000 		.4byte	.LASF101
 940 05e3 07       		.byte	0x7
 941 05e4 F402     		.2byte	0x2f4
 942 05e6 DE000000 		.4byte	0xde
 943 05ea 18       		.byte	0x18
 944 05eb 09       		.uleb128 0x9
 945 05ec 45000000 		.4byte	.LASF102
 946 05f0 07       		.byte	0x7
 947 05f1 F502     		.2byte	0x2f5
 948 05f3 DE000000 		.4byte	0xde
 949 05f7 1C       		.byte	0x1c
 950 05f8 09       		.uleb128 0x9
 951 05f9 C8040000 		.4byte	.LASF103
 952 05fd 07       		.byte	0x7
 953 05fe F602     		.2byte	0x2f6
 954 0600 DE000000 		.4byte	0xde
 955 0604 20       		.byte	0x20
 956 0605 08       		.uleb128 0x8
 957 0606 434E5400 		.ascii	"CNT\000"
 958 060a 07       		.byte	0x7
 959 060b F702     		.2byte	0x2f7
 960 060d DE000000 		.4byte	0xde
 961 0611 24       		.byte	0x24
 962 0612 08       		.uleb128 0x8
 963 0613 50534300 		.ascii	"PSC\000"
 964 0617 07       		.byte	0x7
 965 0618 F802     		.2byte	0x2f8
 966 061a DE000000 		.4byte	0xde
 967 061e 28       		.byte	0x28
 968 061f 08       		.uleb128 0x8
 969 0620 41525200 		.ascii	"ARR\000"
ARM GAS  /var/folders/sv/kgmgr77579zbf78p2zlhkdfr0000gn/T//ccslbbjv.s 			page 18


 970 0624 07       		.byte	0x7
 971 0625 F902     		.2byte	0x2f9
 972 0627 DE000000 		.4byte	0xde
 973 062b 2C       		.byte	0x2c
 974 062c 08       		.uleb128 0x8
 975 062d 52435200 		.ascii	"RCR\000"
 976 0631 07       		.byte	0x7
 977 0632 FA02     		.2byte	0x2fa
 978 0634 DE000000 		.4byte	0xde
 979 0638 30       		.byte	0x30
 980 0639 09       		.uleb128 0x9
 981 063a 59050000 		.4byte	.LASF104
 982 063e 07       		.byte	0x7
 983 063f FB02     		.2byte	0x2fb
 984 0641 DE000000 		.4byte	0xde
 985 0645 34       		.byte	0x34
 986 0646 09       		.uleb128 0x9
 987 0647 5E050000 		.4byte	.LASF105
 988 064b 07       		.byte	0x7
 989 064c FC02     		.2byte	0x2fc
 990 064e DE000000 		.4byte	0xde
 991 0652 38       		.byte	0x38
 992 0653 09       		.uleb128 0x9
 993 0654 63050000 		.4byte	.LASF106
 994 0658 07       		.byte	0x7
 995 0659 FD02     		.2byte	0x2fd
 996 065b DE000000 		.4byte	0xde
 997 065f 3C       		.byte	0x3c
 998 0660 09       		.uleb128 0x9
 999 0661 68050000 		.4byte	.LASF107
 1000 0665 07       		.byte	0x7
 1001 0666 FE02     		.2byte	0x2fe
 1002 0668 DE000000 		.4byte	0xde
 1003 066c 40       		.byte	0x40
 1004 066d 09       		.uleb128 0x9
 1005 066e 9C000000 		.4byte	.LASF108
 1006 0672 07       		.byte	0x7
 1007 0673 FF02     		.2byte	0x2ff
 1008 0675 DE000000 		.4byte	0xde
 1009 0679 44       		.byte	0x44
 1010 067a 08       		.uleb128 0x8
 1011 067b 44435200 		.ascii	"DCR\000"
 1012 067f 07       		.byte	0x7
 1013 0680 0003     		.2byte	0x300
 1014 0682 DE000000 		.4byte	0xde
 1015 0686 48       		.byte	0x48
 1016 0687 09       		.uleb128 0x9
 1017 0688 5D030000 		.4byte	.LASF109
 1018 068c 07       		.byte	0x7
 1019 068d 0103     		.2byte	0x301
 1020 068f DE000000 		.4byte	0xde
 1021 0693 4C       		.byte	0x4c
 1022 0694 08       		.uleb128 0x8
 1023 0695 4F5200   		.ascii	"OR\000"
 1024 0698 07       		.byte	0x7
 1025 0699 0203     		.2byte	0x302
 1026 069b DE000000 		.4byte	0xde
ARM GAS  /var/folders/sv/kgmgr77579zbf78p2zlhkdfr0000gn/T//ccslbbjv.s 			page 19


 1027 069f 50       		.byte	0x50
 1028 06a0 00       		.byte	0
 1029 06a1 13       		.uleb128 0x13
 1030 06a2 4B000000 		.4byte	.LASF110
 1031 06a6 07       		.byte	0x7
 1032 06a7 0303     		.2byte	0x303
 1033 06a9 88050000 		.4byte	0x588
 1034 06ad 14       		.uleb128 0x14
 1035 06ae 01       		.byte	0x1
 1036 06af 45000000 		.4byte	0x45
 1037 06b3 13       		.byte	0x13
 1038 06b4 A2       		.byte	0xa2
 1039 06b5 C6060000 		.4byte	0x6c6
 1040 06b9 15       		.uleb128 0x15
 1041 06ba B7030000 		.4byte	.LASF111
 1042 06be 00       		.byte	0
 1043 06bf 16       		.uleb128 0x16
 1044 06c0 53455400 		.ascii	"SET\000"
 1045 06c4 01       		.byte	0x1
 1046 06c5 00       		.byte	0
 1047 06c6 04       		.uleb128 0x4
 1048 06c7 9F010000 		.4byte	.LASF112
 1049 06cb 08       		.byte	0x8
 1050 06cc 65       		.byte	0x65
 1051 06cd 49030000 		.4byte	0x349
 1052 06d1 04       		.uleb128 0x4
 1053 06d2 9C020000 		.4byte	.LASF113
 1054 06d6 08       		.byte	0x8
 1055 06d7 6D       		.byte	0x6d
 1056 06d8 CE000000 		.4byte	0xce
 1057 06dc 06       		.uleb128 0x6
 1058 06dd 18020000 		.4byte	.LASF114
 1059 06e1 04       		.byte	0x4
 1060 06e2 08       		.byte	0x8
 1061 06e3 89       		.byte	0x89
 1062 06e4 F5060000 		.4byte	0x6f5
 1063 06e8 11       		.uleb128 0x11
 1064 06e9 72313300 		.ascii	"r13\000"
 1065 06ed 08       		.byte	0x8
 1066 06ee 8A       		.byte	0x8a
 1067 06ef 36080000 		.4byte	0x836
 1068 06f3 00       		.byte	0
 1069 06f4 00       		.byte	0
 1070 06f5 06       		.uleb128 0x6
 1071 06f6 32000000 		.4byte	.LASF115
 1072 06fa 64       		.byte	0x64
 1073 06fb 09       		.byte	0x9
 1074 06fc F4       		.byte	0xf4
 1075 06fd 36080000 		.4byte	0x836
 1076 0701 11       		.uleb128 0x11
 1077 0702 73313600 		.ascii	"s16\000"
 1078 0706 09       		.byte	0x9
 1079 0707 F6       		.byte	0xf6
 1080 0708 C6060000 		.4byte	0x6c6
 1081 070c 00       		.byte	0
 1082 070d 11       		.uleb128 0x11
 1083 070e 73313700 		.ascii	"s17\000"
ARM GAS  /var/folders/sv/kgmgr77579zbf78p2zlhkdfr0000gn/T//ccslbbjv.s 			page 20


 1084 0712 09       		.byte	0x9
 1085 0713 F7       		.byte	0xf7
 1086 0714 C6060000 		.4byte	0x6c6
 1087 0718 04       		.byte	0x4
 1088 0719 11       		.uleb128 0x11
 1089 071a 73313800 		.ascii	"s18\000"
 1090 071e 09       		.byte	0x9
 1091 071f F8       		.byte	0xf8
 1092 0720 C6060000 		.4byte	0x6c6
 1093 0724 08       		.byte	0x8
 1094 0725 11       		.uleb128 0x11
 1095 0726 73313900 		.ascii	"s19\000"
 1096 072a 09       		.byte	0x9
 1097 072b F9       		.byte	0xf9
 1098 072c C6060000 		.4byte	0x6c6
 1099 0730 0C       		.byte	0xc
 1100 0731 11       		.uleb128 0x11
 1101 0732 73323000 		.ascii	"s20\000"
 1102 0736 09       		.byte	0x9
 1103 0737 FA       		.byte	0xfa
 1104 0738 C6060000 		.4byte	0x6c6
 1105 073c 10       		.byte	0x10
 1106 073d 11       		.uleb128 0x11
 1107 073e 73323100 		.ascii	"s21\000"
 1108 0742 09       		.byte	0x9
 1109 0743 FB       		.byte	0xfb
 1110 0744 C6060000 		.4byte	0x6c6
 1111 0748 14       		.byte	0x14
 1112 0749 11       		.uleb128 0x11
 1113 074a 73323200 		.ascii	"s22\000"
 1114 074e 09       		.byte	0x9
 1115 074f FC       		.byte	0xfc
 1116 0750 C6060000 		.4byte	0x6c6
 1117 0754 18       		.byte	0x18
 1118 0755 11       		.uleb128 0x11
 1119 0756 73323300 		.ascii	"s23\000"
 1120 075a 09       		.byte	0x9
 1121 075b FD       		.byte	0xfd
 1122 075c C6060000 		.4byte	0x6c6
 1123 0760 1C       		.byte	0x1c
 1124 0761 11       		.uleb128 0x11
 1125 0762 73323400 		.ascii	"s24\000"
 1126 0766 09       		.byte	0x9
 1127 0767 FE       		.byte	0xfe
 1128 0768 C6060000 		.4byte	0x6c6
 1129 076c 20       		.byte	0x20
 1130 076d 11       		.uleb128 0x11
 1131 076e 73323500 		.ascii	"s25\000"
 1132 0772 09       		.byte	0x9
 1133 0773 FF       		.byte	0xff
 1134 0774 C6060000 		.4byte	0x6c6
 1135 0778 24       		.byte	0x24
 1136 0779 08       		.uleb128 0x8
 1137 077a 73323600 		.ascii	"s26\000"
 1138 077e 09       		.byte	0x9
 1139 077f 0001     		.2byte	0x100
 1140 0781 C6060000 		.4byte	0x6c6
ARM GAS  /var/folders/sv/kgmgr77579zbf78p2zlhkdfr0000gn/T//ccslbbjv.s 			page 21


 1141 0785 28       		.byte	0x28
 1142 0786 08       		.uleb128 0x8
 1143 0787 73323700 		.ascii	"s27\000"
 1144 078b 09       		.byte	0x9
 1145 078c 0101     		.2byte	0x101
 1146 078e C6060000 		.4byte	0x6c6
 1147 0792 2C       		.byte	0x2c
 1148 0793 08       		.uleb128 0x8
 1149 0794 73323800 		.ascii	"s28\000"
 1150 0798 09       		.byte	0x9
 1151 0799 0201     		.2byte	0x102
 1152 079b C6060000 		.4byte	0x6c6
 1153 079f 30       		.byte	0x30
 1154 07a0 08       		.uleb128 0x8
 1155 07a1 73323900 		.ascii	"s29\000"
 1156 07a5 09       		.byte	0x9
 1157 07a6 0301     		.2byte	0x103
 1158 07a8 C6060000 		.4byte	0x6c6
 1159 07ac 34       		.byte	0x34
 1160 07ad 08       		.uleb128 0x8
 1161 07ae 73333000 		.ascii	"s30\000"
 1162 07b2 09       		.byte	0x9
 1163 07b3 0401     		.2byte	0x104
 1164 07b5 C6060000 		.4byte	0x6c6
 1165 07b9 38       		.byte	0x38
 1166 07ba 08       		.uleb128 0x8
 1167 07bb 73333100 		.ascii	"s31\000"
 1168 07bf 09       		.byte	0x9
 1169 07c0 0501     		.2byte	0x105
 1170 07c2 C6060000 		.4byte	0x6c6
 1171 07c6 3C       		.byte	0x3c
 1172 07c7 08       		.uleb128 0x8
 1173 07c8 723400   		.ascii	"r4\000"
 1174 07cb 09       		.byte	0x9
 1175 07cc 0701     		.2byte	0x107
 1176 07ce C6060000 		.4byte	0x6c6
 1177 07d2 40       		.byte	0x40
 1178 07d3 08       		.uleb128 0x8
 1179 07d4 723500   		.ascii	"r5\000"
 1180 07d7 09       		.byte	0x9
 1181 07d8 0801     		.2byte	0x108
 1182 07da C6060000 		.4byte	0x6c6
 1183 07de 44       		.byte	0x44
 1184 07df 08       		.uleb128 0x8
 1185 07e0 723600   		.ascii	"r6\000"
 1186 07e3 09       		.byte	0x9
 1187 07e4 0901     		.2byte	0x109
 1188 07e6 C6060000 		.4byte	0x6c6
 1189 07ea 48       		.byte	0x48
 1190 07eb 08       		.uleb128 0x8
 1191 07ec 723700   		.ascii	"r7\000"
 1192 07ef 09       		.byte	0x9
 1193 07f0 0A01     		.2byte	0x10a
 1194 07f2 C6060000 		.4byte	0x6c6
 1195 07f6 4C       		.byte	0x4c
 1196 07f7 08       		.uleb128 0x8
 1197 07f8 723800   		.ascii	"r8\000"
ARM GAS  /var/folders/sv/kgmgr77579zbf78p2zlhkdfr0000gn/T//ccslbbjv.s 			page 22


 1198 07fb 09       		.byte	0x9
 1199 07fc 0B01     		.2byte	0x10b
 1200 07fe C6060000 		.4byte	0x6c6
 1201 0802 50       		.byte	0x50
 1202 0803 08       		.uleb128 0x8
 1203 0804 723900   		.ascii	"r9\000"
 1204 0807 09       		.byte	0x9
 1205 0808 0C01     		.2byte	0x10c
 1206 080a C6060000 		.4byte	0x6c6
 1207 080e 54       		.byte	0x54
 1208 080f 08       		.uleb128 0x8
 1209 0810 72313000 		.ascii	"r10\000"
 1210 0814 09       		.byte	0x9
 1211 0815 0D01     		.2byte	0x10d
 1212 0817 C6060000 		.4byte	0x6c6
 1213 081b 58       		.byte	0x58
 1214 081c 08       		.uleb128 0x8
 1215 081d 72313100 		.ascii	"r11\000"
 1216 0821 09       		.byte	0x9
 1217 0822 0E01     		.2byte	0x10e
 1218 0824 C6060000 		.4byte	0x6c6
 1219 0828 5C       		.byte	0x5c
 1220 0829 08       		.uleb128 0x8
 1221 082a 6C7200   		.ascii	"lr\000"
 1222 082d 09       		.byte	0x9
 1223 082e 0F01     		.2byte	0x10f
 1224 0830 C6060000 		.4byte	0x6c6
 1225 0834 60       		.byte	0x60
 1226 0835 00       		.byte	0
 1227 0836 0A       		.uleb128 0xa
 1228 0837 04       		.byte	0x4
 1229 0838 F5060000 		.4byte	0x6f5
 1230 083c 10       		.uleb128 0x10
 1231 083d 04       		.byte	0x4
 1232 083e 0A       		.byte	0xa
 1233 083f 38       		.byte	0x38
 1234 0840 51080000 		.4byte	0x851
 1235 0844 07       		.uleb128 0x7
 1236 0845 07050000 		.4byte	.LASF116
 1237 0849 0A       		.byte	0xa
 1238 084a 3C       		.byte	0x3c
 1239 084b E3000000 		.4byte	0xe3
 1240 084f 00       		.byte	0
 1241 0850 00       		.byte	0
 1242 0851 04       		.uleb128 0x4
 1243 0852 FF020000 		.4byte	.LASF117
 1244 0856 0A       		.byte	0xa
 1245 0857 3D       		.byte	0x3d
 1246 0858 3C080000 		.4byte	0x83c
 1247 085c 17       		.uleb128 0x17
 1248 085d 04       		.byte	0x4
 1249 085e 06       		.byte	0x6
 1250 085f FA       		.byte	0xfa
 1251 0860 B9080000 		.4byte	0x8b9
 1252 0864 18       		.uleb128 0x18
 1253 0865 18000000 		.4byte	.LASF118
 1254 0869 06       		.byte	0x6
ARM GAS  /var/folders/sv/kgmgr77579zbf78p2zlhkdfr0000gn/T//ccslbbjv.s 			page 23


 1255 086a 0101     		.2byte	0x101
 1256 086c 25010000 		.4byte	0x125
 1257 0870 18       		.uleb128 0x18
 1258 0871 8E010000 		.4byte	.LASF119
 1259 0875 06       		.byte	0x6
 1260 0876 0801     		.2byte	0x108
 1261 0878 25010000 		.4byte	0x125
 1262 087c 18       		.uleb128 0x18
 1263 087d 0D010000 		.4byte	.LASF120
 1264 0881 06       		.byte	0x6
 1265 0882 0F01     		.2byte	0x10f
 1266 0884 49030000 		.4byte	0x349
 1267 0888 18       		.uleb128 0x18
 1268 0889 12000000 		.4byte	.LASF121
 1269 088d 06       		.byte	0x6
 1270 088e 1601     		.2byte	0x116
 1271 0890 B9080000 		.4byte	0x8b9
 1272 0894 18       		.uleb128 0x18
 1273 0895 F3010000 		.4byte	.LASF122
 1274 0899 06       		.byte	0x6
 1275 089a 1E01     		.2byte	0x11e
 1276 089c E4080000 		.4byte	0x8e4
 1277 08a0 18       		.uleb128 0x18
 1278 08a1 6E040000 		.4byte	.LASF123
 1279 08a5 06       		.byte	0x6
 1280 08a6 2701     		.2byte	0x127
 1281 08a8 1B090000 		.4byte	0x91b
 1282 08ac 18       		.uleb128 0x18
 1283 08ad 1E040000 		.4byte	.LASF124
 1284 08b1 06       		.byte	0x6
 1285 08b2 2F01     		.2byte	0x12f
 1286 08b4 30010000 		.4byte	0x130
 1287 08b8 00       		.byte	0
 1288 08b9 0A       		.uleb128 0xa
 1289 08ba 04       		.byte	0x4
 1290 08bb 61020000 		.4byte	0x261
 1291 08bf 06       		.uleb128 0x6
 1292 08c0 4D040000 		.4byte	.LASF125
 1293 08c4 0C       		.byte	0xc
 1294 08c5 0B       		.byte	0xb
 1295 08c6 34       		.byte	0x34
 1296 08c7 E4080000 		.4byte	0x8e4
 1297 08cb 07       		.uleb128 0x7
 1298 08cc 86010000 		.4byte	.LASF126
 1299 08d0 0B       		.byte	0xb
 1300 08d1 35       		.byte	0x35
 1301 08d2 96020000 		.4byte	0x296
 1302 08d6 00       		.byte	0
 1303 08d7 07       		.uleb128 0x7
 1304 08d8 12020000 		.4byte	.LASF127
 1305 08dc 0B       		.byte	0xb
 1306 08dd 37       		.byte	0x37
 1307 08de 3B010000 		.4byte	0x13b
 1308 08e2 08       		.byte	0x8
 1309 08e3 00       		.byte	0
 1310 08e4 0A       		.uleb128 0xa
 1311 08e5 04       		.byte	0x4
ARM GAS  /var/folders/sv/kgmgr77579zbf78p2zlhkdfr0000gn/T//ccslbbjv.s 			page 24


 1312 08e6 BF080000 		.4byte	0x8bf
 1313 08ea 06       		.uleb128 0x6
 1314 08eb 09070000 		.4byte	.LASF128
 1315 08ef 10       		.byte	0x10
 1316 08f0 0C       		.byte	0xc
 1317 08f1 39       		.byte	0x39
 1318 08f2 1B090000 		.4byte	0x91b
 1319 08f6 07       		.uleb128 0x7
 1320 08f7 F4000000 		.4byte	.LASF129
 1321 08fb 0C       		.byte	0xc
 1322 08fc 3A       		.byte	0x3a
 1323 08fd 96020000 		.4byte	0x296
 1324 0901 00       		.byte	0
 1325 0902 07       		.uleb128 0x7
 1326 0903 37070000 		.4byte	.LASF130
 1327 0907 0C       		.byte	0xc
 1328 0908 3C       		.byte	0x3c
 1329 0909 6C020000 		.4byte	0x26c
 1330 090d 08       		.byte	0x8
 1331 090e 07       		.uleb128 0x7
 1332 090f CD040000 		.4byte	.LASF131
 1333 0913 0C       		.byte	0xc
 1334 0914 3E       		.byte	0x3e
 1335 0915 5E090000 		.4byte	0x95e
 1336 0919 0C       		.byte	0xc
 1337 091a 00       		.byte	0
 1338 091b 0A       		.uleb128 0xa
 1339 091c 04       		.byte	0x4
 1340 091d EA080000 		.4byte	0x8ea
 1341 0921 0A       		.uleb128 0xa
 1342 0922 04       		.byte	0x4
 1343 0923 2E090000 		.4byte	0x92e
 1344 0927 03       		.uleb128 0x3
 1345 0928 01       		.byte	0x1
 1346 0929 08       		.byte	0x8
 1347 092a AA040000 		.4byte	.LASF132
 1348 092e 19       		.uleb128 0x19
 1349 092f 27090000 		.4byte	0x927
 1350 0933 05       		.uleb128 0x5
 1351 0934 46010000 		.4byte	0x146
 1352 0938 0A       		.uleb128 0xa
 1353 0939 04       		.byte	0x4
 1354 093a 4B030000 		.4byte	0x34b
 1355 093e 05       		.uleb128 0x5
 1356 093f 21090000 		.4byte	0x921
 1357 0943 1A       		.uleb128 0x1a
 1358 0944 D1060000 		.4byte	0x6d1
 1359 0948 53090000 		.4byte	0x953
 1360 094c 1B       		.uleb128 0x1b
 1361 094d 7F040000 		.4byte	0x47f
 1362 0951 3A       		.byte	0x3a
 1363 0952 00       		.byte	0
 1364 0953 04       		.uleb128 0x4
 1365 0954 B0010000 		.4byte	.LASF133
 1366 0958 0C       		.byte	0xc
 1367 0959 34       		.byte	0x34
 1368 095a EA080000 		.4byte	0x8ea
ARM GAS  /var/folders/sv/kgmgr77579zbf78p2zlhkdfr0000gn/T//ccslbbjv.s 			page 25


 1369 095e 0A       		.uleb128 0xa
 1370 095f 04       		.byte	0x4
 1371 0960 53090000 		.4byte	0x953
 1372 0964 03       		.uleb128 0x3
 1373 0965 04       		.byte	0x4
 1374 0966 04       		.byte	0x4
 1375 0967 92030000 		.4byte	.LASF134
 1376 096b 03       		.uleb128 0x3
 1377 096c 01       		.byte	0x1
 1378 096d 02       		.byte	0x2
 1379 096e D5030000 		.4byte	.LASF135
 1380 0972 1C       		.uleb128 0x1c
 1381 0973 6D050000 		.4byte	.LASF136
 1382 0977 01       		.byte	0x1
 1383 0978 1D       		.byte	0x1d
 1384 0979 00000000 		.4byte	.LFB256
 1385 097d 1C000000 		.4byte	.LFE256-.LFB256
 1386 0981 01       		.uleb128 0x1
 1387 0982 9C       		.byte	0x9c
 1388 0983 B8090000 		.4byte	0x9b8
 1389 0987 1D       		.uleb128 0x1d
 1390 0988 0C000000 		.4byte	.LVL0
 1391 098c BA0A0000 		.4byte	0xaba
 1392 0990 A5090000 		.4byte	0x9a5
 1393 0994 1E       		.uleb128 0x1e
 1394 0995 01       		.uleb128 0x1
 1395 0996 50       		.byte	0x50
 1396 0997 05       		.uleb128 0x5
 1397 0998 0C       		.byte	0xc
 1398 0999 00200140 		.4byte	0x40012000
 1399 099d 1E       		.uleb128 0x1e
 1400 099e 01       		.uleb128 0x1
 1401 099f 51       		.byte	0x51
 1402 09a0 03       		.uleb128 0x3
 1403 09a1 0A       		.byte	0xa
 1404 09a2 0704     		.2byte	0x407
 1405 09a4 00       		.byte	0
 1406 09a5 1F       		.uleb128 0x1f
 1407 09a6 10000000 		.4byte	.LVL1
 1408 09aa C60A0000 		.4byte	0xac6
 1409 09ae 20       		.uleb128 0x20
 1410 09af 18000000 		.4byte	.LVL2
 1411 09b3 D10A0000 		.4byte	0xad1
 1412 09b7 00       		.byte	0
 1413 09b8 1C       		.uleb128 0x1c
 1414 09b9 2E070000 		.4byte	.LASF137
 1415 09bd 01       		.byte	0x1
 1416 09be 24       		.byte	0x24
 1417 09bf 00000000 		.4byte	.LFB257
 1418 09c3 1E000000 		.4byte	.LFE257-.LFB257
 1419 09c7 01       		.uleb128 0x1
 1420 09c8 9C       		.byte	0x9c
 1421 09c9 FD090000 		.4byte	0x9fd
 1422 09cd 1D       		.uleb128 0x1d
 1423 09ce 0A000000 		.4byte	.LVL3
 1424 09d2 DD0A0000 		.4byte	0xadd
 1425 09d6 E2090000 		.4byte	0x9e2
ARM GAS  /var/folders/sv/kgmgr77579zbf78p2zlhkdfr0000gn/T//ccslbbjv.s 			page 26


 1426 09da 1E       		.uleb128 0x1e
 1427 09db 01       		.uleb128 0x1
 1428 09dc 50       		.byte	0x50
 1429 09dd 03       		.uleb128 0x3
 1430 09de 0A       		.byte	0xa
 1431 09df 0008     		.2byte	0x800
 1432 09e1 00       		.byte	0
 1433 09e2 1F       		.uleb128 0x1f
 1434 09e3 12000000 		.4byte	.LVL4
 1435 09e7 E80A0000 		.4byte	0xae8
 1436 09eb 21       		.uleb128 0x21
 1437 09ec 1E000000 		.4byte	.LVL5
 1438 09f0 F30A0000 		.4byte	0xaf3
 1439 09f4 1E       		.uleb128 0x1e
 1440 09f5 01       		.uleb128 0x1
 1441 09f6 50       		.byte	0x50
 1442 09f7 03       		.uleb128 0x3
 1443 09f8 0A       		.byte	0xa
 1444 09f9 0008     		.2byte	0x800
 1445 09fb 00       		.byte	0
 1446 09fc 00       		.byte	0
 1447 09fd 1C       		.uleb128 0x1c
 1448 09fe 1E010000 		.4byte	.LASF138
 1449 0a02 01       		.byte	0x1
 1450 0a03 2D       		.byte	0x2d
 1451 0a04 00000000 		.4byte	.LFB258
 1452 0a08 24000000 		.4byte	.LFE258-.LFB258
 1453 0a0c 01       		.uleb128 0x1
 1454 0a0d 9C       		.byte	0x9c
 1455 0a0e 500A0000 		.4byte	0xa50
 1456 0a12 1D       		.uleb128 0x1d
 1457 0a13 0A000000 		.4byte	.LVL6
 1458 0a17 FE0A0000 		.4byte	0xafe
 1459 0a1b 2E0A0000 		.4byte	0xa2e
 1460 0a1f 1E       		.uleb128 0x1e
 1461 0a20 01       		.uleb128 0x1
 1462 0a21 50       		.byte	0x50
 1463 0a22 05       		.uleb128 0x5
 1464 0a23 0C       		.byte	0xc
 1465 0a24 00080040 		.4byte	0x40000800
 1466 0a28 1E       		.uleb128 0x1e
 1467 0a29 01       		.uleb128 0x1
 1468 0a2a 51       		.byte	0x51
 1469 0a2b 01       		.uleb128 0x1
 1470 0a2c 31       		.byte	0x31
 1471 0a2d 00       		.byte	0
 1472 0a2e 1F       		.uleb128 0x1f
 1473 0a2f 12000000 		.4byte	.LVL7
 1474 0a33 0A0B0000 		.4byte	0xb0a
 1475 0a37 21       		.uleb128 0x21
 1476 0a38 1E000000 		.4byte	.LVL8
 1477 0a3c 150B0000 		.4byte	0xb15
 1478 0a40 1E       		.uleb128 0x1e
 1479 0a41 01       		.uleb128 0x1
 1480 0a42 50       		.byte	0x50
 1481 0a43 05       		.uleb128 0x5
 1482 0a44 0C       		.byte	0xc
ARM GAS  /var/folders/sv/kgmgr77579zbf78p2zlhkdfr0000gn/T//ccslbbjv.s 			page 27


 1483 0a45 00080040 		.4byte	0x40000800
 1484 0a49 1E       		.uleb128 0x1e
 1485 0a4a 01       		.uleb128 0x1
 1486 0a4b 51       		.byte	0x51
 1487 0a4c 01       		.uleb128 0x1
 1488 0a4d 31       		.byte	0x31
 1489 0a4e 00       		.byte	0
 1490 0a4f 00       		.byte	0
 1491 0a50 1C       		.uleb128 0x1c
 1492 0a51 44040000 		.4byte	.LASF139
 1493 0a55 01       		.byte	0x1
 1494 0a56 36       		.byte	0x36
 1495 0a57 00000000 		.4byte	.LFB259
 1496 0a5b 24000000 		.4byte	.LFE259-.LFB259
 1497 0a5f 01       		.uleb128 0x1
 1498 0a60 9C       		.byte	0x9c
 1499 0a61 A30A0000 		.4byte	0xaa3
 1500 0a65 1D       		.uleb128 0x1d
 1501 0a66 0A000000 		.4byte	.LVL9
 1502 0a6a FE0A0000 		.4byte	0xafe
 1503 0a6e 810A0000 		.4byte	0xa81
 1504 0a72 1E       		.uleb128 0x1e
 1505 0a73 01       		.uleb128 0x1
 1506 0a74 50       		.byte	0x50
 1507 0a75 05       		.uleb128 0x5
 1508 0a76 0C       		.byte	0xc
 1509 0a77 00040140 		.4byte	0x40010400
 1510 0a7b 1E       		.uleb128 0x1e
 1511 0a7c 01       		.uleb128 0x1
 1512 0a7d 51       		.byte	0x51
 1513 0a7e 01       		.uleb128 0x1
 1514 0a7f 32       		.byte	0x32
 1515 0a80 00       		.byte	0
 1516 0a81 1F       		.uleb128 0x1f
 1517 0a82 12000000 		.4byte	.LVL10
 1518 0a86 210B0000 		.4byte	0xb21
 1519 0a8a 21       		.uleb128 0x21
 1520 0a8b 1E000000 		.4byte	.LVL11
 1521 0a8f 150B0000 		.4byte	0xb15
 1522 0a93 1E       		.uleb128 0x1e
 1523 0a94 01       		.uleb128 0x1
 1524 0a95 50       		.byte	0x50
 1525 0a96 05       		.uleb128 0x5
 1526 0a97 0C       		.byte	0xc
 1527 0a98 00040140 		.4byte	0x40010400
 1528 0a9c 1E       		.uleb128 0x1e
 1529 0a9d 01       		.uleb128 0x1
 1530 0a9e 51       		.byte	0x51
 1531 0a9f 01       		.uleb128 0x1
 1532 0aa0 32       		.byte	0x32
 1533 0aa1 00       		.byte	0
 1534 0aa2 00       		.byte	0
 1535 0aa3 22       		.uleb128 0x22
 1536 0aa4 8F000000 		.4byte	.LASF140
 1537 0aa8 14       		.byte	0x14
 1538 0aa9 A706     		.2byte	0x6a7
 1539 0aab D9000000 		.4byte	0xd9
ARM GAS  /var/folders/sv/kgmgr77579zbf78p2zlhkdfr0000gn/T//ccslbbjv.s 			page 28


 1540 0aaf 23       		.uleb128 0x23
 1541 0ab0 636800   		.ascii	"ch\000"
 1542 0ab3 06       		.byte	0x6
 1543 0ab4 0902     		.2byte	0x209
 1544 0ab6 18040000 		.4byte	0x418
 1545 0aba 24       		.uleb128 0x24
 1546 0abb 7C030000 		.4byte	.LASF141
 1547 0abf 7C030000 		.4byte	.LASF141
 1548 0ac3 0D       		.byte	0xd
 1549 0ac4 8002     		.2byte	0x280
 1550 0ac6 25       		.uleb128 0x25
 1551 0ac7 38050000 		.4byte	.LASF142
 1552 0acb 38050000 		.4byte	.LASF142
 1553 0acf 0E       		.byte	0xe
 1554 0ad0 53       		.byte	0x53
 1555 0ad1 24       		.uleb128 0x24
 1556 0ad2 9A060000 		.4byte	.LASF143
 1557 0ad6 9A060000 		.4byte	.LASF143
 1558 0ada 09       		.byte	0x9
 1559 0adb 6601     		.2byte	0x166
 1560 0add 25       		.uleb128 0x25
 1561 0ade FC000000 		.4byte	.LASF144
 1562 0ae2 FC000000 		.4byte	.LASF144
 1563 0ae6 0F       		.byte	0xf
 1564 0ae7 A8       		.byte	0xa8
 1565 0ae8 25       		.uleb128 0x25
 1566 0ae9 C4000000 		.4byte	.LASF145
 1567 0aed C4000000 		.4byte	.LASF145
 1568 0af1 10       		.byte	0x10
 1569 0af2 1F       		.byte	0x1f
 1570 0af3 25       		.uleb128 0x25
 1571 0af4 C7010000 		.4byte	.LASF146
 1572 0af8 C7010000 		.4byte	.LASF146
 1573 0afc 0F       		.byte	0xf
 1574 0afd A9       		.byte	0xa9
 1575 0afe 24       		.uleb128 0x24
 1576 0aff 34030000 		.4byte	.LASF147
 1577 0b03 34030000 		.4byte	.LASF147
 1578 0b07 11       		.byte	0x11
 1579 0b08 5004     		.2byte	0x450
 1580 0b0a 25       		.uleb128 0x25
 1581 0b0b 6E010000 		.4byte	.LASF148
 1582 0b0f 6E010000 		.4byte	.LASF148
 1583 0b13 10       		.byte	0x10
 1584 0b14 20       		.byte	0x20
 1585 0b15 24       		.uleb128 0x24
 1586 0b16 3A010000 		.4byte	.LASF149
 1587 0b1a 3A010000 		.4byte	.LASF149
 1588 0b1e 11       		.byte	0x11
 1589 0b1f 5104     		.2byte	0x451
 1590 0b21 25       		.uleb128 0x25
 1591 0b22 3D020000 		.4byte	.LASF150
 1592 0b26 3D020000 		.4byte	.LASF150
 1593 0b2a 12       		.byte	0x12
 1594 0b2b 4D       		.byte	0x4d
 1595 0b2c 00       		.byte	0
 1596              		.section	.debug_abbrev,"",%progbits
ARM GAS  /var/folders/sv/kgmgr77579zbf78p2zlhkdfr0000gn/T//ccslbbjv.s 			page 29


 1597              	.Ldebug_abbrev0:
 1598 0000 01       		.uleb128 0x1
 1599 0001 11       		.uleb128 0x11
 1600 0002 01       		.byte	0x1
 1601 0003 25       		.uleb128 0x25
 1602 0004 0E       		.uleb128 0xe
 1603 0005 13       		.uleb128 0x13
 1604 0006 0B       		.uleb128 0xb
 1605 0007 03       		.uleb128 0x3
 1606 0008 0E       		.uleb128 0xe
 1607 0009 1B       		.uleb128 0x1b
 1608 000a 0E       		.uleb128 0xe
 1609 000b 55       		.uleb128 0x55
 1610 000c 17       		.uleb128 0x17
 1611 000d 11       		.uleb128 0x11
 1612 000e 01       		.uleb128 0x1
 1613 000f 10       		.uleb128 0x10
 1614 0010 17       		.uleb128 0x17
 1615 0011 00       		.byte	0
 1616 0012 00       		.byte	0
 1617 0013 02       		.uleb128 0x2
 1618 0014 24       		.uleb128 0x24
 1619 0015 00       		.byte	0
 1620 0016 0B       		.uleb128 0xb
 1621 0017 0B       		.uleb128 0xb
 1622 0018 3E       		.uleb128 0x3e
 1623 0019 0B       		.uleb128 0xb
 1624 001a 03       		.uleb128 0x3
 1625 001b 08       		.uleb128 0x8
 1626 001c 00       		.byte	0
 1627 001d 00       		.byte	0
 1628 001e 03       		.uleb128 0x3
 1629 001f 24       		.uleb128 0x24
 1630 0020 00       		.byte	0
 1631 0021 0B       		.uleb128 0xb
 1632 0022 0B       		.uleb128 0xb
 1633 0023 3E       		.uleb128 0x3e
 1634 0024 0B       		.uleb128 0xb
 1635 0025 03       		.uleb128 0x3
 1636 0026 0E       		.uleb128 0xe
 1637 0027 00       		.byte	0
 1638 0028 00       		.byte	0
 1639 0029 04       		.uleb128 0x4
 1640 002a 16       		.uleb128 0x16
 1641 002b 00       		.byte	0
 1642 002c 03       		.uleb128 0x3
 1643 002d 0E       		.uleb128 0xe
 1644 002e 3A       		.uleb128 0x3a
 1645 002f 0B       		.uleb128 0xb
 1646 0030 3B       		.uleb128 0x3b
 1647 0031 0B       		.uleb128 0xb
 1648 0032 49       		.uleb128 0x49
 1649 0033 13       		.uleb128 0x13
 1650 0034 00       		.byte	0
 1651 0035 00       		.byte	0
 1652 0036 05       		.uleb128 0x5
 1653 0037 35       		.uleb128 0x35
ARM GAS  /var/folders/sv/kgmgr77579zbf78p2zlhkdfr0000gn/T//ccslbbjv.s 			page 30


 1654 0038 00       		.byte	0
 1655 0039 49       		.uleb128 0x49
 1656 003a 13       		.uleb128 0x13
 1657 003b 00       		.byte	0
 1658 003c 00       		.byte	0
 1659 003d 06       		.uleb128 0x6
 1660 003e 13       		.uleb128 0x13
 1661 003f 01       		.byte	0x1
 1662 0040 03       		.uleb128 0x3
 1663 0041 0E       		.uleb128 0xe
 1664 0042 0B       		.uleb128 0xb
 1665 0043 0B       		.uleb128 0xb
 1666 0044 3A       		.uleb128 0x3a
 1667 0045 0B       		.uleb128 0xb
 1668 0046 3B       		.uleb128 0x3b
 1669 0047 0B       		.uleb128 0xb
 1670 0048 01       		.uleb128 0x1
 1671 0049 13       		.uleb128 0x13
 1672 004a 00       		.byte	0
 1673 004b 00       		.byte	0
 1674 004c 07       		.uleb128 0x7
 1675 004d 0D       		.uleb128 0xd
 1676 004e 00       		.byte	0
 1677 004f 03       		.uleb128 0x3
 1678 0050 0E       		.uleb128 0xe
 1679 0051 3A       		.uleb128 0x3a
 1680 0052 0B       		.uleb128 0xb
 1681 0053 3B       		.uleb128 0x3b
 1682 0054 0B       		.uleb128 0xb
 1683 0055 49       		.uleb128 0x49
 1684 0056 13       		.uleb128 0x13
 1685 0057 38       		.uleb128 0x38
 1686 0058 0B       		.uleb128 0xb
 1687 0059 00       		.byte	0
 1688 005a 00       		.byte	0
 1689 005b 08       		.uleb128 0x8
 1690 005c 0D       		.uleb128 0xd
 1691 005d 00       		.byte	0
 1692 005e 03       		.uleb128 0x3
 1693 005f 08       		.uleb128 0x8
 1694 0060 3A       		.uleb128 0x3a
 1695 0061 0B       		.uleb128 0xb
 1696 0062 3B       		.uleb128 0x3b
 1697 0063 05       		.uleb128 0x5
 1698 0064 49       		.uleb128 0x49
 1699 0065 13       		.uleb128 0x13
 1700 0066 38       		.uleb128 0x38
 1701 0067 0B       		.uleb128 0xb
 1702 0068 00       		.byte	0
 1703 0069 00       		.byte	0
 1704 006a 09       		.uleb128 0x9
 1705 006b 0D       		.uleb128 0xd
 1706 006c 00       		.byte	0
 1707 006d 03       		.uleb128 0x3
 1708 006e 0E       		.uleb128 0xe
 1709 006f 3A       		.uleb128 0x3a
 1710 0070 0B       		.uleb128 0xb
ARM GAS  /var/folders/sv/kgmgr77579zbf78p2zlhkdfr0000gn/T//ccslbbjv.s 			page 31


 1711 0071 3B       		.uleb128 0x3b
 1712 0072 05       		.uleb128 0x5
 1713 0073 49       		.uleb128 0x49
 1714 0074 13       		.uleb128 0x13
 1715 0075 38       		.uleb128 0x38
 1716 0076 0B       		.uleb128 0xb
 1717 0077 00       		.byte	0
 1718 0078 00       		.byte	0
 1719 0079 0A       		.uleb128 0xa
 1720 007a 0F       		.uleb128 0xf
 1721 007b 00       		.byte	0
 1722 007c 0B       		.uleb128 0xb
 1723 007d 0B       		.uleb128 0xb
 1724 007e 49       		.uleb128 0x49
 1725 007f 13       		.uleb128 0x13
 1726 0080 00       		.byte	0
 1727 0081 00       		.byte	0
 1728 0082 0B       		.uleb128 0xb
 1729 0083 13       		.uleb128 0x13
 1730 0084 01       		.byte	0x1
 1731 0085 03       		.uleb128 0x3
 1732 0086 0E       		.uleb128 0xe
 1733 0087 0B       		.uleb128 0xb
 1734 0088 0B       		.uleb128 0xb
 1735 0089 3A       		.uleb128 0x3a
 1736 008a 0B       		.uleb128 0xb
 1737 008b 3B       		.uleb128 0x3b
 1738 008c 05       		.uleb128 0x5
 1739 008d 01       		.uleb128 0x1
 1740 008e 13       		.uleb128 0x13
 1741 008f 00       		.byte	0
 1742 0090 00       		.byte	0
 1743 0091 0C       		.uleb128 0xc
 1744 0092 15       		.uleb128 0x15
 1745 0093 01       		.byte	0x1
 1746 0094 27       		.uleb128 0x27
 1747 0095 19       		.uleb128 0x19
 1748 0096 01       		.uleb128 0x1
 1749 0097 13       		.uleb128 0x13
 1750 0098 00       		.byte	0
 1751 0099 00       		.byte	0
 1752 009a 0D       		.uleb128 0xd
 1753 009b 05       		.uleb128 0x5
 1754 009c 00       		.byte	0
 1755 009d 49       		.uleb128 0x49
 1756 009e 13       		.uleb128 0x13
 1757 009f 00       		.byte	0
 1758 00a0 00       		.byte	0
 1759 00a1 0E       		.uleb128 0xe
 1760 00a2 0F       		.uleb128 0xf
 1761 00a3 00       		.byte	0
 1762 00a4 0B       		.uleb128 0xb
 1763 00a5 0B       		.uleb128 0xb
 1764 00a6 00       		.byte	0
 1765 00a7 00       		.byte	0
 1766 00a8 0F       		.uleb128 0xf
 1767 00a9 13       		.uleb128 0x13
ARM GAS  /var/folders/sv/kgmgr77579zbf78p2zlhkdfr0000gn/T//ccslbbjv.s 			page 32


 1768 00aa 01       		.byte	0x1
 1769 00ab 03       		.uleb128 0x3
 1770 00ac 0E       		.uleb128 0xe
 1771 00ad 0B       		.uleb128 0xb
 1772 00ae 05       		.uleb128 0x5
 1773 00af 3A       		.uleb128 0x3a
 1774 00b0 0B       		.uleb128 0xb
 1775 00b1 3B       		.uleb128 0x3b
 1776 00b2 05       		.uleb128 0x5
 1777 00b3 01       		.uleb128 0x1
 1778 00b4 13       		.uleb128 0x13
 1779 00b5 00       		.byte	0
 1780 00b6 00       		.byte	0
 1781 00b7 10       		.uleb128 0x10
 1782 00b8 13       		.uleb128 0x13
 1783 00b9 01       		.byte	0x1
 1784 00ba 0B       		.uleb128 0xb
 1785 00bb 0B       		.uleb128 0xb
 1786 00bc 3A       		.uleb128 0x3a
 1787 00bd 0B       		.uleb128 0xb
 1788 00be 3B       		.uleb128 0x3b
 1789 00bf 0B       		.uleb128 0xb
 1790 00c0 01       		.uleb128 0x1
 1791 00c1 13       		.uleb128 0x13
 1792 00c2 00       		.byte	0
 1793 00c3 00       		.byte	0
 1794 00c4 11       		.uleb128 0x11
 1795 00c5 0D       		.uleb128 0xd
 1796 00c6 00       		.byte	0
 1797 00c7 03       		.uleb128 0x3
 1798 00c8 08       		.uleb128 0x8
 1799 00c9 3A       		.uleb128 0x3a
 1800 00ca 0B       		.uleb128 0xb
 1801 00cb 3B       		.uleb128 0x3b
 1802 00cc 0B       		.uleb128 0xb
 1803 00cd 49       		.uleb128 0x49
 1804 00ce 13       		.uleb128 0x13
 1805 00cf 38       		.uleb128 0x38
 1806 00d0 0B       		.uleb128 0xb
 1807 00d1 00       		.byte	0
 1808 00d2 00       		.byte	0
 1809 00d3 12       		.uleb128 0x12
 1810 00d4 13       		.uleb128 0x13
 1811 00d5 01       		.byte	0x1
 1812 00d6 0B       		.uleb128 0xb
 1813 00d7 0B       		.uleb128 0xb
 1814 00d8 3A       		.uleb128 0x3a
 1815 00d9 0B       		.uleb128 0xb
 1816 00da 3B       		.uleb128 0x3b
 1817 00db 05       		.uleb128 0x5
 1818 00dc 01       		.uleb128 0x1
 1819 00dd 13       		.uleb128 0x13
 1820 00de 00       		.byte	0
 1821 00df 00       		.byte	0
 1822 00e0 13       		.uleb128 0x13
 1823 00e1 16       		.uleb128 0x16
 1824 00e2 00       		.byte	0
ARM GAS  /var/folders/sv/kgmgr77579zbf78p2zlhkdfr0000gn/T//ccslbbjv.s 			page 33


 1825 00e3 03       		.uleb128 0x3
 1826 00e4 0E       		.uleb128 0xe
 1827 00e5 3A       		.uleb128 0x3a
 1828 00e6 0B       		.uleb128 0xb
 1829 00e7 3B       		.uleb128 0x3b
 1830 00e8 05       		.uleb128 0x5
 1831 00e9 49       		.uleb128 0x49
 1832 00ea 13       		.uleb128 0x13
 1833 00eb 00       		.byte	0
 1834 00ec 00       		.byte	0
 1835 00ed 14       		.uleb128 0x14
 1836 00ee 04       		.uleb128 0x4
 1837 00ef 01       		.byte	0x1
 1838 00f0 0B       		.uleb128 0xb
 1839 00f1 0B       		.uleb128 0xb
 1840 00f2 49       		.uleb128 0x49
 1841 00f3 13       		.uleb128 0x13
 1842 00f4 3A       		.uleb128 0x3a
 1843 00f5 0B       		.uleb128 0xb
 1844 00f6 3B       		.uleb128 0x3b
 1845 00f7 0B       		.uleb128 0xb
 1846 00f8 01       		.uleb128 0x1
 1847 00f9 13       		.uleb128 0x13
 1848 00fa 00       		.byte	0
 1849 00fb 00       		.byte	0
 1850 00fc 15       		.uleb128 0x15
 1851 00fd 28       		.uleb128 0x28
 1852 00fe 00       		.byte	0
 1853 00ff 03       		.uleb128 0x3
 1854 0100 0E       		.uleb128 0xe
 1855 0101 1C       		.uleb128 0x1c
 1856 0102 0B       		.uleb128 0xb
 1857 0103 00       		.byte	0
 1858 0104 00       		.byte	0
 1859 0105 16       		.uleb128 0x16
 1860 0106 28       		.uleb128 0x28
 1861 0107 00       		.byte	0
 1862 0108 03       		.uleb128 0x3
 1863 0109 08       		.uleb128 0x8
 1864 010a 1C       		.uleb128 0x1c
 1865 010b 0B       		.uleb128 0xb
 1866 010c 00       		.byte	0
 1867 010d 00       		.byte	0
 1868 010e 17       		.uleb128 0x17
 1869 010f 17       		.uleb128 0x17
 1870 0110 01       		.byte	0x1
 1871 0111 0B       		.uleb128 0xb
 1872 0112 0B       		.uleb128 0xb
 1873 0113 3A       		.uleb128 0x3a
 1874 0114 0B       		.uleb128 0xb
 1875 0115 3B       		.uleb128 0x3b
 1876 0116 0B       		.uleb128 0xb
 1877 0117 01       		.uleb128 0x1
 1878 0118 13       		.uleb128 0x13
 1879 0119 00       		.byte	0
 1880 011a 00       		.byte	0
 1881 011b 18       		.uleb128 0x18
ARM GAS  /var/folders/sv/kgmgr77579zbf78p2zlhkdfr0000gn/T//ccslbbjv.s 			page 34


 1882 011c 0D       		.uleb128 0xd
 1883 011d 00       		.byte	0
 1884 011e 03       		.uleb128 0x3
 1885 011f 0E       		.uleb128 0xe
 1886 0120 3A       		.uleb128 0x3a
 1887 0121 0B       		.uleb128 0xb
 1888 0122 3B       		.uleb128 0x3b
 1889 0123 05       		.uleb128 0x5
 1890 0124 49       		.uleb128 0x49
 1891 0125 13       		.uleb128 0x13
 1892 0126 00       		.byte	0
 1893 0127 00       		.byte	0
 1894 0128 19       		.uleb128 0x19
 1895 0129 26       		.uleb128 0x26
 1896 012a 00       		.byte	0
 1897 012b 49       		.uleb128 0x49
 1898 012c 13       		.uleb128 0x13
 1899 012d 00       		.byte	0
 1900 012e 00       		.byte	0
 1901 012f 1A       		.uleb128 0x1a
 1902 0130 01       		.uleb128 0x1
 1903 0131 01       		.byte	0x1
 1904 0132 49       		.uleb128 0x49
 1905 0133 13       		.uleb128 0x13
 1906 0134 01       		.uleb128 0x1
 1907 0135 13       		.uleb128 0x13
 1908 0136 00       		.byte	0
 1909 0137 00       		.byte	0
 1910 0138 1B       		.uleb128 0x1b
 1911 0139 21       		.uleb128 0x21
 1912 013a 00       		.byte	0
 1913 013b 49       		.uleb128 0x49
 1914 013c 13       		.uleb128 0x13
 1915 013d 2F       		.uleb128 0x2f
 1916 013e 0B       		.uleb128 0xb
 1917 013f 00       		.byte	0
 1918 0140 00       		.byte	0
 1919 0141 1C       		.uleb128 0x1c
 1920 0142 2E       		.uleb128 0x2e
 1921 0143 01       		.byte	0x1
 1922 0144 3F       		.uleb128 0x3f
 1923 0145 19       		.uleb128 0x19
 1924 0146 03       		.uleb128 0x3
 1925 0147 0E       		.uleb128 0xe
 1926 0148 3A       		.uleb128 0x3a
 1927 0149 0B       		.uleb128 0xb
 1928 014a 3B       		.uleb128 0x3b
 1929 014b 0B       		.uleb128 0xb
 1930 014c 27       		.uleb128 0x27
 1931 014d 19       		.uleb128 0x19
 1932 014e 11       		.uleb128 0x11
 1933 014f 01       		.uleb128 0x1
 1934 0150 12       		.uleb128 0x12
 1935 0151 06       		.uleb128 0x6
 1936 0152 40       		.uleb128 0x40
 1937 0153 18       		.uleb128 0x18
 1938 0154 9742     		.uleb128 0x2117
ARM GAS  /var/folders/sv/kgmgr77579zbf78p2zlhkdfr0000gn/T//ccslbbjv.s 			page 35


 1939 0156 19       		.uleb128 0x19
 1940 0157 01       		.uleb128 0x1
 1941 0158 13       		.uleb128 0x13
 1942 0159 00       		.byte	0
 1943 015a 00       		.byte	0
 1944 015b 1D       		.uleb128 0x1d
 1945 015c 898201   		.uleb128 0x4109
 1946 015f 01       		.byte	0x1
 1947 0160 11       		.uleb128 0x11
 1948 0161 01       		.uleb128 0x1
 1949 0162 31       		.uleb128 0x31
 1950 0163 13       		.uleb128 0x13
 1951 0164 01       		.uleb128 0x1
 1952 0165 13       		.uleb128 0x13
 1953 0166 00       		.byte	0
 1954 0167 00       		.byte	0
 1955 0168 1E       		.uleb128 0x1e
 1956 0169 8A8201   		.uleb128 0x410a
 1957 016c 00       		.byte	0
 1958 016d 02       		.uleb128 0x2
 1959 016e 18       		.uleb128 0x18
 1960 016f 9142     		.uleb128 0x2111
 1961 0171 18       		.uleb128 0x18
 1962 0172 00       		.byte	0
 1963 0173 00       		.byte	0
 1964 0174 1F       		.uleb128 0x1f
 1965 0175 898201   		.uleb128 0x4109
 1966 0178 00       		.byte	0
 1967 0179 11       		.uleb128 0x11
 1968 017a 01       		.uleb128 0x1
 1969 017b 31       		.uleb128 0x31
 1970 017c 13       		.uleb128 0x13
 1971 017d 00       		.byte	0
 1972 017e 00       		.byte	0
 1973 017f 20       		.uleb128 0x20
 1974 0180 898201   		.uleb128 0x4109
 1975 0183 00       		.byte	0
 1976 0184 11       		.uleb128 0x11
 1977 0185 01       		.uleb128 0x1
 1978 0186 9542     		.uleb128 0x2115
 1979 0188 19       		.uleb128 0x19
 1980 0189 31       		.uleb128 0x31
 1981 018a 13       		.uleb128 0x13
 1982 018b 00       		.byte	0
 1983 018c 00       		.byte	0
 1984 018d 21       		.uleb128 0x21
 1985 018e 898201   		.uleb128 0x4109
 1986 0191 01       		.byte	0x1
 1987 0192 11       		.uleb128 0x11
 1988 0193 01       		.uleb128 0x1
 1989 0194 9542     		.uleb128 0x2115
 1990 0196 19       		.uleb128 0x19
 1991 0197 31       		.uleb128 0x31
 1992 0198 13       		.uleb128 0x13
 1993 0199 00       		.byte	0
 1994 019a 00       		.byte	0
 1995 019b 22       		.uleb128 0x22
ARM GAS  /var/folders/sv/kgmgr77579zbf78p2zlhkdfr0000gn/T//ccslbbjv.s 			page 36


 1996 019c 34       		.uleb128 0x34
 1997 019d 00       		.byte	0
 1998 019e 03       		.uleb128 0x3
 1999 019f 0E       		.uleb128 0xe
 2000 01a0 3A       		.uleb128 0x3a
 2001 01a1 0B       		.uleb128 0xb
 2002 01a2 3B       		.uleb128 0x3b
 2003 01a3 05       		.uleb128 0x5
 2004 01a4 49       		.uleb128 0x49
 2005 01a5 13       		.uleb128 0x13
 2006 01a6 3F       		.uleb128 0x3f
 2007 01a7 19       		.uleb128 0x19
 2008 01a8 3C       		.uleb128 0x3c
 2009 01a9 19       		.uleb128 0x19
 2010 01aa 00       		.byte	0
 2011 01ab 00       		.byte	0
 2012 01ac 23       		.uleb128 0x23
 2013 01ad 34       		.uleb128 0x34
 2014 01ae 00       		.byte	0
 2015 01af 03       		.uleb128 0x3
 2016 01b0 08       		.uleb128 0x8
 2017 01b1 3A       		.uleb128 0x3a
 2018 01b2 0B       		.uleb128 0xb
 2019 01b3 3B       		.uleb128 0x3b
 2020 01b4 05       		.uleb128 0x5
 2021 01b5 49       		.uleb128 0x49
 2022 01b6 13       		.uleb128 0x13
 2023 01b7 3F       		.uleb128 0x3f
 2024 01b8 19       		.uleb128 0x19
 2025 01b9 3C       		.uleb128 0x3c
 2026 01ba 19       		.uleb128 0x19
 2027 01bb 00       		.byte	0
 2028 01bc 00       		.byte	0
 2029 01bd 24       		.uleb128 0x24
 2030 01be 2E       		.uleb128 0x2e
 2031 01bf 00       		.byte	0
 2032 01c0 3F       		.uleb128 0x3f
 2033 01c1 19       		.uleb128 0x19
 2034 01c2 3C       		.uleb128 0x3c
 2035 01c3 19       		.uleb128 0x19
 2036 01c4 6E       		.uleb128 0x6e
 2037 01c5 0E       		.uleb128 0xe
 2038 01c6 03       		.uleb128 0x3
 2039 01c7 0E       		.uleb128 0xe
 2040 01c8 3A       		.uleb128 0x3a
 2041 01c9 0B       		.uleb128 0xb
 2042 01ca 3B       		.uleb128 0x3b
 2043 01cb 05       		.uleb128 0x5
 2044 01cc 00       		.byte	0
 2045 01cd 00       		.byte	0
 2046 01ce 25       		.uleb128 0x25
 2047 01cf 2E       		.uleb128 0x2e
 2048 01d0 00       		.byte	0
 2049 01d1 3F       		.uleb128 0x3f
 2050 01d2 19       		.uleb128 0x19
 2051 01d3 3C       		.uleb128 0x3c
 2052 01d4 19       		.uleb128 0x19
ARM GAS  /var/folders/sv/kgmgr77579zbf78p2zlhkdfr0000gn/T//ccslbbjv.s 			page 37


 2053 01d5 6E       		.uleb128 0x6e
 2054 01d6 0E       		.uleb128 0xe
 2055 01d7 03       		.uleb128 0x3
 2056 01d8 0E       		.uleb128 0xe
 2057 01d9 3A       		.uleb128 0x3a
 2058 01da 0B       		.uleb128 0xb
 2059 01db 3B       		.uleb128 0x3b
 2060 01dc 0B       		.uleb128 0xb
 2061 01dd 00       		.byte	0
 2062 01de 00       		.byte	0
 2063 01df 00       		.byte	0
 2064              		.section	.debug_aranges,"",%progbits
 2065 0000 34000000 		.4byte	0x34
 2066 0004 0200     		.2byte	0x2
 2067 0006 00000000 		.4byte	.Ldebug_info0
 2068 000a 04       		.byte	0x4
 2069 000b 00       		.byte	0
 2070 000c 0000     		.2byte	0
 2071 000e 0000     		.2byte	0
 2072 0010 00000000 		.4byte	.LFB256
 2073 0014 1C000000 		.4byte	.LFE256-.LFB256
 2074 0018 00000000 		.4byte	.LFB257
 2075 001c 1E000000 		.4byte	.LFE257-.LFB257
 2076 0020 00000000 		.4byte	.LFB258
 2077 0024 24000000 		.4byte	.LFE258-.LFB258
 2078 0028 00000000 		.4byte	.LFB259
 2079 002c 24000000 		.4byte	.LFE259-.LFB259
 2080 0030 00000000 		.4byte	0
 2081 0034 00000000 		.4byte	0
 2082              		.section	.debug_ranges,"",%progbits
 2083              	.Ldebug_ranges0:
 2084 0000 00000000 		.4byte	.LFB256
 2085 0004 1C000000 		.4byte	.LFE256
 2086 0008 00000000 		.4byte	.LFB257
 2087 000c 1E000000 		.4byte	.LFE257
 2088 0010 00000000 		.4byte	.LFB258
 2089 0014 24000000 		.4byte	.LFE258
 2090 0018 00000000 		.4byte	.LFB259
 2091 001c 24000000 		.4byte	.LFE259
 2092 0020 00000000 		.4byte	0
 2093 0024 00000000 		.4byte	0
 2094              		.section	.debug_line,"",%progbits
 2095              	.Ldebug_line0:
 2096 0000 FD020000 		.section	.debug_str,"MS",%progbits,1
 2096      0200A802 
 2096      00000201 
 2096      FB0E0D00 
 2096      01010101 
 2097              	.LASF55:
 2098 0000 72656164 		.ascii	"ready_list_t\000"
 2098      795F6C69 
 2098      73745F74 
 2098      00
 2099              	.LASF100:
 2100 000d 44494552 		.ascii	"DIER\000"
 2100      00
 2101              	.LASF121:
ARM GAS  /var/folders/sv/kgmgr77579zbf78p2zlhkdfr0000gn/T//ccslbbjv.s 			page 38


 2102 0012 77747472 		.ascii	"wttrp\000"
 2102      7000
 2103              	.LASF118:
 2104 0018 7264796D 		.ascii	"rdymsg\000"
 2104      736700
 2105              	.LASF18:
 2106 001f 75696E74 		.ascii	"uint64_t\000"
 2106      36345F74 
 2106      00
 2107              	.LASF4:
 2108 0028 5F5F7569 		.ascii	"__uint8_t\000"
 2108      6E74385F 
 2108      7400
 2109              	.LASF115:
 2110 0032 706F7274 		.ascii	"port_intctx\000"
 2110      5F696E74 
 2110      63747800 
 2111              	.LASF80:
 2112 003e 76746C69 		.ascii	"vtlist\000"
 2112      737400
 2113              	.LASF102:
 2114 0045 43434D52 		.ascii	"CCMR2\000"
 2114      3200
 2115              	.LASF110:
 2116 004b 54494D5F 		.ascii	"TIM_TypeDef\000"
 2116      54797065 
 2116      44656600 
 2117              	.LASF13:
 2118 0057 6C6F6E67 		.ascii	"long long unsigned int\000"
 2118      206C6F6E 
 2118      6720756E 
 2118      7369676E 
 2118      65642069 
 2119              	.LASF81:
 2120 006e 6D61696E 		.ascii	"mainthread\000"
 2120      74687265 
 2120      616400
 2121              	.LASF71:
 2122 0079 76697274 		.ascii	"virtual_timers_list_t\000"
 2122      75616C5F 
 2122      74696D65 
 2122      72735F6C 
 2122      6973745F 
 2123              	.LASF140:
 2124 008f 49544D5F 		.ascii	"ITM_RxBuffer\000"
 2124      52784275 
 2124      66666572 
 2124      00
 2125              	.LASF108:
 2126 009c 42445452 		.ascii	"BDTR\000"
 2126      00
 2127              	.LASF54:
 2128 00a1 63685F74 		.ascii	"ch_threads_queue\000"
 2128      68726561 
 2128      64735F71 
 2128      75657565 
 2128      00
ARM GAS  /var/folders/sv/kgmgr77579zbf78p2zlhkdfr0000gn/T//ccslbbjv.s 			page 39


 2129              	.LASF32:
 2130 00b2 705F7072 		.ascii	"p_prio\000"
 2130      696F00
 2131              	.LASF93:
 2132 00b9 4A535152 		.ascii	"JSQR\000"
 2132      00
 2133              	.LASF101:
 2134 00be 43434D52 		.ascii	"CCMR1\000"
 2134      3100
 2135              	.LASF145:
 2136 00c4 656E636F 		.ascii	"encoder_reset\000"
 2136      6465725F 
 2136      72657365 
 2136      7400
 2137              	.LASF11:
 2138 00d2 6C6F6E67 		.ascii	"long long int\000"
 2138      206C6F6E 
 2138      6720696E 
 2138      7400
 2139              	.LASF1:
 2140 00e0 7369676E 		.ascii	"signed char\000"
 2140      65642063 
 2140      68617200 
 2141              	.LASF48:
 2142 00ec 705F6D70 		.ascii	"p_mpool\000"
 2142      6F6F6C00 
 2143              	.LASF129:
 2144 00f4 6D5F7175 		.ascii	"m_queue\000"
 2144      65756500 
 2145              	.LASF144:
 2146 00fc 45585449 		.ascii	"EXTI_GetITStatus\000"
 2146      5F476574 
 2146      49545374 
 2146      61747573 
 2146      00
 2147              	.LASF120:
 2148 010d 77746F62 		.ascii	"wtobjp\000"
 2148      6A7000
 2149              	.LASF23:
 2150 0114 74736C69 		.ascii	"tslices_t\000"
 2150      6365735F 
 2150      7400
 2151              	.LASF138:
 2152 011e 56656374 		.ascii	"VectorB8\000"
 2152      6F724238 
 2152      00
 2153              	.LASF78:
 2154 0127 63685F73 		.ascii	"ch_system\000"
 2154      79737465 
 2154      6D00
 2155              	.LASF8:
 2156 0131 6C6F6E67 		.ascii	"long int\000"
 2156      20696E74 
 2156      00
 2157              	.LASF149:
 2158 013a 54494D5F 		.ascii	"TIM_ClearITPendingBit\000"
 2158      436C6561 
ARM GAS  /var/folders/sv/kgmgr77579zbf78p2zlhkdfr0000gn/T//ccslbbjv.s 			page 40


 2158      72495450 
 2158      656E6469 
 2158      6E674269 
 2159              	.LASF21:
 2160 0150 74737461 		.ascii	"tstate_t\000"
 2160      74655F74 
 2160      00
 2161              	.LASF15:
 2162 0159 75696E74 		.ascii	"uint16_t\000"
 2162      31365F74 
 2162      00
 2163              	.LASF98:
 2164 0162 4144435F 		.ascii	"ADC_TypeDef\000"
 2164      54797065 
 2164      44656600 
 2165              	.LASF148:
 2166 016e 656E636F 		.ascii	"encoder_tim_isr\000"
 2166      6465725F 
 2166      74696D5F 
 2166      69737200 
 2167              	.LASF34:
 2168 017e 705F6E65 		.ascii	"p_newer\000"
 2168      77657200 
 2169              	.LASF126:
 2170 0186 735F7175 		.ascii	"s_queue\000"
 2170      65756500 
 2171              	.LASF119:
 2172 018e 65786974 		.ascii	"exitcode\000"
 2172      636F6465 
 2172      00
 2173              	.LASF60:
 2174 0197 725F6E65 		.ascii	"r_newer\000"
 2174      77657200 
 2175              	.LASF112:
 2176 019f 72656761 		.ascii	"regarm_t\000"
 2176      726D5F74 
 2176      00
 2177              	.LASF67:
 2178 01a8 76745F70 		.ascii	"vt_prev\000"
 2178      72657600 
 2179              	.LASF133:
 2180 01b0 6D757465 		.ascii	"mutex_t\000"
 2180      785F7400 
 2181              	.LASF82:
 2182 01b8 69646C65 		.ascii	"idle_thread_wa\000"
 2182      5F746872 
 2182      6561645F 
 2182      776100
 2183              	.LASF146:
 2184 01c7 45585449 		.ascii	"EXTI_ClearITPendingBit\000"
 2184      5F436C65 
 2184      61724954 
 2184      50656E64 
 2184      696E6742 
 2185              	.LASF0:
 2186 01de 756E7369 		.ascii	"unsigned int\000"
 2186      676E6564 
ARM GAS  /var/folders/sv/kgmgr77579zbf78p2zlhkdfr0000gn/T//ccslbbjv.s 			page 41


 2186      20696E74 
 2186      00
 2187              	.LASF66:
 2188 01eb 76745F6E 		.ascii	"vt_next\000"
 2188      65787400 
 2189              	.LASF122:
 2190 01f3 77747365 		.ascii	"wtsemp\000"
 2190      6D7000
 2191              	.LASF68:
 2192 01fa 76745F64 		.ascii	"vt_delta\000"
 2192      656C7461 
 2192      00
 2193              	.LASF74:
 2194 0203 73797374 		.ascii	"system_debug_t\000"
 2194      656D5F64 
 2194      65627567 
 2194      5F7400
 2195              	.LASF127:
 2196 0212 735F636E 		.ascii	"s_cnt\000"
 2196      7400
 2197              	.LASF114:
 2198 0218 636F6E74 		.ascii	"context\000"
 2198      65787400 
 2199              	.LASF6:
 2200 0220 73686F72 		.ascii	"short unsigned int\000"
 2200      7420756E 
 2200      7369676E 
 2200      65642069 
 2200      6E7400
 2201              	.LASF51:
 2202 0233 63685F74 		.ascii	"ch_thread\000"
 2202      68726561 
 2202      6400
 2203              	.LASF150:
 2204 023d 6D637077 		.ascii	"mcpwm_foc_tim_sample_int_handler\000"
 2204      6D5F666F 
 2204      635F7469 
 2204      6D5F7361 
 2204      6D706C65 
 2205              	.LASF25:
 2206 025e 6D73675F 		.ascii	"msg_t\000"
 2206      7400
 2207              	.LASF77:
 2208 0264 63685F73 		.ascii	"ch_system_t\000"
 2208      79737465 
 2208      6D5F7400 
 2209              	.LASF20:
 2210 0270 746D6F64 		.ascii	"tmode_t\000"
 2210      655F7400 
 2211              	.LASF56:
 2212 0278 63685F72 		.ascii	"ch_ready_list\000"
 2212      65616479 
 2212      5F6C6973 
 2212      7400
 2213              	.LASF26:
 2214 0286 6576656E 		.ascii	"eventmask_t\000"
 2214      746D6173 
ARM GAS  /var/folders/sv/kgmgr77579zbf78p2zlhkdfr0000gn/T//ccslbbjv.s 			page 42


 2214      6B5F7400 
 2215              	.LASF7:
 2216 0292 5F5F696E 		.ascii	"__int32_t\000"
 2216      7433325F 
 2216      7400
 2217              	.LASF113:
 2218 029c 73746B61 		.ascii	"stkalign_t\000"
 2218      6C69676E 
 2218      5F7400
 2219              	.LASF86:
 2220 02a7 4A4F4652 		.ascii	"JOFR1\000"
 2220      3100
 2221              	.LASF87:
 2222 02ad 4A4F4652 		.ascii	"JOFR2\000"
 2222      3200
 2223              	.LASF88:
 2224 02b3 4A4F4652 		.ascii	"JOFR3\000"
 2224      3300
 2225              	.LASF89:
 2226 02b9 4A4F4652 		.ascii	"JOFR4\000"
 2226      3400
 2227              	.LASF19:
 2228 02bf 7274636E 		.ascii	"rtcnt_t\000"
 2228      745F7400 
 2229              	.LASF49:
 2230 02c7 74687265 		.ascii	"thread_reference_t\000"
 2230      61645F72 
 2230      65666572 
 2230      656E6365 
 2230      5F7400
 2231              	.LASF72:
 2232 02da 63685F76 		.ascii	"ch_virtual_timers_list\000"
 2232      69727475 
 2232      616C5F74 
 2232      696D6572 
 2232      735F6C69 
 2233              	.LASF69:
 2234 02f1 76745F66 		.ascii	"vt_func\000"
 2234      756E6300 
 2235              	.LASF27:
 2236 02f9 636E745F 		.ascii	"cnt_t\000"
 2236      7400
 2237              	.LASF117:
 2238 02ff 746D5F63 		.ascii	"tm_calibration_t\000"
 2238      616C6962 
 2238      72617469 
 2238      6F6E5F74 
 2238      00
 2239              	.LASF94:
 2240 0310 4A445231 		.ascii	"JDR1\000"
 2240      00
 2241              	.LASF95:
 2242 0315 4A445232 		.ascii	"JDR2\000"
 2242      00
 2243              	.LASF35:
 2244 031a 705F6F6C 		.ascii	"p_older\000"
 2244      64657200 
ARM GAS  /var/folders/sv/kgmgr77579zbf78p2zlhkdfr0000gn/T//ccslbbjv.s 			page 43


 2245              	.LASF59:
 2246 0322 725F6374 		.ascii	"r_ctx\000"
 2246      7800
 2247              	.LASF84:
 2248 0328 534D5052 		.ascii	"SMPR1\000"
 2248      3100
 2249              	.LASF85:
 2250 032e 534D5052 		.ascii	"SMPR2\000"
 2250      3200
 2251              	.LASF147:
 2252 0334 54494D5F 		.ascii	"TIM_GetITStatus\000"
 2252      47657449 
 2252      54537461 
 2252      74757300 
 2253              	.LASF39:
 2254 0344 705F7265 		.ascii	"p_refs\000"
 2254      667300
 2255              	.LASF62:
 2256 034b 725F6375 		.ascii	"r_current\000"
 2256      7272656E 
 2256      7400
 2257              	.LASF61:
 2258 0355 725F6F6C 		.ascii	"r_older\000"
 2258      64657200 
 2259              	.LASF109:
 2260 035d 444D4152 		.ascii	"DMAR\000"
 2260      00
 2261              	.LASF90:
 2262 0362 53515231 		.ascii	"SQR1\000"
 2262      00
 2263              	.LASF91:
 2264 0367 53515232 		.ascii	"SQR2\000"
 2264      00
 2265              	.LASF92:
 2266 036c 53515233 		.ascii	"SQR3\000"
 2266      00
 2267              	.LASF12:
 2268 0371 5F5F7569 		.ascii	"__uint64_t\000"
 2268      6E743634 
 2268      5F7400
 2269              	.LASF141:
 2270 037c 4144435F 		.ascii	"ADC_ClearITPendingBit\000"
 2270      436C6561 
 2270      72495450 
 2270      656E6469 
 2270      6E674269 
 2271              	.LASF134:
 2272 0392 666C6F61 		.ascii	"float\000"
 2272      7400
 2273              	.LASF22:
 2274 0398 74726566 		.ascii	"trefs_t\000"
 2274      735F7400 
 2275              	.LASF64:
 2276 03a0 76697274 		.ascii	"virtual_timer_t\000"
 2276      75616C5F 
 2276      74696D65 
 2276      725F7400 
ARM GAS  /var/folders/sv/kgmgr77579zbf78p2zlhkdfr0000gn/T//ccslbbjv.s 			page 44


 2277              	.LASF31:
 2278 03b0 705F7072 		.ascii	"p_prev\000"
 2278      657600
 2279              	.LASF111:
 2280 03b7 52455345 		.ascii	"RESET\000"
 2280      5400
 2281              	.LASF24:
 2282 03bd 74707269 		.ascii	"tprio_t\000"
 2282      6F5F7400 
 2283              	.LASF75:
 2284 03c5 63685F73 		.ascii	"ch_system_debug\000"
 2284      79737465 
 2284      6D5F6465 
 2284      62756700 
 2285              	.LASF135:
 2286 03d5 5F426F6F 		.ascii	"_Bool\000"
 2286      6C00
 2287              	.LASF16:
 2288 03db 696E7433 		.ascii	"int32_t\000"
 2288      325F7400 
 2289              	.LASF2:
 2290 03e3 756E7369 		.ascii	"unsigned char\000"
 2290      676E6564 
 2290      20636861 
 2290      7200
 2291              	.LASF46:
 2292 03f1 705F6D74 		.ascii	"p_mtxlist\000"
 2292      786C6973 
 2292      7400
 2293              	.LASF3:
 2294 03fb 73686F72 		.ascii	"short int\000"
 2294      7420696E 
 2294      7400
 2295              	.LASF37:
 2296 0405 705F7374 		.ascii	"p_state\000"
 2296      61746500 
 2297              	.LASF40:
 2298 040d 705F7072 		.ascii	"p_preempt\000"
 2298      65656D70 
 2298      7400
 2299              	.LASF58:
 2300 0417 725F7072 		.ascii	"r_prio\000"
 2300      696F00
 2301              	.LASF124:
 2302 041e 65776D61 		.ascii	"ewmask\000"
 2302      736B00
 2303              	.LASF30:
 2304 0425 705F6E65 		.ascii	"p_next\000"
 2304      787400
 2305              	.LASF38:
 2306 042c 705F666C 		.ascii	"p_flags\000"
 2306      61677300 
 2307              	.LASF53:
 2308 0434 74687265 		.ascii	"threads_queue_t\000"
 2308      6164735F 
 2308      71756575 
 2308      655F7400 
ARM GAS  /var/folders/sv/kgmgr77579zbf78p2zlhkdfr0000gn/T//ccslbbjv.s 			page 45


 2309              	.LASF139:
 2310 0444 56656374 		.ascii	"VectorF8\000"
 2310      6F724638 
 2310      00
 2311              	.LASF125:
 2312 044d 63685F73 		.ascii	"ch_semaphore\000"
 2312      656D6170 
 2312      686F7265 
 2312      00
 2313              	.LASF45:
 2314 045a 705F6570 		.ascii	"p_epending\000"
 2314      656E6469 
 2314      6E6700
 2315              	.LASF17:
 2316 0465 75696E74 		.ascii	"uint32_t\000"
 2316      33325F74 
 2316      00
 2317              	.LASF123:
 2318 046e 77746D74 		.ascii	"wtmtxp\000"
 2318      787000
 2319              	.LASF57:
 2320 0475 725F7175 		.ascii	"r_queue\000"
 2320      65756500 
 2321              	.LASF73:
 2322 047d 76745F73 		.ascii	"vt_systime\000"
 2322      79737469 
 2322      6D6500
 2323              	.LASF52:
 2324 0488 63685F74 		.ascii	"ch_threads_list\000"
 2324      68726561 
 2324      64735F6C 
 2324      69737400 
 2325              	.LASF10:
 2326 0498 6C6F6E67 		.ascii	"long unsigned int\000"
 2326      20756E73 
 2326      69676E65 
 2326      6420696E 
 2326      7400
 2327              	.LASF132:
 2328 04aa 63686172 		.ascii	"char\000"
 2328      00
 2329              	.LASF99:
 2330 04af 534D4352 		.ascii	"SMCR\000"
 2330      00
 2331              	.LASF5:
 2332 04b4 5F5F7569 		.ascii	"__uint16_t\000"
 2332      6E743136 
 2332      5F7400
 2333              	.LASF29:
 2334 04bf 74687265 		.ascii	"thread_t\000"
 2334      61645F74 
 2334      00
 2335              	.LASF103:
 2336 04c8 43434552 		.ascii	"CCER\000"
 2336      00
 2337              	.LASF131:
 2338 04cd 6D5F6E65 		.ascii	"m_next\000"
ARM GAS  /var/folders/sv/kgmgr77579zbf78p2zlhkdfr0000gn/T//ccslbbjv.s 			page 46


 2338      787400
 2339              	.LASF28:
 2340 04d4 73797374 		.ascii	"systime_t\000"
 2340      696D655F 
 2340      7400
 2341              	.LASF47:
 2342 04de 705F7265 		.ascii	"p_realprio\000"
 2342      616C7072 
 2342      696F00
 2343              	.LASF63:
 2344 04e9 76746675 		.ascii	"vtfunc_t\000"
 2344      6E635F74 
 2344      00
 2345              	.LASF9:
 2346 04f2 5F5F7569 		.ascii	"__uint32_t\000"
 2346      6E743332 
 2346      5F7400
 2347              	.LASF76:
 2348 04fd 70616E69 		.ascii	"panic_msg\000"
 2348      635F6D73 
 2348      6700
 2349              	.LASF116:
 2350 0507 6F666673 		.ascii	"offset\000"
 2350      657400
 2351              	.LASF41:
 2352 050e 705F7469 		.ascii	"p_time\000"
 2352      6D6500
 2353              	.LASF65:
 2354 0515 63685F76 		.ascii	"ch_virtual_timer\000"
 2354      69727475 
 2354      616C5F74 
 2354      696D6572 
 2354      00
 2355              	.LASF43:
 2356 0526 705F6D73 		.ascii	"p_msgqueue\000"
 2356      67717565 
 2356      756500
 2357              	.LASF70:
 2358 0531 76745F70 		.ascii	"vt_par\000"
 2358      617200
 2359              	.LASF142:
 2360 0538 6D635F69 		.ascii	"mc_interface_adc_inj_int_handler\000"
 2360      6E746572 
 2360      66616365 
 2360      5F616463 
 2360      5F696E6A 
 2361              	.LASF104:
 2362 0559 43435231 		.ascii	"CCR1\000"
 2362      00
 2363              	.LASF105:
 2364 055e 43435232 		.ascii	"CCR2\000"
 2364      00
 2365              	.LASF106:
 2366 0563 43435233 		.ascii	"CCR3\000"
 2366      00
 2367              	.LASF107:
 2368 0568 43435234 		.ascii	"CCR4\000"
ARM GAS  /var/folders/sv/kgmgr77579zbf78p2zlhkdfr0000gn/T//ccslbbjv.s 			page 47


 2368      00
 2369              	.LASF136:
 2370 056d 56656374 		.ascii	"Vector88\000"
 2370      6F723838 
 2370      00
 2371              	.LASF151:
 2372 0576 474E5520 		.ascii	"GNU C99 5.4.1 20160919 (release) [ARM/embedded-5-br"
 2372      43393920 
 2372      352E342E 
 2372      31203230 
 2372      31363039 
 2373 05a9 616E6368 		.ascii	"anch revision 240496] -mcpu=cortex-m4 -mfloat-abi=h"
 2373      20726576 
 2373      6973696F 
 2373      6E203234 
 2373      30343936 
 2374 05dc 61726420 		.ascii	"ard -mfpu=fpv4-sp-d16 -mno-thumb-interwork -mthumb "
 2374      2D6D6670 
 2374      753D6670 
 2374      76342D73 
 2374      702D6431 
 2375 060f 2D676764 		.ascii	"-ggdb -O2 -std=gnu99 -fomit-frame-pointer -falign-f"
 2375      62202D4F 
 2375      32202D73 
 2375      74643D67 
 2375      6E753939 
 2376 0642 756E6374 		.ascii	"unctions=16 -ffunction-sections -fdata-sections -fn"
 2376      696F6E73 
 2376      3D313620 
 2376      2D666675 
 2376      6E637469 
 2377 0675 6F2D636F 		.ascii	"o-common -fsingle-precision-constant\000"
 2377      6D6D6F6E 
 2377      202D6673 
 2377      696E676C 
 2377      652D7072 
 2378              	.LASF143:
 2379 069a 5F706F72 		.ascii	"_port_irq_epilogue\000"
 2379      745F6972 
 2379      715F6570 
 2379      696C6F67 
 2379      756500
 2380              	.LASF79:
 2381 06ad 726C6973 		.ascii	"rlist\000"
 2381      7400
 2382              	.LASF14:
 2383 06b3 75696E74 		.ascii	"uint8_t\000"
 2383      385F7400 
 2384              	.LASF153:
 2385 06bb 2F557365 		.ascii	"/Users/moslin/Documents/Project/bldc-master\000"
 2385      72732F6D 
 2385      6F736C69 
 2385      6E2F446F 
 2385      63756D65 
 2386              	.LASF152:
 2387 06e7 6972715F 		.ascii	"irq_handlers.c\000"
 2387      68616E64 
ARM GAS  /var/folders/sv/kgmgr77579zbf78p2zlhkdfr0000gn/T//ccslbbjv.s 			page 48


 2387      6C657273 
 2387      2E6300
 2388              	.LASF83:
 2389 06f6 73697A65 		.ascii	"sizetype\000"
 2389      74797065 
 2389      00
 2390              	.LASF96:
 2391 06ff 4A445233 		.ascii	"JDR3\000"
 2391      00
 2392              	.LASF97:
 2393 0704 4A445234 		.ascii	"JDR4\000"
 2393      00
 2394              	.LASF128:
 2395 0709 63685F6D 		.ascii	"ch_mutex\000"
 2395      75746578 
 2395      00
 2396              	.LASF36:
 2397 0712 705F6E61 		.ascii	"p_name\000"
 2397      6D6500
 2398              	.LASF50:
 2399 0719 74687265 		.ascii	"threads_list_t\000"
 2399      6164735F 
 2399      6C697374 
 2399      5F7400
 2400              	.LASF44:
 2401 0728 705F6D73 		.ascii	"p_msg\000"
 2401      6700
 2402              	.LASF137:
 2403 072e 56656374 		.ascii	"VectorE0\000"
 2403      6F724530 
 2403      00
 2404              	.LASF130:
 2405 0737 6D5F6F77 		.ascii	"m_owner\000"
 2405      6E657200 
 2406              	.LASF33:
 2407 073f 705F6374 		.ascii	"p_ctx\000"
 2407      7800
 2408              	.LASF42:
 2409 0745 705F7761 		.ascii	"p_waiting\000"
 2409      6974696E 
 2409      6700
 2410              		.ident	"GCC: (GNU Tools for ARM Embedded Processors) 5.4.1 20160919 (release) [ARM/embedded-5-bran
ARM GAS  /var/folders/sv/kgmgr77579zbf78p2zlhkdfr0000gn/T//ccslbbjv.s 			page 49


DEFINED SYMBOLS
                            *ABS*:0000000000000000 irq_handlers.c
/var/folders/sv/kgmgr77579zbf78p2zlhkdfr0000gn/T//ccslbbjv.s:22     .text.Vector88:0000000000000000 $t
/var/folders/sv/kgmgr77579zbf78p2zlhkdfr0000gn/T//ccslbbjv.s:28     .text.Vector88:0000000000000000 Vector88
/var/folders/sv/kgmgr77579zbf78p2zlhkdfr0000gn/T//ccslbbjv.s:58     .text.Vector88:0000000000000018 $d
/var/folders/sv/kgmgr77579zbf78p2zlhkdfr0000gn/T//ccslbbjv.s:63     .text.VectorE0:0000000000000000 $t
/var/folders/sv/kgmgr77579zbf78p2zlhkdfr0000gn/T//ccslbbjv.s:69     .text.VectorE0:0000000000000000 VectorE0
/var/folders/sv/kgmgr77579zbf78p2zlhkdfr0000gn/T//ccslbbjv.s:103    .text.VectorB8:0000000000000000 $t
/var/folders/sv/kgmgr77579zbf78p2zlhkdfr0000gn/T//ccslbbjv.s:109    .text.VectorB8:0000000000000000 VectorB8
/var/folders/sv/kgmgr77579zbf78p2zlhkdfr0000gn/T//ccslbbjv.s:144    .text.VectorB8:0000000000000020 $d
/var/folders/sv/kgmgr77579zbf78p2zlhkdfr0000gn/T//ccslbbjv.s:149    .text.VectorF8:0000000000000000 $t
/var/folders/sv/kgmgr77579zbf78p2zlhkdfr0000gn/T//ccslbbjv.s:155    .text.VectorF8:0000000000000000 VectorF8
/var/folders/sv/kgmgr77579zbf78p2zlhkdfr0000gn/T//ccslbbjv.s:190    .text.VectorF8:0000000000000020 $d
                     .debug_frame:0000000000000010 $d

UNDEFINED SYMBOLS
ADC_ClearITPendingBit
mc_interface_adc_inj_int_handler
_port_irq_epilogue
EXTI_GetITStatus
encoder_reset
EXTI_ClearITPendingBit
TIM_GetITStatus
encoder_tim_isr
TIM_ClearITPendingBit
mcpwm_foc_tim_sample_int_handler
