ARM GAS  /var/folders/sv/kgmgr77579zbf78p2zlhkdfr0000gn/T//ccslk6IR.s 			page 1


   1              		.syntax unified
   2              		.cpu cortex-m4
   3              		.eabi_attribute 27, 1
   4              		.eabi_attribute 28, 1
   5              		.fpu fpv4-sp-d16
   6              		.eabi_attribute 20, 1
   7              		.eabi_attribute 21, 1
   8              		.eabi_attribute 23, 3
   9              		.eabi_attribute 24, 1
  10              		.eabi_attribute 25, 1
  11              		.eabi_attribute 26, 1
  12              		.eabi_attribute 30, 2
  13              		.eabi_attribute 34, 1
  14              		.eabi_attribute 18, 4
  15              		.thumb
  16              		.syntax unified
  17              		.file	"nvic.c"
  18              		.text
  19              	.Ltext0:
  20              		.cfi_sections	.debug_frame
  21              		.section	.text.nvicEnableVector,"ax",%progbits
  22              		.align	2
  23              		.p2align 4,,15
  24              		.global	nvicEnableVector
  25              		.thumb
  26              		.thumb_func
  27              		.type	nvicEnableVector, %function
  28              	nvicEnableVector:
  29              	.LFB256:
  30              		.file 1 "ChibiOS_3.0.2/os/hal/ports/common/ARMCMx/nvic.c"
  31              		.loc 1 57 0
  32              		.cfi_startproc
  33              		@ args = 0, pretend = 0, frame = 0
  34              		@ frame_needed = 0, uses_anonymous_args = 0
  35              		@ link register save eliminated.
  36              	.LVL0:
  37 0000 4309     		lsrs	r3, r0, #5
  38 0002 9B00     		lsls	r3, r3, #2
  39 0004 10B4     		push	{r4}
  40              		.cfi_def_cfa_offset 4
  41              		.cfi_offset 4, -4
  42 0006 03F16043 		add	r3, r3, #-536870912
  43              		.loc 1 59 0
  44 000a 00F16044 		add	r4, r0, #-536870912
  45 000e 04F56144 		add	r4, r4, #57600
  46 0012 03F56143 		add	r3, r3, #57600
  47 0016 0901     		lsls	r1, r1, #4
  48              	.LVL1:
  49              		.loc 1 60 0
  50 0018 00F01F00 		and	r0, r0, #31
  51              	.LVL2:
  52 001c 0122     		movs	r2, #1
  53 001e 02FA00F0 		lsl	r0, r2, r0
  54              		.loc 1 59 0
  55 0022 C9B2     		uxtb	r1, r1
  56 0024 84F80013 		strb	r1, [r4, #768]
  57              		.loc 1 60 0
ARM GAS  /var/folders/sv/kgmgr77579zbf78p2zlhkdfr0000gn/T//ccslk6IR.s 			page 2


  58 0028 C3F88001 		str	r0, [r3, #384]
  59              		.loc 1 61 0
  60 002c 1860     		str	r0, [r3]
  61              		.loc 1 62 0
  62 002e 5DF8044B 		ldr	r4, [sp], #4
  63              		.cfi_restore 4
  64              		.cfi_def_cfa_offset 0
  65              	.LVL3:
  66 0032 7047     		bx	lr
  67              		.cfi_endproc
  68              	.LFE256:
  69              		.size	nvicEnableVector, .-nvicEnableVector
  70              		.section	.text.nvicDisableVector,"ax",%progbits
  71              		.align	2
  72              		.p2align 4,,15
  73              		.global	nvicDisableVector
  74              		.thumb
  75              		.thumb_func
  76              		.type	nvicDisableVector, %function
  77              	nvicDisableVector:
  78              	.LFB257:
  79              		.loc 1 69 0
  80              		.cfi_startproc
  81              		@ args = 0, pretend = 0, frame = 0
  82              		@ frame_needed = 0, uses_anonymous_args = 0
  83              		@ link register save eliminated.
  84              	.LVL4:
  85              		.loc 1 71 0
  86 0000 0849     		ldr	r1, .L5
  87 0002 4309     		lsrs	r3, r0, #5
  88              		.loc 1 69 0
  89 0004 10B4     		push	{r4}
  90              		.cfi_def_cfa_offset 4
  91              		.cfi_offset 4, -4
  92              		.loc 1 71 0
  93 0006 2033     		adds	r3, r3, #32
  94 0008 00F01F04 		and	r4, r0, #31
  95 000c 0122     		movs	r2, #1
  96              		.loc 1 72 0
  97 000e 0844     		add	r0, r0, r1
  98              	.LVL5:
  99              		.loc 1 71 0
 100 0010 A240     		lsls	r2, r2, r4
 101              		.loc 1 72 0
 102 0012 0024     		movs	r4, #0
 103              		.loc 1 71 0
 104 0014 41F82320 		str	r2, [r1, r3, lsl #2]
 105              		.loc 1 72 0
 106 0018 80F80043 		strb	r4, [r0, #768]
 107              		.loc 1 73 0
 108 001c 5DF8044B 		ldr	r4, [sp], #4
 109              		.cfi_restore 4
 110              		.cfi_def_cfa_offset 0
 111 0020 7047     		bx	lr
 112              	.L6:
 113 0022 00BF     		.align	2
 114              	.L5:
ARM GAS  /var/folders/sv/kgmgr77579zbf78p2zlhkdfr0000gn/T//ccslk6IR.s 			page 3


 115 0024 00E100E0 		.word	-536813312
 116              		.cfi_endproc
 117              	.LFE257:
 118              		.size	nvicDisableVector, .-nvicDisableVector
 119              		.section	.text.nvicSetSystemHandlerPriority,"ax",%progbits
 120              		.align	2
 121              		.p2align 4,,15
 122              		.global	nvicSetSystemHandlerPriority
 123              		.thumb
 124              		.thumb_func
 125              		.type	nvicSetSystemHandlerPriority, %function
 126              	nvicSetSystemHandlerPriority:
 127              	.LFB258:
 128              		.loc 1 81 0
 129              		.cfi_startproc
 130              		@ args = 0, pretend = 0, frame = 0
 131              		@ frame_needed = 0, uses_anonymous_args = 0
 132              		@ link register save eliminated.
 133              	.LVL6:
 134              		.loc 1 85 0
 135 0000 00F16040 		add	r0, r0, #-536870912
 136              	.LVL7:
 137 0004 00F56D40 		add	r0, r0, #60672
 138              	.LVL8:
 139 0008 0901     		lsls	r1, r1, #4
 140              	.LVL9:
 141 000a C9B2     		uxtb	r1, r1
 142 000c 0176     		strb	r1, [r0, #24]
 143 000e 7047     		bx	lr
 144              		.cfi_endproc
 145              	.LFE258:
 146              		.size	nvicSetSystemHandlerPriority, .-nvicSetSystemHandlerPriority
 147              		.section	.text.nvicClearPending,"ax",%progbits
 148              		.align	2
 149              		.p2align 4,,15
 150              		.global	nvicClearPending
 151              		.thumb
 152              		.thumb_func
 153              		.type	nvicClearPending, %function
 154              	nvicClearPending:
 155              	.LFB259:
 156              		.loc 1 93 0
 157              		.cfi_startproc
 158              		@ args = 0, pretend = 0, frame = 0
 159              		@ frame_needed = 0, uses_anonymous_args = 0
 160              		@ link register save eliminated.
 161              	.LVL10:
 162              		.loc 1 95 0
 163 0000 4309     		lsrs	r3, r0, #5
 164 0002 6033     		adds	r3, r3, #96
 165 0004 00F01F00 		and	r0, r0, #31
 166              	.LVL11:
 167 0008 0122     		movs	r2, #1
 168 000a 0349     		ldr	r1, .L9
 169 000c 02FA00F0 		lsl	r0, r2, r0
 170 0010 41F82300 		str	r0, [r1, r3, lsl #2]
 171 0014 7047     		bx	lr
ARM GAS  /var/folders/sv/kgmgr77579zbf78p2zlhkdfr0000gn/T//ccslk6IR.s 			page 4


 172              	.L10:
 173 0016 00BF     		.align	2
 174              	.L9:
 175 0018 00E100E0 		.word	-536813312
 176              		.cfi_endproc
 177              	.LFE259:
 178              		.size	nvicClearPending, .-nvicClearPending
 179              		.text
 180              	.Letext0:
 181              		.file 2 "/usr/local/Cellar/gcc-arm-none-eabi/20160928/arm-none-eabi/include/machine/_default_types
 182              		.file 3 "/usr/local/Cellar/gcc-arm-none-eabi/20160928/arm-none-eabi/include/sys/_stdint.h"
 183              		.file 4 "ChibiOS_3.0.2/os/rt/ports/ARMCMx/compilers/GCC/chtypes.h"
 184              		.file 5 "ChibiOS_3.0.2/os/rt/include/chsystypes.h"
 185              		.file 6 "ChibiOS_3.0.2/os/rt/include/chschd.h"
 186              		.file 7 "ChibiOS_3.0.2/os/ext/CMSIS/include/core_cm4.h"
 187              		.file 8 "ChibiOS_3.0.2/os/rt/ports/ARMCMx/chcore.h"
 188              		.file 9 "ChibiOS_3.0.2/os/rt/ports/ARMCMx/chcore_v7m.h"
 189              		.file 10 "ChibiOS_3.0.2/os/rt/include/chtm.h"
 190              		.file 11 "ChibiOS_3.0.2/os/rt/include/chsem.h"
 191              		.file 12 "ChibiOS_3.0.2/os/rt/include/chmtx.h"
 192              		.section	.debug_info,"",%progbits
 193              	.Ldebug_info0:
 194 0000 D50A0000 		.4byte	0xad5
 195 0004 0400     		.2byte	0x4
 196 0006 00000000 		.4byte	.Ldebug_abbrev0
 197 000a 04       		.byte	0x4
 198 000b 01       		.uleb128 0x1
 199 000c 46050000 		.4byte	.LASF141
 200 0010 0C       		.byte	0xc
 201 0011 D1020000 		.4byte	.LASF142
 202 0015 D3010000 		.4byte	.LASF143
 203 0019 00000000 		.4byte	.Ldebug_ranges0+0
 204 001d 00000000 		.4byte	0
 205 0021 00000000 		.4byte	.Ldebug_line0
 206 0025 02       		.uleb128 0x2
 207 0026 04       		.byte	0x4
 208 0027 05       		.byte	0x5
 209 0028 696E7400 		.ascii	"int\000"
 210 002c 03       		.uleb128 0x3
 211 002d 04       		.byte	0x4
 212 002e 07       		.byte	0x7
 213 002f 8D010000 		.4byte	.LASF0
 214 0033 03       		.uleb128 0x3
 215 0034 01       		.byte	0x1
 216 0035 06       		.byte	0x6
 217 0036 CB000000 		.4byte	.LASF1
 218 003a 04       		.uleb128 0x4
 219 003b 35000000 		.4byte	.LASF5
 220 003f 02       		.byte	0x2
 221 0040 1D       		.byte	0x1d
 222 0041 45000000 		.4byte	0x45
 223 0045 03       		.uleb128 0x3
 224 0046 01       		.byte	0x1
 225 0047 08       		.byte	0x8
 226 0048 9E030000 		.4byte	.LASF2
 227 004c 03       		.uleb128 0x3
 228 004d 02       		.byte	0x2
ARM GAS  /var/folders/sv/kgmgr77579zbf78p2zlhkdfr0000gn/T//ccslk6IR.s 			page 5


 229 004e 05       		.byte	0x5
 230 004f D1030000 		.4byte	.LASF3
 231 0053 03       		.uleb128 0x3
 232 0054 02       		.byte	0x2
 233 0055 07       		.byte	0x7
 234 0056 0A050000 		.4byte	.LASF4
 235 005a 04       		.uleb128 0x4
 236 005b 62020000 		.4byte	.LASF6
 237 005f 02       		.byte	0x2
 238 0060 3F       		.byte	0x3f
 239 0061 65000000 		.4byte	0x65
 240 0065 03       		.uleb128 0x3
 241 0066 04       		.byte	0x4
 242 0067 05       		.byte	0x5
 243 0068 19010000 		.4byte	.LASF7
 244 006c 04       		.uleb128 0x4
 245 006d EE040000 		.4byte	.LASF8
 246 0071 02       		.byte	0x2
 247 0072 41       		.byte	0x41
 248 0073 77000000 		.4byte	0x77
 249 0077 03       		.uleb128 0x3
 250 0078 04       		.byte	0x4
 251 0079 07       		.byte	0x7
 252 007a 9F040000 		.4byte	.LASF9
 253 007e 03       		.uleb128 0x3
 254 007f 08       		.byte	0x8
 255 0080 05       		.byte	0x5
 256 0081 BD000000 		.4byte	.LASF10
 257 0085 04       		.uleb128 0x4
 258 0086 24030000 		.4byte	.LASF11
 259 008a 02       		.byte	0x2
 260 008b 5B       		.byte	0x5b
 261 008c 90000000 		.4byte	0x90
 262 0090 03       		.uleb128 0x3
 263 0091 08       		.byte	0x8
 264 0092 07       		.byte	0x7
 265 0093 52000000 		.4byte	.LASF12
 266 0097 04       		.uleb128 0x4
 267 0098 70060000 		.4byte	.LASF13
 268 009c 03       		.byte	0x3
 269 009d 18       		.byte	0x18
 270 009e 3A000000 		.4byte	0x3a
 271 00a2 04       		.uleb128 0x4
 272 00a3 96030000 		.4byte	.LASF14
 273 00a7 03       		.byte	0x3
 274 00a8 2C       		.byte	0x2c
 275 00a9 5A000000 		.4byte	0x5a
 276 00ad 04       		.uleb128 0x4
 277 00ae 6C040000 		.4byte	.LASF15
 278 00b2 03       		.byte	0x3
 279 00b3 30       		.byte	0x30
 280 00b4 6C000000 		.4byte	0x6c
 281 00b8 04       		.uleb128 0x4
 282 00b9 20000000 		.4byte	.LASF16
 283 00bd 03       		.byte	0x3
 284 00be 3C       		.byte	0x3c
 285 00bf 85000000 		.4byte	0x85
ARM GAS  /var/folders/sv/kgmgr77579zbf78p2zlhkdfr0000gn/T//ccslk6IR.s 			page 6


 286 00c3 05       		.uleb128 0x5
 287 00c4 97000000 		.4byte	0x97
 288 00c8 05       		.uleb128 0x5
 289 00c9 A2000000 		.4byte	0xa2
 290 00cd 05       		.uleb128 0x5
 291 00ce AD000000 		.4byte	0xad
 292 00d2 04       		.uleb128 0x4
 293 00d3 7F020000 		.4byte	.LASF17
 294 00d7 04       		.byte	0x4
 295 00d8 45       		.byte	0x45
 296 00d9 AD000000 		.4byte	0xad
 297 00dd 04       		.uleb128 0x4
 298 00de 47020000 		.4byte	.LASF18
 299 00e2 04       		.byte	0x4
 300 00e3 48       		.byte	0x48
 301 00e4 97000000 		.4byte	0x97
 302 00e8 04       		.uleb128 0x4
 303 00e9 22010000 		.4byte	.LASF19
 304 00ed 04       		.byte	0x4
 305 00ee 49       		.byte	0x49
 306 00ef 97000000 		.4byte	0x97
 307 00f3 04       		.uleb128 0x4
 308 00f4 3B030000 		.4byte	.LASF20
 309 00f8 04       		.byte	0x4
 310 00f9 4A       		.byte	0x4a
 311 00fa 97000000 		.4byte	0x97
 312 00fe 04       		.uleb128 0x4
 313 00ff FF000000 		.4byte	.LASF21
 314 0103 04       		.byte	0x4
 315 0104 4B       		.byte	0x4b
 316 0105 97000000 		.4byte	0x97
 317 0109 04       		.uleb128 0x4
 318 010a 78030000 		.4byte	.LASF22
 319 010e 04       		.byte	0x4
 320 010f 4C       		.byte	0x4c
 321 0110 AD000000 		.4byte	0xad
 322 0114 04       		.uleb128 0x4
 323 0115 24020000 		.4byte	.LASF23
 324 0119 04       		.byte	0x4
 325 011a 4D       		.byte	0x4d
 326 011b A2000000 		.4byte	0xa2
 327 011f 04       		.uleb128 0x4
 328 0120 29000000 		.4byte	.LASF24
 329 0124 04       		.byte	0x4
 330 0125 4F       		.byte	0x4f
 331 0126 AD000000 		.4byte	0xad
 332 012a 04       		.uleb128 0x4
 333 012b 87010000 		.4byte	.LASF25
 334 012f 04       		.byte	0x4
 335 0130 51       		.byte	0x51
 336 0131 A2000000 		.4byte	0xa2
 337 0135 04       		.uleb128 0x4
 338 0136 D0040000 		.4byte	.LASF26
 339 013a 05       		.byte	0x5
 340 013b 33       		.byte	0x33
 341 013c AD000000 		.4byte	0xad
 342 0140 04       		.uleb128 0x4
ARM GAS  /var/folders/sv/kgmgr77579zbf78p2zlhkdfr0000gn/T//ccslk6IR.s 			page 7


 343 0141 C0040000 		.4byte	.LASF27
 344 0145 05       		.byte	0x5
 345 0146 3F       		.byte	0x3f
 346 0147 4B010000 		.4byte	0x14b
 347 014b 06       		.uleb128 0x6
 348 014c 15020000 		.4byte	.LASF49
 349 0150 48       		.byte	0x48
 350 0151 06       		.byte	0x6
 351 0152 C2       		.byte	0xc2
 352 0153 50020000 		.4byte	0x250
 353 0157 07       		.uleb128 0x7
 354 0158 1F040000 		.4byte	.LASF28
 355 015c 06       		.byte	0x6
 356 015d C3       		.byte	0xc3
 357 015e 5B020000 		.4byte	0x25b
 358 0162 00       		.byte	0
 359 0163 07       		.uleb128 0x7
 360 0164 71030000 		.4byte	.LASF29
 361 0168 06       		.byte	0x6
 362 0169 C5       		.byte	0xc5
 363 016a 5B020000 		.4byte	0x25b
 364 016e 04       		.byte	0x4
 365 016f 07       		.uleb128 0x7
 366 0170 A0000000 		.4byte	.LASF30
 367 0174 06       		.byte	0x6
 368 0175 C7       		.byte	0xc7
 369 0176 09010000 		.4byte	0x109
 370 017a 08       		.byte	0x8
 371 017b 07       		.uleb128 0x7
 372 017c CF060000 		.4byte	.LASF31
 373 0180 06       		.byte	0x6
 374 0181 C8       		.byte	0xc8
 375 0182 61070000 		.4byte	0x761
 376 0186 0C       		.byte	0xc
 377 0187 07       		.uleb128 0x7
 378 0188 2B010000 		.4byte	.LASF32
 379 018c 06       		.byte	0x6
 380 018d CA       		.byte	0xca
 381 018e 5B020000 		.4byte	0x25b
 382 0192 10       		.byte	0x10
 383 0193 07       		.uleb128 0x7
 384 0194 C3020000 		.4byte	.LASF33
 385 0198 06       		.byte	0x6
 386 0199 CB       		.byte	0xcb
 387 019a 5B020000 		.4byte	0x25b
 388 019e 14       		.byte	0x14
 389 019f 07       		.uleb128 0x7
 390 01a0 98060000 		.4byte	.LASF34
 391 01a4 06       		.byte	0x6
 392 01a5 D2       		.byte	0xd2
 393 01a6 A6090000 		.4byte	0x9a6
 394 01aa 18       		.byte	0x18
 395 01ab 07       		.uleb128 0x7
 396 01ac BF030000 		.4byte	.LASF35
 397 01b0 06       		.byte	0x6
 398 01b1 DD       		.byte	0xdd
 399 01b2 E8000000 		.4byte	0xe8
ARM GAS  /var/folders/sv/kgmgr77579zbf78p2zlhkdfr0000gn/T//ccslk6IR.s 			page 8


 400 01b6 1C       		.byte	0x1c
 401 01b7 07       		.uleb128 0x7
 402 01b8 AE060000 		.4byte	.LASF36
 403 01bc 06       		.byte	0x6
 404 01bd E1       		.byte	0xe1
 405 01be DD000000 		.4byte	0xdd
 406 01c2 1D       		.byte	0x1d
 407 01c3 07       		.uleb128 0x7
 408 01c4 3F050000 		.4byte	.LASF37
 409 01c8 06       		.byte	0x6
 410 01c9 E6       		.byte	0xe6
 411 01ca F3000000 		.4byte	0xf3
 412 01ce 1E       		.byte	0x1e
 413 01cf 07       		.uleb128 0x7
 414 01d0 EA030000 		.4byte	.LASF38
 415 01d4 06       		.byte	0x6
 416 01d5 EC       		.byte	0xec
 417 01d6 FE000000 		.4byte	0xfe
 418 01da 1F       		.byte	0x1f
 419 01db 07       		.uleb128 0x7
 420 01dc 12000000 		.4byte	.LASF39
 421 01e0 06       		.byte	0x6
 422 01e1 F3       		.byte	0xf3
 423 01e2 B8090000 		.4byte	0x9b8
 424 01e6 20       		.byte	0x20
 425 01e7 08       		.uleb128 0x8
 426 01e8 705F7500 		.ascii	"p_u\000"
 427 01ec 06       		.byte	0x6
 428 01ed 3101     		.2byte	0x131
 429 01ef E1080000 		.4byte	0x8e1
 430 01f3 24       		.byte	0x24
 431 01f4 09       		.uleb128 0x9
 432 01f5 D5060000 		.4byte	.LASF40
 433 01f9 06       		.byte	0x6
 434 01fa 3601     		.2byte	0x136
 435 01fc 61020000 		.4byte	0x261
 436 0200 28       		.byte	0x28
 437 0201 09       		.uleb128 0x9
 438 0202 1D050000 		.4byte	.LASF41
 439 0206 06       		.byte	0x6
 440 0207 3C01     		.2byte	0x13c
 441 0209 85020000 		.4byte	0x285
 442 020d 2C       		.byte	0x2c
 443 020e 09       		.uleb128 0x9
 444 020f B6060000 		.4byte	.LASF42
 445 0213 06       		.byte	0x6
 446 0214 4001     		.2byte	0x140
 447 0216 14010000 		.4byte	0x114
 448 021a 34       		.byte	0x34
 449 021b 09       		.uleb128 0x9
 450 021c 4D040000 		.4byte	.LASF43
 451 0220 06       		.byte	0x6
 452 0221 4601     		.2byte	0x146
 453 0223 1F010000 		.4byte	0x11f
 454 0227 38       		.byte	0x38
 455 0228 09       		.uleb128 0x9
 456 0229 C7030000 		.4byte	.LASF44
ARM GAS  /var/folders/sv/kgmgr77579zbf78p2zlhkdfr0000gn/T//ccslk6IR.s 			page 9


 457 022d 06       		.byte	0x6
 458 022e 4D01     		.2byte	0x14d
 459 0230 A0090000 		.4byte	0x9a0
 460 0234 3C       		.byte	0x3c
 461 0235 09       		.uleb128 0x9
 462 0236 DA040000 		.4byte	.LASF45
 463 023a 06       		.byte	0x6
 464 023b 5101     		.2byte	0x151
 465 023d 09010000 		.4byte	0x109
 466 0241 40       		.byte	0x40
 467 0242 09       		.uleb128 0x9
 468 0243 D7000000 		.4byte	.LASF46
 469 0247 06       		.byte	0x6
 470 0248 5801     		.2byte	0x158
 471 024a 38030000 		.4byte	0x338
 472 024e 44       		.byte	0x44
 473 024f 00       		.byte	0
 474 0250 04       		.uleb128 0x4
 475 0251 87020000 		.4byte	.LASF47
 476 0255 05       		.byte	0x5
 477 0256 44       		.byte	0x44
 478 0257 5B020000 		.4byte	0x25b
 479 025b 0A       		.uleb128 0xa
 480 025c 04       		.byte	0x4
 481 025d 40010000 		.4byte	0x140
 482 0261 04       		.uleb128 0x4
 483 0262 9F060000 		.4byte	.LASF48
 484 0266 05       		.byte	0x5
 485 0267 49       		.byte	0x49
 486 0268 6C020000 		.4byte	0x26c
 487 026c 06       		.uleb128 0x6
 488 026d 8F040000 		.4byte	.LASF50
 489 0271 04       		.byte	0x4
 490 0272 06       		.byte	0x6
 491 0273 B0       		.byte	0xb0
 492 0274 85020000 		.4byte	0x285
 493 0278 07       		.uleb128 0x7
 494 0279 1F040000 		.4byte	.LASF28
 495 027d 06       		.byte	0x6
 496 027e B1       		.byte	0xb1
 497 027f 5B020000 		.4byte	0x25b
 498 0283 00       		.byte	0
 499 0284 00       		.byte	0
 500 0285 04       		.uleb128 0x4
 501 0286 2F050000 		.4byte	.LASF51
 502 028a 05       		.byte	0x5
 503 028b 50       		.byte	0x50
 504 028c 90020000 		.4byte	0x290
 505 0290 06       		.uleb128 0x6
 506 0291 8F000000 		.4byte	.LASF52
 507 0295 08       		.byte	0x8
 508 0296 06       		.byte	0x6
 509 0297 B7       		.byte	0xb7
 510 0298 B5020000 		.4byte	0x2b5
 511 029c 07       		.uleb128 0x7
 512 029d 1F040000 		.4byte	.LASF28
 513 02a1 06       		.byte	0x6
ARM GAS  /var/folders/sv/kgmgr77579zbf78p2zlhkdfr0000gn/T//ccslk6IR.s 			page 10


 514 02a2 B8       		.byte	0xb8
 515 02a3 5B020000 		.4byte	0x25b
 516 02a7 00       		.byte	0
 517 02a8 07       		.uleb128 0x7
 518 02a9 71030000 		.4byte	.LASF29
 519 02ad 06       		.byte	0x6
 520 02ae B9       		.byte	0xb9
 521 02af 5B020000 		.4byte	0x25b
 522 02b3 04       		.byte	0x4
 523 02b4 00       		.byte	0
 524 02b5 04       		.uleb128 0x4
 525 02b6 05000000 		.4byte	.LASF53
 526 02ba 05       		.byte	0x5
 527 02bb 57       		.byte	0x57
 528 02bc C0020000 		.4byte	0x2c0
 529 02c0 0B       		.uleb128 0xb
 530 02c1 4F020000 		.4byte	.LASF54
 531 02c5 1C       		.byte	0x1c
 532 02c6 06       		.byte	0x6
 533 02c7 9001     		.2byte	0x190
 534 02c9 1C030000 		.4byte	0x31c
 535 02cd 09       		.uleb128 0x9
 536 02ce 7C040000 		.4byte	.LASF55
 537 02d2 06       		.byte	0x6
 538 02d3 9101     		.2byte	0x191
 539 02d5 85020000 		.4byte	0x285
 540 02d9 00       		.byte	0
 541 02da 09       		.uleb128 0x9
 542 02db 11040000 		.4byte	.LASF56
 543 02df 06       		.byte	0x6
 544 02e0 9201     		.2byte	0x192
 545 02e2 09010000 		.4byte	0x109
 546 02e6 08       		.byte	0x8
 547 02e7 09       		.uleb128 0x9
 548 02e8 CB020000 		.4byte	.LASF57
 549 02ec 06       		.byte	0x6
 550 02ed 9401     		.2byte	0x194
 551 02ef 61070000 		.4byte	0x761
 552 02f3 0C       		.byte	0xc
 553 02f4 09       		.uleb128 0x9
 554 02f5 4E010000 		.4byte	.LASF58
 555 02f9 06       		.byte	0x6
 556 02fa 9701     		.2byte	0x197
 557 02fc 5B020000 		.4byte	0x25b
 558 0300 10       		.byte	0x10
 559 0301 09       		.uleb128 0x9
 560 0302 1C030000 		.4byte	.LASF59
 561 0306 06       		.byte	0x6
 562 0307 9801     		.2byte	0x198
 563 0309 5B020000 		.4byte	0x25b
 564 030d 14       		.byte	0x14
 565 030e 09       		.uleb128 0x9
 566 030f B1040000 		.4byte	.LASF60
 567 0313 06       		.byte	0x6
 568 0314 9B01     		.2byte	0x19b
 569 0316 5B020000 		.4byte	0x25b
 570 031a 18       		.byte	0x18
ARM GAS  /var/folders/sv/kgmgr77579zbf78p2zlhkdfr0000gn/T//ccslk6IR.s 			page 11


 571 031b 00       		.byte	0
 572 031c 04       		.uleb128 0x4
 573 031d E5040000 		.4byte	.LASF61
 574 0321 05       		.byte	0x5
 575 0322 5C       		.byte	0x5c
 576 0323 27030000 		.4byte	0x327
 577 0327 0A       		.uleb128 0xa
 578 0328 04       		.byte	0x4
 579 0329 2D030000 		.4byte	0x32d
 580 032d 0C       		.uleb128 0xc
 581 032e 38030000 		.4byte	0x338
 582 0332 0D       		.uleb128 0xd
 583 0333 38030000 		.4byte	0x338
 584 0337 00       		.byte	0
 585 0338 0E       		.uleb128 0xe
 586 0339 04       		.byte	0x4
 587 033a 04       		.uleb128 0x4
 588 033b 61030000 		.4byte	.LASF62
 589 033f 05       		.byte	0x5
 590 0340 61       		.byte	0x61
 591 0341 45030000 		.4byte	0x345
 592 0345 0B       		.uleb128 0xb
 593 0346 2F040000 		.4byte	.LASF63
 594 034a 14       		.byte	0x14
 595 034b 06       		.byte	0x6
 596 034c 6B01     		.2byte	0x16b
 597 034e 94030000 		.4byte	0x394
 598 0352 09       		.uleb128 0x9
 599 0353 9A010000 		.4byte	.LASF64
 600 0357 06       		.byte	0x6
 601 0358 6C01     		.2byte	0x16c
 602 035a BD090000 		.4byte	0x9bd
 603 035e 00       		.byte	0
 604 035f 09       		.uleb128 0x9
 605 0360 5F010000 		.4byte	.LASF65
 606 0364 06       		.byte	0x6
 607 0365 6D01     		.2byte	0x16d
 608 0367 BD090000 		.4byte	0x9bd
 609 036b 04       		.byte	0x4
 610 036c 09       		.uleb128 0x9
 611 036d BB010000 		.4byte	.LASF66
 612 0371 06       		.byte	0x6
 613 0372 6E01     		.2byte	0x16e
 614 0374 35010000 		.4byte	0x135
 615 0378 08       		.byte	0x8
 616 0379 09       		.uleb128 0x9
 617 037a B1020000 		.4byte	.LASF67
 618 037e 06       		.byte	0x6
 619 037f 6F01     		.2byte	0x16f
 620 0381 1C030000 		.4byte	0x31c
 621 0385 0C       		.byte	0xc
 622 0386 09       		.uleb128 0x9
 623 0387 28050000 		.4byte	.LASF68
 624 038b 06       		.byte	0x6
 625 038c 7101     		.2byte	0x171
 626 038e 38030000 		.4byte	0x338
 627 0392 10       		.byte	0x10
ARM GAS  /var/folders/sv/kgmgr77579zbf78p2zlhkdfr0000gn/T//ccslk6IR.s 			page 12


 628 0393 00       		.byte	0
 629 0394 04       		.uleb128 0x4
 630 0395 74000000 		.4byte	.LASF69
 631 0399 05       		.byte	0x5
 632 039a 66       		.byte	0x66
 633 039b 9F030000 		.4byte	0x39f
 634 039f 0B       		.uleb128 0xb
 635 03a0 9A020000 		.4byte	.LASF70
 636 03a4 10       		.byte	0x10
 637 03a5 06       		.byte	0x6
 638 03a6 7B01     		.2byte	0x17b
 639 03a8 E1030000 		.4byte	0x3e1
 640 03ac 09       		.uleb128 0x9
 641 03ad 9A010000 		.4byte	.LASF64
 642 03b1 06       		.byte	0x6
 643 03b2 7C01     		.2byte	0x17c
 644 03b4 BD090000 		.4byte	0x9bd
 645 03b8 00       		.byte	0
 646 03b9 09       		.uleb128 0x9
 647 03ba 5F010000 		.4byte	.LASF65
 648 03be 06       		.byte	0x6
 649 03bf 7E01     		.2byte	0x17e
 650 03c1 BD090000 		.4byte	0x9bd
 651 03c5 04       		.byte	0x4
 652 03c6 09       		.uleb128 0x9
 653 03c7 BB010000 		.4byte	.LASF66
 654 03cb 06       		.byte	0x6
 655 03cc 8001     		.2byte	0x180
 656 03ce 35010000 		.4byte	0x135
 657 03d2 08       		.byte	0x8
 658 03d3 09       		.uleb128 0x9
 659 03d4 84040000 		.4byte	.LASF71
 660 03d8 06       		.byte	0x6
 661 03d9 8201     		.2byte	0x182
 662 03db B8090000 		.4byte	0x9b8
 663 03df 0C       		.byte	0xc
 664 03e0 00       		.byte	0
 665 03e1 04       		.uleb128 0x4
 666 03e2 C4010000 		.4byte	.LASF72
 667 03e6 05       		.byte	0x5
 668 03e7 6B       		.byte	0x6b
 669 03e8 EC030000 		.4byte	0x3ec
 670 03ec 0B       		.uleb128 0xb
 671 03ed 80030000 		.4byte	.LASF73
 672 03f1 04       		.byte	0x4
 673 03f2 06       		.byte	0x6
 674 03f3 A201     		.2byte	0x1a2
 675 03f5 07040000 		.4byte	0x407
 676 03f9 09       		.uleb128 0x9
 677 03fa F9040000 		.4byte	.LASF74
 678 03fe 06       		.byte	0x6
 679 03ff AA01     		.2byte	0x1aa
 680 0401 C3090000 		.4byte	0x9c3
 681 0405 00       		.byte	0
 682 0406 00       		.byte	0
 683 0407 04       		.uleb128 0x4
 684 0408 3B020000 		.4byte	.LASF75
ARM GAS  /var/folders/sv/kgmgr77579zbf78p2zlhkdfr0000gn/T//ccslk6IR.s 			page 13


 685 040c 05       		.byte	0x5
 686 040d 70       		.byte	0x70
 687 040e 12040000 		.4byte	0x412
 688 0412 0F       		.uleb128 0xf
 689 0413 0F010000 		.4byte	.LASF76
 690 0417 5802     		.2byte	0x258
 691 0419 06       		.byte	0x6
 692 041a C201     		.2byte	0x1c2
 693 041c 6E040000 		.4byte	0x46e
 694 0420 09       		.uleb128 0x9
 695 0421 6A060000 		.4byte	.LASF77
 696 0425 06       		.byte	0x6
 697 0426 C601     		.2byte	0x1c6
 698 0428 B5020000 		.4byte	0x2b5
 699 042c 00       		.byte	0
 700 042d 09       		.uleb128 0x9
 701 042e 4B000000 		.4byte	.LASF78
 702 0432 06       		.byte	0x6
 703 0433 CA01     		.2byte	0x1ca
 704 0435 94030000 		.4byte	0x394
 705 0439 1C       		.byte	0x1c
 706 043a 08       		.uleb128 0x8
 707 043b 64626700 		.ascii	"dbg\000"
 708 043f 06       		.byte	0x6
 709 0440 CE01     		.2byte	0x1ce
 710 0442 E1030000 		.4byte	0x3e1
 711 0446 2C       		.byte	0x2c
 712 0447 09       		.uleb128 0x9
 713 0448 69000000 		.4byte	.LASF79
 714 044c 06       		.byte	0x6
 715 044d D201     		.2byte	0x1d2
 716 044f 40010000 		.4byte	0x140
 717 0453 30       		.byte	0x30
 718 0454 08       		.uleb128 0x8
 719 0455 746D00   		.ascii	"tm\000"
 720 0458 06       		.byte	0x6
 721 0459 D701     		.2byte	0x1d7
 722 045b D6080000 		.4byte	0x8d6
 723 045f 78       		.byte	0x78
 724 0460 09       		.uleb128 0x9
 725 0461 78010000 		.4byte	.LASF80
 726 0465 06       		.byte	0x6
 727 0466 E301     		.2byte	0x1e3
 728 0468 C8090000 		.4byte	0x9c8
 729 046c 80       		.byte	0x80
 730 046d 00       		.byte	0
 731 046e 10       		.uleb128 0x10
 732 046f 040E     		.2byte	0xe04
 733 0471 07       		.byte	0x7
 734 0472 5001     		.2byte	0x150
 735 0474 2A050000 		.4byte	0x52a
 736 0478 09       		.uleb128 0x9
 737 0479 DB030000 		.4byte	.LASF81
 738 047d 07       		.byte	0x7
 739 047e 5201     		.2byte	0x152
 740 0480 41050000 		.4byte	0x541
 741 0484 00       		.byte	0
ARM GAS  /var/folders/sv/kgmgr77579zbf78p2zlhkdfr0000gn/T//ccslk6IR.s 			page 14


 742 0485 09       		.uleb128 0x9
 743 0486 43030000 		.4byte	.LASF82
 744 048a 07       		.byte	0x7
 745 048b 5301     		.2byte	0x153
 746 048d 46050000 		.4byte	0x546
 747 0491 20       		.byte	0x20
 748 0492 09       		.uleb128 0x9
 749 0493 12030000 		.4byte	.LASF83
 750 0497 07       		.byte	0x7
 751 0498 5401     		.2byte	0x154
 752 049a 56050000 		.4byte	0x556
 753 049e 80       		.byte	0x80
 754 049f 09       		.uleb128 0x9
 755 04a0 78060000 		.4byte	.LASF84
 756 04a4 07       		.byte	0x7
 757 04a5 5501     		.2byte	0x155
 758 04a7 46050000 		.4byte	0x546
 759 04ab A0       		.byte	0xa0
 760 04ac 11       		.uleb128 0x11
 761 04ad 8A000000 		.4byte	.LASF85
 762 04b1 07       		.byte	0x7
 763 04b2 5601     		.2byte	0x156
 764 04b4 5B050000 		.4byte	0x55b
 765 04b8 0001     		.2byte	0x100
 766 04ba 11       		.uleb128 0x11
 767 04bb 4D030000 		.4byte	.LASF86
 768 04bf 07       		.byte	0x7
 769 04c0 5701     		.2byte	0x157
 770 04c2 46050000 		.4byte	0x546
 771 04c6 2001     		.2byte	0x120
 772 04c8 11       		.uleb128 0x11
 773 04c9 00000000 		.4byte	.LASF87
 774 04cd 07       		.byte	0x7
 775 04ce 5801     		.2byte	0x158
 776 04d0 60050000 		.4byte	0x560
 777 04d4 8001     		.2byte	0x180
 778 04d6 11       		.uleb128 0x11
 779 04d7 57030000 		.4byte	.LASF88
 780 04db 07       		.byte	0x7
 781 04dc 5901     		.2byte	0x159
 782 04de 46050000 		.4byte	0x546
 783 04e2 A001     		.2byte	0x1a0
 784 04e4 11       		.uleb128 0x11
 785 04e5 BE020000 		.4byte	.LASF89
 786 04e9 07       		.byte	0x7
 787 04ea 5A01     		.2byte	0x15a
 788 04ec 65050000 		.4byte	0x565
 789 04f0 0002     		.2byte	0x200
 790 04f2 11       		.uleb128 0x11
 791 04f3 58040000 		.4byte	.LASF90
 792 04f7 07       		.byte	0x7
 793 04f8 5B01     		.2byte	0x15b
 794 04fa 6A050000 		.4byte	0x56a
 795 04fe 2002     		.2byte	0x220
 796 0500 12       		.uleb128 0x12
 797 0501 495000   		.ascii	"IP\000"
 798 0504 07       		.byte	0x7
ARM GAS  /var/folders/sv/kgmgr77579zbf78p2zlhkdfr0000gn/T//ccslk6IR.s 			page 15


 799 0505 5C01     		.2byte	0x15c
 800 0507 8A050000 		.4byte	0x58a
 801 050b 0003     		.2byte	0x300
 802 050d 11       		.uleb128 0x11
 803 050e 62040000 		.4byte	.LASF91
 804 0512 07       		.byte	0x7
 805 0513 5D01     		.2byte	0x15d
 806 0515 8F050000 		.4byte	0x58f
 807 0519 F003     		.2byte	0x3f0
 808 051b 11       		.uleb128 0x11
 809 051c 81060000 		.4byte	.LASF92
 810 0520 07       		.byte	0x7
 811 0521 5E01     		.2byte	0x15e
 812 0523 CD000000 		.4byte	0xcd
 813 0527 000E     		.2byte	0xe00
 814 0529 00       		.byte	0
 815 052a 13       		.uleb128 0x13
 816 052b CD000000 		.4byte	0xcd
 817 052f 3A050000 		.4byte	0x53a
 818 0533 14       		.uleb128 0x14
 819 0534 3A050000 		.4byte	0x53a
 820 0538 07       		.byte	0x7
 821 0539 00       		.byte	0
 822 053a 03       		.uleb128 0x3
 823 053b 04       		.byte	0x4
 824 053c 07       		.byte	0x7
 825 053d 86060000 		.4byte	.LASF93
 826 0541 05       		.uleb128 0x5
 827 0542 2A050000 		.4byte	0x52a
 828 0546 13       		.uleb128 0x13
 829 0547 AD000000 		.4byte	0xad
 830 054b 56050000 		.4byte	0x556
 831 054f 14       		.uleb128 0x14
 832 0550 3A050000 		.4byte	0x53a
 833 0554 17       		.byte	0x17
 834 0555 00       		.byte	0
 835 0556 05       		.uleb128 0x5
 836 0557 2A050000 		.4byte	0x52a
 837 055b 05       		.uleb128 0x5
 838 055c 2A050000 		.4byte	0x52a
 839 0560 05       		.uleb128 0x5
 840 0561 2A050000 		.4byte	0x52a
 841 0565 05       		.uleb128 0x5
 842 0566 2A050000 		.4byte	0x52a
 843 056a 13       		.uleb128 0x13
 844 056b AD000000 		.4byte	0xad
 845 056f 7A050000 		.4byte	0x57a
 846 0573 14       		.uleb128 0x14
 847 0574 3A050000 		.4byte	0x53a
 848 0578 37       		.byte	0x37
 849 0579 00       		.byte	0
 850 057a 13       		.uleb128 0x13
 851 057b C3000000 		.4byte	0xc3
 852 057f 8A050000 		.4byte	0x58a
 853 0583 14       		.uleb128 0x14
 854 0584 3A050000 		.4byte	0x53a
 855 0588 EF       		.byte	0xef
ARM GAS  /var/folders/sv/kgmgr77579zbf78p2zlhkdfr0000gn/T//ccslk6IR.s 			page 16


 856 0589 00       		.byte	0
 857 058a 05       		.uleb128 0x5
 858 058b 7A050000 		.4byte	0x57a
 859 058f 13       		.uleb128 0x13
 860 0590 AD000000 		.4byte	0xad
 861 0594 A0050000 		.4byte	0x5a0
 862 0598 15       		.uleb128 0x15
 863 0599 3A050000 		.4byte	0x53a
 864 059d 8302     		.2byte	0x283
 865 059f 00       		.byte	0
 866 05a0 16       		.uleb128 0x16
 867 05a1 E0030000 		.4byte	.LASF94
 868 05a5 07       		.byte	0x7
 869 05a6 5F01     		.2byte	0x15f
 870 05a8 6E040000 		.4byte	0x46e
 871 05ac 17       		.uleb128 0x17
 872 05ad 8C       		.byte	0x8c
 873 05ae 07       		.byte	0x7
 874 05af 7001     		.2byte	0x170
 875 05b1 C7060000 		.4byte	0x6c7
 876 05b5 09       		.uleb128 0x9
 877 05b6 2F030000 		.4byte	.LASF95
 878 05ba 07       		.byte	0x7
 879 05bb 7201     		.2byte	0x172
 880 05bd C7060000 		.4byte	0x6c7
 881 05c1 00       		.byte	0
 882 05c2 09       		.uleb128 0x9
 883 05c3 1F020000 		.4byte	.LASF96
 884 05c7 07       		.byte	0x7
 885 05c8 7301     		.2byte	0x173
 886 05ca CD000000 		.4byte	0xcd
 887 05ce 04       		.byte	0x4
 888 05cf 09       		.uleb128 0x9
 889 05d0 02020000 		.4byte	.LASF97
 890 05d4 07       		.byte	0x7
 891 05d5 7401     		.2byte	0x174
 892 05d7 CD000000 		.4byte	0xcd
 893 05db 08       		.byte	0x8
 894 05dc 09       		.uleb128 0x9
 895 05dd 2A020000 		.4byte	.LASF98
 896 05e1 07       		.byte	0x7
 897 05e2 7501     		.2byte	0x175
 898 05e4 CD000000 		.4byte	0xcd
 899 05e8 0C       		.byte	0xc
 900 05e9 08       		.uleb128 0x8
 901 05ea 53435200 		.ascii	"SCR\000"
 902 05ee 07       		.byte	0x7
 903 05ef 7601     		.2byte	0x176
 904 05f1 CD000000 		.4byte	0xcd
 905 05f5 10       		.byte	0x10
 906 05f6 08       		.uleb128 0x8
 907 05f7 43435200 		.ascii	"CCR\000"
 908 05fb 07       		.byte	0x7
 909 05fc 7701     		.2byte	0x177
 910 05fe CD000000 		.4byte	0xcd
 911 0602 14       		.byte	0x14
 912 0603 08       		.uleb128 0x8
ARM GAS  /var/folders/sv/kgmgr77579zbf78p2zlhkdfr0000gn/T//ccslk6IR.s 			page 17


 913 0604 53485000 		.ascii	"SHP\000"
 914 0608 07       		.byte	0x7
 915 0609 7801     		.2byte	0x178
 916 060b DC060000 		.4byte	0x6dc
 917 060f 18       		.byte	0x18
 918 0610 09       		.uleb128 0x9
 919 0611 AC030000 		.4byte	.LASF99
 920 0615 07       		.byte	0x7
 921 0616 7901     		.2byte	0x179
 922 0618 CD000000 		.4byte	0xcd
 923 061c 24       		.byte	0x24
 924 061d 09       		.uleb128 0x9
 925 061e B9020000 		.4byte	.LASF100
 926 0622 07       		.byte	0x7
 927 0623 7A01     		.2byte	0x17a
 928 0625 CD000000 		.4byte	0xcd
 929 0629 28       		.byte	0x28
 930 062a 09       		.uleb128 0x9
 931 062b C2060000 		.4byte	.LASF101
 932 062f 07       		.byte	0x7
 933 0630 7B01     		.2byte	0x17b
 934 0632 CD000000 		.4byte	0xcd
 935 0636 2C       		.byte	0x2c
 936 0637 09       		.uleb128 0x9
 937 0638 30020000 		.4byte	.LASF102
 938 063c 07       		.byte	0x7
 939 063d 7C01     		.2byte	0x17c
 940 063f CD000000 		.4byte	0xcd
 941 0643 30       		.byte	0x30
 942 0644 09       		.uleb128 0x9
 943 0645 35020000 		.4byte	.LASF103
 944 0649 07       		.byte	0x7
 945 064a 7D01     		.2byte	0x17d
 946 064c CD000000 		.4byte	0xcd
 947 0650 34       		.byte	0x34
 948 0651 09       		.uleb128 0x9
 949 0652 3B010000 		.4byte	.LASF104
 950 0656 07       		.byte	0x7
 951 0657 7E01     		.2byte	0x17e
 952 0659 CD000000 		.4byte	0xcd
 953 065d 38       		.byte	0x38
 954 065e 09       		.uleb128 0x9
 955 065f 49010000 		.4byte	.LASF105
 956 0663 07       		.byte	0x7
 957 0664 7F01     		.2byte	0x17f
 958 0666 CD000000 		.4byte	0xcd
 959 066a 3C       		.byte	0x3c
 960 066b 08       		.uleb128 0x8
 961 066c 50465200 		.ascii	"PFR\000"
 962 0670 07       		.byte	0x7
 963 0671 8001     		.2byte	0x180
 964 0673 F6060000 		.4byte	0x6f6
 965 0677 40       		.byte	0x40
 966 0678 08       		.uleb128 0x8
 967 0679 44465200 		.ascii	"DFR\000"
 968 067d 07       		.byte	0x7
 969 067e 8101     		.2byte	0x181
ARM GAS  /var/folders/sv/kgmgr77579zbf78p2zlhkdfr0000gn/T//ccslk6IR.s 			page 18


 970 0680 C7060000 		.4byte	0x6c7
 971 0684 48       		.byte	0x48
 972 0685 08       		.uleb128 0x8
 973 0686 41445200 		.ascii	"ADR\000"
 974 068a 07       		.byte	0x7
 975 068b 8201     		.2byte	0x182
 976 068d C7060000 		.4byte	0x6c7
 977 0691 4C       		.byte	0x4c
 978 0692 09       		.uleb128 0x9
 979 0693 5D020000 		.4byte	.LASF106
 980 0697 07       		.byte	0x7
 981 0698 8301     		.2byte	0x183
 982 069a 10070000 		.4byte	0x710
 983 069e 50       		.byte	0x50
 984 069f 09       		.uleb128 0x9
 985 06a0 B8000000 		.4byte	.LASF107
 986 06a4 07       		.byte	0x7
 987 06a5 8401     		.2byte	0x184
 988 06a7 2A070000 		.4byte	0x72a
 989 06ab 60       		.byte	0x60
 990 06ac 09       		.uleb128 0x9
 991 06ad 43030000 		.4byte	.LASF82
 992 06b1 07       		.byte	0x7
 993 06b2 8501     		.2byte	0x185
 994 06b4 2F070000 		.4byte	0x72f
 995 06b8 74       		.byte	0x74
 996 06b9 09       		.uleb128 0x9
 997 06ba BC060000 		.4byte	.LASF108
 998 06be 07       		.byte	0x7
 999 06bf 8601     		.2byte	0x186
 1000 06c1 CD000000 		.4byte	0xcd
 1001 06c5 88       		.byte	0x88
 1002 06c6 00       		.byte	0
 1003 06c7 18       		.uleb128 0x18
 1004 06c8 CD000000 		.4byte	0xcd
 1005 06cc 13       		.uleb128 0x13
 1006 06cd C3000000 		.4byte	0xc3
 1007 06d1 DC060000 		.4byte	0x6dc
 1008 06d5 14       		.uleb128 0x14
 1009 06d6 3A050000 		.4byte	0x53a
 1010 06da 0B       		.byte	0xb
 1011 06db 00       		.byte	0
 1012 06dc 05       		.uleb128 0x5
 1013 06dd CC060000 		.4byte	0x6cc
 1014 06e1 13       		.uleb128 0x13
 1015 06e2 C7060000 		.4byte	0x6c7
 1016 06e6 F1060000 		.4byte	0x6f1
 1017 06ea 14       		.uleb128 0x14
 1018 06eb 3A050000 		.4byte	0x53a
 1019 06ef 01       		.byte	0x1
 1020 06f0 00       		.byte	0
 1021 06f1 05       		.uleb128 0x5
 1022 06f2 E1060000 		.4byte	0x6e1
 1023 06f6 18       		.uleb128 0x18
 1024 06f7 F1060000 		.4byte	0x6f1
 1025 06fb 13       		.uleb128 0x13
 1026 06fc C7060000 		.4byte	0x6c7
ARM GAS  /var/folders/sv/kgmgr77579zbf78p2zlhkdfr0000gn/T//ccslk6IR.s 			page 19


 1027 0700 0B070000 		.4byte	0x70b
 1028 0704 14       		.uleb128 0x14
 1029 0705 3A050000 		.4byte	0x53a
 1030 0709 03       		.byte	0x3
 1031 070a 00       		.byte	0
 1032 070b 05       		.uleb128 0x5
 1033 070c FB060000 		.4byte	0x6fb
 1034 0710 18       		.uleb128 0x18
 1035 0711 0B070000 		.4byte	0x70b
 1036 0715 13       		.uleb128 0x13
 1037 0716 C7060000 		.4byte	0x6c7
 1038 071a 25070000 		.4byte	0x725
 1039 071e 14       		.uleb128 0x14
 1040 071f 3A050000 		.4byte	0x53a
 1041 0723 04       		.byte	0x4
 1042 0724 00       		.byte	0
 1043 0725 05       		.uleb128 0x5
 1044 0726 15070000 		.4byte	0x715
 1045 072a 18       		.uleb128 0x18
 1046 072b 25070000 		.4byte	0x725
 1047 072f 13       		.uleb128 0x13
 1048 0730 AD000000 		.4byte	0xad
 1049 0734 3F070000 		.4byte	0x73f
 1050 0738 14       		.uleb128 0x14
 1051 0739 3A050000 		.4byte	0x53a
 1052 073d 04       		.byte	0x4
 1053 073e 00       		.byte	0
 1054 073f 16       		.uleb128 0x16
 1055 0740 67010000 		.4byte	.LASF109
 1056 0744 07       		.byte	0x7
 1057 0745 8701     		.2byte	0x187
 1058 0747 AC050000 		.4byte	0x5ac
 1059 074b 04       		.uleb128 0x4
 1060 074c 56010000 		.4byte	.LASF110
 1061 0750 08       		.byte	0x8
 1062 0751 65       		.byte	0x65
 1063 0752 38030000 		.4byte	0x338
 1064 0756 04       		.uleb128 0x4
 1065 0757 6C020000 		.4byte	.LASF111
 1066 075b 08       		.byte	0x8
 1067 075c 6D       		.byte	0x6d
 1068 075d B8000000 		.4byte	0xb8
 1069 0761 06       		.uleb128 0x6
 1070 0762 0D020000 		.4byte	.LASF112
 1071 0766 04       		.byte	0x4
 1072 0767 08       		.byte	0x8
 1073 0768 89       		.byte	0x89
 1074 0769 7A070000 		.4byte	0x77a
 1075 076d 19       		.uleb128 0x19
 1076 076e 72313300 		.ascii	"r13\000"
 1077 0772 08       		.byte	0x8
 1078 0773 8A       		.byte	0x8a
 1079 0774 BB080000 		.4byte	0x8bb
 1080 0778 00       		.byte	0
 1081 0779 00       		.byte	0
 1082 077a 06       		.uleb128 0x6
 1083 077b 3F000000 		.4byte	.LASF113
ARM GAS  /var/folders/sv/kgmgr77579zbf78p2zlhkdfr0000gn/T//ccslk6IR.s 			page 20


 1084 077f 64       		.byte	0x64
 1085 0780 09       		.byte	0x9
 1086 0781 F4       		.byte	0xf4
 1087 0782 BB080000 		.4byte	0x8bb
 1088 0786 19       		.uleb128 0x19
 1089 0787 73313600 		.ascii	"s16\000"
 1090 078b 09       		.byte	0x9
 1091 078c F6       		.byte	0xf6
 1092 078d 4B070000 		.4byte	0x74b
 1093 0791 00       		.byte	0
 1094 0792 19       		.uleb128 0x19
 1095 0793 73313700 		.ascii	"s17\000"
 1096 0797 09       		.byte	0x9
 1097 0798 F7       		.byte	0xf7
 1098 0799 4B070000 		.4byte	0x74b
 1099 079d 04       		.byte	0x4
 1100 079e 19       		.uleb128 0x19
 1101 079f 73313800 		.ascii	"s18\000"
 1102 07a3 09       		.byte	0x9
 1103 07a4 F8       		.byte	0xf8
 1104 07a5 4B070000 		.4byte	0x74b
 1105 07a9 08       		.byte	0x8
 1106 07aa 19       		.uleb128 0x19
 1107 07ab 73313900 		.ascii	"s19\000"
 1108 07af 09       		.byte	0x9
 1109 07b0 F9       		.byte	0xf9
 1110 07b1 4B070000 		.4byte	0x74b
 1111 07b5 0C       		.byte	0xc
 1112 07b6 19       		.uleb128 0x19
 1113 07b7 73323000 		.ascii	"s20\000"
 1114 07bb 09       		.byte	0x9
 1115 07bc FA       		.byte	0xfa
 1116 07bd 4B070000 		.4byte	0x74b
 1117 07c1 10       		.byte	0x10
 1118 07c2 19       		.uleb128 0x19
 1119 07c3 73323100 		.ascii	"s21\000"
 1120 07c7 09       		.byte	0x9
 1121 07c8 FB       		.byte	0xfb
 1122 07c9 4B070000 		.4byte	0x74b
 1123 07cd 14       		.byte	0x14
 1124 07ce 19       		.uleb128 0x19
 1125 07cf 73323200 		.ascii	"s22\000"
 1126 07d3 09       		.byte	0x9
 1127 07d4 FC       		.byte	0xfc
 1128 07d5 4B070000 		.4byte	0x74b
 1129 07d9 18       		.byte	0x18
 1130 07da 19       		.uleb128 0x19
 1131 07db 73323300 		.ascii	"s23\000"
 1132 07df 09       		.byte	0x9
 1133 07e0 FD       		.byte	0xfd
 1134 07e1 4B070000 		.4byte	0x74b
 1135 07e5 1C       		.byte	0x1c
 1136 07e6 19       		.uleb128 0x19
 1137 07e7 73323400 		.ascii	"s24\000"
 1138 07eb 09       		.byte	0x9
 1139 07ec FE       		.byte	0xfe
 1140 07ed 4B070000 		.4byte	0x74b
ARM GAS  /var/folders/sv/kgmgr77579zbf78p2zlhkdfr0000gn/T//ccslk6IR.s 			page 21


 1141 07f1 20       		.byte	0x20
 1142 07f2 19       		.uleb128 0x19
 1143 07f3 73323500 		.ascii	"s25\000"
 1144 07f7 09       		.byte	0x9
 1145 07f8 FF       		.byte	0xff
 1146 07f9 4B070000 		.4byte	0x74b
 1147 07fd 24       		.byte	0x24
 1148 07fe 08       		.uleb128 0x8
 1149 07ff 73323600 		.ascii	"s26\000"
 1150 0803 09       		.byte	0x9
 1151 0804 0001     		.2byte	0x100
 1152 0806 4B070000 		.4byte	0x74b
 1153 080a 28       		.byte	0x28
 1154 080b 08       		.uleb128 0x8
 1155 080c 73323700 		.ascii	"s27\000"
 1156 0810 09       		.byte	0x9
 1157 0811 0101     		.2byte	0x101
 1158 0813 4B070000 		.4byte	0x74b
 1159 0817 2C       		.byte	0x2c
 1160 0818 08       		.uleb128 0x8
 1161 0819 73323800 		.ascii	"s28\000"
 1162 081d 09       		.byte	0x9
 1163 081e 0201     		.2byte	0x102
 1164 0820 4B070000 		.4byte	0x74b
 1165 0824 30       		.byte	0x30
 1166 0825 08       		.uleb128 0x8
 1167 0826 73323900 		.ascii	"s29\000"
 1168 082a 09       		.byte	0x9
 1169 082b 0301     		.2byte	0x103
 1170 082d 4B070000 		.4byte	0x74b
 1171 0831 34       		.byte	0x34
 1172 0832 08       		.uleb128 0x8
 1173 0833 73333000 		.ascii	"s30\000"
 1174 0837 09       		.byte	0x9
 1175 0838 0401     		.2byte	0x104
 1176 083a 4B070000 		.4byte	0x74b
 1177 083e 38       		.byte	0x38
 1178 083f 08       		.uleb128 0x8
 1179 0840 73333100 		.ascii	"s31\000"
 1180 0844 09       		.byte	0x9
 1181 0845 0501     		.2byte	0x105
 1182 0847 4B070000 		.4byte	0x74b
 1183 084b 3C       		.byte	0x3c
 1184 084c 08       		.uleb128 0x8
 1185 084d 723400   		.ascii	"r4\000"
 1186 0850 09       		.byte	0x9
 1187 0851 0701     		.2byte	0x107
 1188 0853 4B070000 		.4byte	0x74b
 1189 0857 40       		.byte	0x40
 1190 0858 08       		.uleb128 0x8
 1191 0859 723500   		.ascii	"r5\000"
 1192 085c 09       		.byte	0x9
 1193 085d 0801     		.2byte	0x108
 1194 085f 4B070000 		.4byte	0x74b
 1195 0863 44       		.byte	0x44
 1196 0864 08       		.uleb128 0x8
 1197 0865 723600   		.ascii	"r6\000"
ARM GAS  /var/folders/sv/kgmgr77579zbf78p2zlhkdfr0000gn/T//ccslk6IR.s 			page 22


 1198 0868 09       		.byte	0x9
 1199 0869 0901     		.2byte	0x109
 1200 086b 4B070000 		.4byte	0x74b
 1201 086f 48       		.byte	0x48
 1202 0870 08       		.uleb128 0x8
 1203 0871 723700   		.ascii	"r7\000"
 1204 0874 09       		.byte	0x9
 1205 0875 0A01     		.2byte	0x10a
 1206 0877 4B070000 		.4byte	0x74b
 1207 087b 4C       		.byte	0x4c
 1208 087c 08       		.uleb128 0x8
 1209 087d 723800   		.ascii	"r8\000"
 1210 0880 09       		.byte	0x9
 1211 0881 0B01     		.2byte	0x10b
 1212 0883 4B070000 		.4byte	0x74b
 1213 0887 50       		.byte	0x50
 1214 0888 08       		.uleb128 0x8
 1215 0889 723900   		.ascii	"r9\000"
 1216 088c 09       		.byte	0x9
 1217 088d 0C01     		.2byte	0x10c
 1218 088f 4B070000 		.4byte	0x74b
 1219 0893 54       		.byte	0x54
 1220 0894 08       		.uleb128 0x8
 1221 0895 72313000 		.ascii	"r10\000"
 1222 0899 09       		.byte	0x9
 1223 089a 0D01     		.2byte	0x10d
 1224 089c 4B070000 		.4byte	0x74b
 1225 08a0 58       		.byte	0x58
 1226 08a1 08       		.uleb128 0x8
 1227 08a2 72313100 		.ascii	"r11\000"
 1228 08a6 09       		.byte	0x9
 1229 08a7 0E01     		.2byte	0x10e
 1230 08a9 4B070000 		.4byte	0x74b
 1231 08ad 5C       		.byte	0x5c
 1232 08ae 08       		.uleb128 0x8
 1233 08af 6C7200   		.ascii	"lr\000"
 1234 08b2 09       		.byte	0x9
 1235 08b3 0F01     		.2byte	0x10f
 1236 08b5 4B070000 		.4byte	0x74b
 1237 08b9 60       		.byte	0x60
 1238 08ba 00       		.byte	0
 1239 08bb 0A       		.uleb128 0xa
 1240 08bc 04       		.byte	0x4
 1241 08bd 7A070000 		.4byte	0x77a
 1242 08c1 1A       		.uleb128 0x1a
 1243 08c2 04       		.byte	0x4
 1244 08c3 0A       		.byte	0xa
 1245 08c4 38       		.byte	0x38
 1246 08c5 D6080000 		.4byte	0x8d6
 1247 08c9 07       		.uleb128 0x7
 1248 08ca 03050000 		.4byte	.LASF114
 1249 08ce 0A       		.byte	0xa
 1250 08cf 3C       		.byte	0x3c
 1251 08d0 D2000000 		.4byte	0xd2
 1252 08d4 00       		.byte	0
 1253 08d5 00       		.byte	0
 1254 08d6 04       		.uleb128 0x4
ARM GAS  /var/folders/sv/kgmgr77579zbf78p2zlhkdfr0000gn/T//ccslk6IR.s 			page 23


 1255 08d7 01030000 		.4byte	.LASF115
 1256 08db 0A       		.byte	0xa
 1257 08dc 3D       		.byte	0x3d
 1258 08dd C1080000 		.4byte	0x8c1
 1259 08e1 1B       		.uleb128 0x1b
 1260 08e2 04       		.byte	0x4
 1261 08e3 06       		.byte	0x6
 1262 08e4 FA       		.byte	0xfa
 1263 08e5 3E090000 		.4byte	0x93e
 1264 08e9 1C       		.uleb128 0x1c
 1265 08ea 19000000 		.4byte	.LASF116
 1266 08ee 06       		.byte	0x6
 1267 08ef 0101     		.2byte	0x101
 1268 08f1 14010000 		.4byte	0x114
 1269 08f5 1C       		.uleb128 0x1c
 1270 08f6 40010000 		.4byte	.LASF117
 1271 08fa 06       		.byte	0x6
 1272 08fb 0801     		.2byte	0x108
 1273 08fd 14010000 		.4byte	0x114
 1274 0901 1C       		.uleb128 0x1c
 1275 0902 F8000000 		.4byte	.LASF118
 1276 0906 06       		.byte	0x6
 1277 0907 0F01     		.2byte	0x10f
 1278 0909 38030000 		.4byte	0x338
 1279 090d 1C       		.uleb128 0x1c
 1280 090e 09010000 		.4byte	.LASF119
 1281 0912 06       		.byte	0x6
 1282 0913 1601     		.2byte	0x116
 1283 0915 3E090000 		.4byte	0x93e
 1284 0919 1C       		.uleb128 0x1c
 1285 091a B4010000 		.4byte	.LASF120
 1286 091e 06       		.byte	0x6
 1287 091f 1E01     		.2byte	0x11e
 1288 0921 69090000 		.4byte	0x969
 1289 0925 1C       		.uleb128 0x1c
 1290 0926 75040000 		.4byte	.LASF121
 1291 092a 06       		.byte	0x6
 1292 092b 2701     		.2byte	0x127
 1293 092d A0090000 		.4byte	0x9a0
 1294 0931 1C       		.uleb128 0x1c
 1295 0932 18040000 		.4byte	.LASF122
 1296 0936 06       		.byte	0x6
 1297 0937 2F01     		.2byte	0x12f
 1298 0939 1F010000 		.4byte	0x11f
 1299 093d 00       		.byte	0
 1300 093e 0A       		.uleb128 0xa
 1301 093f 04       		.byte	0x4
 1302 0940 50020000 		.4byte	0x250
 1303 0944 06       		.uleb128 0x6
 1304 0945 40040000 		.4byte	.LASF123
 1305 0949 0C       		.byte	0xc
 1306 094a 0B       		.byte	0xb
 1307 094b 34       		.byte	0x34
 1308 094c 69090000 		.4byte	0x969
 1309 0950 07       		.uleb128 0x7
 1310 0951 33010000 		.4byte	.LASF124
 1311 0955 0B       		.byte	0xb
ARM GAS  /var/folders/sv/kgmgr77579zbf78p2zlhkdfr0000gn/T//ccslk6IR.s 			page 24


 1312 0956 35       		.byte	0x35
 1313 0957 85020000 		.4byte	0x285
 1314 095b 00       		.byte	0
 1315 095c 07       		.uleb128 0x7
 1316 095d 07020000 		.4byte	.LASF125
 1317 0961 0B       		.byte	0xb
 1318 0962 37       		.byte	0x37
 1319 0963 2A010000 		.4byte	0x12a
 1320 0967 08       		.byte	0x8
 1321 0968 00       		.byte	0
 1322 0969 0A       		.uleb128 0xa
 1323 096a 04       		.byte	0x4
 1324 096b 44090000 		.4byte	0x944
 1325 096f 06       		.uleb128 0x6
 1326 0970 8F060000 		.4byte	.LASF126
 1327 0974 10       		.byte	0x10
 1328 0975 0C       		.byte	0xc
 1329 0976 39       		.byte	0x39
 1330 0977 A0090000 		.4byte	0x9a0
 1331 097b 07       		.uleb128 0x7
 1332 097c DF000000 		.4byte	.LASF127
 1333 0980 0C       		.byte	0xc
 1334 0981 3A       		.byte	0x3a
 1335 0982 85020000 		.4byte	0x285
 1336 0986 00       		.byte	0
 1337 0987 07       		.uleb128 0x7
 1338 0988 C7060000 		.4byte	.LASF128
 1339 098c 0C       		.byte	0xc
 1340 098d 3C       		.byte	0x3c
 1341 098e 5B020000 		.4byte	0x25b
 1342 0992 08       		.byte	0x8
 1343 0993 07       		.uleb128 0x7
 1344 0994 C9040000 		.4byte	.LASF129
 1345 0998 0C       		.byte	0xc
 1346 0999 3E       		.byte	0x3e
 1347 099a E3090000 		.4byte	0x9e3
 1348 099e 0C       		.byte	0xc
 1349 099f 00       		.byte	0
 1350 09a0 0A       		.uleb128 0xa
 1351 09a1 04       		.byte	0x4
 1352 09a2 6F090000 		.4byte	0x96f
 1353 09a6 0A       		.uleb128 0xa
 1354 09a7 04       		.byte	0x4
 1355 09a8 B3090000 		.4byte	0x9b3
 1356 09ac 03       		.uleb128 0x3
 1357 09ad 01       		.byte	0x1
 1358 09ae 08       		.byte	0x8
 1359 09af BB040000 		.4byte	.LASF130
 1360 09b3 18       		.uleb128 0x18
 1361 09b4 AC090000 		.4byte	0x9ac
 1362 09b8 05       		.uleb128 0x5
 1363 09b9 35010000 		.4byte	0x135
 1364 09bd 0A       		.uleb128 0xa
 1365 09be 04       		.byte	0x4
 1366 09bf 3A030000 		.4byte	0x33a
 1367 09c3 05       		.uleb128 0x5
 1368 09c4 A6090000 		.4byte	0x9a6
ARM GAS  /var/folders/sv/kgmgr77579zbf78p2zlhkdfr0000gn/T//ccslk6IR.s 			page 25


 1369 09c8 13       		.uleb128 0x13
 1370 09c9 56070000 		.4byte	0x756
 1371 09cd D8090000 		.4byte	0x9d8
 1372 09d1 14       		.uleb128 0x14
 1373 09d2 3A050000 		.4byte	0x53a
 1374 09d6 3A       		.byte	0x3a
 1375 09d7 00       		.byte	0
 1376 09d8 04       		.uleb128 0x4
 1377 09d9 70010000 		.4byte	.LASF131
 1378 09dd 0C       		.byte	0xc
 1379 09de 34       		.byte	0x34
 1380 09df 6F090000 		.4byte	0x96f
 1381 09e3 0A       		.uleb128 0xa
 1382 09e4 04       		.byte	0x4
 1383 09e5 D8090000 		.4byte	0x9d8
 1384 09e9 03       		.uleb128 0x3
 1385 09ea 04       		.byte	0x4
 1386 09eb 04       		.byte	0x4
 1387 09ec 35030000 		.4byte	.LASF132
 1388 09f0 03       		.uleb128 0x3
 1389 09f1 01       		.byte	0x1
 1390 09f2 02       		.byte	0x2
 1391 09f3 90030000 		.4byte	.LASF133
 1392 09f7 1D       		.uleb128 0x1d
 1393 09f8 A7000000 		.4byte	.LASF135
 1394 09fc 01       		.byte	0x1
 1395 09fd 39       		.byte	0x39
 1396 09fe 00000000 		.4byte	.LFB256
 1397 0a02 34000000 		.4byte	.LFE256-.LFB256
 1398 0a06 01       		.uleb128 0x1
 1399 0a07 9C       		.byte	0x9c
 1400 0a08 290A0000 		.4byte	0xa29
 1401 0a0c 1E       		.uleb128 0x1e
 1402 0a0d 6E00     		.ascii	"n\000"
 1403 0a0f 01       		.byte	0x1
 1404 0a10 39       		.byte	0x39
 1405 0a11 AD000000 		.4byte	0xad
 1406 0a15 00000000 		.4byte	.LLST0
 1407 0a19 1F       		.uleb128 0x1f
 1408 0a1a 17030000 		.4byte	.LASF134
 1409 0a1e 01       		.byte	0x1
 1410 0a1f 39       		.byte	0x39
 1411 0a20 AD000000 		.4byte	0xad
 1412 0a24 32000000 		.4byte	.LLST1
 1413 0a28 00       		.byte	0
 1414 0a29 1D       		.uleb128 0x1d
 1415 0a2a A2010000 		.4byte	.LASF136
 1416 0a2e 01       		.byte	0x1
 1417 0a2f 45       		.byte	0x45
 1418 0a30 00000000 		.4byte	.LFB257
 1419 0a34 28000000 		.4byte	.LFE257-.LFB257
 1420 0a38 01       		.uleb128 0x1
 1421 0a39 9C       		.byte	0x9c
 1422 0a3a 4C0A0000 		.4byte	0xa4c
 1423 0a3e 1E       		.uleb128 0x1e
 1424 0a3f 6E00     		.ascii	"n\000"
 1425 0a41 01       		.byte	0x1
ARM GAS  /var/folders/sv/kgmgr77579zbf78p2zlhkdfr0000gn/T//ccslk6IR.s 			page 26


 1426 0a42 45       		.byte	0x45
 1427 0a43 AD000000 		.4byte	0xad
 1428 0a47 53000000 		.4byte	.LLST2
 1429 0a4b 00       		.byte	0
 1430 0a4c 1D       		.uleb128 0x1d
 1431 0a4d F4030000 		.4byte	.LASF137
 1432 0a51 01       		.byte	0x1
 1433 0a52 51       		.byte	0x51
 1434 0a53 00000000 		.4byte	.LFB258
 1435 0a57 10000000 		.4byte	.LFE258-.LFB258
 1436 0a5b 01       		.uleb128 0x1
 1437 0a5c 9C       		.byte	0x9c
 1438 0a5d 890A0000 		.4byte	0xa89
 1439 0a61 1F       		.uleb128 0x1f
 1440 0a62 77020000 		.4byte	.LASF138
 1441 0a66 01       		.byte	0x1
 1442 0a67 51       		.byte	0x51
 1443 0a68 AD000000 		.4byte	0xad
 1444 0a6c 77000000 		.4byte	.LLST3
 1445 0a70 1F       		.uleb128 0x1f
 1446 0a71 17030000 		.4byte	.LASF134
 1447 0a75 01       		.byte	0x1
 1448 0a76 51       		.byte	0x51
 1449 0a77 AD000000 		.4byte	0xad
 1450 0a7b AC000000 		.4byte	.LLST4
 1451 0a7f 20       		.uleb128 0x20
 1452 0a80 26040000 		.4byte	.LASF144
 1453 0a84 990A0000 		.4byte	0xa99
 1454 0a88 00       		.byte	0
 1455 0a89 13       		.uleb128 0x13
 1456 0a8a B3090000 		.4byte	0x9b3
 1457 0a8e 990A0000 		.4byte	0xa99
 1458 0a92 14       		.uleb128 0x14
 1459 0a93 3A050000 		.4byte	0x53a
 1460 0a97 1C       		.byte	0x1c
 1461 0a98 00       		.byte	0
 1462 0a99 18       		.uleb128 0x18
 1463 0a9a 890A0000 		.4byte	0xa89
 1464 0a9e 1D       		.uleb128 0x1d
 1465 0a9f E7000000 		.4byte	.LASF139
 1466 0aa3 01       		.byte	0x1
 1467 0aa4 5D       		.byte	0x5d
 1468 0aa5 00000000 		.4byte	.LFB259
 1469 0aa9 1C000000 		.4byte	.LFE259-.LFB259
 1470 0aad 01       		.uleb128 0x1
 1471 0aae 9C       		.byte	0x9c
 1472 0aaf C10A0000 		.4byte	0xac1
 1473 0ab3 1E       		.uleb128 0x1e
 1474 0ab4 6E00     		.ascii	"n\000"
 1475 0ab6 01       		.byte	0x1
 1476 0ab7 5D       		.byte	0x5d
 1477 0ab8 AD000000 		.4byte	0xad
 1478 0abc CD000000 		.4byte	.LLST5
 1479 0ac0 00       		.byte	0
 1480 0ac1 21       		.uleb128 0x21
 1481 0ac2 B2030000 		.4byte	.LASF140
 1482 0ac6 07       		.byte	0x7
ARM GAS  /var/folders/sv/kgmgr77579zbf78p2zlhkdfr0000gn/T//ccslk6IR.s 			page 27


 1483 0ac7 A706     		.2byte	0x6a7
 1484 0ac9 C8000000 		.4byte	0xc8
 1485 0acd 22       		.uleb128 0x22
 1486 0ace 636800   		.ascii	"ch\000"
 1487 0ad1 06       		.byte	0x6
 1488 0ad2 0902     		.2byte	0x209
 1489 0ad4 07040000 		.4byte	0x407
 1490 0ad8 00       		.byte	0
 1491              		.section	.debug_abbrev,"",%progbits
 1492              	.Ldebug_abbrev0:
 1493 0000 01       		.uleb128 0x1
 1494 0001 11       		.uleb128 0x11
 1495 0002 01       		.byte	0x1
 1496 0003 25       		.uleb128 0x25
 1497 0004 0E       		.uleb128 0xe
 1498 0005 13       		.uleb128 0x13
 1499 0006 0B       		.uleb128 0xb
 1500 0007 03       		.uleb128 0x3
 1501 0008 0E       		.uleb128 0xe
 1502 0009 1B       		.uleb128 0x1b
 1503 000a 0E       		.uleb128 0xe
 1504 000b 55       		.uleb128 0x55
 1505 000c 17       		.uleb128 0x17
 1506 000d 11       		.uleb128 0x11
 1507 000e 01       		.uleb128 0x1
 1508 000f 10       		.uleb128 0x10
 1509 0010 17       		.uleb128 0x17
 1510 0011 00       		.byte	0
 1511 0012 00       		.byte	0
 1512 0013 02       		.uleb128 0x2
 1513 0014 24       		.uleb128 0x24
 1514 0015 00       		.byte	0
 1515 0016 0B       		.uleb128 0xb
 1516 0017 0B       		.uleb128 0xb
 1517 0018 3E       		.uleb128 0x3e
 1518 0019 0B       		.uleb128 0xb
 1519 001a 03       		.uleb128 0x3
 1520 001b 08       		.uleb128 0x8
 1521 001c 00       		.byte	0
 1522 001d 00       		.byte	0
 1523 001e 03       		.uleb128 0x3
 1524 001f 24       		.uleb128 0x24
 1525 0020 00       		.byte	0
 1526 0021 0B       		.uleb128 0xb
 1527 0022 0B       		.uleb128 0xb
 1528 0023 3E       		.uleb128 0x3e
 1529 0024 0B       		.uleb128 0xb
 1530 0025 03       		.uleb128 0x3
 1531 0026 0E       		.uleb128 0xe
 1532 0027 00       		.byte	0
 1533 0028 00       		.byte	0
 1534 0029 04       		.uleb128 0x4
 1535 002a 16       		.uleb128 0x16
 1536 002b 00       		.byte	0
 1537 002c 03       		.uleb128 0x3
 1538 002d 0E       		.uleb128 0xe
 1539 002e 3A       		.uleb128 0x3a
ARM GAS  /var/folders/sv/kgmgr77579zbf78p2zlhkdfr0000gn/T//ccslk6IR.s 			page 28


 1540 002f 0B       		.uleb128 0xb
 1541 0030 3B       		.uleb128 0x3b
 1542 0031 0B       		.uleb128 0xb
 1543 0032 49       		.uleb128 0x49
 1544 0033 13       		.uleb128 0x13
 1545 0034 00       		.byte	0
 1546 0035 00       		.byte	0
 1547 0036 05       		.uleb128 0x5
 1548 0037 35       		.uleb128 0x35
 1549 0038 00       		.byte	0
 1550 0039 49       		.uleb128 0x49
 1551 003a 13       		.uleb128 0x13
 1552 003b 00       		.byte	0
 1553 003c 00       		.byte	0
 1554 003d 06       		.uleb128 0x6
 1555 003e 13       		.uleb128 0x13
 1556 003f 01       		.byte	0x1
 1557 0040 03       		.uleb128 0x3
 1558 0041 0E       		.uleb128 0xe
 1559 0042 0B       		.uleb128 0xb
 1560 0043 0B       		.uleb128 0xb
 1561 0044 3A       		.uleb128 0x3a
 1562 0045 0B       		.uleb128 0xb
 1563 0046 3B       		.uleb128 0x3b
 1564 0047 0B       		.uleb128 0xb
 1565 0048 01       		.uleb128 0x1
 1566 0049 13       		.uleb128 0x13
 1567 004a 00       		.byte	0
 1568 004b 00       		.byte	0
 1569 004c 07       		.uleb128 0x7
 1570 004d 0D       		.uleb128 0xd
 1571 004e 00       		.byte	0
 1572 004f 03       		.uleb128 0x3
 1573 0050 0E       		.uleb128 0xe
 1574 0051 3A       		.uleb128 0x3a
 1575 0052 0B       		.uleb128 0xb
 1576 0053 3B       		.uleb128 0x3b
 1577 0054 0B       		.uleb128 0xb
 1578 0055 49       		.uleb128 0x49
 1579 0056 13       		.uleb128 0x13
 1580 0057 38       		.uleb128 0x38
 1581 0058 0B       		.uleb128 0xb
 1582 0059 00       		.byte	0
 1583 005a 00       		.byte	0
 1584 005b 08       		.uleb128 0x8
 1585 005c 0D       		.uleb128 0xd
 1586 005d 00       		.byte	0
 1587 005e 03       		.uleb128 0x3
 1588 005f 08       		.uleb128 0x8
 1589 0060 3A       		.uleb128 0x3a
 1590 0061 0B       		.uleb128 0xb
 1591 0062 3B       		.uleb128 0x3b
 1592 0063 05       		.uleb128 0x5
 1593 0064 49       		.uleb128 0x49
 1594 0065 13       		.uleb128 0x13
 1595 0066 38       		.uleb128 0x38
 1596 0067 0B       		.uleb128 0xb
ARM GAS  /var/folders/sv/kgmgr77579zbf78p2zlhkdfr0000gn/T//ccslk6IR.s 			page 29


 1597 0068 00       		.byte	0
 1598 0069 00       		.byte	0
 1599 006a 09       		.uleb128 0x9
 1600 006b 0D       		.uleb128 0xd
 1601 006c 00       		.byte	0
 1602 006d 03       		.uleb128 0x3
 1603 006e 0E       		.uleb128 0xe
 1604 006f 3A       		.uleb128 0x3a
 1605 0070 0B       		.uleb128 0xb
 1606 0071 3B       		.uleb128 0x3b
 1607 0072 05       		.uleb128 0x5
 1608 0073 49       		.uleb128 0x49
 1609 0074 13       		.uleb128 0x13
 1610 0075 38       		.uleb128 0x38
 1611 0076 0B       		.uleb128 0xb
 1612 0077 00       		.byte	0
 1613 0078 00       		.byte	0
 1614 0079 0A       		.uleb128 0xa
 1615 007a 0F       		.uleb128 0xf
 1616 007b 00       		.byte	0
 1617 007c 0B       		.uleb128 0xb
 1618 007d 0B       		.uleb128 0xb
 1619 007e 49       		.uleb128 0x49
 1620 007f 13       		.uleb128 0x13
 1621 0080 00       		.byte	0
 1622 0081 00       		.byte	0
 1623 0082 0B       		.uleb128 0xb
 1624 0083 13       		.uleb128 0x13
 1625 0084 01       		.byte	0x1
 1626 0085 03       		.uleb128 0x3
 1627 0086 0E       		.uleb128 0xe
 1628 0087 0B       		.uleb128 0xb
 1629 0088 0B       		.uleb128 0xb
 1630 0089 3A       		.uleb128 0x3a
 1631 008a 0B       		.uleb128 0xb
 1632 008b 3B       		.uleb128 0x3b
 1633 008c 05       		.uleb128 0x5
 1634 008d 01       		.uleb128 0x1
 1635 008e 13       		.uleb128 0x13
 1636 008f 00       		.byte	0
 1637 0090 00       		.byte	0
 1638 0091 0C       		.uleb128 0xc
 1639 0092 15       		.uleb128 0x15
 1640 0093 01       		.byte	0x1
 1641 0094 27       		.uleb128 0x27
 1642 0095 19       		.uleb128 0x19
 1643 0096 01       		.uleb128 0x1
 1644 0097 13       		.uleb128 0x13
 1645 0098 00       		.byte	0
 1646 0099 00       		.byte	0
 1647 009a 0D       		.uleb128 0xd
 1648 009b 05       		.uleb128 0x5
 1649 009c 00       		.byte	0
 1650 009d 49       		.uleb128 0x49
 1651 009e 13       		.uleb128 0x13
 1652 009f 00       		.byte	0
 1653 00a0 00       		.byte	0
ARM GAS  /var/folders/sv/kgmgr77579zbf78p2zlhkdfr0000gn/T//ccslk6IR.s 			page 30


 1654 00a1 0E       		.uleb128 0xe
 1655 00a2 0F       		.uleb128 0xf
 1656 00a3 00       		.byte	0
 1657 00a4 0B       		.uleb128 0xb
 1658 00a5 0B       		.uleb128 0xb
 1659 00a6 00       		.byte	0
 1660 00a7 00       		.byte	0
 1661 00a8 0F       		.uleb128 0xf
 1662 00a9 13       		.uleb128 0x13
 1663 00aa 01       		.byte	0x1
 1664 00ab 03       		.uleb128 0x3
 1665 00ac 0E       		.uleb128 0xe
 1666 00ad 0B       		.uleb128 0xb
 1667 00ae 05       		.uleb128 0x5
 1668 00af 3A       		.uleb128 0x3a
 1669 00b0 0B       		.uleb128 0xb
 1670 00b1 3B       		.uleb128 0x3b
 1671 00b2 05       		.uleb128 0x5
 1672 00b3 01       		.uleb128 0x1
 1673 00b4 13       		.uleb128 0x13
 1674 00b5 00       		.byte	0
 1675 00b6 00       		.byte	0
 1676 00b7 10       		.uleb128 0x10
 1677 00b8 13       		.uleb128 0x13
 1678 00b9 01       		.byte	0x1
 1679 00ba 0B       		.uleb128 0xb
 1680 00bb 05       		.uleb128 0x5
 1681 00bc 3A       		.uleb128 0x3a
 1682 00bd 0B       		.uleb128 0xb
 1683 00be 3B       		.uleb128 0x3b
 1684 00bf 05       		.uleb128 0x5
 1685 00c0 01       		.uleb128 0x1
 1686 00c1 13       		.uleb128 0x13
 1687 00c2 00       		.byte	0
 1688 00c3 00       		.byte	0
 1689 00c4 11       		.uleb128 0x11
 1690 00c5 0D       		.uleb128 0xd
 1691 00c6 00       		.byte	0
 1692 00c7 03       		.uleb128 0x3
 1693 00c8 0E       		.uleb128 0xe
 1694 00c9 3A       		.uleb128 0x3a
 1695 00ca 0B       		.uleb128 0xb
 1696 00cb 3B       		.uleb128 0x3b
 1697 00cc 05       		.uleb128 0x5
 1698 00cd 49       		.uleb128 0x49
 1699 00ce 13       		.uleb128 0x13
 1700 00cf 38       		.uleb128 0x38
 1701 00d0 05       		.uleb128 0x5
 1702 00d1 00       		.byte	0
 1703 00d2 00       		.byte	0
 1704 00d3 12       		.uleb128 0x12
 1705 00d4 0D       		.uleb128 0xd
 1706 00d5 00       		.byte	0
 1707 00d6 03       		.uleb128 0x3
 1708 00d7 08       		.uleb128 0x8
 1709 00d8 3A       		.uleb128 0x3a
 1710 00d9 0B       		.uleb128 0xb
ARM GAS  /var/folders/sv/kgmgr77579zbf78p2zlhkdfr0000gn/T//ccslk6IR.s 			page 31


 1711 00da 3B       		.uleb128 0x3b
 1712 00db 05       		.uleb128 0x5
 1713 00dc 49       		.uleb128 0x49
 1714 00dd 13       		.uleb128 0x13
 1715 00de 38       		.uleb128 0x38
 1716 00df 05       		.uleb128 0x5
 1717 00e0 00       		.byte	0
 1718 00e1 00       		.byte	0
 1719 00e2 13       		.uleb128 0x13
 1720 00e3 01       		.uleb128 0x1
 1721 00e4 01       		.byte	0x1
 1722 00e5 49       		.uleb128 0x49
 1723 00e6 13       		.uleb128 0x13
 1724 00e7 01       		.uleb128 0x1
 1725 00e8 13       		.uleb128 0x13
 1726 00e9 00       		.byte	0
 1727 00ea 00       		.byte	0
 1728 00eb 14       		.uleb128 0x14
 1729 00ec 21       		.uleb128 0x21
 1730 00ed 00       		.byte	0
 1731 00ee 49       		.uleb128 0x49
 1732 00ef 13       		.uleb128 0x13
 1733 00f0 2F       		.uleb128 0x2f
 1734 00f1 0B       		.uleb128 0xb
 1735 00f2 00       		.byte	0
 1736 00f3 00       		.byte	0
 1737 00f4 15       		.uleb128 0x15
 1738 00f5 21       		.uleb128 0x21
 1739 00f6 00       		.byte	0
 1740 00f7 49       		.uleb128 0x49
 1741 00f8 13       		.uleb128 0x13
 1742 00f9 2F       		.uleb128 0x2f
 1743 00fa 05       		.uleb128 0x5
 1744 00fb 00       		.byte	0
 1745 00fc 00       		.byte	0
 1746 00fd 16       		.uleb128 0x16
 1747 00fe 16       		.uleb128 0x16
 1748 00ff 00       		.byte	0
 1749 0100 03       		.uleb128 0x3
 1750 0101 0E       		.uleb128 0xe
 1751 0102 3A       		.uleb128 0x3a
 1752 0103 0B       		.uleb128 0xb
 1753 0104 3B       		.uleb128 0x3b
 1754 0105 05       		.uleb128 0x5
 1755 0106 49       		.uleb128 0x49
 1756 0107 13       		.uleb128 0x13
 1757 0108 00       		.byte	0
 1758 0109 00       		.byte	0
 1759 010a 17       		.uleb128 0x17
 1760 010b 13       		.uleb128 0x13
 1761 010c 01       		.byte	0x1
 1762 010d 0B       		.uleb128 0xb
 1763 010e 0B       		.uleb128 0xb
 1764 010f 3A       		.uleb128 0x3a
 1765 0110 0B       		.uleb128 0xb
 1766 0111 3B       		.uleb128 0x3b
 1767 0112 05       		.uleb128 0x5
ARM GAS  /var/folders/sv/kgmgr77579zbf78p2zlhkdfr0000gn/T//ccslk6IR.s 			page 32


 1768 0113 01       		.uleb128 0x1
 1769 0114 13       		.uleb128 0x13
 1770 0115 00       		.byte	0
 1771 0116 00       		.byte	0
 1772 0117 18       		.uleb128 0x18
 1773 0118 26       		.uleb128 0x26
 1774 0119 00       		.byte	0
 1775 011a 49       		.uleb128 0x49
 1776 011b 13       		.uleb128 0x13
 1777 011c 00       		.byte	0
 1778 011d 00       		.byte	0
 1779 011e 19       		.uleb128 0x19
 1780 011f 0D       		.uleb128 0xd
 1781 0120 00       		.byte	0
 1782 0121 03       		.uleb128 0x3
 1783 0122 08       		.uleb128 0x8
 1784 0123 3A       		.uleb128 0x3a
 1785 0124 0B       		.uleb128 0xb
 1786 0125 3B       		.uleb128 0x3b
 1787 0126 0B       		.uleb128 0xb
 1788 0127 49       		.uleb128 0x49
 1789 0128 13       		.uleb128 0x13
 1790 0129 38       		.uleb128 0x38
 1791 012a 0B       		.uleb128 0xb
 1792 012b 00       		.byte	0
 1793 012c 00       		.byte	0
 1794 012d 1A       		.uleb128 0x1a
 1795 012e 13       		.uleb128 0x13
 1796 012f 01       		.byte	0x1
 1797 0130 0B       		.uleb128 0xb
 1798 0131 0B       		.uleb128 0xb
 1799 0132 3A       		.uleb128 0x3a
 1800 0133 0B       		.uleb128 0xb
 1801 0134 3B       		.uleb128 0x3b
 1802 0135 0B       		.uleb128 0xb
 1803 0136 01       		.uleb128 0x1
 1804 0137 13       		.uleb128 0x13
 1805 0138 00       		.byte	0
 1806 0139 00       		.byte	0
 1807 013a 1B       		.uleb128 0x1b
 1808 013b 17       		.uleb128 0x17
 1809 013c 01       		.byte	0x1
 1810 013d 0B       		.uleb128 0xb
 1811 013e 0B       		.uleb128 0xb
 1812 013f 3A       		.uleb128 0x3a
 1813 0140 0B       		.uleb128 0xb
 1814 0141 3B       		.uleb128 0x3b
 1815 0142 0B       		.uleb128 0xb
 1816 0143 01       		.uleb128 0x1
 1817 0144 13       		.uleb128 0x13
 1818 0145 00       		.byte	0
 1819 0146 00       		.byte	0
 1820 0147 1C       		.uleb128 0x1c
 1821 0148 0D       		.uleb128 0xd
 1822 0149 00       		.byte	0
 1823 014a 03       		.uleb128 0x3
 1824 014b 0E       		.uleb128 0xe
ARM GAS  /var/folders/sv/kgmgr77579zbf78p2zlhkdfr0000gn/T//ccslk6IR.s 			page 33


 1825 014c 3A       		.uleb128 0x3a
 1826 014d 0B       		.uleb128 0xb
 1827 014e 3B       		.uleb128 0x3b
 1828 014f 05       		.uleb128 0x5
 1829 0150 49       		.uleb128 0x49
 1830 0151 13       		.uleb128 0x13
 1831 0152 00       		.byte	0
 1832 0153 00       		.byte	0
 1833 0154 1D       		.uleb128 0x1d
 1834 0155 2E       		.uleb128 0x2e
 1835 0156 01       		.byte	0x1
 1836 0157 3F       		.uleb128 0x3f
 1837 0158 19       		.uleb128 0x19
 1838 0159 03       		.uleb128 0x3
 1839 015a 0E       		.uleb128 0xe
 1840 015b 3A       		.uleb128 0x3a
 1841 015c 0B       		.uleb128 0xb
 1842 015d 3B       		.uleb128 0x3b
 1843 015e 0B       		.uleb128 0xb
 1844 015f 27       		.uleb128 0x27
 1845 0160 19       		.uleb128 0x19
 1846 0161 11       		.uleb128 0x11
 1847 0162 01       		.uleb128 0x1
 1848 0163 12       		.uleb128 0x12
 1849 0164 06       		.uleb128 0x6
 1850 0165 40       		.uleb128 0x40
 1851 0166 18       		.uleb128 0x18
 1852 0167 9742     		.uleb128 0x2117
 1853 0169 19       		.uleb128 0x19
 1854 016a 01       		.uleb128 0x1
 1855 016b 13       		.uleb128 0x13
 1856 016c 00       		.byte	0
 1857 016d 00       		.byte	0
 1858 016e 1E       		.uleb128 0x1e
 1859 016f 05       		.uleb128 0x5
 1860 0170 00       		.byte	0
 1861 0171 03       		.uleb128 0x3
 1862 0172 08       		.uleb128 0x8
 1863 0173 3A       		.uleb128 0x3a
 1864 0174 0B       		.uleb128 0xb
 1865 0175 3B       		.uleb128 0x3b
 1866 0176 0B       		.uleb128 0xb
 1867 0177 49       		.uleb128 0x49
 1868 0178 13       		.uleb128 0x13
 1869 0179 02       		.uleb128 0x2
 1870 017a 17       		.uleb128 0x17
 1871 017b 00       		.byte	0
 1872 017c 00       		.byte	0
 1873 017d 1F       		.uleb128 0x1f
 1874 017e 05       		.uleb128 0x5
 1875 017f 00       		.byte	0
 1876 0180 03       		.uleb128 0x3
 1877 0181 0E       		.uleb128 0xe
 1878 0182 3A       		.uleb128 0x3a
 1879 0183 0B       		.uleb128 0xb
 1880 0184 3B       		.uleb128 0x3b
 1881 0185 0B       		.uleb128 0xb
ARM GAS  /var/folders/sv/kgmgr77579zbf78p2zlhkdfr0000gn/T//ccslk6IR.s 			page 34


 1882 0186 49       		.uleb128 0x49
 1883 0187 13       		.uleb128 0x13
 1884 0188 02       		.uleb128 0x2
 1885 0189 17       		.uleb128 0x17
 1886 018a 00       		.byte	0
 1887 018b 00       		.byte	0
 1888 018c 20       		.uleb128 0x20
 1889 018d 34       		.uleb128 0x34
 1890 018e 00       		.byte	0
 1891 018f 03       		.uleb128 0x3
 1892 0190 0E       		.uleb128 0xe
 1893 0191 49       		.uleb128 0x49
 1894 0192 13       		.uleb128 0x13
 1895 0193 34       		.uleb128 0x34
 1896 0194 19       		.uleb128 0x19
 1897 0195 00       		.byte	0
 1898 0196 00       		.byte	0
 1899 0197 21       		.uleb128 0x21
 1900 0198 34       		.uleb128 0x34
 1901 0199 00       		.byte	0
 1902 019a 03       		.uleb128 0x3
 1903 019b 0E       		.uleb128 0xe
 1904 019c 3A       		.uleb128 0x3a
 1905 019d 0B       		.uleb128 0xb
 1906 019e 3B       		.uleb128 0x3b
 1907 019f 05       		.uleb128 0x5
 1908 01a0 49       		.uleb128 0x49
 1909 01a1 13       		.uleb128 0x13
 1910 01a2 3F       		.uleb128 0x3f
 1911 01a3 19       		.uleb128 0x19
 1912 01a4 3C       		.uleb128 0x3c
 1913 01a5 19       		.uleb128 0x19
 1914 01a6 00       		.byte	0
 1915 01a7 00       		.byte	0
 1916 01a8 22       		.uleb128 0x22
 1917 01a9 34       		.uleb128 0x34
 1918 01aa 00       		.byte	0
 1919 01ab 03       		.uleb128 0x3
 1920 01ac 08       		.uleb128 0x8
 1921 01ad 3A       		.uleb128 0x3a
 1922 01ae 0B       		.uleb128 0xb
 1923 01af 3B       		.uleb128 0x3b
 1924 01b0 05       		.uleb128 0x5
 1925 01b1 49       		.uleb128 0x49
 1926 01b2 13       		.uleb128 0x13
 1927 01b3 3F       		.uleb128 0x3f
 1928 01b4 19       		.uleb128 0x19
 1929 01b5 3C       		.uleb128 0x3c
 1930 01b6 19       		.uleb128 0x19
 1931 01b7 00       		.byte	0
 1932 01b8 00       		.byte	0
 1933 01b9 00       		.byte	0
 1934              		.section	.debug_loc,"",%progbits
 1935              	.Ldebug_loc0:
 1936              	.LLST0:
 1937 0000 00000000 		.4byte	.LVL0
 1938 0004 1C000000 		.4byte	.LVL2
ARM GAS  /var/folders/sv/kgmgr77579zbf78p2zlhkdfr0000gn/T//ccslk6IR.s 			page 35


 1939 0008 0100     		.2byte	0x1
 1940 000a 50       		.byte	0x50
 1941 000b 1C000000 		.4byte	.LVL2
 1942 000f 32000000 		.4byte	.LVL3
 1943 0013 0700     		.2byte	0x7
 1944 0015 74       		.byte	0x74
 1945 0016 80BEFCFF 		.sleb128 536813312
 1945      01
 1946 001b 9F       		.byte	0x9f
 1947 001c 32000000 		.4byte	.LVL3
 1948 0020 34000000 		.4byte	.LFE256
 1949 0024 0400     		.2byte	0x4
 1950 0026 F3       		.byte	0xf3
 1951 0027 01       		.uleb128 0x1
 1952 0028 50       		.byte	0x50
 1953 0029 9F       		.byte	0x9f
 1954 002a 00000000 		.4byte	0
 1955 002e 00000000 		.4byte	0
 1956              	.LLST1:
 1957 0032 00000000 		.4byte	.LVL0
 1958 0036 18000000 		.4byte	.LVL1
 1959 003a 0100     		.2byte	0x1
 1960 003c 51       		.byte	0x51
 1961 003d 18000000 		.4byte	.LVL1
 1962 0041 34000000 		.4byte	.LFE256
 1963 0045 0400     		.2byte	0x4
 1964 0047 F3       		.byte	0xf3
 1965 0048 01       		.uleb128 0x1
 1966 0049 51       		.byte	0x51
 1967 004a 9F       		.byte	0x9f
 1968 004b 00000000 		.4byte	0
 1969 004f 00000000 		.4byte	0
 1970              	.LLST2:
 1971 0053 00000000 		.4byte	.LVL4
 1972 0057 10000000 		.4byte	.LVL5
 1973 005b 0100     		.2byte	0x1
 1974 005d 50       		.byte	0x50
 1975 005e 10000000 		.4byte	.LVL5
 1976 0062 28000000 		.4byte	.LFE257
 1977 0066 0700     		.2byte	0x7
 1978 0068 70       		.byte	0x70
 1979 0069 80BEFCFF 		.sleb128 536813312
 1979      01
 1980 006e 9F       		.byte	0x9f
 1981 006f 00000000 		.4byte	0
 1982 0073 00000000 		.4byte	0
 1983              	.LLST3:
 1984 0077 00000000 		.4byte	.LVL6
 1985 007b 04000000 		.4byte	.LVL7
 1986 007f 0100     		.2byte	0x1
 1987 0081 50       		.byte	0x50
 1988 0082 04000000 		.4byte	.LVL7
 1989 0086 08000000 		.4byte	.LVL8
 1990 008a 0700     		.2byte	0x7
 1991 008c 70       		.byte	0x70
 1992 008d 80808080 		.sleb128 536870912
 1992      02
ARM GAS  /var/folders/sv/kgmgr77579zbf78p2zlhkdfr0000gn/T//ccslk6IR.s 			page 36


 1993 0092 9F       		.byte	0x9f
 1994 0093 08000000 		.4byte	.LVL8
 1995 0097 10000000 		.4byte	.LFE258
 1996 009b 0700     		.2byte	0x7
 1997 009d 70       		.byte	0x70
 1998 009e 80A6FCFF 		.sleb128 536810240
 1998      01
 1999 00a3 9F       		.byte	0x9f
 2000 00a4 00000000 		.4byte	0
 2001 00a8 00000000 		.4byte	0
 2002              	.LLST4:
 2003 00ac 00000000 		.4byte	.LVL6
 2004 00b0 0A000000 		.4byte	.LVL9
 2005 00b4 0100     		.2byte	0x1
 2006 00b6 51       		.byte	0x51
 2007 00b7 0A000000 		.4byte	.LVL9
 2008 00bb 10000000 		.4byte	.LFE258
 2009 00bf 0400     		.2byte	0x4
 2010 00c1 F3       		.byte	0xf3
 2011 00c2 01       		.uleb128 0x1
 2012 00c3 51       		.byte	0x51
 2013 00c4 9F       		.byte	0x9f
 2014 00c5 00000000 		.4byte	0
 2015 00c9 00000000 		.4byte	0
 2016              	.LLST5:
 2017 00cd 00000000 		.4byte	.LVL10
 2018 00d1 08000000 		.4byte	.LVL11
 2019 00d5 0100     		.2byte	0x1
 2020 00d7 50       		.byte	0x50
 2021 00d8 08000000 		.4byte	.LVL11
 2022 00dc 1C000000 		.4byte	.LFE259
 2023 00e0 0400     		.2byte	0x4
 2024 00e2 F3       		.byte	0xf3
 2025 00e3 01       		.uleb128 0x1
 2026 00e4 50       		.byte	0x50
 2027 00e5 9F       		.byte	0x9f
 2028 00e6 00000000 		.4byte	0
 2029 00ea 00000000 		.4byte	0
 2030              		.section	.debug_aranges,"",%progbits
 2031 0000 34000000 		.4byte	0x34
 2032 0004 0200     		.2byte	0x2
 2033 0006 00000000 		.4byte	.Ldebug_info0
 2034 000a 04       		.byte	0x4
 2035 000b 00       		.byte	0
 2036 000c 0000     		.2byte	0
 2037 000e 0000     		.2byte	0
 2038 0010 00000000 		.4byte	.LFB256
 2039 0014 34000000 		.4byte	.LFE256-.LFB256
 2040 0018 00000000 		.4byte	.LFB257
 2041 001c 28000000 		.4byte	.LFE257-.LFB257
 2042 0020 00000000 		.4byte	.LFB258
 2043 0024 10000000 		.4byte	.LFE258-.LFB258
 2044 0028 00000000 		.4byte	.LFB259
 2045 002c 1C000000 		.4byte	.LFE259-.LFB259
 2046 0030 00000000 		.4byte	0
 2047 0034 00000000 		.4byte	0
 2048              		.section	.debug_ranges,"",%progbits
ARM GAS  /var/folders/sv/kgmgr77579zbf78p2zlhkdfr0000gn/T//ccslk6IR.s 			page 37


 2049              	.Ldebug_ranges0:
 2050 0000 00000000 		.4byte	.LFB256
 2051 0004 34000000 		.4byte	.LFE256
 2052 0008 00000000 		.4byte	.LFB257
 2053 000c 28000000 		.4byte	.LFE257
 2054 0010 00000000 		.4byte	.LFB258
 2055 0014 10000000 		.4byte	.LFE258
 2056 0018 00000000 		.4byte	.LFB259
 2057 001c 1C000000 		.4byte	.LFE259
 2058 0020 00000000 		.4byte	0
 2059 0024 00000000 		.4byte	0
 2060              		.section	.debug_line,"",%progbits
 2061              	.Ldebug_line0:
 2062 0000 51020000 		.section	.debug_str,"MS",%progbits,1
 2062      0200FB01 
 2062      00000201 
 2062      FB0E0D00 
 2062      01010101 
 2063              	.LASF87:
 2064 0000 49435052 		.ascii	"ICPR\000"
 2064      00
 2065              	.LASF53:
 2066 0005 72656164 		.ascii	"ready_list_t\000"
 2066      795F6C69 
 2066      73745F74 
 2066      00
 2067              	.LASF39:
 2068 0012 705F7469 		.ascii	"p_time\000"
 2068      6D6500
 2069              	.LASF116:
 2070 0019 7264796D 		.ascii	"rdymsg\000"
 2070      736700
 2071              	.LASF16:
 2072 0020 75696E74 		.ascii	"uint64_t\000"
 2072      36345F74 
 2072      00
 2073              	.LASF24:
 2074 0029 6576656E 		.ascii	"eventmask_t\000"
 2074      746D6173 
 2074      6B5F7400 
 2075              	.LASF5:
 2076 0035 5F5F7569 		.ascii	"__uint8_t\000"
 2076      6E74385F 
 2076      7400
 2077              	.LASF113:
 2078 003f 706F7274 		.ascii	"port_intctx\000"
 2078      5F696E74 
 2078      63747800 
 2079              	.LASF78:
 2080 004b 76746C69 		.ascii	"vtlist\000"
 2080      737400
 2081              	.LASF12:
 2082 0052 6C6F6E67 		.ascii	"long long unsigned int\000"
 2082      206C6F6E 
 2082      6720756E 
 2082      7369676E 
 2082      65642069 
ARM GAS  /var/folders/sv/kgmgr77579zbf78p2zlhkdfr0000gn/T//ccslk6IR.s 			page 38


 2083              	.LASF79:
 2084 0069 6D61696E 		.ascii	"mainthread\000"
 2084      74687265 
 2084      616400
 2085              	.LASF69:
 2086 0074 76697274 		.ascii	"virtual_timers_list_t\000"
 2086      75616C5F 
 2086      74696D65 
 2086      72735F6C 
 2086      6973745F 
 2087              	.LASF85:
 2088 008a 49535052 		.ascii	"ISPR\000"
 2088      00
 2089              	.LASF52:
 2090 008f 63685F74 		.ascii	"ch_threads_queue\000"
 2090      68726561 
 2090      64735F71 
 2090      75657565 
 2090      00
 2091              	.LASF30:
 2092 00a0 705F7072 		.ascii	"p_prio\000"
 2092      696F00
 2093              	.LASF135:
 2094 00a7 6E766963 		.ascii	"nvicEnableVector\000"
 2094      456E6162 
 2094      6C655665 
 2094      63746F72 
 2094      00
 2095              	.LASF107:
 2096 00b8 49534152 		.ascii	"ISAR\000"
 2096      00
 2097              	.LASF10:
 2098 00bd 6C6F6E67 		.ascii	"long long int\000"
 2098      206C6F6E 
 2098      6720696E 
 2098      7400
 2099              	.LASF1:
 2100 00cb 7369676E 		.ascii	"signed char\000"
 2100      65642063 
 2100      68617200 
 2101              	.LASF46:
 2102 00d7 705F6D70 		.ascii	"p_mpool\000"
 2102      6F6F6C00 
 2103              	.LASF127:
 2104 00df 6D5F7175 		.ascii	"m_queue\000"
 2104      65756500 
 2105              	.LASF139:
 2106 00e7 6E766963 		.ascii	"nvicClearPending\000"
 2106      436C6561 
 2106      7250656E 
 2106      64696E67 
 2106      00
 2107              	.LASF118:
 2108 00f8 77746F62 		.ascii	"wtobjp\000"
 2108      6A7000
 2109              	.LASF21:
 2110 00ff 74736C69 		.ascii	"tslices_t\000"
ARM GAS  /var/folders/sv/kgmgr77579zbf78p2zlhkdfr0000gn/T//ccslk6IR.s 			page 39


 2110      6365735F 
 2110      7400
 2111              	.LASF119:
 2112 0109 77747472 		.ascii	"wttrp\000"
 2112      7000
 2113              	.LASF76:
 2114 010f 63685F73 		.ascii	"ch_system\000"
 2114      79737465 
 2114      6D00
 2115              	.LASF7:
 2116 0119 6C6F6E67 		.ascii	"long int\000"
 2116      20696E74 
 2116      00
 2117              	.LASF19:
 2118 0122 74737461 		.ascii	"tstate_t\000"
 2118      74655F74 
 2118      00
 2119              	.LASF32:
 2120 012b 705F6E65 		.ascii	"p_newer\000"
 2120      77657200 
 2121              	.LASF124:
 2122 0133 735F7175 		.ascii	"s_queue\000"
 2122      65756500 
 2123              	.LASF104:
 2124 013b 42464152 		.ascii	"BFAR\000"
 2124      00
 2125              	.LASF117:
 2126 0140 65786974 		.ascii	"exitcode\000"
 2126      636F6465 
 2126      00
 2127              	.LASF105:
 2128 0149 41465352 		.ascii	"AFSR\000"
 2128      00
 2129              	.LASF58:
 2130 014e 725F6E65 		.ascii	"r_newer\000"
 2130      77657200 
 2131              	.LASF110:
 2132 0156 72656761 		.ascii	"regarm_t\000"
 2132      726D5F74 
 2132      00
 2133              	.LASF65:
 2134 015f 76745F70 		.ascii	"vt_prev\000"
 2134      72657600 
 2135              	.LASF109:
 2136 0167 5343425F 		.ascii	"SCB_Type\000"
 2136      54797065 
 2136      00
 2137              	.LASF131:
 2138 0170 6D757465 		.ascii	"mutex_t\000"
 2138      785F7400 
 2139              	.LASF80:
 2140 0178 69646C65 		.ascii	"idle_thread_wa\000"
 2140      5F746872 
 2140      6561645F 
 2140      776100
 2141              	.LASF25:
 2142 0187 636E745F 		.ascii	"cnt_t\000"
ARM GAS  /var/folders/sv/kgmgr77579zbf78p2zlhkdfr0000gn/T//ccslk6IR.s 			page 40


 2142      7400
 2143              	.LASF0:
 2144 018d 756E7369 		.ascii	"unsigned int\000"
 2144      676E6564 
 2144      20696E74 
 2144      00
 2145              	.LASF64:
 2146 019a 76745F6E 		.ascii	"vt_next\000"
 2146      65787400 
 2147              	.LASF136:
 2148 01a2 6E766963 		.ascii	"nvicDisableVector\000"
 2148      44697361 
 2148      626C6556 
 2148      6563746F 
 2148      7200
 2149              	.LASF120:
 2150 01b4 77747365 		.ascii	"wtsemp\000"
 2150      6D7000
 2151              	.LASF66:
 2152 01bb 76745F64 		.ascii	"vt_delta\000"
 2152      656C7461 
 2152      00
 2153              	.LASF72:
 2154 01c4 73797374 		.ascii	"system_debug_t\000"
 2154      656D5F64 
 2154      65627567 
 2154      5F7400
 2155              	.LASF143:
 2156 01d3 2F557365 		.ascii	"/Users/moslin/Documents/Project/torque_control\000"
 2156      72732F6D 
 2156      6F736C69 
 2156      6E2F446F 
 2156      63756D65 
 2157              	.LASF97:
 2158 0202 56544F52 		.ascii	"VTOR\000"
 2158      00
 2159              	.LASF125:
 2160 0207 735F636E 		.ascii	"s_cnt\000"
 2160      7400
 2161              	.LASF112:
 2162 020d 636F6E74 		.ascii	"context\000"
 2162      65787400 
 2163              	.LASF49:
 2164 0215 63685F74 		.ascii	"ch_thread\000"
 2164      68726561 
 2164      6400
 2165              	.LASF96:
 2166 021f 49435352 		.ascii	"ICSR\000"
 2166      00
 2167              	.LASF23:
 2168 0224 6D73675F 		.ascii	"msg_t\000"
 2168      7400
 2169              	.LASF98:
 2170 022a 41495243 		.ascii	"AIRCR\000"
 2170      5200
 2171              	.LASF102:
 2172 0230 44465352 		.ascii	"DFSR\000"
ARM GAS  /var/folders/sv/kgmgr77579zbf78p2zlhkdfr0000gn/T//ccslk6IR.s 			page 41


 2172      00
 2173              	.LASF103:
 2174 0235 4D4D4641 		.ascii	"MMFAR\000"
 2174      5200
 2175              	.LASF75:
 2176 023b 63685F73 		.ascii	"ch_system_t\000"
 2176      79737465 
 2176      6D5F7400 
 2177              	.LASF18:
 2178 0247 746D6F64 		.ascii	"tmode_t\000"
 2178      655F7400 
 2179              	.LASF54:
 2180 024f 63685F72 		.ascii	"ch_ready_list\000"
 2180      65616479 
 2180      5F6C6973 
 2180      7400
 2181              	.LASF106:
 2182 025d 4D4D4652 		.ascii	"MMFR\000"
 2182      00
 2183              	.LASF6:
 2184 0262 5F5F696E 		.ascii	"__int32_t\000"
 2184      7433325F 
 2184      7400
 2185              	.LASF111:
 2186 026c 73746B61 		.ascii	"stkalign_t\000"
 2186      6C69676E 
 2186      5F7400
 2187              	.LASF138:
 2188 0277 68616E64 		.ascii	"handler\000"
 2188      6C657200 
 2189              	.LASF17:
 2190 027f 7274636E 		.ascii	"rtcnt_t\000"
 2190      745F7400 
 2191              	.LASF47:
 2192 0287 74687265 		.ascii	"thread_reference_t\000"
 2192      61645F72 
 2192      65666572 
 2192      656E6365 
 2192      5F7400
 2193              	.LASF70:
 2194 029a 63685F76 		.ascii	"ch_virtual_timers_list\000"
 2194      69727475 
 2194      616C5F74 
 2194      696D6572 
 2194      735F6C69 
 2195              	.LASF67:
 2196 02b1 76745F66 		.ascii	"vt_func\000"
 2196      756E6300 
 2197              	.LASF100:
 2198 02b9 43465352 		.ascii	"CFSR\000"
 2198      00
 2199              	.LASF89:
 2200 02be 49414252 		.ascii	"IABR\000"
 2200      00
 2201              	.LASF33:
 2202 02c3 705F6F6C 		.ascii	"p_older\000"
 2202      64657200 
ARM GAS  /var/folders/sv/kgmgr77579zbf78p2zlhkdfr0000gn/T//ccslk6IR.s 			page 42


 2203              	.LASF57:
 2204 02cb 725F6374 		.ascii	"r_ctx\000"
 2204      7800
 2205              	.LASF142:
 2206 02d1 43686962 		.ascii	"ChibiOS_3.0.2/os/hal/ports/common/ARMCMx/nvic.c\000"
 2206      694F535F 
 2206      332E302E 
 2206      322F6F73 
 2206      2F68616C 
 2207              	.LASF115:
 2208 0301 746D5F63 		.ascii	"tm_calibration_t\000"
 2208      616C6962 
 2208      72617469 
 2208      6F6E5F74 
 2208      00
 2209              	.LASF83:
 2210 0312 49434552 		.ascii	"ICER\000"
 2210      00
 2211              	.LASF134:
 2212 0317 7072696F 		.ascii	"prio\000"
 2212      00
 2213              	.LASF59:
 2214 031c 725F6F6C 		.ascii	"r_older\000"
 2214      64657200 
 2215              	.LASF11:
 2216 0324 5F5F7569 		.ascii	"__uint64_t\000"
 2216      6E743634 
 2216      5F7400
 2217              	.LASF95:
 2218 032f 43505549 		.ascii	"CPUID\000"
 2218      4400
 2219              	.LASF132:
 2220 0335 666C6F61 		.ascii	"float\000"
 2220      7400
 2221              	.LASF20:
 2222 033b 74726566 		.ascii	"trefs_t\000"
 2222      735F7400 
 2223              	.LASF82:
 2224 0343 52455345 		.ascii	"RESERVED0\000"
 2224      52564544 
 2224      3000
 2225              	.LASF86:
 2226 034d 52455345 		.ascii	"RESERVED2\000"
 2226      52564544 
 2226      3200
 2227              	.LASF88:
 2228 0357 52455345 		.ascii	"RESERVED3\000"
 2228      52564544 
 2228      3300
 2229              	.LASF62:
 2230 0361 76697274 		.ascii	"virtual_timer_t\000"
 2230      75616C5F 
 2230      74696D65 
 2230      725F7400 
 2231              	.LASF29:
 2232 0371 705F7072 		.ascii	"p_prev\000"
 2232      657600
ARM GAS  /var/folders/sv/kgmgr77579zbf78p2zlhkdfr0000gn/T//ccslk6IR.s 			page 43


 2233              	.LASF22:
 2234 0378 74707269 		.ascii	"tprio_t\000"
 2234      6F5F7400 
 2235              	.LASF73:
 2236 0380 63685F73 		.ascii	"ch_system_debug\000"
 2236      79737465 
 2236      6D5F6465 
 2236      62756700 
 2237              	.LASF133:
 2238 0390 5F426F6F 		.ascii	"_Bool\000"
 2238      6C00
 2239              	.LASF14:
 2240 0396 696E7433 		.ascii	"int32_t\000"
 2240      325F7400 
 2241              	.LASF2:
 2242 039e 756E7369 		.ascii	"unsigned char\000"
 2242      676E6564 
 2242      20636861 
 2242      7200
 2243              	.LASF99:
 2244 03ac 53484353 		.ascii	"SHCSR\000"
 2244      5200
 2245              	.LASF140:
 2246 03b2 49544D5F 		.ascii	"ITM_RxBuffer\000"
 2246      52784275 
 2246      66666572 
 2246      00
 2247              	.LASF35:
 2248 03bf 705F7374 		.ascii	"p_state\000"
 2248      61746500 
 2249              	.LASF44:
 2250 03c7 705F6D74 		.ascii	"p_mtxlist\000"
 2250      786C6973 
 2250      7400
 2251              	.LASF3:
 2252 03d1 73686F72 		.ascii	"short int\000"
 2252      7420696E 
 2252      7400
 2253              	.LASF81:
 2254 03db 49534552 		.ascii	"ISER\000"
 2254      00
 2255              	.LASF94:
 2256 03e0 4E564943 		.ascii	"NVIC_Type\000"
 2256      5F547970 
 2256      6500
 2257              	.LASF38:
 2258 03ea 705F7072 		.ascii	"p_preempt\000"
 2258      65656D70 
 2258      7400
 2259              	.LASF137:
 2260 03f4 6E766963 		.ascii	"nvicSetSystemHandlerPriority\000"
 2260      53657453 
 2260      79737465 
 2260      6D48616E 
 2260      646C6572 
 2261              	.LASF56:
 2262 0411 725F7072 		.ascii	"r_prio\000"
ARM GAS  /var/folders/sv/kgmgr77579zbf78p2zlhkdfr0000gn/T//ccslk6IR.s 			page 44


 2262      696F00
 2263              	.LASF122:
 2264 0418 65776D61 		.ascii	"ewmask\000"
 2264      736B00
 2265              	.LASF28:
 2266 041f 705F6E65 		.ascii	"p_next\000"
 2266      787400
 2267              	.LASF144:
 2268 0426 5F5F6675 		.ascii	"__func__\000"
 2268      6E635F5F 
 2268      00
 2269              	.LASF63:
 2270 042f 63685F76 		.ascii	"ch_virtual_timer\000"
 2270      69727475 
 2270      616C5F74 
 2270      696D6572 
 2270      00
 2271              	.LASF123:
 2272 0440 63685F73 		.ascii	"ch_semaphore\000"
 2272      656D6170 
 2272      686F7265 
 2272      00
 2273              	.LASF43:
 2274 044d 705F6570 		.ascii	"p_epending\000"
 2274      656E6469 
 2274      6E6700
 2275              	.LASF90:
 2276 0458 52455345 		.ascii	"RESERVED4\000"
 2276      52564544 
 2276      3400
 2277              	.LASF91:
 2278 0462 52455345 		.ascii	"RESERVED5\000"
 2278      52564544 
 2278      3500
 2279              	.LASF15:
 2280 046c 75696E74 		.ascii	"uint32_t\000"
 2280      33325F74 
 2280      00
 2281              	.LASF121:
 2282 0475 77746D74 		.ascii	"wtmtxp\000"
 2282      787000
 2283              	.LASF55:
 2284 047c 725F7175 		.ascii	"r_queue\000"
 2284      65756500 
 2285              	.LASF71:
 2286 0484 76745F73 		.ascii	"vt_systime\000"
 2286      79737469 
 2286      6D6500
 2287              	.LASF50:
 2288 048f 63685F74 		.ascii	"ch_threads_list\000"
 2288      68726561 
 2288      64735F6C 
 2288      69737400 
 2289              	.LASF9:
 2290 049f 6C6F6E67 		.ascii	"long unsigned int\000"
 2290      20756E73 
 2290      69676E65 
ARM GAS  /var/folders/sv/kgmgr77579zbf78p2zlhkdfr0000gn/T//ccslk6IR.s 			page 45


 2290      6420696E 
 2290      7400
 2291              	.LASF60:
 2292 04b1 725F6375 		.ascii	"r_current\000"
 2292      7272656E 
 2292      7400
 2293              	.LASF130:
 2294 04bb 63686172 		.ascii	"char\000"
 2294      00
 2295              	.LASF27:
 2296 04c0 74687265 		.ascii	"thread_t\000"
 2296      61645F74 
 2296      00
 2297              	.LASF129:
 2298 04c9 6D5F6E65 		.ascii	"m_next\000"
 2298      787400
 2299              	.LASF26:
 2300 04d0 73797374 		.ascii	"systime_t\000"
 2300      696D655F 
 2300      7400
 2301              	.LASF45:
 2302 04da 705F7265 		.ascii	"p_realprio\000"
 2302      616C7072 
 2302      696F00
 2303              	.LASF61:
 2304 04e5 76746675 		.ascii	"vtfunc_t\000"
 2304      6E635F74 
 2304      00
 2305              	.LASF8:
 2306 04ee 5F5F7569 		.ascii	"__uint32_t\000"
 2306      6E743332 
 2306      5F7400
 2307              	.LASF74:
 2308 04f9 70616E69 		.ascii	"panic_msg\000"
 2308      635F6D73 
 2308      6700
 2309              	.LASF114:
 2310 0503 6F666673 		.ascii	"offset\000"
 2310      657400
 2311              	.LASF4:
 2312 050a 73686F72 		.ascii	"short unsigned int\000"
 2312      7420756E 
 2312      7369676E 
 2312      65642069 
 2312      6E7400
 2313              	.LASF41:
 2314 051d 705F6D73 		.ascii	"p_msgqueue\000"
 2314      67717565 
 2314      756500
 2315              	.LASF68:
 2316 0528 76745F70 		.ascii	"vt_par\000"
 2316      617200
 2317              	.LASF51:
 2318 052f 74687265 		.ascii	"threads_queue_t\000"
 2318      6164735F 
 2318      71756575 
 2318      655F7400 
ARM GAS  /var/folders/sv/kgmgr77579zbf78p2zlhkdfr0000gn/T//ccslk6IR.s 			page 46


 2319              	.LASF37:
 2320 053f 705F7265 		.ascii	"p_refs\000"
 2320      667300
 2321              	.LASF141:
 2322 0546 474E5520 		.ascii	"GNU C99 5.4.1 20160919 (release) [ARM/embedded-5-br"
 2322      43393920 
 2322      352E342E 
 2322      31203230 
 2322      31363039 
 2323 0579 616E6368 		.ascii	"anch revision 240496] -mcpu=cortex-m4 -mfloat-abi=h"
 2323      20726576 
 2323      6973696F 
 2323      6E203234 
 2323      30343936 
 2324 05ac 61726420 		.ascii	"ard -mfpu=fpv4-sp-d16 -mno-thumb-interwork -mthumb "
 2324      2D6D6670 
 2324      753D6670 
 2324      76342D73 
 2324      702D6431 
 2325 05df 2D676764 		.ascii	"-ggdb -O2 -std=gnu99 -fomit-frame-pointer -falign-f"
 2325      62202D4F 
 2325      32202D73 
 2325      74643D67 
 2325      6E753939 
 2326 0612 756E6374 		.ascii	"unctions=16 -ffunction-sections -fdata-sections -fn"
 2326      696F6E73 
 2326      3D313620 
 2326      2D666675 
 2326      6E637469 
 2327 0645 6F2D636F 		.ascii	"o-common -fsingle-precision-constant\000"
 2327      6D6D6F6E 
 2327      202D6673 
 2327      696E676C 
 2327      652D7072 
 2328              	.LASF77:
 2329 066a 726C6973 		.ascii	"rlist\000"
 2329      7400
 2330              	.LASF13:
 2331 0670 75696E74 		.ascii	"uint8_t\000"
 2331      385F7400 
 2332              	.LASF84:
 2333 0678 52534552 		.ascii	"RSERVED1\000"
 2333      56454431 
 2333      00
 2334              	.LASF92:
 2335 0681 53544952 		.ascii	"STIR\000"
 2335      00
 2336              	.LASF93:
 2337 0686 73697A65 		.ascii	"sizetype\000"
 2337      74797065 
 2337      00
 2338              	.LASF126:
 2339 068f 63685F6D 		.ascii	"ch_mutex\000"
 2339      75746578 
 2339      00
 2340              	.LASF34:
 2341 0698 705F6E61 		.ascii	"p_name\000"
ARM GAS  /var/folders/sv/kgmgr77579zbf78p2zlhkdfr0000gn/T//ccslk6IR.s 			page 47


 2341      6D6500
 2342              	.LASF48:
 2343 069f 74687265 		.ascii	"threads_list_t\000"
 2343      6164735F 
 2343      6C697374 
 2343      5F7400
 2344              	.LASF36:
 2345 06ae 705F666C 		.ascii	"p_flags\000"
 2345      61677300 
 2346              	.LASF42:
 2347 06b6 705F6D73 		.ascii	"p_msg\000"
 2347      6700
 2348              	.LASF108:
 2349 06bc 43504143 		.ascii	"CPACR\000"
 2349      5200
 2350              	.LASF101:
 2351 06c2 48465352 		.ascii	"HFSR\000"
 2351      00
 2352              	.LASF128:
 2353 06c7 6D5F6F77 		.ascii	"m_owner\000"
 2353      6E657200 
 2354              	.LASF31:
 2355 06cf 705F6374 		.ascii	"p_ctx\000"
 2355      7800
 2356              	.LASF40:
 2357 06d5 705F7761 		.ascii	"p_waiting\000"
 2357      6974696E 
 2357      6700
 2358              		.ident	"GCC: (GNU Tools for ARM Embedded Processors) 5.4.1 20160919 (release) [ARM/embedded-5-bran
ARM GAS  /var/folders/sv/kgmgr77579zbf78p2zlhkdfr0000gn/T//ccslk6IR.s 			page 48


DEFINED SYMBOLS
                            *ABS*:0000000000000000 nvic.c
/var/folders/sv/kgmgr77579zbf78p2zlhkdfr0000gn/T//ccslk6IR.s:22     .text.nvicEnableVector:0000000000000000 $t
/var/folders/sv/kgmgr77579zbf78p2zlhkdfr0000gn/T//ccslk6IR.s:28     .text.nvicEnableVector:0000000000000000 nvicEnableVector
/var/folders/sv/kgmgr77579zbf78p2zlhkdfr0000gn/T//ccslk6IR.s:71     .text.nvicDisableVector:0000000000000000 $t
/var/folders/sv/kgmgr77579zbf78p2zlhkdfr0000gn/T//ccslk6IR.s:77     .text.nvicDisableVector:0000000000000000 nvicDisableVector
/var/folders/sv/kgmgr77579zbf78p2zlhkdfr0000gn/T//ccslk6IR.s:115    .text.nvicDisableVector:0000000000000024 $d
/var/folders/sv/kgmgr77579zbf78p2zlhkdfr0000gn/T//ccslk6IR.s:120    .text.nvicSetSystemHandlerPriority:0000000000000000 $t
/var/folders/sv/kgmgr77579zbf78p2zlhkdfr0000gn/T//ccslk6IR.s:126    .text.nvicSetSystemHandlerPriority:0000000000000000 nvicSetSystemHandlerPriority
/var/folders/sv/kgmgr77579zbf78p2zlhkdfr0000gn/T//ccslk6IR.s:148    .text.nvicClearPending:0000000000000000 $t
/var/folders/sv/kgmgr77579zbf78p2zlhkdfr0000gn/T//ccslk6IR.s:154    .text.nvicClearPending:0000000000000000 nvicClearPending
/var/folders/sv/kgmgr77579zbf78p2zlhkdfr0000gn/T//ccslk6IR.s:175    .text.nvicClearPending:0000000000000018 $d
                     .debug_frame:0000000000000010 $d

NO UNDEFINED SYMBOLS
