ARM GAS  /var/folders/sv/kgmgr77579zbf78p2zlhkdfr0000gn/T//ccVA4LOE.s 			page 1


   1              		.syntax unified
   2              		.cpu cortex-m4
   3              		.eabi_attribute 27, 1
   4              		.eabi_attribute 28, 1
   5              		.fpu fpv4-sp-d16
   6              		.eabi_attribute 20, 1
   7              		.eabi_attribute 21, 1
   8              		.eabi_attribute 23, 3
   9              		.eabi_attribute 24, 1
  10              		.eabi_attribute 25, 1
  11              		.eabi_attribute 26, 1
  12              		.eabi_attribute 30, 2
  13              		.eabi_attribute 34, 1
  14              		.eabi_attribute 18, 4
  15              		.thumb
  16              		.syntax unified
  17              		.file	"pal.c"
  18              		.text
  19              	.Ltext0:
  20              		.cfi_sections	.debug_frame
  21              		.section	.text.palReadBus,"ax",%progbits
  22              		.align	2
  23              		.p2align 4,,15
  24              		.global	palReadBus
  25              		.thumb
  26              		.thumb_func
  27              		.type	palReadBus, %function
  28              	palReadBus:
  29              	.LFB256:
  30              		.file 1 "ChibiOS_3.0.2/os/hal/src/pal.c"
  31              		.loc 1 65 0
  32              		.cfi_startproc
  33              		@ args = 0, pretend = 0, frame = 0
  34              		@ frame_needed = 0, uses_anonymous_args = 0
  35              		@ link register save eliminated.
  36              	.LVL0:
  37              		.loc 1 69 0
  38 0000 0368     		ldr	r3, [r0]
  39 0002 8268     		ldr	r2, [r0, #8]
  40 0004 1B69     		ldr	r3, [r3, #16]
  41 0006 4068     		ldr	r0, [r0, #4]
  42              	.LVL1:
  43 0008 D340     		lsrs	r3, r3, r2
  44              		.loc 1 70 0
  45 000a 1840     		ands	r0, r0, r3
  46 000c 7047     		bx	lr
  47              		.cfi_endproc
  48              	.LFE256:
  49              		.size	palReadBus, .-palReadBus
  50 000e 00BF     		.section	.text.palWriteBus,"ax",%progbits
  51              		.align	2
  52              		.p2align 4,,15
  53              		.global	palWriteBus
  54              		.thumb
  55              		.thumb_func
  56              		.type	palWriteBus, %function
  57              	palWriteBus:
ARM GAS  /var/folders/sv/kgmgr77579zbf78p2zlhkdfr0000gn/T//ccVA4LOE.s 			page 2


  58              	.LFB257:
  59              		.loc 1 90 0
  60              		.cfi_startproc
  61              		@ args = 0, pretend = 0, frame = 0
  62              		@ frame_needed = 0, uses_anonymous_args = 0
  63              		@ link register save eliminated.
  64              	.LVL2:
  65 0000 10B4     		push	{r4}
  66              		.cfi_def_cfa_offset 4
  67              		.cfi_offset 4, -4
  68              		.loc 1 94 0
  69 0002 19C8     		ldmia	r0, {r0, r3, r4}
  70              	.LVL3:
  71 0004 23EA0102 		bic	r2, r3, r1
  72 0008 1940     		ands	r1, r1, r3
  73              	.LVL4:
  74 000a 04F11003 		add	r3, r4, #16
  75 000e A140     		lsls	r1, r1, r4
  76 0010 02FA03F3 		lsl	r3, r2, r3
  77 0014 0B43     		orrs	r3, r3, r1
  78 0016 8361     		str	r3, [r0, #24]
  79              		.loc 1 95 0
  80 0018 5DF8044B 		ldr	r4, [sp], #4
  81              		.cfi_restore 4
  82              		.cfi_def_cfa_offset 0
  83 001c 7047     		bx	lr
  84              		.cfi_endproc
  85              	.LFE257:
  86              		.size	palWriteBus, .-palWriteBus
  87 001e 00BF     		.section	.text.palSetBusMode,"ax",%progbits
  88              		.align	2
  89              		.p2align 4,,15
  90              		.global	palSetBusMode
  91              		.thumb
  92              		.thumb_func
  93              		.type	palSetBusMode, %function
  94              	palSetBusMode:
  95              	.LFB258:
  96              		.loc 1 113 0
  97              		.cfi_startproc
  98              		@ args = 0, pretend = 0, frame = 0
  99              		@ frame_needed = 0, uses_anonymous_args = 0
 100              		@ link register save eliminated.
 101              	.LVL5:
 102              		.loc 1 117 0
 103 0000 0A46     		mov	r2, r1
 104 0002 0BC8     		ldmia	r0, {r0, r1, r3}
 105              	.LVL6:
 106 0004 9940     		lsls	r1, r1, r3
 107 0006 FFF7FEBF 		b	_pal_lld_setgroupmode
 108              	.LVL7:
 109              		.cfi_endproc
 110              	.LFE258:
 111              		.size	palSetBusMode, .-palSetBusMode
 112 000a 00BF     		.text
 113              	.Letext0:
 114              		.file 2 "/usr/local/Cellar/gcc-arm-none-eabi/20160928/arm-none-eabi/include/machine/_default_types
ARM GAS  /var/folders/sv/kgmgr77579zbf78p2zlhkdfr0000gn/T//ccVA4LOE.s 			page 3


 115              		.file 3 "/usr/local/Cellar/gcc-arm-none-eabi/20160928/arm-none-eabi/include/sys/_stdint.h"
 116              		.file 4 "/usr/local/Cellar/gcc-arm-none-eabi/20160928/arm-none-eabi/include/stdint.h"
 117              		.file 5 "ChibiOS_3.0.2/os/rt/ports/ARMCMx/compilers/GCC/chtypes.h"
 118              		.file 6 "ChibiOS_3.0.2/os/rt/include/chsystypes.h"
 119              		.file 7 "ChibiOS_3.0.2/os/rt/include/chschd.h"
 120              		.file 8 "ChibiOS_3.0.2/os/rt/ports/ARMCMx/chcore.h"
 121              		.file 9 "ChibiOS_3.0.2/os/rt/ports/ARMCMx/chcore_v7m.h"
 122              		.file 10 "ChibiOS_3.0.2/os/rt/include/chtm.h"
 123              		.file 11 "ChibiOS_3.0.2/os/rt/include/chsem.h"
 124              		.file 12 "ChibiOS_3.0.2/os/rt/include/chmtx.h"
 125              		.file 13 "ChibiOS_3.0.2/os/hal/ports/STM32/LLD/GPIOv2/pal_lld.h"
 126              		.file 14 "ChibiOS_3.0.2/os/hal/include/pal.h"
 127              		.file 15 "ChibiOS_3.0.2/os/ext/CMSIS/include/core_cm4.h"
 128              		.section	.debug_info,"",%progbits
 129              	.Ldebug_info0:
 130 0000 9A090000 		.4byte	0x99a
 131 0004 0400     		.2byte	0x4
 132 0006 00000000 		.4byte	.Ldebug_abbrev0
 133 000a 04       		.byte	0x4
 134 000b 01       		.uleb128 0x1
 135 000c DA040000 		.4byte	.LASF131
 136 0010 0C       		.byte	0xc
 137 0011 6B060000 		.4byte	.LASF132
 138 0015 BC010000 		.4byte	.LASF133
 139 0019 00000000 		.4byte	.Ldebug_ranges0+0
 140 001d 00000000 		.4byte	0
 141 0021 00000000 		.4byte	.Ldebug_line0
 142 0025 02       		.uleb128 0x2
 143 0026 04       		.byte	0x4
 144 0027 05       		.byte	0x5
 145 0028 696E7400 		.ascii	"int\000"
 146 002c 03       		.uleb128 0x3
 147 002d 04       		.byte	0x4
 148 002e 07       		.byte	0x7
 149 002f 83010000 		.4byte	.LASF0
 150 0033 03       		.uleb128 0x3
 151 0034 01       		.byte	0x1
 152 0035 06       		.byte	0x6
 153 0036 C0000000 		.4byte	.LASF1
 154 003a 04       		.uleb128 0x4
 155 003b 2B000000 		.4byte	.LASF4
 156 003f 02       		.byte	0x2
 157 0040 1D       		.byte	0x1d
 158 0041 45000000 		.4byte	0x45
 159 0045 03       		.uleb128 0x3
 160 0046 01       		.byte	0x1
 161 0047 08       		.byte	0x8
 162 0048 3C030000 		.4byte	.LASF2
 163 004c 03       		.uleb128 0x3
 164 004d 02       		.byte	0x2
 165 004e 05       		.byte	0x5
 166 004f 54030000 		.4byte	.LASF3
 167 0053 04       		.uleb128 0x4
 168 0054 2F040000 		.4byte	.LASF5
 169 0058 02       		.byte	0x2
 170 0059 2B       		.byte	0x2b
 171 005a 5E000000 		.4byte	0x5e
ARM GAS  /var/folders/sv/kgmgr77579zbf78p2zlhkdfr0000gn/T//ccVA4LOE.s 			page 4


 172 005e 03       		.uleb128 0x3
 173 005f 02       		.byte	0x2
 174 0060 07       		.byte	0x7
 175 0061 F9010000 		.4byte	.LASF6
 176 0065 04       		.uleb128 0x4
 177 0066 4A020000 		.4byte	.LASF7
 178 006a 02       		.byte	0x2
 179 006b 3F       		.byte	0x3f
 180 006c 70000000 		.4byte	0x70
 181 0070 03       		.uleb128 0x3
 182 0071 04       		.byte	0x4
 183 0072 05       		.byte	0x5
 184 0073 08010000 		.4byte	.LASF8
 185 0077 04       		.uleb128 0x4
 186 0078 68040000 		.4byte	.LASF9
 187 007c 02       		.byte	0x2
 188 007d 41       		.byte	0x41
 189 007e 82000000 		.4byte	0x82
 190 0082 03       		.uleb128 0x3
 191 0083 04       		.byte	0x4
 192 0084 07       		.byte	0x7
 193 0085 13040000 		.4byte	.LASF10
 194 0089 03       		.uleb128 0x3
 195 008a 08       		.byte	0x8
 196 008b 05       		.byte	0x5
 197 008c B2000000 		.4byte	.LASF11
 198 0090 04       		.uleb128 0x4
 199 0091 DC020000 		.4byte	.LASF12
 200 0095 02       		.byte	0x2
 201 0096 5B       		.byte	0x5b
 202 0097 9B000000 		.4byte	0x9b
 203 009b 03       		.uleb128 0x3
 204 009c 08       		.byte	0x8
 205 009d 07       		.byte	0x7
 206 009e 55000000 		.4byte	.LASF13
 207 00a2 04       		.uleb128 0x4
 208 00a3 0C060000 		.4byte	.LASF14
 209 00a7 03       		.byte	0x3
 210 00a8 18       		.byte	0x18
 211 00a9 3A000000 		.4byte	0x3a
 212 00ad 04       		.uleb128 0x4
 213 00ae 1A010000 		.4byte	.LASF15
 214 00b2 03       		.byte	0x3
 215 00b3 24       		.byte	0x24
 216 00b4 53000000 		.4byte	0x53
 217 00b8 04       		.uleb128 0x4
 218 00b9 34030000 		.4byte	.LASF16
 219 00bd 03       		.byte	0x3
 220 00be 2C       		.byte	0x2c
 221 00bf 65000000 		.4byte	0x65
 222 00c3 04       		.uleb128 0x4
 223 00c4 E0030000 		.4byte	.LASF17
 224 00c8 03       		.byte	0x3
 225 00c9 30       		.byte	0x30
 226 00ca 77000000 		.4byte	0x77
 227 00ce 04       		.uleb128 0x4
 228 00cf 1B000000 		.4byte	.LASF18
ARM GAS  /var/folders/sv/kgmgr77579zbf78p2zlhkdfr0000gn/T//ccVA4LOE.s 			page 5


 229 00d3 03       		.byte	0x3
 230 00d4 3C       		.byte	0x3c
 231 00d5 90000000 		.4byte	0x90
 232 00d9 04       		.uleb128 0x4
 233 00da 85030000 		.4byte	.LASF19
 234 00de 04       		.byte	0x4
 235 00df 34       		.byte	0x34
 236 00e0 2C000000 		.4byte	0x2c
 237 00e4 05       		.uleb128 0x5
 238 00e5 B8000000 		.4byte	0xb8
 239 00e9 05       		.uleb128 0x5
 240 00ea C3000000 		.4byte	0xc3
 241 00ee 04       		.uleb128 0x4
 242 00ef 5F020000 		.4byte	.LASF20
 243 00f3 05       		.byte	0x5
 244 00f4 45       		.byte	0x45
 245 00f5 C3000000 		.4byte	0xc3
 246 00f9 04       		.uleb128 0x4
 247 00fa 28020000 		.4byte	.LASF21
 248 00fe 05       		.byte	0x5
 249 00ff 48       		.byte	0x48
 250 0100 A2000000 		.4byte	0xa2
 251 0104 04       		.uleb128 0x4
 252 0105 11010000 		.4byte	.LASF22
 253 0109 05       		.byte	0x5
 254 010a 49       		.byte	0x49
 255 010b A2000000 		.4byte	0xa2
 256 010f 04       		.uleb128 0x4
 257 0110 F7020000 		.4byte	.LASF23
 258 0114 05       		.byte	0x5
 259 0115 4A       		.byte	0x4a
 260 0116 A2000000 		.4byte	0xa2
 261 011a 04       		.uleb128 0x4
 262 011b E8000000 		.4byte	.LASF24
 263 011f 05       		.byte	0x5
 264 0120 4B       		.byte	0x4b
 265 0121 A2000000 		.4byte	0xa2
 266 0125 04       		.uleb128 0x4
 267 0126 16030000 		.4byte	.LASF25
 268 012a 05       		.byte	0x5
 269 012b 4C       		.byte	0x4c
 270 012c C3000000 		.4byte	0xc3
 271 0130 04       		.uleb128 0x4
 272 0131 16020000 		.4byte	.LASF26
 273 0135 05       		.byte	0x5
 274 0136 4D       		.byte	0x4d
 275 0137 B8000000 		.4byte	0xb8
 276 013b 04       		.uleb128 0x4
 277 013c 3E020000 		.4byte	.LASF27
 278 0140 05       		.byte	0x5
 279 0141 4F       		.byte	0x4f
 280 0142 C3000000 		.4byte	0xc3
 281 0146 04       		.uleb128 0x4
 282 0147 7D010000 		.4byte	.LASF28
 283 014b 05       		.byte	0x5
 284 014c 51       		.byte	0x51
 285 014d B8000000 		.4byte	0xb8
ARM GAS  /var/folders/sv/kgmgr77579zbf78p2zlhkdfr0000gn/T//ccVA4LOE.s 			page 6


 286 0151 04       		.uleb128 0x4
 287 0152 4A040000 		.4byte	.LASF29
 288 0156 06       		.byte	0x6
 289 0157 33       		.byte	0x33
 290 0158 C3000000 		.4byte	0xc3
 291 015c 04       		.uleb128 0x4
 292 015d 3A040000 		.4byte	.LASF30
 293 0161 06       		.byte	0x6
 294 0162 3F       		.byte	0x3f
 295 0163 67010000 		.4byte	0x167
 296 0167 06       		.uleb128 0x6
 297 0168 0C020000 		.4byte	.LASF52
 298 016c 48       		.byte	0x48
 299 016d 07       		.byte	0x7
 300 016e C2       		.byte	0xc2
 301 016f 6C020000 		.4byte	0x26c
 302 0173 07       		.uleb128 0x7
 303 0174 7E030000 		.4byte	.LASF31
 304 0178 07       		.byte	0x7
 305 0179 C3       		.byte	0xc3
 306 017a 77020000 		.4byte	0x277
 307 017e 00       		.byte	0
 308 017f 07       		.uleb128 0x7
 309 0180 0F030000 		.4byte	.LASF32
 310 0184 07       		.byte	0x7
 311 0185 C5       		.byte	0xc5
 312 0186 77020000 		.4byte	0x277
 313 018a 04       		.byte	0x4
 314 018b 07       		.uleb128 0x7
 315 018c AB000000 		.4byte	.LASF33
 316 0190 07       		.byte	0x7
 317 0191 C7       		.byte	0xc7
 318 0192 25010000 		.4byte	0x125
 319 0196 08       		.byte	0x8
 320 0197 07       		.uleb128 0x7
 321 0198 AD020000 		.4byte	.LASF34
 322 019c 07       		.byte	0x7
 323 019d C8       		.byte	0xc8
 324 019e A7040000 		.4byte	0x4a7
 325 01a2 0C       		.byte	0xc
 326 01a3 07       		.uleb128 0x7
 327 01a4 23010000 		.4byte	.LASF35
 328 01a8 07       		.byte	0x7
 329 01a9 CA       		.byte	0xca
 330 01aa 77020000 		.4byte	0x277
 331 01ae 10       		.byte	0x10
 332 01af 07       		.uleb128 0x7
 333 01b0 9F020000 		.4byte	.LASF36
 334 01b4 07       		.byte	0x7
 335 01b5 CB       		.byte	0xcb
 336 01b6 77020000 		.4byte	0x277
 337 01ba 14       		.byte	0x14
 338 01bb 07       		.uleb128 0x7
 339 01bc 2D060000 		.4byte	.LASF37
 340 01c0 07       		.byte	0x7
 341 01c1 D2       		.byte	0xd2
 342 01c2 EC060000 		.4byte	0x6ec
ARM GAS  /var/folders/sv/kgmgr77579zbf78p2zlhkdfr0000gn/T//ccVA4LOE.s 			page 7


 343 01c6 18       		.byte	0x18
 344 01c7 07       		.uleb128 0x7
 345 01c8 5E030000 		.4byte	.LASF38
 346 01cc 07       		.byte	0x7
 347 01cd DD       		.byte	0xdd
 348 01ce 04010000 		.4byte	0x104
 349 01d2 1C       		.byte	0x1c
 350 01d3 07       		.uleb128 0x7
 351 01d4 92030000 		.4byte	.LASF39
 352 01d8 07       		.byte	0x7
 353 01d9 E1       		.byte	0xe1
 354 01da F9000000 		.4byte	0xf9
 355 01de 1D       		.byte	0x1d
 356 01df 07       		.uleb128 0x7
 357 01e0 D3040000 		.4byte	.LASF40
 358 01e4 07       		.byte	0x7
 359 01e5 E6       		.byte	0xe6
 360 01e6 0F010000 		.4byte	0x10f
 361 01ea 1E       		.byte	0x1e
 362 01eb 07       		.uleb128 0x7
 363 01ec 66030000 		.4byte	.LASF41
 364 01f0 07       		.byte	0x7
 365 01f1 EC       		.byte	0xec
 366 01f2 1A010000 		.4byte	0x11a
 367 01f6 1F       		.byte	0x1f
 368 01f7 07       		.uleb128 0x7
 369 01f8 0D000000 		.4byte	.LASF42
 370 01fc 07       		.byte	0x7
 371 01fd F3       		.byte	0xf3
 372 01fe FE060000 		.4byte	0x6fe
 373 0202 20       		.byte	0x20
 374 0203 08       		.uleb128 0x8
 375 0204 705F7500 		.ascii	"p_u\000"
 376 0208 07       		.byte	0x7
 377 0209 3101     		.2byte	0x131
 378 020b 27060000 		.4byte	0x627
 379 020f 24       		.byte	0x24
 380 0210 09       		.uleb128 0x9
 381 0211 8A060000 		.4byte	.LASF43
 382 0215 07       		.byte	0x7
 383 0216 3601     		.2byte	0x136
 384 0218 7D020000 		.4byte	0x27d
 385 021c 28       		.byte	0x28
 386 021d 09       		.uleb128 0x9
 387 021e A5040000 		.4byte	.LASF44
 388 0222 07       		.byte	0x7
 389 0223 3C01     		.2byte	0x13c
 390 0225 A1020000 		.4byte	0x2a1
 391 0229 2C       		.byte	0x2c
 392 022a 09       		.uleb128 0x9
 393 022b 43060000 		.4byte	.LASF45
 394 022f 07       		.byte	0x7
 395 0230 4001     		.2byte	0x140
 396 0232 30010000 		.4byte	0x130
 397 0236 34       		.byte	0x34
 398 0237 09       		.uleb128 0x9
 399 0238 D5030000 		.4byte	.LASF46
ARM GAS  /var/folders/sv/kgmgr77579zbf78p2zlhkdfr0000gn/T//ccVA4LOE.s 			page 8


 400 023c 07       		.byte	0x7
 401 023d 4601     		.2byte	0x146
 402 023f 3B010000 		.4byte	0x13b
 403 0243 38       		.byte	0x38
 404 0244 09       		.uleb128 0x9
 405 0245 4A030000 		.4byte	.LASF47
 406 0249 07       		.byte	0x7
 407 024a 4D01     		.2byte	0x14d
 408 024c E6060000 		.4byte	0x6e6
 409 0250 3C       		.byte	0x3c
 410 0251 09       		.uleb128 0x9
 411 0252 54040000 		.4byte	.LASF48
 412 0256 07       		.byte	0x7
 413 0257 5101     		.2byte	0x151
 414 0259 25010000 		.4byte	0x125
 415 025d 40       		.byte	0x40
 416 025e 09       		.uleb128 0x9
 417 025f D1000000 		.4byte	.LASF49
 418 0263 07       		.byte	0x7
 419 0264 5801     		.2byte	0x158
 420 0266 54030000 		.4byte	0x354
 421 026a 44       		.byte	0x44
 422 026b 00       		.byte	0
 423 026c 04       		.uleb128 0x4
 424 026d 67020000 		.4byte	.LASF50
 425 0271 06       		.byte	0x6
 426 0272 44       		.byte	0x44
 427 0273 77020000 		.4byte	0x277
 428 0277 0A       		.uleb128 0xa
 429 0278 04       		.byte	0x4
 430 0279 5C010000 		.4byte	0x15c
 431 027d 04       		.uleb128 0x4
 432 027e 34060000 		.4byte	.LASF51
 433 0282 06       		.byte	0x6
 434 0283 49       		.byte	0x49
 435 0284 88020000 		.4byte	0x288
 436 0288 06       		.uleb128 0x6
 437 0289 03040000 		.4byte	.LASF53
 438 028d 04       		.byte	0x4
 439 028e 07       		.byte	0x7
 440 028f B0       		.byte	0xb0
 441 0290 A1020000 		.4byte	0x2a1
 442 0294 07       		.uleb128 0x7
 443 0295 7E030000 		.4byte	.LASF31
 444 0299 07       		.byte	0x7
 445 029a B1       		.byte	0xb1
 446 029b 77020000 		.4byte	0x277
 447 029f 00       		.byte	0
 448 02a0 00       		.byte	0
 449 02a1 04       		.uleb128 0x4
 450 02a2 C3040000 		.4byte	.LASF54
 451 02a6 06       		.byte	0x6
 452 02a7 50       		.byte	0x50
 453 02a8 AC020000 		.4byte	0x2ac
 454 02ac 06       		.uleb128 0x6
 455 02ad 9A000000 		.4byte	.LASF55
 456 02b1 08       		.byte	0x8
ARM GAS  /var/folders/sv/kgmgr77579zbf78p2zlhkdfr0000gn/T//ccVA4LOE.s 			page 9


 457 02b2 07       		.byte	0x7
 458 02b3 B7       		.byte	0xb7
 459 02b4 D1020000 		.4byte	0x2d1
 460 02b8 07       		.uleb128 0x7
 461 02b9 7E030000 		.4byte	.LASF31
 462 02bd 07       		.byte	0x7
 463 02be B8       		.byte	0xb8
 464 02bf 77020000 		.4byte	0x277
 465 02c3 00       		.byte	0
 466 02c4 07       		.uleb128 0x7
 467 02c5 0F030000 		.4byte	.LASF32
 468 02c9 07       		.byte	0x7
 469 02ca B9       		.byte	0xb9
 470 02cb 77020000 		.4byte	0x277
 471 02cf 04       		.byte	0x4
 472 02d0 00       		.byte	0
 473 02d1 04       		.uleb128 0x4
 474 02d2 00000000 		.4byte	.LASF56
 475 02d6 06       		.byte	0x6
 476 02d7 57       		.byte	0x57
 477 02d8 DC020000 		.4byte	0x2dc
 478 02dc 0B       		.uleb128 0xb
 479 02dd 30020000 		.4byte	.LASF57
 480 02e1 1C       		.byte	0x1c
 481 02e2 07       		.byte	0x7
 482 02e3 9001     		.2byte	0x190
 483 02e5 38030000 		.4byte	0x338
 484 02e9 09       		.uleb128 0x9
 485 02ea F0030000 		.4byte	.LASF58
 486 02ee 07       		.byte	0x7
 487 02ef 9101     		.2byte	0x191
 488 02f1 A1020000 		.4byte	0x2a1
 489 02f5 00       		.byte	0
 490 02f6 09       		.uleb128 0x9
 491 02f7 70030000 		.4byte	.LASF59
 492 02fb 07       		.byte	0x7
 493 02fc 9201     		.2byte	0x192
 494 02fe 25010000 		.4byte	0x125
 495 0302 08       		.byte	0x8
 496 0303 09       		.uleb128 0x9
 497 0304 A7020000 		.4byte	.LASF60
 498 0308 07       		.byte	0x7
 499 0309 9401     		.2byte	0x194
 500 030b A7040000 		.4byte	0x4a7
 501 030f 0C       		.byte	0xc
 502 0310 09       		.uleb128 0x9
 503 0311 44010000 		.4byte	.LASF61
 504 0315 07       		.byte	0x7
 505 0316 9701     		.2byte	0x197
 506 0318 77020000 		.4byte	0x277
 507 031c 10       		.byte	0x10
 508 031d 09       		.uleb128 0x9
 509 031e CE020000 		.4byte	.LASF62
 510 0322 07       		.byte	0x7
 511 0323 9801     		.2byte	0x198
 512 0325 77020000 		.4byte	0x277
 513 0329 14       		.byte	0x14
ARM GAS  /var/folders/sv/kgmgr77579zbf78p2zlhkdfr0000gn/T//ccVA4LOE.s 			page 10


 514 032a 09       		.uleb128 0x9
 515 032b C4020000 		.4byte	.LASF63
 516 032f 07       		.byte	0x7
 517 0330 9B01     		.2byte	0x19b
 518 0332 77020000 		.4byte	0x277
 519 0336 18       		.byte	0x18
 520 0337 00       		.byte	0
 521 0338 04       		.uleb128 0x4
 522 0339 5F040000 		.4byte	.LASF64
 523 033d 06       		.byte	0x6
 524 033e 5C       		.byte	0x5c
 525 033f 43030000 		.4byte	0x343
 526 0343 0A       		.uleb128 0xa
 527 0344 04       		.byte	0x4
 528 0345 49030000 		.4byte	0x349
 529 0349 0C       		.uleb128 0xc
 530 034a 54030000 		.4byte	0x354
 531 034e 0D       		.uleb128 0xd
 532 034f 54030000 		.4byte	0x354
 533 0353 00       		.byte	0
 534 0354 0E       		.uleb128 0xe
 535 0355 04       		.byte	0x4
 536 0356 04       		.uleb128 0x4
 537 0357 FF020000 		.4byte	.LASF65
 538 035b 06       		.byte	0x6
 539 035c 61       		.byte	0x61
 540 035d 61030000 		.4byte	0x361
 541 0361 0B       		.uleb128 0xb
 542 0362 B2030000 		.4byte	.LASF66
 543 0366 14       		.byte	0x14
 544 0367 07       		.byte	0x7
 545 0368 6B01     		.2byte	0x16b
 546 036a B0030000 		.4byte	0x3b0
 547 036e 09       		.uleb128 0x9
 548 036f 90010000 		.4byte	.LASF67
 549 0373 07       		.byte	0x7
 550 0374 6C01     		.2byte	0x16c
 551 0376 03070000 		.4byte	0x703
 552 037a 00       		.byte	0
 553 037b 09       		.uleb128 0x9
 554 037c 5A010000 		.4byte	.LASF68
 555 0380 07       		.byte	0x7
 556 0381 6D01     		.2byte	0x16d
 557 0383 03070000 		.4byte	0x703
 558 0387 04       		.byte	0x4
 559 0388 09       		.uleb128 0x9
 560 0389 A4010000 		.4byte	.LASF69
 561 038d 07       		.byte	0x7
 562 038e 6E01     		.2byte	0x16e
 563 0390 51010000 		.4byte	0x151
 564 0394 08       		.byte	0x8
 565 0395 09       		.uleb128 0x9
 566 0396 97020000 		.4byte	.LASF70
 567 039a 07       		.byte	0x7
 568 039b 6F01     		.2byte	0x16f
 569 039d 38030000 		.4byte	0x338
 570 03a1 0C       		.byte	0xc
ARM GAS  /var/folders/sv/kgmgr77579zbf78p2zlhkdfr0000gn/T//ccVA4LOE.s 			page 11


 571 03a2 09       		.uleb128 0x9
 572 03a3 B0040000 		.4byte	.LASF71
 573 03a7 07       		.byte	0x7
 574 03a8 7101     		.2byte	0x171
 575 03aa 54030000 		.4byte	0x354
 576 03ae 10       		.byte	0x10
 577 03af 00       		.byte	0
 578 03b0 04       		.uleb128 0x4
 579 03b1 77000000 		.4byte	.LASF72
 580 03b5 06       		.byte	0x6
 581 03b6 66       		.byte	0x66
 582 03b7 BB030000 		.4byte	0x3bb
 583 03bb 0B       		.uleb128 0xb
 584 03bc 7A020000 		.4byte	.LASF73
 585 03c0 10       		.byte	0x10
 586 03c1 07       		.byte	0x7
 587 03c2 7B01     		.2byte	0x17b
 588 03c4 FD030000 		.4byte	0x3fd
 589 03c8 09       		.uleb128 0x9
 590 03c9 90010000 		.4byte	.LASF67
 591 03cd 07       		.byte	0x7
 592 03ce 7C01     		.2byte	0x17c
 593 03d0 03070000 		.4byte	0x703
 594 03d4 00       		.byte	0
 595 03d5 09       		.uleb128 0x9
 596 03d6 5A010000 		.4byte	.LASF68
 597 03da 07       		.byte	0x7
 598 03db 7E01     		.2byte	0x17e
 599 03dd 03070000 		.4byte	0x703
 600 03e1 04       		.byte	0x4
 601 03e2 09       		.uleb128 0x9
 602 03e3 A4010000 		.4byte	.LASF69
 603 03e7 07       		.byte	0x7
 604 03e8 8001     		.2byte	0x180
 605 03ea 51010000 		.4byte	0x151
 606 03ee 08       		.byte	0x8
 607 03ef 09       		.uleb128 0x9
 608 03f0 F8030000 		.4byte	.LASF74
 609 03f4 07       		.byte	0x7
 610 03f5 8201     		.2byte	0x182
 611 03f7 FE060000 		.4byte	0x6fe
 612 03fb 0C       		.byte	0xc
 613 03fc 00       		.byte	0
 614 03fd 04       		.uleb128 0x4
 615 03fe AD010000 		.4byte	.LASF75
 616 0402 06       		.byte	0x6
 617 0403 6B       		.byte	0x6b
 618 0404 08040000 		.4byte	0x408
 619 0408 0B       		.uleb128 0xb
 620 0409 1E030000 		.4byte	.LASF76
 621 040d 04       		.byte	0x4
 622 040e 07       		.byte	0x7
 623 040f A201     		.2byte	0x1a2
 624 0411 23040000 		.4byte	0x423
 625 0415 09       		.uleb128 0x9
 626 0416 73040000 		.4byte	.LASF77
 627 041a 07       		.byte	0x7
ARM GAS  /var/folders/sv/kgmgr77579zbf78p2zlhkdfr0000gn/T//ccVA4LOE.s 			page 12


 628 041b AA01     		.2byte	0x1aa
 629 041d 09070000 		.4byte	0x709
 630 0421 00       		.byte	0
 631 0422 00       		.byte	0
 632 0423 04       		.uleb128 0x4
 633 0424 1C020000 		.4byte	.LASF78
 634 0428 06       		.byte	0x6
 635 0429 70       		.byte	0x70
 636 042a 2E040000 		.4byte	0x42e
 637 042e 0F       		.uleb128 0xf
 638 042f FE000000 		.4byte	.LASF79
 639 0433 5802     		.2byte	0x258
 640 0435 07       		.byte	0x7
 641 0436 C201     		.2byte	0x1c2
 642 0438 8A040000 		.4byte	0x48a
 643 043c 09       		.uleb128 0x9
 644 043d FE050000 		.4byte	.LASF80
 645 0441 07       		.byte	0x7
 646 0442 C601     		.2byte	0x1c6
 647 0444 D1020000 		.4byte	0x2d1
 648 0448 00       		.byte	0
 649 0449 09       		.uleb128 0x9
 650 044a 41000000 		.4byte	.LASF81
 651 044e 07       		.byte	0x7
 652 044f CA01     		.2byte	0x1ca
 653 0451 B0030000 		.4byte	0x3b0
 654 0455 1C       		.byte	0x1c
 655 0456 08       		.uleb128 0x8
 656 0457 64626700 		.ascii	"dbg\000"
 657 045b 07       		.byte	0x7
 658 045c CE01     		.2byte	0x1ce
 659 045e FD030000 		.4byte	0x3fd
 660 0462 2C       		.byte	0x2c
 661 0463 09       		.uleb128 0x9
 662 0464 6C000000 		.4byte	.LASF82
 663 0468 07       		.byte	0x7
 664 0469 D201     		.2byte	0x1d2
 665 046b 5C010000 		.4byte	0x15c
 666 046f 30       		.byte	0x30
 667 0470 08       		.uleb128 0x8
 668 0471 746D00   		.ascii	"tm\000"
 669 0474 07       		.byte	0x7
 670 0475 D701     		.2byte	0x1d7
 671 0477 1C060000 		.4byte	0x61c
 672 047b 78       		.byte	0x78
 673 047c 09       		.uleb128 0x9
 674 047d A3030000 		.4byte	.LASF83
 675 0481 07       		.byte	0x7
 676 0482 E301     		.2byte	0x1e3
 677 0484 0E070000 		.4byte	0x70e
 678 0488 80       		.byte	0x80
 679 0489 00       		.byte	0
 680 048a 03       		.uleb128 0x3
 681 048b 04       		.byte	0x4
 682 048c 07       		.byte	0x7
 683 048d 14060000 		.4byte	.LASF84
 684 0491 04       		.uleb128 0x4
ARM GAS  /var/folders/sv/kgmgr77579zbf78p2zlhkdfr0000gn/T//ccVA4LOE.s 			page 13


 685 0492 51010000 		.4byte	.LASF85
 686 0496 08       		.byte	0x8
 687 0497 65       		.byte	0x65
 688 0498 54030000 		.4byte	0x354
 689 049c 04       		.uleb128 0x4
 690 049d 54020000 		.4byte	.LASF86
 691 04a1 08       		.byte	0x8
 692 04a2 6D       		.byte	0x6d
 693 04a3 CE000000 		.4byte	0xce
 694 04a7 06       		.uleb128 0x6
 695 04a8 F1010000 		.4byte	.LASF87
 696 04ac 04       		.byte	0x4
 697 04ad 08       		.byte	0x8
 698 04ae 89       		.byte	0x89
 699 04af C0040000 		.4byte	0x4c0
 700 04b3 10       		.uleb128 0x10
 701 04b4 72313300 		.ascii	"r13\000"
 702 04b8 08       		.byte	0x8
 703 04b9 8A       		.byte	0x8a
 704 04ba 01060000 		.4byte	0x601
 705 04be 00       		.byte	0
 706 04bf 00       		.byte	0
 707 04c0 06       		.uleb128 0x6
 708 04c1 35000000 		.4byte	.LASF88
 709 04c5 64       		.byte	0x64
 710 04c6 09       		.byte	0x9
 711 04c7 F4       		.byte	0xf4
 712 04c8 01060000 		.4byte	0x601
 713 04cc 10       		.uleb128 0x10
 714 04cd 73313600 		.ascii	"s16\000"
 715 04d1 09       		.byte	0x9
 716 04d2 F6       		.byte	0xf6
 717 04d3 91040000 		.4byte	0x491
 718 04d7 00       		.byte	0
 719 04d8 10       		.uleb128 0x10
 720 04d9 73313700 		.ascii	"s17\000"
 721 04dd 09       		.byte	0x9
 722 04de F7       		.byte	0xf7
 723 04df 91040000 		.4byte	0x491
 724 04e3 04       		.byte	0x4
 725 04e4 10       		.uleb128 0x10
 726 04e5 73313800 		.ascii	"s18\000"
 727 04e9 09       		.byte	0x9
 728 04ea F8       		.byte	0xf8
 729 04eb 91040000 		.4byte	0x491
 730 04ef 08       		.byte	0x8
 731 04f0 10       		.uleb128 0x10
 732 04f1 73313900 		.ascii	"s19\000"
 733 04f5 09       		.byte	0x9
 734 04f6 F9       		.byte	0xf9
 735 04f7 91040000 		.4byte	0x491
 736 04fb 0C       		.byte	0xc
 737 04fc 10       		.uleb128 0x10
 738 04fd 73323000 		.ascii	"s20\000"
 739 0501 09       		.byte	0x9
 740 0502 FA       		.byte	0xfa
 741 0503 91040000 		.4byte	0x491
ARM GAS  /var/folders/sv/kgmgr77579zbf78p2zlhkdfr0000gn/T//ccVA4LOE.s 			page 14


 742 0507 10       		.byte	0x10
 743 0508 10       		.uleb128 0x10
 744 0509 73323100 		.ascii	"s21\000"
 745 050d 09       		.byte	0x9
 746 050e FB       		.byte	0xfb
 747 050f 91040000 		.4byte	0x491
 748 0513 14       		.byte	0x14
 749 0514 10       		.uleb128 0x10
 750 0515 73323200 		.ascii	"s22\000"
 751 0519 09       		.byte	0x9
 752 051a FC       		.byte	0xfc
 753 051b 91040000 		.4byte	0x491
 754 051f 18       		.byte	0x18
 755 0520 10       		.uleb128 0x10
 756 0521 73323300 		.ascii	"s23\000"
 757 0525 09       		.byte	0x9
 758 0526 FD       		.byte	0xfd
 759 0527 91040000 		.4byte	0x491
 760 052b 1C       		.byte	0x1c
 761 052c 10       		.uleb128 0x10
 762 052d 73323400 		.ascii	"s24\000"
 763 0531 09       		.byte	0x9
 764 0532 FE       		.byte	0xfe
 765 0533 91040000 		.4byte	0x491
 766 0537 20       		.byte	0x20
 767 0538 10       		.uleb128 0x10
 768 0539 73323500 		.ascii	"s25\000"
 769 053d 09       		.byte	0x9
 770 053e FF       		.byte	0xff
 771 053f 91040000 		.4byte	0x491
 772 0543 24       		.byte	0x24
 773 0544 08       		.uleb128 0x8
 774 0545 73323600 		.ascii	"s26\000"
 775 0549 09       		.byte	0x9
 776 054a 0001     		.2byte	0x100
 777 054c 91040000 		.4byte	0x491
 778 0550 28       		.byte	0x28
 779 0551 08       		.uleb128 0x8
 780 0552 73323700 		.ascii	"s27\000"
 781 0556 09       		.byte	0x9
 782 0557 0101     		.2byte	0x101
 783 0559 91040000 		.4byte	0x491
 784 055d 2C       		.byte	0x2c
 785 055e 08       		.uleb128 0x8
 786 055f 73323800 		.ascii	"s28\000"
 787 0563 09       		.byte	0x9
 788 0564 0201     		.2byte	0x102
 789 0566 91040000 		.4byte	0x491
 790 056a 30       		.byte	0x30
 791 056b 08       		.uleb128 0x8
 792 056c 73323900 		.ascii	"s29\000"
 793 0570 09       		.byte	0x9
 794 0571 0301     		.2byte	0x103
 795 0573 91040000 		.4byte	0x491
 796 0577 34       		.byte	0x34
 797 0578 08       		.uleb128 0x8
 798 0579 73333000 		.ascii	"s30\000"
ARM GAS  /var/folders/sv/kgmgr77579zbf78p2zlhkdfr0000gn/T//ccVA4LOE.s 			page 15


 799 057d 09       		.byte	0x9
 800 057e 0401     		.2byte	0x104
 801 0580 91040000 		.4byte	0x491
 802 0584 38       		.byte	0x38
 803 0585 08       		.uleb128 0x8
 804 0586 73333100 		.ascii	"s31\000"
 805 058a 09       		.byte	0x9
 806 058b 0501     		.2byte	0x105
 807 058d 91040000 		.4byte	0x491
 808 0591 3C       		.byte	0x3c
 809 0592 08       		.uleb128 0x8
 810 0593 723400   		.ascii	"r4\000"
 811 0596 09       		.byte	0x9
 812 0597 0701     		.2byte	0x107
 813 0599 91040000 		.4byte	0x491
 814 059d 40       		.byte	0x40
 815 059e 08       		.uleb128 0x8
 816 059f 723500   		.ascii	"r5\000"
 817 05a2 09       		.byte	0x9
 818 05a3 0801     		.2byte	0x108
 819 05a5 91040000 		.4byte	0x491
 820 05a9 44       		.byte	0x44
 821 05aa 08       		.uleb128 0x8
 822 05ab 723600   		.ascii	"r6\000"
 823 05ae 09       		.byte	0x9
 824 05af 0901     		.2byte	0x109
 825 05b1 91040000 		.4byte	0x491
 826 05b5 48       		.byte	0x48
 827 05b6 08       		.uleb128 0x8
 828 05b7 723700   		.ascii	"r7\000"
 829 05ba 09       		.byte	0x9
 830 05bb 0A01     		.2byte	0x10a
 831 05bd 91040000 		.4byte	0x491
 832 05c1 4C       		.byte	0x4c
 833 05c2 08       		.uleb128 0x8
 834 05c3 723800   		.ascii	"r8\000"
 835 05c6 09       		.byte	0x9
 836 05c7 0B01     		.2byte	0x10b
 837 05c9 91040000 		.4byte	0x491
 838 05cd 50       		.byte	0x50
 839 05ce 08       		.uleb128 0x8
 840 05cf 723900   		.ascii	"r9\000"
 841 05d2 09       		.byte	0x9
 842 05d3 0C01     		.2byte	0x10c
 843 05d5 91040000 		.4byte	0x491
 844 05d9 54       		.byte	0x54
 845 05da 08       		.uleb128 0x8
 846 05db 72313000 		.ascii	"r10\000"
 847 05df 09       		.byte	0x9
 848 05e0 0D01     		.2byte	0x10d
 849 05e2 91040000 		.4byte	0x491
 850 05e6 58       		.byte	0x58
 851 05e7 08       		.uleb128 0x8
 852 05e8 72313100 		.ascii	"r11\000"
 853 05ec 09       		.byte	0x9
 854 05ed 0E01     		.2byte	0x10e
 855 05ef 91040000 		.4byte	0x491
ARM GAS  /var/folders/sv/kgmgr77579zbf78p2zlhkdfr0000gn/T//ccVA4LOE.s 			page 16


 856 05f3 5C       		.byte	0x5c
 857 05f4 08       		.uleb128 0x8
 858 05f5 6C7200   		.ascii	"lr\000"
 859 05f8 09       		.byte	0x9
 860 05f9 0F01     		.2byte	0x10f
 861 05fb 91040000 		.4byte	0x491
 862 05ff 60       		.byte	0x60
 863 0600 00       		.byte	0
 864 0601 0A       		.uleb128 0xa
 865 0602 04       		.byte	0x4
 866 0603 C0040000 		.4byte	0x4c0
 867 0607 11       		.uleb128 0x11
 868 0608 04       		.byte	0x4
 869 0609 0A       		.byte	0xa
 870 060a 38       		.byte	0x38
 871 060b 1C060000 		.4byte	0x61c
 872 060f 07       		.uleb128 0x7
 873 0610 7D040000 		.4byte	.LASF89
 874 0614 0A       		.byte	0xa
 875 0615 3C       		.byte	0x3c
 876 0616 EE000000 		.4byte	0xee
 877 061a 00       		.byte	0
 878 061b 00       		.byte	0
 879 061c 04       		.uleb128 0x4
 880 061d B3020000 		.4byte	.LASF90
 881 0621 0A       		.byte	0xa
 882 0622 3D       		.byte	0x3d
 883 0623 07060000 		.4byte	0x607
 884 0627 12       		.uleb128 0x12
 885 0628 04       		.byte	0x4
 886 0629 07       		.byte	0x7
 887 062a FA       		.byte	0xfa
 888 062b 84060000 		.4byte	0x684
 889 062f 13       		.uleb128 0x13
 890 0630 14000000 		.4byte	.LASF91
 891 0634 07       		.byte	0x7
 892 0635 0101     		.2byte	0x101
 893 0637 30010000 		.4byte	0x130
 894 063b 13       		.uleb128 0x13
 895 063c 33010000 		.4byte	.LASF92
 896 0640 07       		.byte	0x7
 897 0641 0801     		.2byte	0x108
 898 0643 30010000 		.4byte	0x130
 899 0647 13       		.uleb128 0x13
 900 0648 E1000000 		.4byte	.LASF93
 901 064c 07       		.byte	0x7
 902 064d 0F01     		.2byte	0x10f
 903 064f 54030000 		.4byte	0x354
 904 0653 13       		.uleb128 0x13
 905 0654 F8000000 		.4byte	.LASF94
 906 0658 07       		.byte	0x7
 907 0659 1601     		.2byte	0x116
 908 065b 84060000 		.4byte	0x684
 909 065f 13       		.uleb128 0x13
 910 0660 9D010000 		.4byte	.LASF95
 911 0664 07       		.byte	0x7
 912 0665 1E01     		.2byte	0x11e
ARM GAS  /var/folders/sv/kgmgr77579zbf78p2zlhkdfr0000gn/T//ccVA4LOE.s 			page 17


 913 0667 AF060000 		.4byte	0x6af
 914 066b 13       		.uleb128 0x13
 915 066c E9030000 		.4byte	.LASF96
 916 0670 07       		.byte	0x7
 917 0671 2701     		.2byte	0x127
 918 0673 E6060000 		.4byte	0x6e6
 919 0677 13       		.uleb128 0x13
 920 0678 77030000 		.4byte	.LASF97
 921 067c 07       		.byte	0x7
 922 067d 2F01     		.2byte	0x12f
 923 067f 3B010000 		.4byte	0x13b
 924 0683 00       		.byte	0
 925 0684 0A       		.uleb128 0xa
 926 0685 04       		.byte	0x4
 927 0686 6C020000 		.4byte	0x26c
 928 068a 06       		.uleb128 0x6
 929 068b C8030000 		.4byte	.LASF98
 930 068f 0C       		.byte	0xc
 931 0690 0B       		.byte	0xb
 932 0691 34       		.byte	0x34
 933 0692 AF060000 		.4byte	0x6af
 934 0696 07       		.uleb128 0x7
 935 0697 2B010000 		.4byte	.LASF99
 936 069b 0B       		.byte	0xb
 937 069c 35       		.byte	0x35
 938 069d A1020000 		.4byte	0x2a1
 939 06a1 00       		.byte	0
 940 06a2 07       		.uleb128 0x7
 941 06a3 EB010000 		.4byte	.LASF100
 942 06a7 0B       		.byte	0xb
 943 06a8 37       		.byte	0x37
 944 06a9 46010000 		.4byte	0x146
 945 06ad 08       		.byte	0x8
 946 06ae 00       		.byte	0
 947 06af 0A       		.uleb128 0xa
 948 06b0 04       		.byte	0x4
 949 06b1 8A060000 		.4byte	0x68a
 950 06b5 06       		.uleb128 0x6
 951 06b6 24060000 		.4byte	.LASF101
 952 06ba 10       		.byte	0x10
 953 06bb 0C       		.byte	0xc
 954 06bc 39       		.byte	0x39
 955 06bd E6060000 		.4byte	0x6e6
 956 06c1 07       		.uleb128 0x7
 957 06c2 D9000000 		.4byte	.LASF102
 958 06c6 0C       		.byte	0xc
 959 06c7 3A       		.byte	0x3a
 960 06c8 A1020000 		.4byte	0x2a1
 961 06cc 00       		.byte	0
 962 06cd 07       		.uleb128 0x7
 963 06ce 04060000 		.4byte	.LASF103
 964 06d2 0C       		.byte	0xc
 965 06d3 3C       		.byte	0x3c
 966 06d4 77020000 		.4byte	0x277
 967 06d8 08       		.byte	0x8
 968 06d9 07       		.uleb128 0x7
 969 06da 43040000 		.4byte	.LASF104
ARM GAS  /var/folders/sv/kgmgr77579zbf78p2zlhkdfr0000gn/T//ccVA4LOE.s 			page 18


 970 06de 0C       		.byte	0xc
 971 06df 3E       		.byte	0x3e
 972 06e0 29070000 		.4byte	0x729
 973 06e4 0C       		.byte	0xc
 974 06e5 00       		.byte	0
 975 06e6 0A       		.uleb128 0xa
 976 06e7 04       		.byte	0x4
 977 06e8 B5060000 		.4byte	0x6b5
 978 06ec 0A       		.uleb128 0xa
 979 06ed 04       		.byte	0x4
 980 06ee F9060000 		.4byte	0x6f9
 981 06f2 03       		.uleb128 0x3
 982 06f3 01       		.byte	0x1
 983 06f4 08       		.byte	0x8
 984 06f5 25040000 		.4byte	.LASF105
 985 06f9 14       		.uleb128 0x14
 986 06fa F2060000 		.4byte	0x6f2
 987 06fe 05       		.uleb128 0x5
 988 06ff 51010000 		.4byte	0x151
 989 0703 0A       		.uleb128 0xa
 990 0704 04       		.byte	0x4
 991 0705 56030000 		.4byte	0x356
 992 0709 05       		.uleb128 0x5
 993 070a EC060000 		.4byte	0x6ec
 994 070e 15       		.uleb128 0x15
 995 070f 9C040000 		.4byte	0x49c
 996 0713 1E070000 		.4byte	0x71e
 997 0717 16       		.uleb128 0x16
 998 0718 8A040000 		.4byte	0x48a
 999 071c 3A       		.byte	0x3a
 1000 071d 00       		.byte	0
 1001 071e 04       		.uleb128 0x4
 1002 071f 6F010000 		.4byte	.LASF106
 1003 0723 0C       		.byte	0xc
 1004 0724 34       		.byte	0x34
 1005 0725 B5060000 		.4byte	0x6b5
 1006 0729 0A       		.uleb128 0xa
 1007 072a 04       		.byte	0x4
 1008 072b 1E070000 		.4byte	0x71e
 1009 072f 03       		.uleb128 0x3
 1010 0730 04       		.byte	0x4
 1011 0731 04       		.byte	0x4
 1012 0732 EC020000 		.4byte	.LASF107
 1013 0736 03       		.uleb128 0x3
 1014 0737 01       		.byte	0x1
 1015 0738 02       		.byte	0x2
 1016 0739 2E030000 		.4byte	.LASF108
 1017 073d 11       		.uleb128 0x11
 1018 073e 04       		.byte	0x4
 1019 073f 0D       		.byte	0xd
 1020 0740 B3       		.byte	0xb3
 1021 0741 5E070000 		.4byte	0x75e
 1022 0745 10       		.uleb128 0x10
 1023 0746 73657400 		.ascii	"set\000"
 1024 074a 0D       		.byte	0xd
 1025 074b B4       		.byte	0xb4
 1026 074c AD000000 		.4byte	0xad
ARM GAS  /var/folders/sv/kgmgr77579zbf78p2zlhkdfr0000gn/T//ccVA4LOE.s 			page 19


 1027 0750 00       		.byte	0
 1028 0751 07       		.uleb128 0x7
 1029 0752 91020000 		.4byte	.LASF109
 1030 0756 0D       		.byte	0xd
 1031 0757 B5       		.byte	0xb5
 1032 0758 AD000000 		.4byte	0xad
 1033 075c 02       		.byte	0x2
 1034 075d 00       		.byte	0
 1035 075e 12       		.uleb128 0x12
 1036 075f 04       		.byte	0x4
 1037 0760 0D       		.byte	0xd
 1038 0761 B1       		.byte	0xb1
 1039 0762 79070000 		.4byte	0x779
 1040 0766 17       		.uleb128 0x17
 1041 0767 5700     		.ascii	"W\000"
 1042 0769 0D       		.byte	0xd
 1043 076a B2       		.byte	0xb2
 1044 076b C3000000 		.4byte	0xc3
 1045 076f 17       		.uleb128 0x17
 1046 0770 4800     		.ascii	"H\000"
 1047 0772 0D       		.byte	0xd
 1048 0773 B6       		.byte	0xb6
 1049 0774 3D070000 		.4byte	0x73d
 1050 0778 00       		.byte	0
 1051 0779 11       		.uleb128 0x11
 1052 077a 2C       		.byte	0x2c
 1053 077b 0D       		.byte	0xd
 1054 077c A9       		.byte	0xa9
 1055 077d 06080000 		.4byte	0x806
 1056 0781 07       		.uleb128 0x7
 1057 0782 D6020000 		.4byte	.LASF110
 1058 0786 0D       		.byte	0xd
 1059 0787 AB       		.byte	0xab
 1060 0788 E9000000 		.4byte	0xe9
 1061 078c 00       		.byte	0
 1062 078d 07       		.uleb128 0x7
 1063 078e 24000000 		.4byte	.LASF111
 1064 0792 0D       		.byte	0xd
 1065 0793 AC       		.byte	0xac
 1066 0794 E9000000 		.4byte	0xe9
 1067 0798 04       		.byte	0x4
 1068 0799 07       		.uleb128 0x7
 1069 079a 3C010000 		.4byte	.LASF112
 1070 079e 0D       		.byte	0xd
 1071 079f AD       		.byte	0xad
 1072 07a0 E9000000 		.4byte	0xe9
 1073 07a4 08       		.byte	0x8
 1074 07a5 07       		.uleb128 0x7
 1075 07a6 F2000000 		.4byte	.LASF113
 1076 07aa 0D       		.byte	0xd
 1077 07ab AE       		.byte	0xae
 1078 07ac E9000000 		.4byte	0xe9
 1079 07b0 0C       		.byte	0xc
 1080 07b1 10       		.uleb128 0x10
 1081 07b2 49445200 		.ascii	"IDR\000"
 1082 07b6 0D       		.byte	0xd
 1083 07b7 AF       		.byte	0xaf
ARM GAS  /var/folders/sv/kgmgr77579zbf78p2zlhkdfr0000gn/T//ccVA4LOE.s 			page 20


 1084 07b8 E9000000 		.4byte	0xe9
 1085 07bc 10       		.byte	0x10
 1086 07bd 10       		.uleb128 0x10
 1087 07be 4F445200 		.ascii	"ODR\000"
 1088 07c2 0D       		.byte	0xd
 1089 07c3 B0       		.byte	0xb0
 1090 07c4 E9000000 		.4byte	0xe9
 1091 07c8 14       		.byte	0x14
 1092 07c9 07       		.uleb128 0x7
 1093 07ca CC000000 		.4byte	.LASF114
 1094 07ce 0D       		.byte	0xd
 1095 07cf B7       		.byte	0xb7
 1096 07d0 06080000 		.4byte	0x806
 1097 07d4 18       		.byte	0x18
 1098 07d5 07       		.uleb128 0x7
 1099 07d6 C3030000 		.4byte	.LASF115
 1100 07da 0D       		.byte	0xd
 1101 07db B8       		.byte	0xb8
 1102 07dc E9000000 		.4byte	0xe9
 1103 07e0 1C       		.byte	0x1c
 1104 07e1 07       		.uleb128 0x7
 1105 07e2 F2020000 		.4byte	.LASF116
 1106 07e6 0D       		.byte	0xd
 1107 07e7 B9       		.byte	0xb9
 1108 07e8 E9000000 		.4byte	0xe9
 1109 07ec 20       		.byte	0x20
 1110 07ed 07       		.uleb128 0x7
 1111 07ee E7020000 		.4byte	.LASF117
 1112 07f2 0D       		.byte	0xd
 1113 07f3 BA       		.byte	0xba
 1114 07f4 E9000000 		.4byte	0xe9
 1115 07f8 24       		.byte	0x24
 1116 07f9 10       		.uleb128 0x10
 1117 07fa 42525200 		.ascii	"BRR\000"
 1118 07fe 0D       		.byte	0xd
 1119 07ff BB       		.byte	0xbb
 1120 0800 E9000000 		.4byte	0xe9
 1121 0804 28       		.byte	0x28
 1122 0805 00       		.byte	0
 1123 0806 05       		.uleb128 0x5
 1124 0807 5E070000 		.4byte	0x75e
 1125 080b 04       		.uleb128 0x4
 1126 080c 62010000 		.4byte	.LASF118
 1127 0810 0D       		.byte	0xd
 1128 0811 BC       		.byte	0xbc
 1129 0812 79070000 		.4byte	0x779
 1130 0816 18       		.uleb128 0x18
 1131 0817 48000000 		.4byte	.LASF119
 1132 081b 0D       		.byte	0xd
 1133 081c 0E01     		.2byte	0x10e
 1134 081e C3000000 		.4byte	0xc3
 1135 0822 18       		.uleb128 0x18
 1136 0823 49060000 		.4byte	.LASF120
 1137 0827 0D       		.byte	0xd
 1138 0828 1301     		.2byte	0x113
 1139 082a C3000000 		.4byte	0xc3
 1140 082e 18       		.uleb128 0x18
ARM GAS  /var/folders/sv/kgmgr77579zbf78p2zlhkdfr0000gn/T//ccVA4LOE.s 			page 21


 1141 082f 84040000 		.4byte	.LASF121
 1142 0833 0D       		.byte	0xd
 1143 0834 1B01     		.2byte	0x11b
 1144 0836 3A080000 		.4byte	0x83a
 1145 083a 0A       		.uleb128 0xa
 1146 083b 04       		.byte	0x4
 1147 083c 0B080000 		.4byte	0x80b
 1148 0840 11       		.uleb128 0x11
 1149 0841 0C       		.byte	0xc
 1150 0842 0E       		.byte	0xe
 1151 0843 7A       		.byte	0x7a
 1152 0844 6D080000 		.4byte	0x86d
 1153 0848 07       		.uleb128 0x7
 1154 0849 1D060000 		.4byte	.LASF122
 1155 084d 0E       		.byte	0xe
 1156 084e 7E       		.byte	0x7e
 1157 084f 2E080000 		.4byte	0x82e
 1158 0853 00       		.byte	0
 1159 0854 07       		.uleb128 0x7
 1160 0855 4C010000 		.4byte	.LASF123
 1161 0859 0E       		.byte	0xe
 1162 085a 84       		.byte	0x84
 1163 085b 16080000 		.4byte	0x816
 1164 085f 04       		.byte	0x4
 1165 0860 07       		.uleb128 0x7
 1166 0861 7D040000 		.4byte	.LASF89
 1167 0865 0E       		.byte	0xe
 1168 0866 88       		.byte	0x88
 1169 0867 D9000000 		.4byte	0xd9
 1170 086b 08       		.byte	0x8
 1171 086c 00       		.byte	0
 1172 086d 04       		.uleb128 0x4
 1173 086e 77010000 		.4byte	.LASF124
 1174 0872 0E       		.byte	0xe
 1175 0873 89       		.byte	0x89
 1176 0874 40080000 		.4byte	0x840
 1177 0878 19       		.uleb128 0x19
 1178 0879 60060000 		.4byte	.LASF134
 1179 087d 01       		.byte	0x1
 1180 087e 41       		.byte	0x41
 1181 087f 16080000 		.4byte	0x816
 1182 0883 00000000 		.4byte	.LFB256
 1183 0887 0E000000 		.4byte	.LFE256-.LFB256
 1184 088b 01       		.uleb128 0x1
 1185 088c 9C       		.byte	0x9c
 1186 088d AA080000 		.4byte	0x8aa
 1187 0891 1A       		.uleb128 0x1a
 1188 0892 62757300 		.ascii	"bus\000"
 1189 0896 01       		.byte	0x1
 1190 0897 41       		.byte	0x41
 1191 0898 AA080000 		.4byte	0x8aa
 1192 089c 00000000 		.4byte	.LLST0
 1193 08a0 1B       		.uleb128 0x1b
 1194 08a1 9A030000 		.4byte	.LASF126
 1195 08a5 C0080000 		.4byte	0x8c0
 1196 08a9 00       		.byte	0
 1197 08aa 0A       		.uleb128 0xa
ARM GAS  /var/folders/sv/kgmgr77579zbf78p2zlhkdfr0000gn/T//ccVA4LOE.s 			page 22


 1198 08ab 04       		.byte	0x4
 1199 08ac 6D080000 		.4byte	0x86d
 1200 08b0 15       		.uleb128 0x15
 1201 08b1 F9060000 		.4byte	0x6f9
 1202 08b5 C0080000 		.4byte	0x8c0
 1203 08b9 16       		.uleb128 0x16
 1204 08ba 8A040000 		.4byte	0x48a
 1205 08be 0A       		.byte	0xa
 1206 08bf 00       		.byte	0
 1207 08c0 14       		.uleb128 0x14
 1208 08c1 B0080000 		.4byte	0x8b0
 1209 08c5 1C       		.uleb128 0x1c
 1210 08c6 B7040000 		.4byte	.LASF127
 1211 08ca 01       		.byte	0x1
 1212 08cb 5A       		.byte	0x5a
 1213 08cc 00000000 		.4byte	.LFB257
 1214 08d0 1E000000 		.4byte	.LFE257-.LFB257
 1215 08d4 01       		.uleb128 0x1
 1216 08d5 9C       		.byte	0x9c
 1217 08d6 02090000 		.4byte	0x902
 1218 08da 1A       		.uleb128 0x1a
 1219 08db 62757300 		.ascii	"bus\000"
 1220 08df 01       		.byte	0x1
 1221 08e0 5A       		.byte	0x5a
 1222 08e1 AA080000 		.4byte	0x8aa
 1223 08e5 21000000 		.4byte	.LLST1
 1224 08e9 1D       		.uleb128 0x1d
 1225 08ea 98010000 		.4byte	.LASF125
 1226 08ee 01       		.byte	0x1
 1227 08ef 5A       		.byte	0x5a
 1228 08f0 16080000 		.4byte	0x816
 1229 08f4 42000000 		.4byte	.LLST2
 1230 08f8 1B       		.uleb128 0x1b
 1231 08f9 9A030000 		.4byte	.LASF126
 1232 08fd 12090000 		.4byte	0x912
 1233 0901 00       		.byte	0
 1234 0902 15       		.uleb128 0x15
 1235 0903 F9060000 		.4byte	0x6f9
 1236 0907 12090000 		.4byte	0x912
 1237 090b 16       		.uleb128 0x16
 1238 090c 8A040000 		.4byte	0x48a
 1239 0910 0B       		.byte	0xb
 1240 0911 00       		.byte	0
 1241 0912 14       		.uleb128 0x14
 1242 0913 02090000 		.4byte	0x902
 1243 0917 1C       		.uleb128 0x1c
 1244 0918 52060000 		.4byte	.LASF128
 1245 091c 01       		.byte	0x1
 1246 091d 71       		.byte	0x71
 1247 091e 00000000 		.4byte	.LFB258
 1248 0922 0A000000 		.4byte	.LFE258-.LFB258
 1249 0926 01       		.uleb128 0x1
 1250 0927 9C       		.byte	0x9c
 1251 0928 65090000 		.4byte	0x965
 1252 092c 1A       		.uleb128 0x1a
 1253 092d 62757300 		.ascii	"bus\000"
 1254 0931 01       		.byte	0x1
ARM GAS  /var/folders/sv/kgmgr77579zbf78p2zlhkdfr0000gn/T//ccVA4LOE.s 			page 23


 1255 0932 71       		.byte	0x71
 1256 0933 AA080000 		.4byte	0x8aa
 1257 0937 63000000 		.4byte	.LLST3
 1258 093b 1D       		.uleb128 0x1d
 1259 093c 2A040000 		.4byte	.LASF129
 1260 0940 01       		.byte	0x1
 1261 0941 71       		.byte	0x71
 1262 0942 22080000 		.4byte	0x822
 1263 0946 84000000 		.4byte	.LLST4
 1264 094a 1B       		.uleb128 0x1b
 1265 094b 9A030000 		.4byte	.LASF126
 1266 094f 75090000 		.4byte	0x975
 1267 0953 1E       		.uleb128 0x1e
 1268 0954 0A000000 		.4byte	.LVL7
 1269 0958 91090000 		.4byte	0x991
 1270 095c 1F       		.uleb128 0x1f
 1271 095d 01       		.uleb128 0x1
 1272 095e 52       		.byte	0x52
 1273 095f 03       		.uleb128 0x3
 1274 0960 F3       		.byte	0xf3
 1275 0961 01       		.uleb128 0x1
 1276 0962 51       		.byte	0x51
 1277 0963 00       		.byte	0
 1278 0964 00       		.byte	0
 1279 0965 15       		.uleb128 0x15
 1280 0966 F9060000 		.4byte	0x6f9
 1281 096a 75090000 		.4byte	0x975
 1282 096e 16       		.uleb128 0x16
 1283 096f 8A040000 		.4byte	0x48a
 1284 0973 0D       		.byte	0xd
 1285 0974 00       		.byte	0
 1286 0975 14       		.uleb128 0x14
 1287 0976 65090000 		.4byte	0x965
 1288 097a 20       		.uleb128 0x20
 1289 097b 8D000000 		.4byte	.LASF130
 1290 097f 0F       		.byte	0xf
 1291 0980 A706     		.2byte	0x6a7
 1292 0982 E4000000 		.4byte	0xe4
 1293 0986 21       		.uleb128 0x21
 1294 0987 636800   		.ascii	"ch\000"
 1295 098a 07       		.byte	0x7
 1296 098b 0902     		.2byte	0x209
 1297 098d 23040000 		.4byte	0x423
 1298 0991 22       		.uleb128 0x22
 1299 0992 8F040000 		.4byte	.LASF135
 1300 0996 8F040000 		.4byte	.LASF135
 1301 099a 0D       		.byte	0xd
 1302 099b E001     		.2byte	0x1e0
 1303 099d 00       		.byte	0
 1304              		.section	.debug_abbrev,"",%progbits
 1305              	.Ldebug_abbrev0:
 1306 0000 01       		.uleb128 0x1
 1307 0001 11       		.uleb128 0x11
 1308 0002 01       		.byte	0x1
 1309 0003 25       		.uleb128 0x25
 1310 0004 0E       		.uleb128 0xe
 1311 0005 13       		.uleb128 0x13
ARM GAS  /var/folders/sv/kgmgr77579zbf78p2zlhkdfr0000gn/T//ccVA4LOE.s 			page 24


 1312 0006 0B       		.uleb128 0xb
 1313 0007 03       		.uleb128 0x3
 1314 0008 0E       		.uleb128 0xe
 1315 0009 1B       		.uleb128 0x1b
 1316 000a 0E       		.uleb128 0xe
 1317 000b 55       		.uleb128 0x55
 1318 000c 17       		.uleb128 0x17
 1319 000d 11       		.uleb128 0x11
 1320 000e 01       		.uleb128 0x1
 1321 000f 10       		.uleb128 0x10
 1322 0010 17       		.uleb128 0x17
 1323 0011 00       		.byte	0
 1324 0012 00       		.byte	0
 1325 0013 02       		.uleb128 0x2
 1326 0014 24       		.uleb128 0x24
 1327 0015 00       		.byte	0
 1328 0016 0B       		.uleb128 0xb
 1329 0017 0B       		.uleb128 0xb
 1330 0018 3E       		.uleb128 0x3e
 1331 0019 0B       		.uleb128 0xb
 1332 001a 03       		.uleb128 0x3
 1333 001b 08       		.uleb128 0x8
 1334 001c 00       		.byte	0
 1335 001d 00       		.byte	0
 1336 001e 03       		.uleb128 0x3
 1337 001f 24       		.uleb128 0x24
 1338 0020 00       		.byte	0
 1339 0021 0B       		.uleb128 0xb
 1340 0022 0B       		.uleb128 0xb
 1341 0023 3E       		.uleb128 0x3e
 1342 0024 0B       		.uleb128 0xb
 1343 0025 03       		.uleb128 0x3
 1344 0026 0E       		.uleb128 0xe
 1345 0027 00       		.byte	0
 1346 0028 00       		.byte	0
 1347 0029 04       		.uleb128 0x4
 1348 002a 16       		.uleb128 0x16
 1349 002b 00       		.byte	0
 1350 002c 03       		.uleb128 0x3
 1351 002d 0E       		.uleb128 0xe
 1352 002e 3A       		.uleb128 0x3a
 1353 002f 0B       		.uleb128 0xb
 1354 0030 3B       		.uleb128 0x3b
 1355 0031 0B       		.uleb128 0xb
 1356 0032 49       		.uleb128 0x49
 1357 0033 13       		.uleb128 0x13
 1358 0034 00       		.byte	0
 1359 0035 00       		.byte	0
 1360 0036 05       		.uleb128 0x5
 1361 0037 35       		.uleb128 0x35
 1362 0038 00       		.byte	0
 1363 0039 49       		.uleb128 0x49
 1364 003a 13       		.uleb128 0x13
 1365 003b 00       		.byte	0
 1366 003c 00       		.byte	0
 1367 003d 06       		.uleb128 0x6
 1368 003e 13       		.uleb128 0x13
ARM GAS  /var/folders/sv/kgmgr77579zbf78p2zlhkdfr0000gn/T//ccVA4LOE.s 			page 25


 1369 003f 01       		.byte	0x1
 1370 0040 03       		.uleb128 0x3
 1371 0041 0E       		.uleb128 0xe
 1372 0042 0B       		.uleb128 0xb
 1373 0043 0B       		.uleb128 0xb
 1374 0044 3A       		.uleb128 0x3a
 1375 0045 0B       		.uleb128 0xb
 1376 0046 3B       		.uleb128 0x3b
 1377 0047 0B       		.uleb128 0xb
 1378 0048 01       		.uleb128 0x1
 1379 0049 13       		.uleb128 0x13
 1380 004a 00       		.byte	0
 1381 004b 00       		.byte	0
 1382 004c 07       		.uleb128 0x7
 1383 004d 0D       		.uleb128 0xd
 1384 004e 00       		.byte	0
 1385 004f 03       		.uleb128 0x3
 1386 0050 0E       		.uleb128 0xe
 1387 0051 3A       		.uleb128 0x3a
 1388 0052 0B       		.uleb128 0xb
 1389 0053 3B       		.uleb128 0x3b
 1390 0054 0B       		.uleb128 0xb
 1391 0055 49       		.uleb128 0x49
 1392 0056 13       		.uleb128 0x13
 1393 0057 38       		.uleb128 0x38
 1394 0058 0B       		.uleb128 0xb
 1395 0059 00       		.byte	0
 1396 005a 00       		.byte	0
 1397 005b 08       		.uleb128 0x8
 1398 005c 0D       		.uleb128 0xd
 1399 005d 00       		.byte	0
 1400 005e 03       		.uleb128 0x3
 1401 005f 08       		.uleb128 0x8
 1402 0060 3A       		.uleb128 0x3a
 1403 0061 0B       		.uleb128 0xb
 1404 0062 3B       		.uleb128 0x3b
 1405 0063 05       		.uleb128 0x5
 1406 0064 49       		.uleb128 0x49
 1407 0065 13       		.uleb128 0x13
 1408 0066 38       		.uleb128 0x38
 1409 0067 0B       		.uleb128 0xb
 1410 0068 00       		.byte	0
 1411 0069 00       		.byte	0
 1412 006a 09       		.uleb128 0x9
 1413 006b 0D       		.uleb128 0xd
 1414 006c 00       		.byte	0
 1415 006d 03       		.uleb128 0x3
 1416 006e 0E       		.uleb128 0xe
 1417 006f 3A       		.uleb128 0x3a
 1418 0070 0B       		.uleb128 0xb
 1419 0071 3B       		.uleb128 0x3b
 1420 0072 05       		.uleb128 0x5
 1421 0073 49       		.uleb128 0x49
 1422 0074 13       		.uleb128 0x13
 1423 0075 38       		.uleb128 0x38
 1424 0076 0B       		.uleb128 0xb
 1425 0077 00       		.byte	0
ARM GAS  /var/folders/sv/kgmgr77579zbf78p2zlhkdfr0000gn/T//ccVA4LOE.s 			page 26


 1426 0078 00       		.byte	0
 1427 0079 0A       		.uleb128 0xa
 1428 007a 0F       		.uleb128 0xf
 1429 007b 00       		.byte	0
 1430 007c 0B       		.uleb128 0xb
 1431 007d 0B       		.uleb128 0xb
 1432 007e 49       		.uleb128 0x49
 1433 007f 13       		.uleb128 0x13
 1434 0080 00       		.byte	0
 1435 0081 00       		.byte	0
 1436 0082 0B       		.uleb128 0xb
 1437 0083 13       		.uleb128 0x13
 1438 0084 01       		.byte	0x1
 1439 0085 03       		.uleb128 0x3
 1440 0086 0E       		.uleb128 0xe
 1441 0087 0B       		.uleb128 0xb
 1442 0088 0B       		.uleb128 0xb
 1443 0089 3A       		.uleb128 0x3a
 1444 008a 0B       		.uleb128 0xb
 1445 008b 3B       		.uleb128 0x3b
 1446 008c 05       		.uleb128 0x5
 1447 008d 01       		.uleb128 0x1
 1448 008e 13       		.uleb128 0x13
 1449 008f 00       		.byte	0
 1450 0090 00       		.byte	0
 1451 0091 0C       		.uleb128 0xc
 1452 0092 15       		.uleb128 0x15
 1453 0093 01       		.byte	0x1
 1454 0094 27       		.uleb128 0x27
 1455 0095 19       		.uleb128 0x19
 1456 0096 01       		.uleb128 0x1
 1457 0097 13       		.uleb128 0x13
 1458 0098 00       		.byte	0
 1459 0099 00       		.byte	0
 1460 009a 0D       		.uleb128 0xd
 1461 009b 05       		.uleb128 0x5
 1462 009c 00       		.byte	0
 1463 009d 49       		.uleb128 0x49
 1464 009e 13       		.uleb128 0x13
 1465 009f 00       		.byte	0
 1466 00a0 00       		.byte	0
 1467 00a1 0E       		.uleb128 0xe
 1468 00a2 0F       		.uleb128 0xf
 1469 00a3 00       		.byte	0
 1470 00a4 0B       		.uleb128 0xb
 1471 00a5 0B       		.uleb128 0xb
 1472 00a6 00       		.byte	0
 1473 00a7 00       		.byte	0
 1474 00a8 0F       		.uleb128 0xf
 1475 00a9 13       		.uleb128 0x13
 1476 00aa 01       		.byte	0x1
 1477 00ab 03       		.uleb128 0x3
 1478 00ac 0E       		.uleb128 0xe
 1479 00ad 0B       		.uleb128 0xb
 1480 00ae 05       		.uleb128 0x5
 1481 00af 3A       		.uleb128 0x3a
 1482 00b0 0B       		.uleb128 0xb
ARM GAS  /var/folders/sv/kgmgr77579zbf78p2zlhkdfr0000gn/T//ccVA4LOE.s 			page 27


 1483 00b1 3B       		.uleb128 0x3b
 1484 00b2 05       		.uleb128 0x5
 1485 00b3 01       		.uleb128 0x1
 1486 00b4 13       		.uleb128 0x13
 1487 00b5 00       		.byte	0
 1488 00b6 00       		.byte	0
 1489 00b7 10       		.uleb128 0x10
 1490 00b8 0D       		.uleb128 0xd
 1491 00b9 00       		.byte	0
 1492 00ba 03       		.uleb128 0x3
 1493 00bb 08       		.uleb128 0x8
 1494 00bc 3A       		.uleb128 0x3a
 1495 00bd 0B       		.uleb128 0xb
 1496 00be 3B       		.uleb128 0x3b
 1497 00bf 0B       		.uleb128 0xb
 1498 00c0 49       		.uleb128 0x49
 1499 00c1 13       		.uleb128 0x13
 1500 00c2 38       		.uleb128 0x38
 1501 00c3 0B       		.uleb128 0xb
 1502 00c4 00       		.byte	0
 1503 00c5 00       		.byte	0
 1504 00c6 11       		.uleb128 0x11
 1505 00c7 13       		.uleb128 0x13
 1506 00c8 01       		.byte	0x1
 1507 00c9 0B       		.uleb128 0xb
 1508 00ca 0B       		.uleb128 0xb
 1509 00cb 3A       		.uleb128 0x3a
 1510 00cc 0B       		.uleb128 0xb
 1511 00cd 3B       		.uleb128 0x3b
 1512 00ce 0B       		.uleb128 0xb
 1513 00cf 01       		.uleb128 0x1
 1514 00d0 13       		.uleb128 0x13
 1515 00d1 00       		.byte	0
 1516 00d2 00       		.byte	0
 1517 00d3 12       		.uleb128 0x12
 1518 00d4 17       		.uleb128 0x17
 1519 00d5 01       		.byte	0x1
 1520 00d6 0B       		.uleb128 0xb
 1521 00d7 0B       		.uleb128 0xb
 1522 00d8 3A       		.uleb128 0x3a
 1523 00d9 0B       		.uleb128 0xb
 1524 00da 3B       		.uleb128 0x3b
 1525 00db 0B       		.uleb128 0xb
 1526 00dc 01       		.uleb128 0x1
 1527 00dd 13       		.uleb128 0x13
 1528 00de 00       		.byte	0
 1529 00df 00       		.byte	0
 1530 00e0 13       		.uleb128 0x13
 1531 00e1 0D       		.uleb128 0xd
 1532 00e2 00       		.byte	0
 1533 00e3 03       		.uleb128 0x3
 1534 00e4 0E       		.uleb128 0xe
 1535 00e5 3A       		.uleb128 0x3a
 1536 00e6 0B       		.uleb128 0xb
 1537 00e7 3B       		.uleb128 0x3b
 1538 00e8 05       		.uleb128 0x5
 1539 00e9 49       		.uleb128 0x49
ARM GAS  /var/folders/sv/kgmgr77579zbf78p2zlhkdfr0000gn/T//ccVA4LOE.s 			page 28


 1540 00ea 13       		.uleb128 0x13
 1541 00eb 00       		.byte	0
 1542 00ec 00       		.byte	0
 1543 00ed 14       		.uleb128 0x14
 1544 00ee 26       		.uleb128 0x26
 1545 00ef 00       		.byte	0
 1546 00f0 49       		.uleb128 0x49
 1547 00f1 13       		.uleb128 0x13
 1548 00f2 00       		.byte	0
 1549 00f3 00       		.byte	0
 1550 00f4 15       		.uleb128 0x15
 1551 00f5 01       		.uleb128 0x1
 1552 00f6 01       		.byte	0x1
 1553 00f7 49       		.uleb128 0x49
 1554 00f8 13       		.uleb128 0x13
 1555 00f9 01       		.uleb128 0x1
 1556 00fa 13       		.uleb128 0x13
 1557 00fb 00       		.byte	0
 1558 00fc 00       		.byte	0
 1559 00fd 16       		.uleb128 0x16
 1560 00fe 21       		.uleb128 0x21
 1561 00ff 00       		.byte	0
 1562 0100 49       		.uleb128 0x49
 1563 0101 13       		.uleb128 0x13
 1564 0102 2F       		.uleb128 0x2f
 1565 0103 0B       		.uleb128 0xb
 1566 0104 00       		.byte	0
 1567 0105 00       		.byte	0
 1568 0106 17       		.uleb128 0x17
 1569 0107 0D       		.uleb128 0xd
 1570 0108 00       		.byte	0
 1571 0109 03       		.uleb128 0x3
 1572 010a 08       		.uleb128 0x8
 1573 010b 3A       		.uleb128 0x3a
 1574 010c 0B       		.uleb128 0xb
 1575 010d 3B       		.uleb128 0x3b
 1576 010e 0B       		.uleb128 0xb
 1577 010f 49       		.uleb128 0x49
 1578 0110 13       		.uleb128 0x13
 1579 0111 00       		.byte	0
 1580 0112 00       		.byte	0
 1581 0113 18       		.uleb128 0x18
 1582 0114 16       		.uleb128 0x16
 1583 0115 00       		.byte	0
 1584 0116 03       		.uleb128 0x3
 1585 0117 0E       		.uleb128 0xe
 1586 0118 3A       		.uleb128 0x3a
 1587 0119 0B       		.uleb128 0xb
 1588 011a 3B       		.uleb128 0x3b
 1589 011b 05       		.uleb128 0x5
 1590 011c 49       		.uleb128 0x49
 1591 011d 13       		.uleb128 0x13
 1592 011e 00       		.byte	0
 1593 011f 00       		.byte	0
 1594 0120 19       		.uleb128 0x19
 1595 0121 2E       		.uleb128 0x2e
 1596 0122 01       		.byte	0x1
ARM GAS  /var/folders/sv/kgmgr77579zbf78p2zlhkdfr0000gn/T//ccVA4LOE.s 			page 29


 1597 0123 3F       		.uleb128 0x3f
 1598 0124 19       		.uleb128 0x19
 1599 0125 03       		.uleb128 0x3
 1600 0126 0E       		.uleb128 0xe
 1601 0127 3A       		.uleb128 0x3a
 1602 0128 0B       		.uleb128 0xb
 1603 0129 3B       		.uleb128 0x3b
 1604 012a 0B       		.uleb128 0xb
 1605 012b 27       		.uleb128 0x27
 1606 012c 19       		.uleb128 0x19
 1607 012d 49       		.uleb128 0x49
 1608 012e 13       		.uleb128 0x13
 1609 012f 11       		.uleb128 0x11
 1610 0130 01       		.uleb128 0x1
 1611 0131 12       		.uleb128 0x12
 1612 0132 06       		.uleb128 0x6
 1613 0133 40       		.uleb128 0x40
 1614 0134 18       		.uleb128 0x18
 1615 0135 9742     		.uleb128 0x2117
 1616 0137 19       		.uleb128 0x19
 1617 0138 01       		.uleb128 0x1
 1618 0139 13       		.uleb128 0x13
 1619 013a 00       		.byte	0
 1620 013b 00       		.byte	0
 1621 013c 1A       		.uleb128 0x1a
 1622 013d 05       		.uleb128 0x5
 1623 013e 00       		.byte	0
 1624 013f 03       		.uleb128 0x3
 1625 0140 08       		.uleb128 0x8
 1626 0141 3A       		.uleb128 0x3a
 1627 0142 0B       		.uleb128 0xb
 1628 0143 3B       		.uleb128 0x3b
 1629 0144 0B       		.uleb128 0xb
 1630 0145 49       		.uleb128 0x49
 1631 0146 13       		.uleb128 0x13
 1632 0147 02       		.uleb128 0x2
 1633 0148 17       		.uleb128 0x17
 1634 0149 00       		.byte	0
 1635 014a 00       		.byte	0
 1636 014b 1B       		.uleb128 0x1b
 1637 014c 34       		.uleb128 0x34
 1638 014d 00       		.byte	0
 1639 014e 03       		.uleb128 0x3
 1640 014f 0E       		.uleb128 0xe
 1641 0150 49       		.uleb128 0x49
 1642 0151 13       		.uleb128 0x13
 1643 0152 34       		.uleb128 0x34
 1644 0153 19       		.uleb128 0x19
 1645 0154 00       		.byte	0
 1646 0155 00       		.byte	0
 1647 0156 1C       		.uleb128 0x1c
 1648 0157 2E       		.uleb128 0x2e
 1649 0158 01       		.byte	0x1
 1650 0159 3F       		.uleb128 0x3f
 1651 015a 19       		.uleb128 0x19
 1652 015b 03       		.uleb128 0x3
 1653 015c 0E       		.uleb128 0xe
ARM GAS  /var/folders/sv/kgmgr77579zbf78p2zlhkdfr0000gn/T//ccVA4LOE.s 			page 30


 1654 015d 3A       		.uleb128 0x3a
 1655 015e 0B       		.uleb128 0xb
 1656 015f 3B       		.uleb128 0x3b
 1657 0160 0B       		.uleb128 0xb
 1658 0161 27       		.uleb128 0x27
 1659 0162 19       		.uleb128 0x19
 1660 0163 11       		.uleb128 0x11
 1661 0164 01       		.uleb128 0x1
 1662 0165 12       		.uleb128 0x12
 1663 0166 06       		.uleb128 0x6
 1664 0167 40       		.uleb128 0x40
 1665 0168 18       		.uleb128 0x18
 1666 0169 9742     		.uleb128 0x2117
 1667 016b 19       		.uleb128 0x19
 1668 016c 01       		.uleb128 0x1
 1669 016d 13       		.uleb128 0x13
 1670 016e 00       		.byte	0
 1671 016f 00       		.byte	0
 1672 0170 1D       		.uleb128 0x1d
 1673 0171 05       		.uleb128 0x5
 1674 0172 00       		.byte	0
 1675 0173 03       		.uleb128 0x3
 1676 0174 0E       		.uleb128 0xe
 1677 0175 3A       		.uleb128 0x3a
 1678 0176 0B       		.uleb128 0xb
 1679 0177 3B       		.uleb128 0x3b
 1680 0178 0B       		.uleb128 0xb
 1681 0179 49       		.uleb128 0x49
 1682 017a 13       		.uleb128 0x13
 1683 017b 02       		.uleb128 0x2
 1684 017c 17       		.uleb128 0x17
 1685 017d 00       		.byte	0
 1686 017e 00       		.byte	0
 1687 017f 1E       		.uleb128 0x1e
 1688 0180 898201   		.uleb128 0x4109
 1689 0183 01       		.byte	0x1
 1690 0184 11       		.uleb128 0x11
 1691 0185 01       		.uleb128 0x1
 1692 0186 9542     		.uleb128 0x2115
 1693 0188 19       		.uleb128 0x19
 1694 0189 31       		.uleb128 0x31
 1695 018a 13       		.uleb128 0x13
 1696 018b 00       		.byte	0
 1697 018c 00       		.byte	0
 1698 018d 1F       		.uleb128 0x1f
 1699 018e 8A8201   		.uleb128 0x410a
 1700 0191 00       		.byte	0
 1701 0192 02       		.uleb128 0x2
 1702 0193 18       		.uleb128 0x18
 1703 0194 9142     		.uleb128 0x2111
 1704 0196 18       		.uleb128 0x18
 1705 0197 00       		.byte	0
 1706 0198 00       		.byte	0
 1707 0199 20       		.uleb128 0x20
 1708 019a 34       		.uleb128 0x34
 1709 019b 00       		.byte	0
 1710 019c 03       		.uleb128 0x3
ARM GAS  /var/folders/sv/kgmgr77579zbf78p2zlhkdfr0000gn/T//ccVA4LOE.s 			page 31


 1711 019d 0E       		.uleb128 0xe
 1712 019e 3A       		.uleb128 0x3a
 1713 019f 0B       		.uleb128 0xb
 1714 01a0 3B       		.uleb128 0x3b
 1715 01a1 05       		.uleb128 0x5
 1716 01a2 49       		.uleb128 0x49
 1717 01a3 13       		.uleb128 0x13
 1718 01a4 3F       		.uleb128 0x3f
 1719 01a5 19       		.uleb128 0x19
 1720 01a6 3C       		.uleb128 0x3c
 1721 01a7 19       		.uleb128 0x19
 1722 01a8 00       		.byte	0
 1723 01a9 00       		.byte	0
 1724 01aa 21       		.uleb128 0x21
 1725 01ab 34       		.uleb128 0x34
 1726 01ac 00       		.byte	0
 1727 01ad 03       		.uleb128 0x3
 1728 01ae 08       		.uleb128 0x8
 1729 01af 3A       		.uleb128 0x3a
 1730 01b0 0B       		.uleb128 0xb
 1731 01b1 3B       		.uleb128 0x3b
 1732 01b2 05       		.uleb128 0x5
 1733 01b3 49       		.uleb128 0x49
 1734 01b4 13       		.uleb128 0x13
 1735 01b5 3F       		.uleb128 0x3f
 1736 01b6 19       		.uleb128 0x19
 1737 01b7 3C       		.uleb128 0x3c
 1738 01b8 19       		.uleb128 0x19
 1739 01b9 00       		.byte	0
 1740 01ba 00       		.byte	0
 1741 01bb 22       		.uleb128 0x22
 1742 01bc 2E       		.uleb128 0x2e
 1743 01bd 00       		.byte	0
 1744 01be 3F       		.uleb128 0x3f
 1745 01bf 19       		.uleb128 0x19
 1746 01c0 3C       		.uleb128 0x3c
 1747 01c1 19       		.uleb128 0x19
 1748 01c2 6E       		.uleb128 0x6e
 1749 01c3 0E       		.uleb128 0xe
 1750 01c4 03       		.uleb128 0x3
 1751 01c5 0E       		.uleb128 0xe
 1752 01c6 3A       		.uleb128 0x3a
 1753 01c7 0B       		.uleb128 0xb
 1754 01c8 3B       		.uleb128 0x3b
 1755 01c9 05       		.uleb128 0x5
 1756 01ca 00       		.byte	0
 1757 01cb 00       		.byte	0
 1758 01cc 00       		.byte	0
 1759              		.section	.debug_loc,"",%progbits
 1760              	.Ldebug_loc0:
 1761              	.LLST0:
 1762 0000 00000000 		.4byte	.LVL0
 1763 0004 08000000 		.4byte	.LVL1
 1764 0008 0100     		.2byte	0x1
 1765 000a 50       		.byte	0x50
 1766 000b 08000000 		.4byte	.LVL1
 1767 000f 0E000000 		.4byte	.LFE256
ARM GAS  /var/folders/sv/kgmgr77579zbf78p2zlhkdfr0000gn/T//ccVA4LOE.s 			page 32


 1768 0013 0400     		.2byte	0x4
 1769 0015 F3       		.byte	0xf3
 1770 0016 01       		.uleb128 0x1
 1771 0017 50       		.byte	0x50
 1772 0018 9F       		.byte	0x9f
 1773 0019 00000000 		.4byte	0
 1774 001d 00000000 		.4byte	0
 1775              	.LLST1:
 1776 0021 00000000 		.4byte	.LVL2
 1777 0025 04000000 		.4byte	.LVL3
 1778 0029 0100     		.2byte	0x1
 1779 002b 50       		.byte	0x50
 1780 002c 04000000 		.4byte	.LVL3
 1781 0030 1E000000 		.4byte	.LFE257
 1782 0034 0400     		.2byte	0x4
 1783 0036 F3       		.byte	0xf3
 1784 0037 01       		.uleb128 0x1
 1785 0038 50       		.byte	0x50
 1786 0039 9F       		.byte	0x9f
 1787 003a 00000000 		.4byte	0
 1788 003e 00000000 		.4byte	0
 1789              	.LLST2:
 1790 0042 00000000 		.4byte	.LVL2
 1791 0046 0A000000 		.4byte	.LVL4
 1792 004a 0100     		.2byte	0x1
 1793 004c 51       		.byte	0x51
 1794 004d 0A000000 		.4byte	.LVL4
 1795 0051 1E000000 		.4byte	.LFE257
 1796 0055 0400     		.2byte	0x4
 1797 0057 F3       		.byte	0xf3
 1798 0058 01       		.uleb128 0x1
 1799 0059 51       		.byte	0x51
 1800 005a 9F       		.byte	0x9f
 1801 005b 00000000 		.4byte	0
 1802 005f 00000000 		.4byte	0
 1803              	.LLST3:
 1804 0063 00000000 		.4byte	.LVL5
 1805 0067 04000000 		.4byte	.LVL6
 1806 006b 0100     		.2byte	0x1
 1807 006d 50       		.byte	0x50
 1808 006e 04000000 		.4byte	.LVL6
 1809 0072 0A000000 		.4byte	.LFE258
 1810 0076 0400     		.2byte	0x4
 1811 0078 F3       		.byte	0xf3
 1812 0079 01       		.uleb128 0x1
 1813 007a 50       		.byte	0x50
 1814 007b 9F       		.byte	0x9f
 1815 007c 00000000 		.4byte	0
 1816 0080 00000000 		.4byte	0
 1817              	.LLST4:
 1818 0084 00000000 		.4byte	.LVL5
 1819 0088 04000000 		.4byte	.LVL6
 1820 008c 0100     		.2byte	0x1
 1821 008e 51       		.byte	0x51
 1822 008f 04000000 		.4byte	.LVL6
 1823 0093 09000000 		.4byte	.LVL7-1
 1824 0097 0100     		.2byte	0x1
ARM GAS  /var/folders/sv/kgmgr77579zbf78p2zlhkdfr0000gn/T//ccVA4LOE.s 			page 33


 1825 0099 52       		.byte	0x52
 1826 009a 09000000 		.4byte	.LVL7-1
 1827 009e 0A000000 		.4byte	.LFE258
 1828 00a2 0400     		.2byte	0x4
 1829 00a4 F3       		.byte	0xf3
 1830 00a5 01       		.uleb128 0x1
 1831 00a6 51       		.byte	0x51
 1832 00a7 9F       		.byte	0x9f
 1833 00a8 00000000 		.4byte	0
 1834 00ac 00000000 		.4byte	0
 1835              		.section	.debug_aranges,"",%progbits
 1836 0000 2C000000 		.4byte	0x2c
 1837 0004 0200     		.2byte	0x2
 1838 0006 00000000 		.4byte	.Ldebug_info0
 1839 000a 04       		.byte	0x4
 1840 000b 00       		.byte	0
 1841 000c 0000     		.2byte	0
 1842 000e 0000     		.2byte	0
 1843 0010 00000000 		.4byte	.LFB256
 1844 0014 0E000000 		.4byte	.LFE256-.LFB256
 1845 0018 00000000 		.4byte	.LFB257
 1846 001c 1E000000 		.4byte	.LFE257-.LFB257
 1847 0020 00000000 		.4byte	.LFB258
 1848 0024 0A000000 		.4byte	.LFE258-.LFB258
 1849 0028 00000000 		.4byte	0
 1850 002c 00000000 		.4byte	0
 1851              		.section	.debug_ranges,"",%progbits
 1852              	.Ldebug_ranges0:
 1853 0000 00000000 		.4byte	.LFB256
 1854 0004 0E000000 		.4byte	.LFE256
 1855 0008 00000000 		.4byte	.LFB257
 1856 000c 1E000000 		.4byte	.LFE257
 1857 0010 00000000 		.4byte	.LFB258
 1858 0014 0A000000 		.4byte	.LFE258
 1859 0018 00000000 		.4byte	0
 1860 001c 00000000 		.4byte	0
 1861              		.section	.debug_line,"",%progbits
 1862              	.Ldebug_line0:
 1863 0000 D3020000 		.section	.debug_str,"MS",%progbits,1
 1863      02009802 
 1863      00000201 
 1863      FB0E0D00 
 1863      01010101 
 1864              	.LASF56:
 1865 0000 72656164 		.ascii	"ready_list_t\000"
 1865      795F6C69 
 1865      73745F74 
 1865      00
 1866              	.LASF42:
 1867 000d 705F7469 		.ascii	"p_time\000"
 1867      6D6500
 1868              	.LASF91:
 1869 0014 7264796D 		.ascii	"rdymsg\000"
 1869      736700
 1870              	.LASF18:
 1871 001b 75696E74 		.ascii	"uint64_t\000"
 1871      36345F74 
ARM GAS  /var/folders/sv/kgmgr77579zbf78p2zlhkdfr0000gn/T//ccVA4LOE.s 			page 34


 1871      00
 1872              	.LASF111:
 1873 0024 4F545950 		.ascii	"OTYPER\000"
 1873      455200
 1874              	.LASF4:
 1875 002b 5F5F7569 		.ascii	"__uint8_t\000"
 1875      6E74385F 
 1875      7400
 1876              	.LASF88:
 1877 0035 706F7274 		.ascii	"port_intctx\000"
 1877      5F696E74 
 1877      63747800 
 1878              	.LASF81:
 1879 0041 76746C69 		.ascii	"vtlist\000"
 1879      737400
 1880              	.LASF119:
 1881 0048 696F706F 		.ascii	"ioportmask_t\000"
 1881      72746D61 
 1881      736B5F74 
 1881      00
 1882              	.LASF13:
 1883 0055 6C6F6E67 		.ascii	"long long unsigned int\000"
 1883      206C6F6E 
 1883      6720756E 
 1883      7369676E 
 1883      65642069 
 1884              	.LASF82:
 1885 006c 6D61696E 		.ascii	"mainthread\000"
 1885      74687265 
 1885      616400
 1886              	.LASF72:
 1887 0077 76697274 		.ascii	"virtual_timers_list_t\000"
 1887      75616C5F 
 1887      74696D65 
 1887      72735F6C 
 1887      6973745F 
 1888              	.LASF130:
 1889 008d 49544D5F 		.ascii	"ITM_RxBuffer\000"
 1889      52784275 
 1889      66666572 
 1889      00
 1890              	.LASF55:
 1891 009a 63685F74 		.ascii	"ch_threads_queue\000"
 1891      68726561 
 1891      64735F71 
 1891      75657565 
 1891      00
 1892              	.LASF33:
 1893 00ab 705F7072 		.ascii	"p_prio\000"
 1893      696F00
 1894              	.LASF11:
 1895 00b2 6C6F6E67 		.ascii	"long long int\000"
 1895      206C6F6E 
 1895      6720696E 
 1895      7400
 1896              	.LASF1:
 1897 00c0 7369676E 		.ascii	"signed char\000"
ARM GAS  /var/folders/sv/kgmgr77579zbf78p2zlhkdfr0000gn/T//ccVA4LOE.s 			page 35


 1897      65642063 
 1897      68617200 
 1898              	.LASF114:
 1899 00cc 42535252 		.ascii	"BSRR\000"
 1899      00
 1900              	.LASF49:
 1901 00d1 705F6D70 		.ascii	"p_mpool\000"
 1901      6F6F6C00 
 1902              	.LASF102:
 1903 00d9 6D5F7175 		.ascii	"m_queue\000"
 1903      65756500 
 1904              	.LASF93:
 1905 00e1 77746F62 		.ascii	"wtobjp\000"
 1905      6A7000
 1906              	.LASF24:
 1907 00e8 74736C69 		.ascii	"tslices_t\000"
 1907      6365735F 
 1907      7400
 1908              	.LASF113:
 1909 00f2 50555044 		.ascii	"PUPDR\000"
 1909      5200
 1910              	.LASF94:
 1911 00f8 77747472 		.ascii	"wttrp\000"
 1911      7000
 1912              	.LASF79:
 1913 00fe 63685F73 		.ascii	"ch_system\000"
 1913      79737465 
 1913      6D00
 1914              	.LASF8:
 1915 0108 6C6F6E67 		.ascii	"long int\000"
 1915      20696E74 
 1915      00
 1916              	.LASF22:
 1917 0111 74737461 		.ascii	"tstate_t\000"
 1917      74655F74 
 1917      00
 1918              	.LASF15:
 1919 011a 75696E74 		.ascii	"uint16_t\000"
 1919      31365F74 
 1919      00
 1920              	.LASF35:
 1921 0123 705F6E65 		.ascii	"p_newer\000"
 1921      77657200 
 1922              	.LASF99:
 1923 012b 735F7175 		.ascii	"s_queue\000"
 1923      65756500 
 1924              	.LASF92:
 1925 0133 65786974 		.ascii	"exitcode\000"
 1925      636F6465 
 1925      00
 1926              	.LASF112:
 1927 013c 4F535045 		.ascii	"OSPEEDR\000"
 1927      45445200 
 1928              	.LASF61:
 1929 0144 725F6E65 		.ascii	"r_newer\000"
 1929      77657200 
 1930              	.LASF123:
ARM GAS  /var/folders/sv/kgmgr77579zbf78p2zlhkdfr0000gn/T//ccVA4LOE.s 			page 36


 1931 014c 6D61736B 		.ascii	"mask\000"
 1931      00
 1932              	.LASF85:
 1933 0151 72656761 		.ascii	"regarm_t\000"
 1933      726D5F74 
 1933      00
 1934              	.LASF68:
 1935 015a 76745F70 		.ascii	"vt_prev\000"
 1935      72657600 
 1936              	.LASF118:
 1937 0162 73746D33 		.ascii	"stm32_gpio_t\000"
 1937      325F6770 
 1937      696F5F74 
 1937      00
 1938              	.LASF106:
 1939 016f 6D757465 		.ascii	"mutex_t\000"
 1939      785F7400 
 1940              	.LASF124:
 1941 0177 494F4275 		.ascii	"IOBus\000"
 1941      7300
 1942              	.LASF28:
 1943 017d 636E745F 		.ascii	"cnt_t\000"
 1943      7400
 1944              	.LASF0:
 1945 0183 756E7369 		.ascii	"unsigned int\000"
 1945      676E6564 
 1945      20696E74 
 1945      00
 1946              	.LASF67:
 1947 0190 76745F6E 		.ascii	"vt_next\000"
 1947      65787400 
 1948              	.LASF125:
 1949 0198 62697473 		.ascii	"bits\000"
 1949      00
 1950              	.LASF95:
 1951 019d 77747365 		.ascii	"wtsemp\000"
 1951      6D7000
 1952              	.LASF69:
 1953 01a4 76745F64 		.ascii	"vt_delta\000"
 1953      656C7461 
 1953      00
 1954              	.LASF75:
 1955 01ad 73797374 		.ascii	"system_debug_t\000"
 1955      656D5F64 
 1955      65627567 
 1955      5F7400
 1956              	.LASF133:
 1957 01bc 2F557365 		.ascii	"/Users/moslin/Documents/Project/torque_control\000"
 1957      72732F6D 
 1957      6F736C69 
 1957      6E2F446F 
 1957      63756D65 
 1958              	.LASF100:
 1959 01eb 735F636E 		.ascii	"s_cnt\000"
 1959      7400
 1960              	.LASF87:
 1961 01f1 636F6E74 		.ascii	"context\000"
ARM GAS  /var/folders/sv/kgmgr77579zbf78p2zlhkdfr0000gn/T//ccVA4LOE.s 			page 37


 1961      65787400 
 1962              	.LASF6:
 1963 01f9 73686F72 		.ascii	"short unsigned int\000"
 1963      7420756E 
 1963      7369676E 
 1963      65642069 
 1963      6E7400
 1964              	.LASF52:
 1965 020c 63685F74 		.ascii	"ch_thread\000"
 1965      68726561 
 1965      6400
 1966              	.LASF26:
 1967 0216 6D73675F 		.ascii	"msg_t\000"
 1967      7400
 1968              	.LASF78:
 1969 021c 63685F73 		.ascii	"ch_system_t\000"
 1969      79737465 
 1969      6D5F7400 
 1970              	.LASF21:
 1971 0228 746D6F64 		.ascii	"tmode_t\000"
 1971      655F7400 
 1972              	.LASF57:
 1973 0230 63685F72 		.ascii	"ch_ready_list\000"
 1973      65616479 
 1973      5F6C6973 
 1973      7400
 1974              	.LASF27:
 1975 023e 6576656E 		.ascii	"eventmask_t\000"
 1975      746D6173 
 1975      6B5F7400 
 1976              	.LASF7:
 1977 024a 5F5F696E 		.ascii	"__int32_t\000"
 1977      7433325F 
 1977      7400
 1978              	.LASF86:
 1979 0254 73746B61 		.ascii	"stkalign_t\000"
 1979      6C69676E 
 1979      5F7400
 1980              	.LASF20:
 1981 025f 7274636E 		.ascii	"rtcnt_t\000"
 1981      745F7400 
 1982              	.LASF50:
 1983 0267 74687265 		.ascii	"thread_reference_t\000"
 1983      61645F72 
 1983      65666572 
 1983      656E6365 
 1983      5F7400
 1984              	.LASF73:
 1985 027a 63685F76 		.ascii	"ch_virtual_timers_list\000"
 1985      69727475 
 1985      616C5F74 
 1985      696D6572 
 1985      735F6C69 
 1986              	.LASF109:
 1987 0291 636C6561 		.ascii	"clear\000"
 1987      7200
 1988              	.LASF70:
ARM GAS  /var/folders/sv/kgmgr77579zbf78p2zlhkdfr0000gn/T//ccVA4LOE.s 			page 38


 1989 0297 76745F66 		.ascii	"vt_func\000"
 1989      756E6300 
 1990              	.LASF36:
 1991 029f 705F6F6C 		.ascii	"p_older\000"
 1991      64657200 
 1992              	.LASF60:
 1993 02a7 725F6374 		.ascii	"r_ctx\000"
 1993      7800
 1994              	.LASF34:
 1995 02ad 705F6374 		.ascii	"p_ctx\000"
 1995      7800
 1996              	.LASF90:
 1997 02b3 746D5F63 		.ascii	"tm_calibration_t\000"
 1997      616C6962 
 1997      72617469 
 1997      6F6E5F74 
 1997      00
 1998              	.LASF63:
 1999 02c4 725F6375 		.ascii	"r_current\000"
 1999      7272656E 
 1999      7400
 2000              	.LASF62:
 2001 02ce 725F6F6C 		.ascii	"r_older\000"
 2001      64657200 
 2002              	.LASF110:
 2003 02d6 4D4F4445 		.ascii	"MODER\000"
 2003      5200
 2004              	.LASF12:
 2005 02dc 5F5F7569 		.ascii	"__uint64_t\000"
 2005      6E743634 
 2005      5F7400
 2006              	.LASF117:
 2007 02e7 41465248 		.ascii	"AFRH\000"
 2007      00
 2008              	.LASF107:
 2009 02ec 666C6F61 		.ascii	"float\000"
 2009      7400
 2010              	.LASF116:
 2011 02f2 4146524C 		.ascii	"AFRL\000"
 2011      00
 2012              	.LASF23:
 2013 02f7 74726566 		.ascii	"trefs_t\000"
 2013      735F7400 
 2014              	.LASF65:
 2015 02ff 76697274 		.ascii	"virtual_timer_t\000"
 2015      75616C5F 
 2015      74696D65 
 2015      725F7400 
 2016              	.LASF32:
 2017 030f 705F7072 		.ascii	"p_prev\000"
 2017      657600
 2018              	.LASF25:
 2019 0316 74707269 		.ascii	"tprio_t\000"
 2019      6F5F7400 
 2020              	.LASF76:
 2021 031e 63685F73 		.ascii	"ch_system_debug\000"
 2021      79737465 
ARM GAS  /var/folders/sv/kgmgr77579zbf78p2zlhkdfr0000gn/T//ccVA4LOE.s 			page 39


 2021      6D5F6465 
 2021      62756700 
 2022              	.LASF108:
 2023 032e 5F426F6F 		.ascii	"_Bool\000"
 2023      6C00
 2024              	.LASF16:
 2025 0334 696E7433 		.ascii	"int32_t\000"
 2025      325F7400 
 2026              	.LASF2:
 2027 033c 756E7369 		.ascii	"unsigned char\000"
 2027      676E6564 
 2027      20636861 
 2027      7200
 2028              	.LASF47:
 2029 034a 705F6D74 		.ascii	"p_mtxlist\000"
 2029      786C6973 
 2029      7400
 2030              	.LASF3:
 2031 0354 73686F72 		.ascii	"short int\000"
 2031      7420696E 
 2031      7400
 2032              	.LASF38:
 2033 035e 705F7374 		.ascii	"p_state\000"
 2033      61746500 
 2034              	.LASF41:
 2035 0366 705F7072 		.ascii	"p_preempt\000"
 2035      65656D70 
 2035      7400
 2036              	.LASF59:
 2037 0370 725F7072 		.ascii	"r_prio\000"
 2037      696F00
 2038              	.LASF97:
 2039 0377 65776D61 		.ascii	"ewmask\000"
 2039      736B00
 2040              	.LASF31:
 2041 037e 705F6E65 		.ascii	"p_next\000"
 2041      787400
 2042              	.LASF19:
 2043 0385 75696E74 		.ascii	"uint_fast8_t\000"
 2043      5F666173 
 2043      74385F74 
 2043      00
 2044              	.LASF39:
 2045 0392 705F666C 		.ascii	"p_flags\000"
 2045      61677300 
 2046              	.LASF126:
 2047 039a 5F5F6675 		.ascii	"__func__\000"
 2047      6E635F5F 
 2047      00
 2048              	.LASF83:
 2049 03a3 69646C65 		.ascii	"idle_thread_wa\000"
 2049      5F746872 
 2049      6561645F 
 2049      776100
 2050              	.LASF66:
 2051 03b2 63685F76 		.ascii	"ch_virtual_timer\000"
 2051      69727475 
ARM GAS  /var/folders/sv/kgmgr77579zbf78p2zlhkdfr0000gn/T//ccVA4LOE.s 			page 40


 2051      616C5F74 
 2051      696D6572 
 2051      00
 2052              	.LASF115:
 2053 03c3 4C434B52 		.ascii	"LCKR\000"
 2053      00
 2054              	.LASF98:
 2055 03c8 63685F73 		.ascii	"ch_semaphore\000"
 2055      656D6170 
 2055      686F7265 
 2055      00
 2056              	.LASF46:
 2057 03d5 705F6570 		.ascii	"p_epending\000"
 2057      656E6469 
 2057      6E6700
 2058              	.LASF17:
 2059 03e0 75696E74 		.ascii	"uint32_t\000"
 2059      33325F74 
 2059      00
 2060              	.LASF96:
 2061 03e9 77746D74 		.ascii	"wtmtxp\000"
 2061      787000
 2062              	.LASF58:
 2063 03f0 725F7175 		.ascii	"r_queue\000"
 2063      65756500 
 2064              	.LASF74:
 2065 03f8 76745F73 		.ascii	"vt_systime\000"
 2065      79737469 
 2065      6D6500
 2066              	.LASF53:
 2067 0403 63685F74 		.ascii	"ch_threads_list\000"
 2067      68726561 
 2067      64735F6C 
 2067      69737400 
 2068              	.LASF10:
 2069 0413 6C6F6E67 		.ascii	"long unsigned int\000"
 2069      20756E73 
 2069      69676E65 
 2069      6420696E 
 2069      7400
 2070              	.LASF105:
 2071 0425 63686172 		.ascii	"char\000"
 2071      00
 2072              	.LASF129:
 2073 042a 6D6F6465 		.ascii	"mode\000"
 2073      00
 2074              	.LASF5:
 2075 042f 5F5F7569 		.ascii	"__uint16_t\000"
 2075      6E743136 
 2075      5F7400
 2076              	.LASF30:
 2077 043a 74687265 		.ascii	"thread_t\000"
 2077      61645F74 
 2077      00
 2078              	.LASF104:
 2079 0443 6D5F6E65 		.ascii	"m_next\000"
 2079      787400
ARM GAS  /var/folders/sv/kgmgr77579zbf78p2zlhkdfr0000gn/T//ccVA4LOE.s 			page 41


 2080              	.LASF29:
 2081 044a 73797374 		.ascii	"systime_t\000"
 2081      696D655F 
 2081      7400
 2082              	.LASF48:
 2083 0454 705F7265 		.ascii	"p_realprio\000"
 2083      616C7072 
 2083      696F00
 2084              	.LASF64:
 2085 045f 76746675 		.ascii	"vtfunc_t\000"
 2085      6E635F74 
 2085      00
 2086              	.LASF9:
 2087 0468 5F5F7569 		.ascii	"__uint32_t\000"
 2087      6E743332 
 2087      5F7400
 2088              	.LASF77:
 2089 0473 70616E69 		.ascii	"panic_msg\000"
 2089      635F6D73 
 2089      6700
 2090              	.LASF89:
 2091 047d 6F666673 		.ascii	"offset\000"
 2091      657400
 2092              	.LASF121:
 2093 0484 696F706F 		.ascii	"ioportid_t\000"
 2093      72746964 
 2093      5F7400
 2094              	.LASF135:
 2095 048f 5F70616C 		.ascii	"_pal_lld_setgroupmode\000"
 2095      5F6C6C64 
 2095      5F736574 
 2095      67726F75 
 2095      706D6F64 
 2096              	.LASF44:
 2097 04a5 705F6D73 		.ascii	"p_msgqueue\000"
 2097      67717565 
 2097      756500
 2098              	.LASF71:
 2099 04b0 76745F70 		.ascii	"vt_par\000"
 2099      617200
 2100              	.LASF127:
 2101 04b7 70616C57 		.ascii	"palWriteBus\000"
 2101      72697465 
 2101      42757300 
 2102              	.LASF54:
 2103 04c3 74687265 		.ascii	"threads_queue_t\000"
 2103      6164735F 
 2103      71756575 
 2103      655F7400 
 2104              	.LASF40:
 2105 04d3 705F7265 		.ascii	"p_refs\000"
 2105      667300
 2106              	.LASF131:
 2107 04da 474E5520 		.ascii	"GNU C99 5.4.1 20160919 (release) [ARM/embedded-5-br"
 2107      43393920 
 2107      352E342E 
 2107      31203230 
ARM GAS  /var/folders/sv/kgmgr77579zbf78p2zlhkdfr0000gn/T//ccVA4LOE.s 			page 42


 2107      31363039 
 2108 050d 616E6368 		.ascii	"anch revision 240496] -mcpu=cortex-m4 -mfloat-abi=h"
 2108      20726576 
 2108      6973696F 
 2108      6E203234 
 2108      30343936 
 2109 0540 61726420 		.ascii	"ard -mfpu=fpv4-sp-d16 -mno-thumb-interwork -mthumb "
 2109      2D6D6670 
 2109      753D6670 
 2109      76342D73 
 2109      702D6431 
 2110 0573 2D676764 		.ascii	"-ggdb -O2 -std=gnu99 -fomit-frame-pointer -falign-f"
 2110      62202D4F 
 2110      32202D73 
 2110      74643D67 
 2110      6E753939 
 2111 05a6 756E6374 		.ascii	"unctions=16 -ffunction-sections -fdata-sections -fn"
 2111      696F6E73 
 2111      3D313620 
 2111      2D666675 
 2111      6E637469 
 2112 05d9 6F2D636F 		.ascii	"o-common -fsingle-precision-constant\000"
 2112      6D6D6F6E 
 2112      202D6673 
 2112      696E676C 
 2112      652D7072 
 2113              	.LASF80:
 2114 05fe 726C6973 		.ascii	"rlist\000"
 2114      7400
 2115              	.LASF103:
 2116 0604 6D5F6F77 		.ascii	"m_owner\000"
 2116      6E657200 
 2117              	.LASF14:
 2118 060c 75696E74 		.ascii	"uint8_t\000"
 2118      385F7400 
 2119              	.LASF84:
 2120 0614 73697A65 		.ascii	"sizetype\000"
 2120      74797065 
 2120      00
 2121              	.LASF122:
 2122 061d 706F7274 		.ascii	"portid\000"
 2122      696400
 2123              	.LASF101:
 2124 0624 63685F6D 		.ascii	"ch_mutex\000"
 2124      75746578 
 2124      00
 2125              	.LASF37:
 2126 062d 705F6E61 		.ascii	"p_name\000"
 2126      6D6500
 2127              	.LASF51:
 2128 0634 74687265 		.ascii	"threads_list_t\000"
 2128      6164735F 
 2128      6C697374 
 2128      5F7400
 2129              	.LASF45:
 2130 0643 705F6D73 		.ascii	"p_msg\000"
 2130      6700
ARM GAS  /var/folders/sv/kgmgr77579zbf78p2zlhkdfr0000gn/T//ccVA4LOE.s 			page 43


 2131              	.LASF120:
 2132 0649 696F6D6F 		.ascii	"iomode_t\000"
 2132      64655F74 
 2132      00
 2133              	.LASF128:
 2134 0652 70616C53 		.ascii	"palSetBusMode\000"
 2134      65744275 
 2134      734D6F64 
 2134      6500
 2135              	.LASF134:
 2136 0660 70616C52 		.ascii	"palReadBus\000"
 2136      65616442 
 2136      757300
 2137              	.LASF132:
 2138 066b 43686962 		.ascii	"ChibiOS_3.0.2/os/hal/src/pal.c\000"
 2138      694F535F 
 2138      332E302E 
 2138      322F6F73 
 2138      2F68616C 
 2139              	.LASF43:
 2140 068a 705F7761 		.ascii	"p_waiting\000"
 2140      6974696E 
 2140      6700
 2141              		.ident	"GCC: (GNU Tools for ARM Embedded Processors) 5.4.1 20160919 (release) [ARM/embedded-5-bran
ARM GAS  /var/folders/sv/kgmgr77579zbf78p2zlhkdfr0000gn/T//ccVA4LOE.s 			page 44


DEFINED SYMBOLS
                            *ABS*:0000000000000000 pal.c
/var/folders/sv/kgmgr77579zbf78p2zlhkdfr0000gn/T//ccVA4LOE.s:22     .text.palReadBus:0000000000000000 $t
/var/folders/sv/kgmgr77579zbf78p2zlhkdfr0000gn/T//ccVA4LOE.s:28     .text.palReadBus:0000000000000000 palReadBus
/var/folders/sv/kgmgr77579zbf78p2zlhkdfr0000gn/T//ccVA4LOE.s:51     .text.palWriteBus:0000000000000000 $t
/var/folders/sv/kgmgr77579zbf78p2zlhkdfr0000gn/T//ccVA4LOE.s:57     .text.palWriteBus:0000000000000000 palWriteBus
/var/folders/sv/kgmgr77579zbf78p2zlhkdfr0000gn/T//ccVA4LOE.s:88     .text.palSetBusMode:0000000000000000 $t
/var/folders/sv/kgmgr77579zbf78p2zlhkdfr0000gn/T//ccVA4LOE.s:94     .text.palSetBusMode:0000000000000000 palSetBusMode
                     .debug_frame:0000000000000010 $d

UNDEFINED SYMBOLS
_pal_lld_setgroupmode
