ARM GAS  /var/folders/sv/kgmgr77579zbf78p2zlhkdfr0000gn/T//ccitX7oD.s 			page 1


   1              		.syntax unified
   2              		.cpu cortex-m4
   3              		.eabi_attribute 27, 1
   4              		.eabi_attribute 28, 1
   5              		.fpu fpv4-sp-d16
   6              		.eabi_attribute 20, 1
   7              		.eabi_attribute 21, 1
   8              		.eabi_attribute 23, 3
   9              		.eabi_attribute 24, 1
  10              		.eabi_attribute 25, 1
  11              		.eabi_attribute 26, 1
  12              		.eabi_attribute 30, 2
  13              		.eabi_attribute 34, 1
  14              		.eabi_attribute 18, 4
  15              		.thumb
  16              		.syntax unified
  17              		.file	"st.c"
  18              		.text
  19              	.Ltext0:
  20              		.cfi_sections	.debug_frame
  21              		.section	.text.stInit,"ax",%progbits
  22              		.align	2
  23              		.p2align 4,,15
  24              		.global	stInit
  25              		.thumb
  26              		.thumb_func
  27              		.type	stInit, %function
  28              	stInit:
  29              	.LFB256:
  30              		.file 1 "ChibiOS_3.0.2/os/hal/src/st.c"
  31              		.loc 1 60 0
  32              		.cfi_startproc
  33              		@ args = 0, pretend = 0, frame = 0
  34              		@ frame_needed = 0, uses_anonymous_args = 0
  35              		@ link register save eliminated.
  36              		.loc 1 62 0
  37 0000 FFF7FEBF 		b	st_lld_init
  38              	.LVL0:
  39              		.cfi_endproc
  40              	.LFE256:
  41              		.size	stInit, .-stInit
  42              		.section	.text.stStartAlarm,"ax",%progbits
  43              		.align	2
  44              		.p2align 4,,15
  45              		.global	stStartAlarm
  46              		.thumb
  47              		.thumb_func
  48              		.type	stStartAlarm, %function
  49              	stStartAlarm:
  50              	.LFB257:
  51              		.loc 1 77 0
  52              		.cfi_startproc
  53              		@ args = 0, pretend = 0, frame = 0
  54              		@ frame_needed = 0, uses_anonymous_args = 0
  55              		@ link register save eliminated.
  56              	.LVL1:
  57              	.LBB10:
ARM GAS  /var/folders/sv/kgmgr77579zbf78p2zlhkdfr0000gn/T//ccitX7oD.s 			page 2


  58              	.LBB11:
  59              		.file 2 "ChibiOS_3.0.2/os/hal/ports/STM32/LLD/TIMv1/st_lld.h"
  60              		.loc 2 143 0
  61 0000 4FF08043 		mov	r3, #1073741824
  62              	.LVL2:
  63              		.loc 2 144 0
  64 0004 0021     		movs	r1, #0
  65              		.loc 2 145 0
  66 0006 0222     		movs	r2, #2
  67              		.loc 2 143 0
  68 0008 5863     		str	r0, [r3, #52]
  69              		.loc 2 144 0
  70 000a 1961     		str	r1, [r3, #16]
  71              		.loc 2 145 0
  72 000c DA60     		str	r2, [r3, #12]
  73              	.LVL3:
  74 000e 7047     		bx	lr
  75              	.LBE11:
  76              	.LBE10:
  77              		.cfi_endproc
  78              	.LFE257:
  79              		.size	stStartAlarm, .-stStartAlarm
  80              		.section	.text.stStopAlarm,"ax",%progbits
  81              		.align	2
  82              		.p2align 4,,15
  83              		.global	stStopAlarm
  84              		.thumb
  85              		.thumb_func
  86              		.type	stStopAlarm, %function
  87              	stStopAlarm:
  88              	.LFB258:
  89              		.loc 1 91 0
  90              		.cfi_startproc
  91              		@ args = 0, pretend = 0, frame = 0
  92              		@ frame_needed = 0, uses_anonymous_args = 0
  93              		@ link register save eliminated.
  94              	.LBB12:
  95              	.LBB13:
  96              		.loc 2 155 0
  97 0000 4FF08043 		mov	r3, #1073741824
  98 0004 0022     		movs	r2, #0
  99 0006 DA60     		str	r2, [r3, #12]
 100 0008 7047     		bx	lr
 101              	.LBE13:
 102              	.LBE12:
 103              		.cfi_endproc
 104              	.LFE258:
 105              		.size	stStopAlarm, .-stStopAlarm
 106              		.section	.text.stSetAlarm,"ax",%progbits
 107              		.align	2
 108              		.p2align 4,,15
 109              		.global	stSetAlarm
 110              		.thumb
 111              		.thumb_func
 112              		.type	stSetAlarm, %function
 113              	stSetAlarm:
 114              	.LFB259:
ARM GAS  /var/folders/sv/kgmgr77579zbf78p2zlhkdfr0000gn/T//ccitX7oD.s 			page 3


 115              		.loc 1 105 0
 116              		.cfi_startproc
 117              		@ args = 0, pretend = 0, frame = 0
 118              		@ frame_needed = 0, uses_anonymous_args = 0
 119              		@ link register save eliminated.
 120              	.LVL4:
 121              	.LBB14:
 122              	.LBB15:
 123              		.loc 2 167 0
 124 0000 4FF08043 		mov	r3, #1073741824
 125              	.LVL5:
 126 0004 5863     		str	r0, [r3, #52]
 127              	.LVL6:
 128 0006 7047     		bx	lr
 129              	.LBE15:
 130              	.LBE14:
 131              		.cfi_endproc
 132              	.LFE259:
 133              		.size	stSetAlarm, .-stSetAlarm
 134              		.section	.text.stGetAlarm,"ax",%progbits
 135              		.align	2
 136              		.p2align 4,,15
 137              		.global	stGetAlarm
 138              		.thumb
 139              		.thumb_func
 140              		.type	stGetAlarm, %function
 141              	stGetAlarm:
 142              	.LFB260:
 143              		.loc 1 121 0
 144              		.cfi_startproc
 145              		@ args = 0, pretend = 0, frame = 0
 146              		@ frame_needed = 0, uses_anonymous_args = 0
 147              		@ link register save eliminated.
 148              	.LBB16:
 149              	.LBB17:
 150              		.loc 2 179 0
 151 0000 4FF08043 		mov	r3, #1073741824
 152 0004 586B     		ldr	r0, [r3, #52]
 153              	.LBE17:
 154              	.LBE16:
 155              		.loc 1 126 0
 156 0006 7047     		bx	lr
 157              		.cfi_endproc
 158              	.LFE260:
 159              		.size	stGetAlarm, .-stGetAlarm
 160              		.text
 161              	.Letext0:
 162              		.file 3 "/usr/local/Cellar/gcc-arm-none-eabi/20160928/arm-none-eabi/include/machine/_default_types
 163              		.file 4 "/usr/local/Cellar/gcc-arm-none-eabi/20160928/arm-none-eabi/include/sys/_stdint.h"
 164              		.file 5 "ChibiOS_3.0.2/os/rt/ports/ARMCMx/compilers/GCC/chtypes.h"
 165              		.file 6 "ChibiOS_3.0.2/os/rt/include/chsystypes.h"
 166              		.file 7 "ChibiOS_3.0.2/os/rt/include/chschd.h"
 167              		.file 8 "ChibiOS_3.0.2/os/rt/ports/ARMCMx/chcore.h"
 168              		.file 9 "ChibiOS_3.0.2/os/rt/ports/ARMCMx/chcore_v7m.h"
 169              		.file 10 "ChibiOS_3.0.2/os/rt/include/chtm.h"
 170              		.file 11 "ChibiOS_3.0.2/os/rt/include/chsem.h"
 171              		.file 12 "ChibiOS_3.0.2/os/rt/include/chmtx.h"
ARM GAS  /var/folders/sv/kgmgr77579zbf78p2zlhkdfr0000gn/T//ccitX7oD.s 			page 4


 172              		.file 13 "ChibiOS_3.0.2/os/hal/ports/STM32/LLD/TIMv1/stm32_tim.h"
 173              		.file 14 "ChibiOS_3.0.2/os/ext/CMSIS/include/core_cm4.h"
 174              		.section	.debug_info,"",%progbits
 175              	.Ldebug_info0:
 176 0000 F0090000 		.4byte	0x9f0
 177 0004 0400     		.2byte	0x4
 178 0006 00000000 		.4byte	.Ldebug_abbrev0
 179 000a 04       		.byte	0x4
 180 000b 01       		.uleb128 0x1
 181 000c FA040000 		.4byte	.LASF126
 182 0010 0C       		.byte	0xc
 183 0011 FD010000 		.4byte	.LASF127
 184 0015 AD010000 		.4byte	.LASF128
 185 0019 00000000 		.4byte	.Ldebug_ranges0+0
 186 001d 00000000 		.4byte	0
 187 0021 00000000 		.4byte	.Ldebug_line0
 188 0025 02       		.uleb128 0x2
 189 0026 04       		.byte	0x4
 190 0027 05       		.byte	0x5
 191 0028 696E7400 		.ascii	"int\000"
 192 002c 03       		.uleb128 0x3
 193 002d 04       		.byte	0x4
 194 002e 07       		.byte	0x7
 195 002f 79010000 		.4byte	.LASF0
 196 0033 03       		.uleb128 0x3
 197 0034 01       		.byte	0x1
 198 0035 06       		.byte	0x6
 199 0036 CA000000 		.4byte	.LASF1
 200 003a 04       		.uleb128 0x4
 201 003b 2A000000 		.4byte	.LASF5
 202 003f 03       		.byte	0x3
 203 0040 1D       		.byte	0x1d
 204 0041 45000000 		.4byte	0x45
 205 0045 03       		.uleb128 0x3
 206 0046 01       		.byte	0x1
 207 0047 08       		.byte	0x8
 208 0048 63030000 		.4byte	.LASF2
 209 004c 03       		.uleb128 0x3
 210 004d 02       		.byte	0x2
 211 004e 05       		.byte	0x5
 212 004f 7B030000 		.4byte	.LASF3
 213 0053 03       		.uleb128 0x3
 214 0054 02       		.byte	0x2
 215 0055 07       		.byte	0x7
 216 0056 EA010000 		.4byte	.LASF4
 217 005a 04       		.uleb128 0x4
 218 005b 75020000 		.4byte	.LASF6
 219 005f 03       		.byte	0x3
 220 0060 3F       		.byte	0x3f
 221 0061 65000000 		.4byte	0x65
 222 0065 03       		.uleb128 0x3
 223 0066 04       		.byte	0x4
 224 0067 05       		.byte	0x5
 225 0068 18010000 		.4byte	.LASF7
 226 006c 04       		.uleb128 0x4
 227 006d 8F040000 		.4byte	.LASF8
 228 0071 03       		.byte	0x3
ARM GAS  /var/folders/sv/kgmgr77579zbf78p2zlhkdfr0000gn/T//ccitX7oD.s 			page 5


 229 0072 41       		.byte	0x41
 230 0073 77000000 		.4byte	0x77
 231 0077 03       		.uleb128 0x3
 232 0078 04       		.byte	0x4
 233 0079 07       		.byte	0x7
 234 007a 2F040000 		.4byte	.LASF9
 235 007e 03       		.uleb128 0x3
 236 007f 08       		.byte	0x8
 237 0080 05       		.byte	0x5
 238 0081 BC000000 		.4byte	.LASF10
 239 0085 04       		.uleb128 0x4
 240 0086 0D030000 		.4byte	.LASF11
 241 008a 03       		.byte	0x3
 242 008b 5B       		.byte	0x5b
 243 008c 90000000 		.4byte	0x90
 244 0090 03       		.uleb128 0x3
 245 0091 08       		.byte	0x8
 246 0092 07       		.byte	0x7
 247 0093 4D000000 		.4byte	.LASF12
 248 0097 04       		.uleb128 0x4
 249 0098 24060000 		.4byte	.LASF13
 250 009c 04       		.byte	0x4
 251 009d 18       		.byte	0x18
 252 009e 3A000000 		.4byte	0x3a
 253 00a2 04       		.uleb128 0x4
 254 00a3 5B030000 		.4byte	.LASF14
 255 00a7 04       		.byte	0x4
 256 00a8 2C       		.byte	0x2c
 257 00a9 5A000000 		.4byte	0x5a
 258 00ad 04       		.uleb128 0x4
 259 00ae FC030000 		.4byte	.LASF15
 260 00b2 04       		.byte	0x4
 261 00b3 30       		.byte	0x30
 262 00b4 6C000000 		.4byte	0x6c
 263 00b8 04       		.uleb128 0x4
 264 00b9 21000000 		.4byte	.LASF16
 265 00bd 04       		.byte	0x4
 266 00be 3C       		.byte	0x3c
 267 00bf 85000000 		.4byte	0x85
 268 00c3 05       		.uleb128 0x5
 269 00c4 A2000000 		.4byte	0xa2
 270 00c8 05       		.uleb128 0x5
 271 00c9 AD000000 		.4byte	0xad
 272 00cd 04       		.uleb128 0x4
 273 00ce 9D020000 		.4byte	.LASF17
 274 00d2 05       		.byte	0x5
 275 00d3 45       		.byte	0x45
 276 00d4 AD000000 		.4byte	0xad
 277 00d8 04       		.uleb128 0x4
 278 00d9 53020000 		.4byte	.LASF18
 279 00dd 05       		.byte	0x5
 280 00de 48       		.byte	0x48
 281 00df 97000000 		.4byte	0x97
 282 00e3 04       		.uleb128 0x4
 283 00e4 21010000 		.4byte	.LASF19
 284 00e8 05       		.byte	0x5
 285 00e9 49       		.byte	0x49
ARM GAS  /var/folders/sv/kgmgr77579zbf78p2zlhkdfr0000gn/T//ccitX7oD.s 			page 6


 286 00ea 97000000 		.4byte	0x97
 287 00ee 04       		.uleb128 0x4
 288 00ef 1E030000 		.4byte	.LASF20
 289 00f3 05       		.byte	0x5
 290 00f4 4A       		.byte	0x4a
 291 00f5 97000000 		.4byte	0x97
 292 00f9 04       		.uleb128 0x4
 293 00fa F9000000 		.4byte	.LASF21
 294 00fe 05       		.byte	0x5
 295 00ff 4B       		.byte	0x4b
 296 0100 97000000 		.4byte	0x97
 297 0104 04       		.uleb128 0x4
 298 0105 3D030000 		.4byte	.LASF22
 299 0109 05       		.byte	0x5
 300 010a 4C       		.byte	0x4c
 301 010b AD000000 		.4byte	0xad
 302 010f 04       		.uleb128 0x4
 303 0110 41020000 		.4byte	.LASF23
 304 0114 05       		.byte	0x5
 305 0115 4D       		.byte	0x4d
 306 0116 A2000000 		.4byte	0xa2
 307 011a 04       		.uleb128 0x4
 308 011b 69020000 		.4byte	.LASF24
 309 011f 05       		.byte	0x5
 310 0120 4F       		.byte	0x4f
 311 0121 AD000000 		.4byte	0xad
 312 0125 04       		.uleb128 0x4
 313 0126 73010000 		.4byte	.LASF25
 314 012a 05       		.byte	0x5
 315 012b 51       		.byte	0x51
 316 012c A2000000 		.4byte	0xa2
 317 0130 04       		.uleb128 0x4
 318 0131 71040000 		.4byte	.LASF26
 319 0135 06       		.byte	0x6
 320 0136 33       		.byte	0x33
 321 0137 AD000000 		.4byte	0xad
 322 013b 04       		.uleb128 0x4
 323 013c 5C040000 		.4byte	.LASF27
 324 0140 06       		.byte	0x6
 325 0141 3F       		.byte	0x3f
 326 0142 46010000 		.4byte	0x146
 327 0146 06       		.uleb128 0x6
 328 0147 1B020000 		.4byte	.LASF49
 329 014b 48       		.byte	0x48
 330 014c 07       		.byte	0x7
 331 014d C2       		.byte	0xc2
 332 014e 4B020000 		.4byte	0x24b
 333 0152 07       		.uleb128 0x7
 334 0153 A5030000 		.4byte	.LASF28
 335 0157 07       		.byte	0x7
 336 0158 C3       		.byte	0xc3
 337 0159 56020000 		.4byte	0x256
 338 015d 00       		.byte	0
 339 015e 07       		.uleb128 0x7
 340 015f 36030000 		.4byte	.LASF29
 341 0163 07       		.byte	0x7
 342 0164 C5       		.byte	0xc5
ARM GAS  /var/folders/sv/kgmgr77579zbf78p2zlhkdfr0000gn/T//ccitX7oD.s 			page 7


 343 0165 56020000 		.4byte	0x256
 344 0169 04       		.byte	0x4
 345 016a 07       		.uleb128 0x7
 346 016b A9000000 		.4byte	.LASF30
 347 016f 07       		.byte	0x7
 348 0170 C7       		.byte	0xc7
 349 0171 04010000 		.4byte	0x104
 350 0175 08       		.byte	0x8
 351 0176 07       		.uleb128 0x7
 352 0177 7A060000 		.4byte	.LASF31
 353 017b 07       		.byte	0x7
 354 017c C8       		.byte	0xc8
 355 017d A6040000 		.4byte	0x4a6
 356 0181 0C       		.byte	0xc
 357 0182 07       		.uleb128 0x7
 358 0183 2A010000 		.4byte	.LASF32
 359 0187 07       		.byte	0x7
 360 0188 CA       		.byte	0xca
 361 0189 56020000 		.4byte	0x256
 362 018d 10       		.byte	0x10
 363 018e 07       		.uleb128 0x7
 364 018f D7020000 		.4byte	.LASF33
 365 0193 07       		.byte	0x7
 366 0194 CB       		.byte	0xcb
 367 0195 56020000 		.4byte	0x256
 368 0199 14       		.byte	0x14
 369 019a 07       		.uleb128 0x7
 370 019b 49060000 		.4byte	.LASF34
 371 019f 07       		.byte	0x7
 372 01a0 D2       		.byte	0xd2
 373 01a1 EB060000 		.4byte	0x6eb
 374 01a5 18       		.byte	0x18
 375 01a6 07       		.uleb128 0x7
 376 01a7 85030000 		.4byte	.LASF35
 377 01ab 07       		.byte	0x7
 378 01ac DD       		.byte	0xdd
 379 01ad E3000000 		.4byte	0xe3
 380 01b1 1C       		.byte	0x1c
 381 01b2 07       		.uleb128 0x7
 382 01b3 AC030000 		.4byte	.LASF36
 383 01b7 07       		.byte	0x7
 384 01b8 E1       		.byte	0xe1
 385 01b9 D8000000 		.4byte	0xd8
 386 01bd 1D       		.byte	0x1d
 387 01be 07       		.uleb128 0x7
 388 01bf F3040000 		.4byte	.LASF37
 389 01c3 07       		.byte	0x7
 390 01c4 E6       		.byte	0xe6
 391 01c5 EE000000 		.4byte	0xee
 392 01c9 1E       		.byte	0x1e
 393 01ca 07       		.uleb128 0x7
 394 01cb 8D030000 		.4byte	.LASF38
 395 01cf 07       		.byte	0x7
 396 01d0 EC       		.byte	0xec
 397 01d1 F9000000 		.4byte	0xf9
 398 01d5 1F       		.byte	0x1f
 399 01d6 07       		.uleb128 0x7
ARM GAS  /var/folders/sv/kgmgr77579zbf78p2zlhkdfr0000gn/T//ccitX7oD.s 			page 8


 400 01d7 B8040000 		.4byte	.LASF39
 401 01db 07       		.byte	0x7
 402 01dc F3       		.byte	0xf3
 403 01dd FD060000 		.4byte	0x6fd
 404 01e1 20       		.byte	0x20
 405 01e2 08       		.uleb128 0x8
 406 01e3 705F7500 		.ascii	"p_u\000"
 407 01e7 07       		.byte	0x7
 408 01e8 3101     		.2byte	0x131
 409 01ea 26060000 		.4byte	0x626
 410 01ee 24       		.byte	0x24
 411 01ef 09       		.uleb128 0x9
 412 01f0 80060000 		.4byte	.LASF40
 413 01f4 07       		.byte	0x7
 414 01f5 3601     		.2byte	0x136
 415 01f7 5C020000 		.4byte	0x25c
 416 01fb 28       		.byte	0x28
 417 01fc 09       		.uleb128 0x9
 418 01fd D1040000 		.4byte	.LASF41
 419 0201 07       		.byte	0x7
 420 0202 3C01     		.2byte	0x13c
 421 0204 80020000 		.4byte	0x280
 422 0208 2C       		.byte	0x2c
 423 0209 09       		.uleb128 0x9
 424 020a 6C060000 		.4byte	.LASF42
 425 020e 07       		.byte	0x7
 426 020f 4001     		.2byte	0x140
 427 0211 0F010000 		.4byte	0x10f
 428 0215 34       		.byte	0x34
 429 0216 09       		.uleb128 0x9
 430 0217 F1030000 		.4byte	.LASF43
 431 021b 07       		.byte	0x7
 432 021c 4601     		.2byte	0x146
 433 021e 1A010000 		.4byte	0x11a
 434 0222 38       		.byte	0x38
 435 0223 09       		.uleb128 0x9
 436 0224 71030000 		.4byte	.LASF44
 437 0228 07       		.byte	0x7
 438 0229 4D01     		.2byte	0x14d
 439 022b E5060000 		.4byte	0x6e5
 440 022f 3C       		.byte	0x3c
 441 0230 09       		.uleb128 0x9
 442 0231 7B040000 		.4byte	.LASF45
 443 0235 07       		.byte	0x7
 444 0236 5101     		.2byte	0x151
 445 0238 04010000 		.4byte	0x104
 446 023c 40       		.byte	0x40
 447 023d 09       		.uleb128 0x9
 448 023e E2000000 		.4byte	.LASF46
 449 0242 07       		.byte	0x7
 450 0243 5801     		.2byte	0x158
 451 0245 33030000 		.4byte	0x333
 452 0249 44       		.byte	0x44
 453 024a 00       		.byte	0
 454 024b 04       		.uleb128 0x4
 455 024c A5020000 		.4byte	.LASF47
 456 0250 06       		.byte	0x6
ARM GAS  /var/folders/sv/kgmgr77579zbf78p2zlhkdfr0000gn/T//ccitX7oD.s 			page 9


 457 0251 44       		.byte	0x44
 458 0252 56020000 		.4byte	0x256
 459 0256 0A       		.uleb128 0xa
 460 0257 04       		.byte	0x4
 461 0258 3B010000 		.4byte	0x13b
 462 025c 04       		.uleb128 0x4
 463 025d 55060000 		.4byte	.LASF48
 464 0261 06       		.byte	0x6
 465 0262 49       		.byte	0x49
 466 0263 67020000 		.4byte	0x267
 467 0267 06       		.uleb128 0x6
 468 0268 1F040000 		.4byte	.LASF50
 469 026c 04       		.byte	0x4
 470 026d 07       		.byte	0x7
 471 026e B0       		.byte	0xb0
 472 026f 80020000 		.4byte	0x280
 473 0273 07       		.uleb128 0x7
 474 0274 A5030000 		.4byte	.LASF28
 475 0278 07       		.byte	0x7
 476 0279 B1       		.byte	0xb1
 477 027a 56020000 		.4byte	0x256
 478 027e 00       		.byte	0
 479 027f 00       		.byte	0
 480 0280 04       		.uleb128 0x4
 481 0281 E3040000 		.4byte	.LASF51
 482 0285 06       		.byte	0x6
 483 0286 50       		.byte	0x50
 484 0287 8B020000 		.4byte	0x28b
 485 028b 06       		.uleb128 0x6
 486 028c 98000000 		.4byte	.LASF52
 487 0290 08       		.byte	0x8
 488 0291 07       		.byte	0x7
 489 0292 B7       		.byte	0xb7
 490 0293 B0020000 		.4byte	0x2b0
 491 0297 07       		.uleb128 0x7
 492 0298 A5030000 		.4byte	.LASF28
 493 029c 07       		.byte	0x7
 494 029d B8       		.byte	0xb8
 495 029e 56020000 		.4byte	0x256
 496 02a2 00       		.byte	0
 497 02a3 07       		.uleb128 0x7
 498 02a4 36030000 		.4byte	.LASF29
 499 02a8 07       		.byte	0x7
 500 02a9 B9       		.byte	0xb9
 501 02aa 56020000 		.4byte	0x256
 502 02ae 04       		.byte	0x4
 503 02af 00       		.byte	0
 504 02b0 04       		.uleb128 0x4
 505 02b1 00000000 		.4byte	.LASF53
 506 02b5 06       		.byte	0x6
 507 02b6 57       		.byte	0x57
 508 02b7 BB020000 		.4byte	0x2bb
 509 02bb 0B       		.uleb128 0xb
 510 02bc 5B020000 		.4byte	.LASF54
 511 02c0 1C       		.byte	0x1c
 512 02c1 07       		.byte	0x7
 513 02c2 9001     		.2byte	0x190
ARM GAS  /var/folders/sv/kgmgr77579zbf78p2zlhkdfr0000gn/T//ccitX7oD.s 			page 10


 514 02c4 17030000 		.4byte	0x317
 515 02c8 09       		.uleb128 0x9
 516 02c9 0C040000 		.4byte	.LASF55
 517 02cd 07       		.byte	0x7
 518 02ce 9101     		.2byte	0x191
 519 02d0 80020000 		.4byte	0x280
 520 02d4 00       		.byte	0
 521 02d5 09       		.uleb128 0x9
 522 02d6 97030000 		.4byte	.LASF56
 523 02da 07       		.byte	0x7
 524 02db 9201     		.2byte	0x192
 525 02dd 04010000 		.4byte	0x104
 526 02e1 08       		.byte	0x8
 527 02e2 09       		.uleb128 0x9
 528 02e3 DF020000 		.4byte	.LASF57
 529 02e7 07       		.byte	0x7
 530 02e8 9401     		.2byte	0x194
 531 02ea A6040000 		.4byte	0x4a6
 532 02ee 0C       		.byte	0xc
 533 02ef 09       		.uleb128 0x9
 534 02f0 43010000 		.4byte	.LASF58
 535 02f4 07       		.byte	0x7
 536 02f5 9701     		.2byte	0x197
 537 02f7 56020000 		.4byte	0x256
 538 02fb 10       		.byte	0x10
 539 02fc 09       		.uleb128 0x9
 540 02fd 05030000 		.4byte	.LASF59
 541 0301 07       		.byte	0x7
 542 0302 9801     		.2byte	0x198
 543 0304 56020000 		.4byte	0x256
 544 0308 14       		.byte	0x14
 545 0309 09       		.uleb128 0x9
 546 030a FB020000 		.4byte	.LASF60
 547 030e 07       		.byte	0x7
 548 030f 9B01     		.2byte	0x19b
 549 0311 56020000 		.4byte	0x256
 550 0315 18       		.byte	0x18
 551 0316 00       		.byte	0
 552 0317 04       		.uleb128 0x4
 553 0318 86040000 		.4byte	.LASF61
 554 031c 06       		.byte	0x6
 555 031d 5C       		.byte	0x5c
 556 031e 22030000 		.4byte	0x322
 557 0322 0A       		.uleb128 0xa
 558 0323 04       		.byte	0x4
 559 0324 28030000 		.4byte	0x328
 560 0328 0C       		.uleb128 0xc
 561 0329 33030000 		.4byte	0x333
 562 032d 0D       		.uleb128 0xd
 563 032e 33030000 		.4byte	0x333
 564 0332 00       		.byte	0
 565 0333 0E       		.uleb128 0xe
 566 0334 04       		.byte	0x4
 567 0335 04       		.uleb128 0x4
 568 0336 26030000 		.4byte	.LASF62
 569 033a 06       		.byte	0x6
 570 033b 61       		.byte	0x61
ARM GAS  /var/folders/sv/kgmgr77579zbf78p2zlhkdfr0000gn/T//ccitX7oD.s 			page 11


 571 033c 40030000 		.4byte	0x340
 572 0340 0B       		.uleb128 0xb
 573 0341 BD030000 		.4byte	.LASF63
 574 0345 14       		.byte	0x14
 575 0346 07       		.byte	0x7
 576 0347 6B01     		.2byte	0x16b
 577 0349 8F030000 		.4byte	0x38f
 578 034d 09       		.uleb128 0x9
 579 034e 86010000 		.4byte	.LASF64
 580 0352 07       		.byte	0x7
 581 0353 6C01     		.2byte	0x16c
 582 0355 02070000 		.4byte	0x702
 583 0359 00       		.byte	0
 584 035a 09       		.uleb128 0x9
 585 035b 54010000 		.4byte	.LASF65
 586 035f 07       		.byte	0x7
 587 0360 6D01     		.2byte	0x16d
 588 0362 02070000 		.4byte	0x702
 589 0366 04       		.byte	0x4
 590 0367 09       		.uleb128 0x9
 591 0368 95010000 		.4byte	.LASF66
 592 036c 07       		.byte	0x7
 593 036d 6E01     		.2byte	0x16e
 594 036f 30010000 		.4byte	0x130
 595 0373 08       		.byte	0x8
 596 0374 09       		.uleb128 0x9
 597 0375 CF020000 		.4byte	.LASF67
 598 0379 07       		.byte	0x7
 599 037a 6F01     		.2byte	0x16f
 600 037c 17030000 		.4byte	0x317
 601 0380 0C       		.byte	0xc
 602 0381 09       		.uleb128 0x9
 603 0382 DC040000 		.4byte	.LASF68
 604 0386 07       		.byte	0x7
 605 0387 7101     		.2byte	0x171
 606 0389 33030000 		.4byte	0x333
 607 038d 10       		.byte	0x10
 608 038e 00       		.byte	0
 609 038f 04       		.uleb128 0x4
 610 0390 64000000 		.4byte	.LASF69
 611 0394 06       		.byte	0x6
 612 0395 66       		.byte	0x66
 613 0396 9A030000 		.4byte	0x39a
 614 039a 0B       		.uleb128 0xb
 615 039b B8020000 		.4byte	.LASF70
 616 039f 10       		.byte	0x10
 617 03a0 07       		.byte	0x7
 618 03a1 7B01     		.2byte	0x17b
 619 03a3 DC030000 		.4byte	0x3dc
 620 03a7 09       		.uleb128 0x9
 621 03a8 86010000 		.4byte	.LASF64
 622 03ac 07       		.byte	0x7
 623 03ad 7C01     		.2byte	0x17c
 624 03af 02070000 		.4byte	0x702
 625 03b3 00       		.byte	0
 626 03b4 09       		.uleb128 0x9
 627 03b5 54010000 		.4byte	.LASF65
ARM GAS  /var/folders/sv/kgmgr77579zbf78p2zlhkdfr0000gn/T//ccitX7oD.s 			page 12


 628 03b9 07       		.byte	0x7
 629 03ba 7E01     		.2byte	0x17e
 630 03bc 02070000 		.4byte	0x702
 631 03c0 04       		.byte	0x4
 632 03c1 09       		.uleb128 0x9
 633 03c2 95010000 		.4byte	.LASF66
 634 03c6 07       		.byte	0x7
 635 03c7 8001     		.2byte	0x180
 636 03c9 30010000 		.4byte	0x130
 637 03cd 08       		.byte	0x8
 638 03ce 09       		.uleb128 0x9
 639 03cf 14040000 		.4byte	.LASF71
 640 03d3 07       		.byte	0x7
 641 03d4 8201     		.2byte	0x182
 642 03d6 FD060000 		.4byte	0x6fd
 643 03da 0C       		.byte	0xc
 644 03db 00       		.byte	0
 645 03dc 04       		.uleb128 0x4
 646 03dd 9E010000 		.4byte	.LASF72
 647 03e1 06       		.byte	0x6
 648 03e2 6B       		.byte	0x6b
 649 03e3 E7030000 		.4byte	0x3e7
 650 03e7 0B       		.uleb128 0xb
 651 03e8 45030000 		.4byte	.LASF73
 652 03ec 04       		.byte	0x4
 653 03ed 07       		.byte	0x7
 654 03ee A201     		.2byte	0x1a2
 655 03f0 02040000 		.4byte	0x402
 656 03f4 09       		.uleb128 0x9
 657 03f5 9A040000 		.4byte	.LASF74
 658 03f9 07       		.byte	0x7
 659 03fa AA01     		.2byte	0x1aa
 660 03fc 08070000 		.4byte	0x708
 661 0400 00       		.byte	0
 662 0401 00       		.byte	0
 663 0402 04       		.uleb128 0x4
 664 0403 47020000 		.4byte	.LASF75
 665 0407 06       		.byte	0x6
 666 0408 70       		.byte	0x70
 667 0409 0D040000 		.4byte	0x40d
 668 040d 0F       		.uleb128 0xf
 669 040e 0E010000 		.4byte	.LASF76
 670 0412 5802     		.2byte	0x258
 671 0414 07       		.byte	0x7
 672 0415 C201     		.2byte	0x1c2
 673 0417 69040000 		.4byte	0x469
 674 041b 09       		.uleb128 0x9
 675 041c 1E060000 		.4byte	.LASF77
 676 0420 07       		.byte	0x7
 677 0421 C601     		.2byte	0x1c6
 678 0423 B0020000 		.4byte	0x2b0
 679 0427 00       		.byte	0
 680 0428 09       		.uleb128 0x9
 681 0429 40000000 		.4byte	.LASF78
 682 042d 07       		.byte	0x7
 683 042e CA01     		.2byte	0x1ca
 684 0430 8F030000 		.4byte	0x38f
ARM GAS  /var/folders/sv/kgmgr77579zbf78p2zlhkdfr0000gn/T//ccitX7oD.s 			page 13


 685 0434 1C       		.byte	0x1c
 686 0435 08       		.uleb128 0x8
 687 0436 64626700 		.ascii	"dbg\000"
 688 043a 07       		.byte	0x7
 689 043b CE01     		.2byte	0x1ce
 690 043d DC030000 		.4byte	0x3dc
 691 0441 2C       		.byte	0x2c
 692 0442 09       		.uleb128 0x9
 693 0443 36020000 		.4byte	.LASF79
 694 0447 07       		.byte	0x7
 695 0448 D201     		.2byte	0x1d2
 696 044a 3B010000 		.4byte	0x13b
 697 044e 30       		.byte	0x30
 698 044f 08       		.uleb128 0x8
 699 0450 746D00   		.ascii	"tm\000"
 700 0453 07       		.byte	0x7
 701 0454 D701     		.2byte	0x1d7
 702 0456 1B060000 		.4byte	0x61b
 703 045a 78       		.byte	0x78
 704 045b 09       		.uleb128 0x9
 705 045c 64010000 		.4byte	.LASF80
 706 0460 07       		.byte	0x7
 707 0461 E301     		.2byte	0x1e3
 708 0463 0D070000 		.4byte	0x70d
 709 0467 80       		.byte	0x80
 710 0468 00       		.byte	0
 711 0469 03       		.uleb128 0x3
 712 046a 04       		.byte	0x4
 713 046b 07       		.byte	0x7
 714 046c 2C060000 		.4byte	.LASF81
 715 0470 10       		.uleb128 0x10
 716 0471 C8000000 		.4byte	0xc8
 717 0475 80040000 		.4byte	0x480
 718 0479 11       		.uleb128 0x11
 719 047a 69040000 		.4byte	0x469
 720 047e 01       		.byte	0x1
 721 047f 00       		.byte	0
 722 0480 10       		.uleb128 0x10
 723 0481 C8000000 		.4byte	0xc8
 724 0485 90040000 		.4byte	0x490
 725 0489 11       		.uleb128 0x11
 726 048a 69040000 		.4byte	0x469
 727 048e 03       		.byte	0x3
 728 048f 00       		.byte	0
 729 0490 04       		.uleb128 0x4
 730 0491 4B010000 		.4byte	.LASF82
 731 0495 08       		.byte	0x8
 732 0496 65       		.byte	0x65
 733 0497 33030000 		.4byte	0x333
 734 049b 04       		.uleb128 0x4
 735 049c 92020000 		.4byte	.LASF83
 736 04a0 08       		.byte	0x8
 737 04a1 6D       		.byte	0x6d
 738 04a2 B8000000 		.4byte	0xb8
 739 04a6 06       		.uleb128 0x6
 740 04a7 E2010000 		.4byte	.LASF84
 741 04ab 04       		.byte	0x4
ARM GAS  /var/folders/sv/kgmgr77579zbf78p2zlhkdfr0000gn/T//ccitX7oD.s 			page 14


 742 04ac 08       		.byte	0x8
 743 04ad 89       		.byte	0x89
 744 04ae BF040000 		.4byte	0x4bf
 745 04b2 12       		.uleb128 0x12
 746 04b3 72313300 		.ascii	"r13\000"
 747 04b7 08       		.byte	0x8
 748 04b8 8A       		.byte	0x8a
 749 04b9 00060000 		.4byte	0x600
 750 04bd 00       		.byte	0
 751 04be 00       		.byte	0
 752 04bf 06       		.uleb128 0x6
 753 04c0 34000000 		.4byte	.LASF85
 754 04c4 64       		.byte	0x64
 755 04c5 09       		.byte	0x9
 756 04c6 F4       		.byte	0xf4
 757 04c7 00060000 		.4byte	0x600
 758 04cb 12       		.uleb128 0x12
 759 04cc 73313600 		.ascii	"s16\000"
 760 04d0 09       		.byte	0x9
 761 04d1 F6       		.byte	0xf6
 762 04d2 90040000 		.4byte	0x490
 763 04d6 00       		.byte	0
 764 04d7 12       		.uleb128 0x12
 765 04d8 73313700 		.ascii	"s17\000"
 766 04dc 09       		.byte	0x9
 767 04dd F7       		.byte	0xf7
 768 04de 90040000 		.4byte	0x490
 769 04e2 04       		.byte	0x4
 770 04e3 12       		.uleb128 0x12
 771 04e4 73313800 		.ascii	"s18\000"
 772 04e8 09       		.byte	0x9
 773 04e9 F8       		.byte	0xf8
 774 04ea 90040000 		.4byte	0x490
 775 04ee 08       		.byte	0x8
 776 04ef 12       		.uleb128 0x12
 777 04f0 73313900 		.ascii	"s19\000"
 778 04f4 09       		.byte	0x9
 779 04f5 F9       		.byte	0xf9
 780 04f6 90040000 		.4byte	0x490
 781 04fa 0C       		.byte	0xc
 782 04fb 12       		.uleb128 0x12
 783 04fc 73323000 		.ascii	"s20\000"
 784 0500 09       		.byte	0x9
 785 0501 FA       		.byte	0xfa
 786 0502 90040000 		.4byte	0x490
 787 0506 10       		.byte	0x10
 788 0507 12       		.uleb128 0x12
 789 0508 73323100 		.ascii	"s21\000"
 790 050c 09       		.byte	0x9
 791 050d FB       		.byte	0xfb
 792 050e 90040000 		.4byte	0x490
 793 0512 14       		.byte	0x14
 794 0513 12       		.uleb128 0x12
 795 0514 73323200 		.ascii	"s22\000"
 796 0518 09       		.byte	0x9
 797 0519 FC       		.byte	0xfc
 798 051a 90040000 		.4byte	0x490
ARM GAS  /var/folders/sv/kgmgr77579zbf78p2zlhkdfr0000gn/T//ccitX7oD.s 			page 15


 799 051e 18       		.byte	0x18
 800 051f 12       		.uleb128 0x12
 801 0520 73323300 		.ascii	"s23\000"
 802 0524 09       		.byte	0x9
 803 0525 FD       		.byte	0xfd
 804 0526 90040000 		.4byte	0x490
 805 052a 1C       		.byte	0x1c
 806 052b 12       		.uleb128 0x12
 807 052c 73323400 		.ascii	"s24\000"
 808 0530 09       		.byte	0x9
 809 0531 FE       		.byte	0xfe
 810 0532 90040000 		.4byte	0x490
 811 0536 20       		.byte	0x20
 812 0537 12       		.uleb128 0x12
 813 0538 73323500 		.ascii	"s25\000"
 814 053c 09       		.byte	0x9
 815 053d FF       		.byte	0xff
 816 053e 90040000 		.4byte	0x490
 817 0542 24       		.byte	0x24
 818 0543 08       		.uleb128 0x8
 819 0544 73323600 		.ascii	"s26\000"
 820 0548 09       		.byte	0x9
 821 0549 0001     		.2byte	0x100
 822 054b 90040000 		.4byte	0x490
 823 054f 28       		.byte	0x28
 824 0550 08       		.uleb128 0x8
 825 0551 73323700 		.ascii	"s27\000"
 826 0555 09       		.byte	0x9
 827 0556 0101     		.2byte	0x101
 828 0558 90040000 		.4byte	0x490
 829 055c 2C       		.byte	0x2c
 830 055d 08       		.uleb128 0x8
 831 055e 73323800 		.ascii	"s28\000"
 832 0562 09       		.byte	0x9
 833 0563 0201     		.2byte	0x102
 834 0565 90040000 		.4byte	0x490
 835 0569 30       		.byte	0x30
 836 056a 08       		.uleb128 0x8
 837 056b 73323900 		.ascii	"s29\000"
 838 056f 09       		.byte	0x9
 839 0570 0301     		.2byte	0x103
 840 0572 90040000 		.4byte	0x490
 841 0576 34       		.byte	0x34
 842 0577 08       		.uleb128 0x8
 843 0578 73333000 		.ascii	"s30\000"
 844 057c 09       		.byte	0x9
 845 057d 0401     		.2byte	0x104
 846 057f 90040000 		.4byte	0x490
 847 0583 38       		.byte	0x38
 848 0584 08       		.uleb128 0x8
 849 0585 73333100 		.ascii	"s31\000"
 850 0589 09       		.byte	0x9
 851 058a 0501     		.2byte	0x105
 852 058c 90040000 		.4byte	0x490
 853 0590 3C       		.byte	0x3c
 854 0591 08       		.uleb128 0x8
 855 0592 723400   		.ascii	"r4\000"
ARM GAS  /var/folders/sv/kgmgr77579zbf78p2zlhkdfr0000gn/T//ccitX7oD.s 			page 16


 856 0595 09       		.byte	0x9
 857 0596 0701     		.2byte	0x107
 858 0598 90040000 		.4byte	0x490
 859 059c 40       		.byte	0x40
 860 059d 08       		.uleb128 0x8
 861 059e 723500   		.ascii	"r5\000"
 862 05a1 09       		.byte	0x9
 863 05a2 0801     		.2byte	0x108
 864 05a4 90040000 		.4byte	0x490
 865 05a8 44       		.byte	0x44
 866 05a9 08       		.uleb128 0x8
 867 05aa 723600   		.ascii	"r6\000"
 868 05ad 09       		.byte	0x9
 869 05ae 0901     		.2byte	0x109
 870 05b0 90040000 		.4byte	0x490
 871 05b4 48       		.byte	0x48
 872 05b5 08       		.uleb128 0x8
 873 05b6 723700   		.ascii	"r7\000"
 874 05b9 09       		.byte	0x9
 875 05ba 0A01     		.2byte	0x10a
 876 05bc 90040000 		.4byte	0x490
 877 05c0 4C       		.byte	0x4c
 878 05c1 08       		.uleb128 0x8
 879 05c2 723800   		.ascii	"r8\000"
 880 05c5 09       		.byte	0x9
 881 05c6 0B01     		.2byte	0x10b
 882 05c8 90040000 		.4byte	0x490
 883 05cc 50       		.byte	0x50
 884 05cd 08       		.uleb128 0x8
 885 05ce 723900   		.ascii	"r9\000"
 886 05d1 09       		.byte	0x9
 887 05d2 0C01     		.2byte	0x10c
 888 05d4 90040000 		.4byte	0x490
 889 05d8 54       		.byte	0x54
 890 05d9 08       		.uleb128 0x8
 891 05da 72313000 		.ascii	"r10\000"
 892 05de 09       		.byte	0x9
 893 05df 0D01     		.2byte	0x10d
 894 05e1 90040000 		.4byte	0x490
 895 05e5 58       		.byte	0x58
 896 05e6 08       		.uleb128 0x8
 897 05e7 72313100 		.ascii	"r11\000"
 898 05eb 09       		.byte	0x9
 899 05ec 0E01     		.2byte	0x10e
 900 05ee 90040000 		.4byte	0x490
 901 05f2 5C       		.byte	0x5c
 902 05f3 08       		.uleb128 0x8
 903 05f4 6C7200   		.ascii	"lr\000"
 904 05f7 09       		.byte	0x9
 905 05f8 0F01     		.2byte	0x10f
 906 05fa 90040000 		.4byte	0x490
 907 05fe 60       		.byte	0x60
 908 05ff 00       		.byte	0
 909 0600 0A       		.uleb128 0xa
 910 0601 04       		.byte	0x4
 911 0602 BF040000 		.4byte	0x4bf
 912 0606 13       		.uleb128 0x13
ARM GAS  /var/folders/sv/kgmgr77579zbf78p2zlhkdfr0000gn/T//ccitX7oD.s 			page 17


 913 0607 04       		.byte	0x4
 914 0608 0A       		.byte	0xa
 915 0609 38       		.byte	0x38
 916 060a 1B060000 		.4byte	0x61b
 917 060e 07       		.uleb128 0x7
 918 060f A4040000 		.4byte	.LASF86
 919 0613 0A       		.byte	0xa
 920 0614 3C       		.byte	0x3c
 921 0615 CD000000 		.4byte	0xcd
 922 0619 00       		.byte	0
 923 061a 00       		.byte	0
 924 061b 04       		.uleb128 0x4
 925 061c E5020000 		.4byte	.LASF87
 926 0620 0A       		.byte	0xa
 927 0621 3D       		.byte	0x3d
 928 0622 06060000 		.4byte	0x606
 929 0626 14       		.uleb128 0x14
 930 0627 04       		.byte	0x4
 931 0628 07       		.byte	0x7
 932 0629 FA       		.byte	0xfa
 933 062a 83060000 		.4byte	0x683
 934 062e 15       		.uleb128 0x15
 935 062f 1A000000 		.4byte	.LASF88
 936 0633 07       		.byte	0x7
 937 0634 0101     		.2byte	0x101
 938 0636 0F010000 		.4byte	0x10f
 939 063a 15       		.uleb128 0x15
 940 063b 3A010000 		.4byte	.LASF89
 941 063f 07       		.byte	0x7
 942 0640 0801     		.2byte	0x108
 943 0642 0F010000 		.4byte	0x10f
 944 0646 15       		.uleb128 0x15
 945 0647 F2000000 		.4byte	.LASF90
 946 064b 07       		.byte	0x7
 947 064c 0F01     		.2byte	0x10f
 948 064e 33030000 		.4byte	0x333
 949 0652 15       		.uleb128 0x15
 950 0653 14000000 		.4byte	.LASF91
 951 0657 07       		.byte	0x7
 952 0658 1601     		.2byte	0x116
 953 065a 83060000 		.4byte	0x683
 954 065e 15       		.uleb128 0x15
 955 065f 8E010000 		.4byte	.LASF92
 956 0663 07       		.byte	0x7
 957 0664 1E01     		.2byte	0x11e
 958 0666 AE060000 		.4byte	0x6ae
 959 066a 15       		.uleb128 0x15
 960 066b 05040000 		.4byte	.LASF93
 961 066f 07       		.byte	0x7
 962 0670 2701     		.2byte	0x127
 963 0672 E5060000 		.4byte	0x6e5
 964 0676 15       		.uleb128 0x15
 965 0677 9E030000 		.4byte	.LASF94
 966 067b 07       		.byte	0x7
 967 067c 2F01     		.2byte	0x12f
 968 067e 1A010000 		.4byte	0x11a
 969 0682 00       		.byte	0
ARM GAS  /var/folders/sv/kgmgr77579zbf78p2zlhkdfr0000gn/T//ccitX7oD.s 			page 18


 970 0683 0A       		.uleb128 0xa
 971 0684 04       		.byte	0x4
 972 0685 4B020000 		.4byte	0x24b
 973 0689 06       		.uleb128 0x6
 974 068a DF030000 		.4byte	.LASF95
 975 068e 0C       		.byte	0xc
 976 068f 0B       		.byte	0xb
 977 0690 34       		.byte	0x34
 978 0691 AE060000 		.4byte	0x6ae
 979 0695 07       		.uleb128 0x7
 980 0696 32010000 		.4byte	.LASF96
 981 069a 0B       		.byte	0xb
 982 069b 35       		.byte	0x35
 983 069c 80020000 		.4byte	0x280
 984 06a0 00       		.byte	0
 985 06a1 07       		.uleb128 0x7
 986 06a2 DC010000 		.4byte	.LASF97
 987 06a6 0B       		.byte	0xb
 988 06a7 37       		.byte	0x37
 989 06a8 25010000 		.4byte	0x125
 990 06ac 08       		.byte	0x8
 991 06ad 00       		.byte	0
 992 06ae 0A       		.uleb128 0xa
 993 06af 04       		.byte	0x4
 994 06b0 89060000 		.4byte	0x689
 995 06b4 06       		.uleb128 0x6
 996 06b5 40060000 		.4byte	.LASF98
 997 06b9 10       		.byte	0x10
 998 06ba 0C       		.byte	0xc
 999 06bb 39       		.byte	0x39
 1000 06bc E5060000 		.4byte	0x6e5
 1001 06c0 07       		.uleb128 0x7
 1002 06c1 EA000000 		.4byte	.LASF99
 1003 06c5 0C       		.byte	0xc
 1004 06c6 3A       		.byte	0x3a
 1005 06c7 80020000 		.4byte	0x280
 1006 06cb 00       		.byte	0
 1007 06cc 07       		.uleb128 0x7
 1008 06cd 72060000 		.4byte	.LASF100
 1009 06d1 0C       		.byte	0xc
 1010 06d2 3C       		.byte	0x3c
 1011 06d3 56020000 		.4byte	0x256
 1012 06d7 08       		.byte	0x8
 1013 06d8 07       		.uleb128 0x7
 1014 06d9 6A040000 		.4byte	.LASF101
 1015 06dd 0C       		.byte	0xc
 1016 06de 3E       		.byte	0x3e
 1017 06df 28070000 		.4byte	0x728
 1018 06e3 0C       		.byte	0xc
 1019 06e4 00       		.byte	0
 1020 06e5 0A       		.uleb128 0xa
 1021 06e6 04       		.byte	0x4
 1022 06e7 B4060000 		.4byte	0x6b4
 1023 06eb 0A       		.uleb128 0xa
 1024 06ec 04       		.byte	0x4
 1025 06ed F8060000 		.4byte	0x6f8
 1026 06f1 03       		.uleb128 0x3
ARM GAS  /var/folders/sv/kgmgr77579zbf78p2zlhkdfr0000gn/T//ccitX7oD.s 			page 19


 1027 06f2 01       		.byte	0x1
 1028 06f3 08       		.byte	0x8
 1029 06f4 4D040000 		.4byte	.LASF102
 1030 06f8 16       		.uleb128 0x16
 1031 06f9 F1060000 		.4byte	0x6f1
 1032 06fd 05       		.uleb128 0x5
 1033 06fe 30010000 		.4byte	0x130
 1034 0702 0A       		.uleb128 0xa
 1035 0703 04       		.byte	0x4
 1036 0704 35030000 		.4byte	0x335
 1037 0708 05       		.uleb128 0x5
 1038 0709 EB060000 		.4byte	0x6eb
 1039 070d 10       		.uleb128 0x10
 1040 070e 9B040000 		.4byte	0x49b
 1041 0712 1D070000 		.4byte	0x71d
 1042 0716 11       		.uleb128 0x11
 1043 0717 69040000 		.4byte	0x469
 1044 071b 3A       		.byte	0x3a
 1045 071c 00       		.byte	0
 1046 071d 04       		.uleb128 0x4
 1047 071e 5C010000 		.4byte	.LASF103
 1048 0722 0C       		.byte	0xc
 1049 0723 34       		.byte	0x34
 1050 0724 B4060000 		.4byte	0x6b4
 1051 0728 0A       		.uleb128 0xa
 1052 0729 04       		.byte	0x4
 1053 072a 1D070000 		.4byte	0x71d
 1054 072e 03       		.uleb128 0x3
 1055 072f 04       		.byte	0x4
 1056 0730 04       		.byte	0x4
 1057 0731 18030000 		.4byte	.LASF104
 1058 0735 03       		.uleb128 0x3
 1059 0736 01       		.byte	0x1
 1060 0737 02       		.byte	0x2
 1061 0738 55030000 		.4byte	.LASF105
 1062 073c 17       		.uleb128 0x17
 1063 073d 60       		.byte	0x60
 1064 073e 0D       		.byte	0xd
 1065 073f 9E01     		.2byte	0x19e
 1066 0741 48080000 		.4byte	0x848
 1067 0745 08       		.uleb128 0x8
 1068 0746 43523100 		.ascii	"CR1\000"
 1069 074a 0D       		.byte	0xd
 1070 074b 9F01     		.2byte	0x19f
 1071 074d C8000000 		.4byte	0xc8
 1072 0751 00       		.byte	0
 1073 0752 08       		.uleb128 0x8
 1074 0753 43523200 		.ascii	"CR2\000"
 1075 0757 0D       		.byte	0xd
 1076 0758 A001     		.2byte	0x1a0
 1077 075a C8000000 		.4byte	0xc8
 1078 075e 04       		.byte	0x4
 1079 075f 09       		.uleb128 0x9
 1080 0760 52040000 		.4byte	.LASF106
 1081 0764 0D       		.byte	0xd
 1082 0765 A101     		.2byte	0x1a1
 1083 0767 C8000000 		.4byte	0xc8
ARM GAS  /var/folders/sv/kgmgr77579zbf78p2zlhkdfr0000gn/T//ccitX7oD.s 			page 20


 1084 076b 08       		.byte	0x8
 1085 076c 09       		.uleb128 0x9
 1086 076d 50060000 		.4byte	.LASF107
 1087 0771 0D       		.byte	0xd
 1088 0772 A201     		.2byte	0x1a2
 1089 0774 C8000000 		.4byte	0xc8
 1090 0778 0C       		.byte	0xc
 1091 0779 08       		.uleb128 0x8
 1092 077a 535200   		.ascii	"SR\000"
 1093 077d 0D       		.byte	0xd
 1094 077e A301     		.2byte	0x1a3
 1095 0780 C8000000 		.4byte	0xc8
 1096 0784 10       		.byte	0x10
 1097 0785 08       		.uleb128 0x8
 1098 0786 45475200 		.ascii	"EGR\000"
 1099 078a 0D       		.byte	0xd
 1100 078b A401     		.2byte	0x1a4
 1101 078d C8000000 		.4byte	0xc8
 1102 0791 14       		.byte	0x14
 1103 0792 09       		.uleb128 0x9
 1104 0793 B0000000 		.4byte	.LASF108
 1105 0797 0D       		.byte	0xd
 1106 0798 A501     		.2byte	0x1a5
 1107 079a C8000000 		.4byte	0xc8
 1108 079e 18       		.byte	0x18
 1109 079f 09       		.uleb128 0x9
 1110 07a0 B6000000 		.4byte	.LASF109
 1111 07a4 0D       		.byte	0xd
 1112 07a5 A601     		.2byte	0x1a6
 1113 07a7 C8000000 		.4byte	0xc8
 1114 07ab 1C       		.byte	0x1c
 1115 07ac 09       		.uleb128 0x9
 1116 07ad 65040000 		.4byte	.LASF110
 1117 07b1 0D       		.byte	0xd
 1118 07b2 A701     		.2byte	0x1a7
 1119 07b4 C8000000 		.4byte	0xc8
 1120 07b8 20       		.byte	0x20
 1121 07b9 08       		.uleb128 0x8
 1122 07ba 434E5400 		.ascii	"CNT\000"
 1123 07be 0D       		.byte	0xd
 1124 07bf A801     		.2byte	0x1a8
 1125 07c1 C8000000 		.4byte	0xc8
 1126 07c5 24       		.byte	0x24
 1127 07c6 08       		.uleb128 0x8
 1128 07c7 50534300 		.ascii	"PSC\000"
 1129 07cb 0D       		.byte	0xd
 1130 07cc A901     		.2byte	0x1a9
 1131 07ce C8000000 		.4byte	0xc8
 1132 07d2 28       		.byte	0x28
 1133 07d3 08       		.uleb128 0x8
 1134 07d4 41525200 		.ascii	"ARR\000"
 1135 07d8 0D       		.byte	0xd
 1136 07d9 AA01     		.2byte	0x1aa
 1137 07db C8000000 		.4byte	0xc8
 1138 07df 2C       		.byte	0x2c
 1139 07e0 08       		.uleb128 0x8
 1140 07e1 52435200 		.ascii	"RCR\000"
ARM GAS  /var/folders/sv/kgmgr77579zbf78p2zlhkdfr0000gn/T//ccitX7oD.s 			page 21


 1141 07e5 0D       		.byte	0xd
 1142 07e6 AB01     		.2byte	0x1ab
 1143 07e8 C8000000 		.4byte	0xc8
 1144 07ec 30       		.byte	0x30
 1145 07ed 08       		.uleb128 0x8
 1146 07ee 43435200 		.ascii	"CCR\000"
 1147 07f2 0D       		.byte	0xd
 1148 07f3 AC01     		.2byte	0x1ac
 1149 07f5 48080000 		.4byte	0x848
 1150 07f9 34       		.byte	0x34
 1151 07fa 09       		.uleb128 0x9
 1152 07fb 93000000 		.4byte	.LASF111
 1153 07ff 0D       		.byte	0xd
 1154 0800 AD01     		.2byte	0x1ad
 1155 0802 C8000000 		.4byte	0xc8
 1156 0806 44       		.byte	0x44
 1157 0807 08       		.uleb128 0x8
 1158 0808 44435200 		.ascii	"DCR\000"
 1159 080c 0D       		.byte	0xd
 1160 080d AE01     		.2byte	0x1ae
 1161 080f C8000000 		.4byte	0xc8
 1162 0813 48       		.byte	0x48
 1163 0814 09       		.uleb128 0x9
 1164 0815 57040000 		.4byte	.LASF112
 1165 0819 0D       		.byte	0xd
 1166 081a AF01     		.2byte	0x1af
 1167 081c C8000000 		.4byte	0xc8
 1168 0820 4C       		.byte	0x4c
 1169 0821 08       		.uleb128 0x8
 1170 0822 4F5200   		.ascii	"OR\000"
 1171 0825 0D       		.byte	0xd
 1172 0826 B001     		.2byte	0x1b0
 1173 0828 C8000000 		.4byte	0xc8
 1174 082c 50       		.byte	0x50
 1175 082d 09       		.uleb128 0x9
 1176 082e 47000000 		.4byte	.LASF113
 1177 0832 0D       		.byte	0xd
 1178 0833 B101     		.2byte	0x1b1
 1179 0835 C8000000 		.4byte	0xc8
 1180 0839 54       		.byte	0x54
 1181 083a 09       		.uleb128 0x9
 1182 083b EC030000 		.4byte	.LASF114
 1183 083f 0D       		.byte	0xd
 1184 0840 B201     		.2byte	0x1b2
 1185 0842 4D080000 		.4byte	0x84d
 1186 0846 58       		.byte	0x58
 1187 0847 00       		.byte	0
 1188 0848 05       		.uleb128 0x5
 1189 0849 80040000 		.4byte	0x480
 1190 084d 05       		.uleb128 0x5
 1191 084e 70040000 		.4byte	0x470
 1192 0852 18       		.uleb128 0x18
 1193 0853 D6000000 		.4byte	.LASF115
 1194 0857 0D       		.byte	0xd
 1195 0858 B301     		.2byte	0x1b3
 1196 085a 3C070000 		.4byte	0x73c
 1197 085e 19       		.uleb128 0x19
ARM GAS  /var/folders/sv/kgmgr77579zbf78p2zlhkdfr0000gn/T//ccitX7oD.s 			page 22


 1198 085f 7F020000 		.4byte	.LASF116
 1199 0863 02       		.byte	0x2
 1200 0864 8D       		.byte	0x8d
 1201 0865 03       		.byte	0x3
 1202 0866 76080000 		.4byte	0x876
 1203 086a 1A       		.uleb128 0x1a
 1204 086b F6020000 		.4byte	.LASF118
 1205 086f 02       		.byte	0x2
 1206 0870 8D       		.byte	0x8d
 1207 0871 30010000 		.4byte	0x130
 1208 0875 00       		.byte	0
 1209 0876 1B       		.uleb128 0x1b
 1210 0877 BF040000 		.4byte	.LASF129
 1211 087b 02       		.byte	0x2
 1212 087c 99       		.byte	0x99
 1213 087d 03       		.byte	0x3
 1214 087e 19       		.uleb128 0x19
 1215 087f 25020000 		.4byte	.LASF117
 1216 0883 02       		.byte	0x2
 1217 0884 A5       		.byte	0xa5
 1218 0885 03       		.byte	0x3
 1219 0886 96080000 		.4byte	0x896
 1220 088a 1A       		.uleb128 0x1a
 1221 088b F6020000 		.4byte	.LASF118
 1222 088f 02       		.byte	0x2
 1223 0890 A5       		.byte	0xa5
 1224 0891 30010000 		.4byte	0x130
 1225 0895 00       		.byte	0
 1226 0896 1C       		.uleb128 0x1c
 1227 0897 CE030000 		.4byte	.LASF130
 1228 089b 02       		.byte	0x2
 1229 089c B1       		.byte	0xb1
 1230 089d 30010000 		.4byte	0x130
 1231 08a1 03       		.byte	0x3
 1232 08a2 1D       		.uleb128 0x1d
 1233 08a3 0D000000 		.4byte	.LASF119
 1234 08a7 01       		.byte	0x1
 1235 08a8 3C       		.byte	0x3c
 1236 08a9 00000000 		.4byte	.LFB256
 1237 08ad 04000000 		.4byte	.LFE256-.LFB256
 1238 08b1 01       		.uleb128 0x1
 1239 08b2 9C       		.byte	0x9c
 1240 08b3 C1080000 		.4byte	0x8c1
 1241 08b7 1E       		.uleb128 0x1e
 1242 08b8 04000000 		.4byte	.LVL0
 1243 08bc E8090000 		.4byte	0x9e8
 1244 08c0 00       		.byte	0
 1245 08c1 1D       		.uleb128 0x1d
 1246 08c2 AB040000 		.4byte	.LASF120
 1247 08c6 01       		.byte	0x1
 1248 08c7 4D       		.byte	0x4d
 1249 08c8 00000000 		.4byte	.LFB257
 1250 08cc 10000000 		.4byte	.LFE257-.LFB257
 1251 08d0 01       		.uleb128 0x1
 1252 08d1 9C       		.byte	0x9c
 1253 08d2 06090000 		.4byte	0x906
 1254 08d6 1F       		.uleb128 0x1f
ARM GAS  /var/folders/sv/kgmgr77579zbf78p2zlhkdfr0000gn/T//ccitX7oD.s 			page 23


 1255 08d7 64060000 		.4byte	.LASF123
 1256 08db 01       		.byte	0x1
 1257 08dc 4D       		.byte	0x4d
 1258 08dd 30010000 		.4byte	0x130
 1259 08e1 01       		.uleb128 0x1
 1260 08e2 50       		.byte	0x50
 1261 08e3 20       		.uleb128 0x20
 1262 08e4 B4030000 		.4byte	.LASF124
 1263 08e8 16090000 		.4byte	0x916
 1264 08ec 21       		.uleb128 0x21
 1265 08ed 5E080000 		.4byte	0x85e
 1266 08f1 00000000 		.4byte	.LBB10
 1267 08f5 10000000 		.4byte	.LBE10-.LBB10
 1268 08f9 01       		.byte	0x1
 1269 08fa 51       		.byte	0x51
 1270 08fb 22       		.uleb128 0x22
 1271 08fc 6A080000 		.4byte	0x86a
 1272 0900 00000000 		.4byte	.LLST0
 1273 0904 00       		.byte	0
 1274 0905 00       		.byte	0
 1275 0906 10       		.uleb128 0x10
 1276 0907 F8060000 		.4byte	0x6f8
 1277 090b 16090000 		.4byte	0x916
 1278 090f 11       		.uleb128 0x11
 1279 0910 69040000 		.4byte	0x469
 1280 0914 0C       		.byte	0xc
 1281 0915 00       		.byte	0
 1282 0916 16       		.uleb128 0x16
 1283 0917 06090000 		.4byte	0x906
 1284 091b 1D       		.uleb128 0x1d
 1285 091c 41040000 		.4byte	.LASF121
 1286 0920 01       		.byte	0x1
 1287 0921 5B       		.byte	0x5b
 1288 0922 00000000 		.4byte	.LFB258
 1289 0926 0A000000 		.4byte	.LFE258-.LFB258
 1290 092a 01       		.uleb128 0x1
 1291 092b 9C       		.byte	0x9c
 1292 092c 40090000 		.4byte	0x940
 1293 0930 23       		.uleb128 0x23
 1294 0931 76080000 		.4byte	0x876
 1295 0935 00000000 		.4byte	.LBB12
 1296 0939 0A000000 		.4byte	.LBE12-.LBB12
 1297 093d 01       		.byte	0x1
 1298 093e 5D       		.byte	0x5d
 1299 093f 00       		.byte	0
 1300 0940 1D       		.uleb128 0x1d
 1301 0941 03010000 		.4byte	.LASF122
 1302 0945 01       		.byte	0x1
 1303 0946 69       		.byte	0x69
 1304 0947 00000000 		.4byte	.LFB259
 1305 094b 08000000 		.4byte	.LFE259-.LFB259
 1306 094f 01       		.uleb128 0x1
 1307 0950 9C       		.byte	0x9c
 1308 0951 85090000 		.4byte	0x985
 1309 0955 1F       		.uleb128 0x1f
 1310 0956 64060000 		.4byte	.LASF123
 1311 095a 01       		.byte	0x1
ARM GAS  /var/folders/sv/kgmgr77579zbf78p2zlhkdfr0000gn/T//ccitX7oD.s 			page 24


 1312 095b 69       		.byte	0x69
 1313 095c 30010000 		.4byte	0x130
 1314 0960 01       		.uleb128 0x1
 1315 0961 50       		.byte	0x50
 1316 0962 20       		.uleb128 0x20
 1317 0963 B4030000 		.4byte	.LASF124
 1318 0967 95090000 		.4byte	0x995
 1319 096b 21       		.uleb128 0x21
 1320 096c 7E080000 		.4byte	0x87e
 1321 0970 00000000 		.4byte	.LBB14
 1322 0974 08000000 		.4byte	.LBE14-.LBB14
 1323 0978 01       		.byte	0x1
 1324 0979 6D       		.byte	0x6d
 1325 097a 22       		.uleb128 0x22
 1326 097b 8A080000 		.4byte	0x88a
 1327 097f 13000000 		.4byte	.LLST1
 1328 0983 00       		.byte	0
 1329 0984 00       		.byte	0
 1330 0985 10       		.uleb128 0x10
 1331 0986 F8060000 		.4byte	0x6f8
 1332 098a 95090000 		.4byte	0x995
 1333 098e 11       		.uleb128 0x11
 1334 098f 69040000 		.4byte	0x469
 1335 0993 0A       		.byte	0xa
 1336 0994 00       		.byte	0
 1337 0995 16       		.uleb128 0x16
 1338 0996 85090000 		.4byte	0x985
 1339 099a 24       		.uleb128 0x24
 1340 099b 35060000 		.4byte	.LASF131
 1341 099f 01       		.byte	0x1
 1342 09a0 79       		.byte	0x79
 1343 09a1 30010000 		.4byte	0x130
 1344 09a5 00000000 		.4byte	.LFB260
 1345 09a9 08000000 		.4byte	.LFE260-.LFB260
 1346 09ad 01       		.uleb128 0x1
 1347 09ae 9C       		.byte	0x9c
 1348 09af CC090000 		.4byte	0x9cc
 1349 09b3 20       		.uleb128 0x20
 1350 09b4 B4030000 		.4byte	.LASF124
 1351 09b8 CC090000 		.4byte	0x9cc
 1352 09bc 23       		.uleb128 0x23
 1353 09bd 96080000 		.4byte	0x896
 1354 09c1 00000000 		.4byte	.LBB16
 1355 09c5 06000000 		.4byte	.LBE16-.LBB16
 1356 09c9 01       		.byte	0x1
 1357 09ca 7D       		.byte	0x7d
 1358 09cb 00       		.byte	0
 1359 09cc 16       		.uleb128 0x16
 1360 09cd 85090000 		.4byte	0x985
 1361 09d1 25       		.uleb128 0x25
 1362 09d2 7A000000 		.4byte	.LASF125
 1363 09d6 0E       		.byte	0xe
 1364 09d7 A706     		.2byte	0x6a7
 1365 09d9 C3000000 		.4byte	0xc3
 1366 09dd 26       		.uleb128 0x26
 1367 09de 636800   		.ascii	"ch\000"
 1368 09e1 07       		.byte	0x7
ARM GAS  /var/folders/sv/kgmgr77579zbf78p2zlhkdfr0000gn/T//ccitX7oD.s 			page 25


 1369 09e2 0902     		.2byte	0x209
 1370 09e4 02040000 		.4byte	0x402
 1371 09e8 27       		.uleb128 0x27
 1372 09e9 87000000 		.4byte	.LASF132
 1373 09ed 87000000 		.4byte	.LASF132
 1374 09f1 02       		.byte	0x2
 1375 09f2 6F       		.byte	0x6f
 1376 09f3 00       		.byte	0
 1377              		.section	.debug_abbrev,"",%progbits
 1378              	.Ldebug_abbrev0:
 1379 0000 01       		.uleb128 0x1
 1380 0001 11       		.uleb128 0x11
 1381 0002 01       		.byte	0x1
 1382 0003 25       		.uleb128 0x25
 1383 0004 0E       		.uleb128 0xe
 1384 0005 13       		.uleb128 0x13
 1385 0006 0B       		.uleb128 0xb
 1386 0007 03       		.uleb128 0x3
 1387 0008 0E       		.uleb128 0xe
 1388 0009 1B       		.uleb128 0x1b
 1389 000a 0E       		.uleb128 0xe
 1390 000b 55       		.uleb128 0x55
 1391 000c 17       		.uleb128 0x17
 1392 000d 11       		.uleb128 0x11
 1393 000e 01       		.uleb128 0x1
 1394 000f 10       		.uleb128 0x10
 1395 0010 17       		.uleb128 0x17
 1396 0011 00       		.byte	0
 1397 0012 00       		.byte	0
 1398 0013 02       		.uleb128 0x2
 1399 0014 24       		.uleb128 0x24
 1400 0015 00       		.byte	0
 1401 0016 0B       		.uleb128 0xb
 1402 0017 0B       		.uleb128 0xb
 1403 0018 3E       		.uleb128 0x3e
 1404 0019 0B       		.uleb128 0xb
 1405 001a 03       		.uleb128 0x3
 1406 001b 08       		.uleb128 0x8
 1407 001c 00       		.byte	0
 1408 001d 00       		.byte	0
 1409 001e 03       		.uleb128 0x3
 1410 001f 24       		.uleb128 0x24
 1411 0020 00       		.byte	0
 1412 0021 0B       		.uleb128 0xb
 1413 0022 0B       		.uleb128 0xb
 1414 0023 3E       		.uleb128 0x3e
 1415 0024 0B       		.uleb128 0xb
 1416 0025 03       		.uleb128 0x3
 1417 0026 0E       		.uleb128 0xe
 1418 0027 00       		.byte	0
 1419 0028 00       		.byte	0
 1420 0029 04       		.uleb128 0x4
 1421 002a 16       		.uleb128 0x16
 1422 002b 00       		.byte	0
 1423 002c 03       		.uleb128 0x3
 1424 002d 0E       		.uleb128 0xe
 1425 002e 3A       		.uleb128 0x3a
ARM GAS  /var/folders/sv/kgmgr77579zbf78p2zlhkdfr0000gn/T//ccitX7oD.s 			page 26


 1426 002f 0B       		.uleb128 0xb
 1427 0030 3B       		.uleb128 0x3b
 1428 0031 0B       		.uleb128 0xb
 1429 0032 49       		.uleb128 0x49
 1430 0033 13       		.uleb128 0x13
 1431 0034 00       		.byte	0
 1432 0035 00       		.byte	0
 1433 0036 05       		.uleb128 0x5
 1434 0037 35       		.uleb128 0x35
 1435 0038 00       		.byte	0
 1436 0039 49       		.uleb128 0x49
 1437 003a 13       		.uleb128 0x13
 1438 003b 00       		.byte	0
 1439 003c 00       		.byte	0
 1440 003d 06       		.uleb128 0x6
 1441 003e 13       		.uleb128 0x13
 1442 003f 01       		.byte	0x1
 1443 0040 03       		.uleb128 0x3
 1444 0041 0E       		.uleb128 0xe
 1445 0042 0B       		.uleb128 0xb
 1446 0043 0B       		.uleb128 0xb
 1447 0044 3A       		.uleb128 0x3a
 1448 0045 0B       		.uleb128 0xb
 1449 0046 3B       		.uleb128 0x3b
 1450 0047 0B       		.uleb128 0xb
 1451 0048 01       		.uleb128 0x1
 1452 0049 13       		.uleb128 0x13
 1453 004a 00       		.byte	0
 1454 004b 00       		.byte	0
 1455 004c 07       		.uleb128 0x7
 1456 004d 0D       		.uleb128 0xd
 1457 004e 00       		.byte	0
 1458 004f 03       		.uleb128 0x3
 1459 0050 0E       		.uleb128 0xe
 1460 0051 3A       		.uleb128 0x3a
 1461 0052 0B       		.uleb128 0xb
 1462 0053 3B       		.uleb128 0x3b
 1463 0054 0B       		.uleb128 0xb
 1464 0055 49       		.uleb128 0x49
 1465 0056 13       		.uleb128 0x13
 1466 0057 38       		.uleb128 0x38
 1467 0058 0B       		.uleb128 0xb
 1468 0059 00       		.byte	0
 1469 005a 00       		.byte	0
 1470 005b 08       		.uleb128 0x8
 1471 005c 0D       		.uleb128 0xd
 1472 005d 00       		.byte	0
 1473 005e 03       		.uleb128 0x3
 1474 005f 08       		.uleb128 0x8
 1475 0060 3A       		.uleb128 0x3a
 1476 0061 0B       		.uleb128 0xb
 1477 0062 3B       		.uleb128 0x3b
 1478 0063 05       		.uleb128 0x5
 1479 0064 49       		.uleb128 0x49
 1480 0065 13       		.uleb128 0x13
 1481 0066 38       		.uleb128 0x38
 1482 0067 0B       		.uleb128 0xb
ARM GAS  /var/folders/sv/kgmgr77579zbf78p2zlhkdfr0000gn/T//ccitX7oD.s 			page 27


 1483 0068 00       		.byte	0
 1484 0069 00       		.byte	0
 1485 006a 09       		.uleb128 0x9
 1486 006b 0D       		.uleb128 0xd
 1487 006c 00       		.byte	0
 1488 006d 03       		.uleb128 0x3
 1489 006e 0E       		.uleb128 0xe
 1490 006f 3A       		.uleb128 0x3a
 1491 0070 0B       		.uleb128 0xb
 1492 0071 3B       		.uleb128 0x3b
 1493 0072 05       		.uleb128 0x5
 1494 0073 49       		.uleb128 0x49
 1495 0074 13       		.uleb128 0x13
 1496 0075 38       		.uleb128 0x38
 1497 0076 0B       		.uleb128 0xb
 1498 0077 00       		.byte	0
 1499 0078 00       		.byte	0
 1500 0079 0A       		.uleb128 0xa
 1501 007a 0F       		.uleb128 0xf
 1502 007b 00       		.byte	0
 1503 007c 0B       		.uleb128 0xb
 1504 007d 0B       		.uleb128 0xb
 1505 007e 49       		.uleb128 0x49
 1506 007f 13       		.uleb128 0x13
 1507 0080 00       		.byte	0
 1508 0081 00       		.byte	0
 1509 0082 0B       		.uleb128 0xb
 1510 0083 13       		.uleb128 0x13
 1511 0084 01       		.byte	0x1
 1512 0085 03       		.uleb128 0x3
 1513 0086 0E       		.uleb128 0xe
 1514 0087 0B       		.uleb128 0xb
 1515 0088 0B       		.uleb128 0xb
 1516 0089 3A       		.uleb128 0x3a
 1517 008a 0B       		.uleb128 0xb
 1518 008b 3B       		.uleb128 0x3b
 1519 008c 05       		.uleb128 0x5
 1520 008d 01       		.uleb128 0x1
 1521 008e 13       		.uleb128 0x13
 1522 008f 00       		.byte	0
 1523 0090 00       		.byte	0
 1524 0091 0C       		.uleb128 0xc
 1525 0092 15       		.uleb128 0x15
 1526 0093 01       		.byte	0x1
 1527 0094 27       		.uleb128 0x27
 1528 0095 19       		.uleb128 0x19
 1529 0096 01       		.uleb128 0x1
 1530 0097 13       		.uleb128 0x13
 1531 0098 00       		.byte	0
 1532 0099 00       		.byte	0
 1533 009a 0D       		.uleb128 0xd
 1534 009b 05       		.uleb128 0x5
 1535 009c 00       		.byte	0
 1536 009d 49       		.uleb128 0x49
 1537 009e 13       		.uleb128 0x13
 1538 009f 00       		.byte	0
 1539 00a0 00       		.byte	0
ARM GAS  /var/folders/sv/kgmgr77579zbf78p2zlhkdfr0000gn/T//ccitX7oD.s 			page 28


 1540 00a1 0E       		.uleb128 0xe
 1541 00a2 0F       		.uleb128 0xf
 1542 00a3 00       		.byte	0
 1543 00a4 0B       		.uleb128 0xb
 1544 00a5 0B       		.uleb128 0xb
 1545 00a6 00       		.byte	0
 1546 00a7 00       		.byte	0
 1547 00a8 0F       		.uleb128 0xf
 1548 00a9 13       		.uleb128 0x13
 1549 00aa 01       		.byte	0x1
 1550 00ab 03       		.uleb128 0x3
 1551 00ac 0E       		.uleb128 0xe
 1552 00ad 0B       		.uleb128 0xb
 1553 00ae 05       		.uleb128 0x5
 1554 00af 3A       		.uleb128 0x3a
 1555 00b0 0B       		.uleb128 0xb
 1556 00b1 3B       		.uleb128 0x3b
 1557 00b2 05       		.uleb128 0x5
 1558 00b3 01       		.uleb128 0x1
 1559 00b4 13       		.uleb128 0x13
 1560 00b5 00       		.byte	0
 1561 00b6 00       		.byte	0
 1562 00b7 10       		.uleb128 0x10
 1563 00b8 01       		.uleb128 0x1
 1564 00b9 01       		.byte	0x1
 1565 00ba 49       		.uleb128 0x49
 1566 00bb 13       		.uleb128 0x13
 1567 00bc 01       		.uleb128 0x1
 1568 00bd 13       		.uleb128 0x13
 1569 00be 00       		.byte	0
 1570 00bf 00       		.byte	0
 1571 00c0 11       		.uleb128 0x11
 1572 00c1 21       		.uleb128 0x21
 1573 00c2 00       		.byte	0
 1574 00c3 49       		.uleb128 0x49
 1575 00c4 13       		.uleb128 0x13
 1576 00c5 2F       		.uleb128 0x2f
 1577 00c6 0B       		.uleb128 0xb
 1578 00c7 00       		.byte	0
 1579 00c8 00       		.byte	0
 1580 00c9 12       		.uleb128 0x12
 1581 00ca 0D       		.uleb128 0xd
 1582 00cb 00       		.byte	0
 1583 00cc 03       		.uleb128 0x3
 1584 00cd 08       		.uleb128 0x8
 1585 00ce 3A       		.uleb128 0x3a
 1586 00cf 0B       		.uleb128 0xb
 1587 00d0 3B       		.uleb128 0x3b
 1588 00d1 0B       		.uleb128 0xb
 1589 00d2 49       		.uleb128 0x49
 1590 00d3 13       		.uleb128 0x13
 1591 00d4 38       		.uleb128 0x38
 1592 00d5 0B       		.uleb128 0xb
 1593 00d6 00       		.byte	0
 1594 00d7 00       		.byte	0
 1595 00d8 13       		.uleb128 0x13
 1596 00d9 13       		.uleb128 0x13
ARM GAS  /var/folders/sv/kgmgr77579zbf78p2zlhkdfr0000gn/T//ccitX7oD.s 			page 29


 1597 00da 01       		.byte	0x1
 1598 00db 0B       		.uleb128 0xb
 1599 00dc 0B       		.uleb128 0xb
 1600 00dd 3A       		.uleb128 0x3a
 1601 00de 0B       		.uleb128 0xb
 1602 00df 3B       		.uleb128 0x3b
 1603 00e0 0B       		.uleb128 0xb
 1604 00e1 01       		.uleb128 0x1
 1605 00e2 13       		.uleb128 0x13
 1606 00e3 00       		.byte	0
 1607 00e4 00       		.byte	0
 1608 00e5 14       		.uleb128 0x14
 1609 00e6 17       		.uleb128 0x17
 1610 00e7 01       		.byte	0x1
 1611 00e8 0B       		.uleb128 0xb
 1612 00e9 0B       		.uleb128 0xb
 1613 00ea 3A       		.uleb128 0x3a
 1614 00eb 0B       		.uleb128 0xb
 1615 00ec 3B       		.uleb128 0x3b
 1616 00ed 0B       		.uleb128 0xb
 1617 00ee 01       		.uleb128 0x1
 1618 00ef 13       		.uleb128 0x13
 1619 00f0 00       		.byte	0
 1620 00f1 00       		.byte	0
 1621 00f2 15       		.uleb128 0x15
 1622 00f3 0D       		.uleb128 0xd
 1623 00f4 00       		.byte	0
 1624 00f5 03       		.uleb128 0x3
 1625 00f6 0E       		.uleb128 0xe
 1626 00f7 3A       		.uleb128 0x3a
 1627 00f8 0B       		.uleb128 0xb
 1628 00f9 3B       		.uleb128 0x3b
 1629 00fa 05       		.uleb128 0x5
 1630 00fb 49       		.uleb128 0x49
 1631 00fc 13       		.uleb128 0x13
 1632 00fd 00       		.byte	0
 1633 00fe 00       		.byte	0
 1634 00ff 16       		.uleb128 0x16
 1635 0100 26       		.uleb128 0x26
 1636 0101 00       		.byte	0
 1637 0102 49       		.uleb128 0x49
 1638 0103 13       		.uleb128 0x13
 1639 0104 00       		.byte	0
 1640 0105 00       		.byte	0
 1641 0106 17       		.uleb128 0x17
 1642 0107 13       		.uleb128 0x13
 1643 0108 01       		.byte	0x1
 1644 0109 0B       		.uleb128 0xb
 1645 010a 0B       		.uleb128 0xb
 1646 010b 3A       		.uleb128 0x3a
 1647 010c 0B       		.uleb128 0xb
 1648 010d 3B       		.uleb128 0x3b
 1649 010e 05       		.uleb128 0x5
 1650 010f 01       		.uleb128 0x1
 1651 0110 13       		.uleb128 0x13
 1652 0111 00       		.byte	0
 1653 0112 00       		.byte	0
ARM GAS  /var/folders/sv/kgmgr77579zbf78p2zlhkdfr0000gn/T//ccitX7oD.s 			page 30


 1654 0113 18       		.uleb128 0x18
 1655 0114 16       		.uleb128 0x16
 1656 0115 00       		.byte	0
 1657 0116 03       		.uleb128 0x3
 1658 0117 0E       		.uleb128 0xe
 1659 0118 3A       		.uleb128 0x3a
 1660 0119 0B       		.uleb128 0xb
 1661 011a 3B       		.uleb128 0x3b
 1662 011b 05       		.uleb128 0x5
 1663 011c 49       		.uleb128 0x49
 1664 011d 13       		.uleb128 0x13
 1665 011e 00       		.byte	0
 1666 011f 00       		.byte	0
 1667 0120 19       		.uleb128 0x19
 1668 0121 2E       		.uleb128 0x2e
 1669 0122 01       		.byte	0x1
 1670 0123 03       		.uleb128 0x3
 1671 0124 0E       		.uleb128 0xe
 1672 0125 3A       		.uleb128 0x3a
 1673 0126 0B       		.uleb128 0xb
 1674 0127 3B       		.uleb128 0x3b
 1675 0128 0B       		.uleb128 0xb
 1676 0129 27       		.uleb128 0x27
 1677 012a 19       		.uleb128 0x19
 1678 012b 20       		.uleb128 0x20
 1679 012c 0B       		.uleb128 0xb
 1680 012d 01       		.uleb128 0x1
 1681 012e 13       		.uleb128 0x13
 1682 012f 00       		.byte	0
 1683 0130 00       		.byte	0
 1684 0131 1A       		.uleb128 0x1a
 1685 0132 05       		.uleb128 0x5
 1686 0133 00       		.byte	0
 1687 0134 03       		.uleb128 0x3
 1688 0135 0E       		.uleb128 0xe
 1689 0136 3A       		.uleb128 0x3a
 1690 0137 0B       		.uleb128 0xb
 1691 0138 3B       		.uleb128 0x3b
 1692 0139 0B       		.uleb128 0xb
 1693 013a 49       		.uleb128 0x49
 1694 013b 13       		.uleb128 0x13
 1695 013c 00       		.byte	0
 1696 013d 00       		.byte	0
 1697 013e 1B       		.uleb128 0x1b
 1698 013f 2E       		.uleb128 0x2e
 1699 0140 00       		.byte	0
 1700 0141 03       		.uleb128 0x3
 1701 0142 0E       		.uleb128 0xe
 1702 0143 3A       		.uleb128 0x3a
 1703 0144 0B       		.uleb128 0xb
 1704 0145 3B       		.uleb128 0x3b
 1705 0146 0B       		.uleb128 0xb
 1706 0147 27       		.uleb128 0x27
 1707 0148 19       		.uleb128 0x19
 1708 0149 20       		.uleb128 0x20
 1709 014a 0B       		.uleb128 0xb
 1710 014b 00       		.byte	0
ARM GAS  /var/folders/sv/kgmgr77579zbf78p2zlhkdfr0000gn/T//ccitX7oD.s 			page 31


 1711 014c 00       		.byte	0
 1712 014d 1C       		.uleb128 0x1c
 1713 014e 2E       		.uleb128 0x2e
 1714 014f 00       		.byte	0
 1715 0150 03       		.uleb128 0x3
 1716 0151 0E       		.uleb128 0xe
 1717 0152 3A       		.uleb128 0x3a
 1718 0153 0B       		.uleb128 0xb
 1719 0154 3B       		.uleb128 0x3b
 1720 0155 0B       		.uleb128 0xb
 1721 0156 27       		.uleb128 0x27
 1722 0157 19       		.uleb128 0x19
 1723 0158 49       		.uleb128 0x49
 1724 0159 13       		.uleb128 0x13
 1725 015a 20       		.uleb128 0x20
 1726 015b 0B       		.uleb128 0xb
 1727 015c 00       		.byte	0
 1728 015d 00       		.byte	0
 1729 015e 1D       		.uleb128 0x1d
 1730 015f 2E       		.uleb128 0x2e
 1731 0160 01       		.byte	0x1
 1732 0161 3F       		.uleb128 0x3f
 1733 0162 19       		.uleb128 0x19
 1734 0163 03       		.uleb128 0x3
 1735 0164 0E       		.uleb128 0xe
 1736 0165 3A       		.uleb128 0x3a
 1737 0166 0B       		.uleb128 0xb
 1738 0167 3B       		.uleb128 0x3b
 1739 0168 0B       		.uleb128 0xb
 1740 0169 27       		.uleb128 0x27
 1741 016a 19       		.uleb128 0x19
 1742 016b 11       		.uleb128 0x11
 1743 016c 01       		.uleb128 0x1
 1744 016d 12       		.uleb128 0x12
 1745 016e 06       		.uleb128 0x6
 1746 016f 40       		.uleb128 0x40
 1747 0170 18       		.uleb128 0x18
 1748 0171 9742     		.uleb128 0x2117
 1749 0173 19       		.uleb128 0x19
 1750 0174 01       		.uleb128 0x1
 1751 0175 13       		.uleb128 0x13
 1752 0176 00       		.byte	0
 1753 0177 00       		.byte	0
 1754 0178 1E       		.uleb128 0x1e
 1755 0179 898201   		.uleb128 0x4109
 1756 017c 00       		.byte	0
 1757 017d 11       		.uleb128 0x11
 1758 017e 01       		.uleb128 0x1
 1759 017f 9542     		.uleb128 0x2115
 1760 0181 19       		.uleb128 0x19
 1761 0182 31       		.uleb128 0x31
 1762 0183 13       		.uleb128 0x13
 1763 0184 00       		.byte	0
 1764 0185 00       		.byte	0
 1765 0186 1F       		.uleb128 0x1f
 1766 0187 05       		.uleb128 0x5
 1767 0188 00       		.byte	0
ARM GAS  /var/folders/sv/kgmgr77579zbf78p2zlhkdfr0000gn/T//ccitX7oD.s 			page 32


 1768 0189 03       		.uleb128 0x3
 1769 018a 0E       		.uleb128 0xe
 1770 018b 3A       		.uleb128 0x3a
 1771 018c 0B       		.uleb128 0xb
 1772 018d 3B       		.uleb128 0x3b
 1773 018e 0B       		.uleb128 0xb
 1774 018f 49       		.uleb128 0x49
 1775 0190 13       		.uleb128 0x13
 1776 0191 02       		.uleb128 0x2
 1777 0192 18       		.uleb128 0x18
 1778 0193 00       		.byte	0
 1779 0194 00       		.byte	0
 1780 0195 20       		.uleb128 0x20
 1781 0196 34       		.uleb128 0x34
 1782 0197 00       		.byte	0
 1783 0198 03       		.uleb128 0x3
 1784 0199 0E       		.uleb128 0xe
 1785 019a 49       		.uleb128 0x49
 1786 019b 13       		.uleb128 0x13
 1787 019c 34       		.uleb128 0x34
 1788 019d 19       		.uleb128 0x19
 1789 019e 00       		.byte	0
 1790 019f 00       		.byte	0
 1791 01a0 21       		.uleb128 0x21
 1792 01a1 1D       		.uleb128 0x1d
 1793 01a2 01       		.byte	0x1
 1794 01a3 31       		.uleb128 0x31
 1795 01a4 13       		.uleb128 0x13
 1796 01a5 11       		.uleb128 0x11
 1797 01a6 01       		.uleb128 0x1
 1798 01a7 12       		.uleb128 0x12
 1799 01a8 06       		.uleb128 0x6
 1800 01a9 58       		.uleb128 0x58
 1801 01aa 0B       		.uleb128 0xb
 1802 01ab 59       		.uleb128 0x59
 1803 01ac 0B       		.uleb128 0xb
 1804 01ad 00       		.byte	0
 1805 01ae 00       		.byte	0
 1806 01af 22       		.uleb128 0x22
 1807 01b0 05       		.uleb128 0x5
 1808 01b1 00       		.byte	0
 1809 01b2 31       		.uleb128 0x31
 1810 01b3 13       		.uleb128 0x13
 1811 01b4 02       		.uleb128 0x2
 1812 01b5 17       		.uleb128 0x17
 1813 01b6 00       		.byte	0
 1814 01b7 00       		.byte	0
 1815 01b8 23       		.uleb128 0x23
 1816 01b9 1D       		.uleb128 0x1d
 1817 01ba 00       		.byte	0
 1818 01bb 31       		.uleb128 0x31
 1819 01bc 13       		.uleb128 0x13
 1820 01bd 11       		.uleb128 0x11
 1821 01be 01       		.uleb128 0x1
 1822 01bf 12       		.uleb128 0x12
 1823 01c0 06       		.uleb128 0x6
 1824 01c1 58       		.uleb128 0x58
ARM GAS  /var/folders/sv/kgmgr77579zbf78p2zlhkdfr0000gn/T//ccitX7oD.s 			page 33


 1825 01c2 0B       		.uleb128 0xb
 1826 01c3 59       		.uleb128 0x59
 1827 01c4 0B       		.uleb128 0xb
 1828 01c5 00       		.byte	0
 1829 01c6 00       		.byte	0
 1830 01c7 24       		.uleb128 0x24
 1831 01c8 2E       		.uleb128 0x2e
 1832 01c9 01       		.byte	0x1
 1833 01ca 3F       		.uleb128 0x3f
 1834 01cb 19       		.uleb128 0x19
 1835 01cc 03       		.uleb128 0x3
 1836 01cd 0E       		.uleb128 0xe
 1837 01ce 3A       		.uleb128 0x3a
 1838 01cf 0B       		.uleb128 0xb
 1839 01d0 3B       		.uleb128 0x3b
 1840 01d1 0B       		.uleb128 0xb
 1841 01d2 27       		.uleb128 0x27
 1842 01d3 19       		.uleb128 0x19
 1843 01d4 49       		.uleb128 0x49
 1844 01d5 13       		.uleb128 0x13
 1845 01d6 11       		.uleb128 0x11
 1846 01d7 01       		.uleb128 0x1
 1847 01d8 12       		.uleb128 0x12
 1848 01d9 06       		.uleb128 0x6
 1849 01da 40       		.uleb128 0x40
 1850 01db 18       		.uleb128 0x18
 1851 01dc 9742     		.uleb128 0x2117
 1852 01de 19       		.uleb128 0x19
 1853 01df 01       		.uleb128 0x1
 1854 01e0 13       		.uleb128 0x13
 1855 01e1 00       		.byte	0
 1856 01e2 00       		.byte	0
 1857 01e3 25       		.uleb128 0x25
 1858 01e4 34       		.uleb128 0x34
 1859 01e5 00       		.byte	0
 1860 01e6 03       		.uleb128 0x3
 1861 01e7 0E       		.uleb128 0xe
 1862 01e8 3A       		.uleb128 0x3a
 1863 01e9 0B       		.uleb128 0xb
 1864 01ea 3B       		.uleb128 0x3b
 1865 01eb 05       		.uleb128 0x5
 1866 01ec 49       		.uleb128 0x49
 1867 01ed 13       		.uleb128 0x13
 1868 01ee 3F       		.uleb128 0x3f
 1869 01ef 19       		.uleb128 0x19
 1870 01f0 3C       		.uleb128 0x3c
 1871 01f1 19       		.uleb128 0x19
 1872 01f2 00       		.byte	0
 1873 01f3 00       		.byte	0
 1874 01f4 26       		.uleb128 0x26
 1875 01f5 34       		.uleb128 0x34
 1876 01f6 00       		.byte	0
 1877 01f7 03       		.uleb128 0x3
 1878 01f8 08       		.uleb128 0x8
 1879 01f9 3A       		.uleb128 0x3a
 1880 01fa 0B       		.uleb128 0xb
 1881 01fb 3B       		.uleb128 0x3b
ARM GAS  /var/folders/sv/kgmgr77579zbf78p2zlhkdfr0000gn/T//ccitX7oD.s 			page 34


 1882 01fc 05       		.uleb128 0x5
 1883 01fd 49       		.uleb128 0x49
 1884 01fe 13       		.uleb128 0x13
 1885 01ff 3F       		.uleb128 0x3f
 1886 0200 19       		.uleb128 0x19
 1887 0201 3C       		.uleb128 0x3c
 1888 0202 19       		.uleb128 0x19
 1889 0203 00       		.byte	0
 1890 0204 00       		.byte	0
 1891 0205 27       		.uleb128 0x27
 1892 0206 2E       		.uleb128 0x2e
 1893 0207 00       		.byte	0
 1894 0208 3F       		.uleb128 0x3f
 1895 0209 19       		.uleb128 0x19
 1896 020a 3C       		.uleb128 0x3c
 1897 020b 19       		.uleb128 0x19
 1898 020c 6E       		.uleb128 0x6e
 1899 020d 0E       		.uleb128 0xe
 1900 020e 03       		.uleb128 0x3
 1901 020f 0E       		.uleb128 0xe
 1902 0210 3A       		.uleb128 0x3a
 1903 0211 0B       		.uleb128 0xb
 1904 0212 3B       		.uleb128 0x3b
 1905 0213 0B       		.uleb128 0xb
 1906 0214 00       		.byte	0
 1907 0215 00       		.byte	0
 1908 0216 00       		.byte	0
 1909              		.section	.debug_loc,"",%progbits
 1910              	.Ldebug_loc0:
 1911              	.LLST0:
 1912 0000 04000000 		.4byte	.LVL2
 1913 0004 0E000000 		.4byte	.LVL3
 1914 0008 0100     		.2byte	0x1
 1915 000a 50       		.byte	0x50
 1916 000b 00000000 		.4byte	0
 1917 000f 00000000 		.4byte	0
 1918              	.LLST1:
 1919 0013 04000000 		.4byte	.LVL5
 1920 0017 06000000 		.4byte	.LVL6
 1921 001b 0100     		.2byte	0x1
 1922 001d 50       		.byte	0x50
 1923 001e 00000000 		.4byte	0
 1924 0022 00000000 		.4byte	0
 1925              		.section	.debug_aranges,"",%progbits
 1926 0000 3C000000 		.4byte	0x3c
 1927 0004 0200     		.2byte	0x2
 1928 0006 00000000 		.4byte	.Ldebug_info0
 1929 000a 04       		.byte	0x4
 1930 000b 00       		.byte	0
 1931 000c 0000     		.2byte	0
 1932 000e 0000     		.2byte	0
 1933 0010 00000000 		.4byte	.LFB256
 1934 0014 04000000 		.4byte	.LFE256-.LFB256
 1935 0018 00000000 		.4byte	.LFB257
 1936 001c 10000000 		.4byte	.LFE257-.LFB257
 1937 0020 00000000 		.4byte	.LFB258
 1938 0024 0A000000 		.4byte	.LFE258-.LFB258
ARM GAS  /var/folders/sv/kgmgr77579zbf78p2zlhkdfr0000gn/T//ccitX7oD.s 			page 35


 1939 0028 00000000 		.4byte	.LFB259
 1940 002c 08000000 		.4byte	.LFE259-.LFB259
 1941 0030 00000000 		.4byte	.LFB260
 1942 0034 08000000 		.4byte	.LFE260-.LFB260
 1943 0038 00000000 		.4byte	0
 1944 003c 00000000 		.4byte	0
 1945              		.section	.debug_ranges,"",%progbits
 1946              	.Ldebug_ranges0:
 1947 0000 00000000 		.4byte	.LFB256
 1948 0004 04000000 		.4byte	.LFE256
 1949 0008 00000000 		.4byte	.LFB257
 1950 000c 10000000 		.4byte	.LFE257
 1951 0010 00000000 		.4byte	.LFB258
 1952 0014 0A000000 		.4byte	.LFE258
 1953 0018 00000000 		.4byte	.LFB259
 1954 001c 08000000 		.4byte	.LFE259
 1955 0020 00000000 		.4byte	.LFB260
 1956 0024 08000000 		.4byte	.LFE260
 1957 0028 00000000 		.4byte	0
 1958 002c 00000000 		.4byte	0
 1959              		.section	.debug_line,"",%progbits
 1960              	.Ldebug_line0:
 1961 0000 A5020000 		.section	.debug_str,"MS",%progbits,1
 1961      02002F02 
 1961      00000201 
 1961      FB0E0D00 
 1961      01010101 
 1962              	.LASF53:
 1963 0000 72656164 		.ascii	"ready_list_t\000"
 1963      795F6C69 
 1963      73745F74 
 1963      00
 1964              	.LASF119:
 1965 000d 7374496E 		.ascii	"stInit\000"
 1965      697400
 1966              	.LASF91:
 1967 0014 77747472 		.ascii	"wttrp\000"
 1967      7000
 1968              	.LASF88:
 1969 001a 7264796D 		.ascii	"rdymsg\000"
 1969      736700
 1970              	.LASF16:
 1971 0021 75696E74 		.ascii	"uint64_t\000"
 1971      36345F74 
 1971      00
 1972              	.LASF5:
 1973 002a 5F5F7569 		.ascii	"__uint8_t\000"
 1973      6E74385F 
 1973      7400
 1974              	.LASF85:
 1975 0034 706F7274 		.ascii	"port_intctx\000"
 1975      5F696E74 
 1975      63747800 
 1976              	.LASF78:
 1977 0040 76746C69 		.ascii	"vtlist\000"
 1977      737400
 1978              	.LASF113:
ARM GAS  /var/folders/sv/kgmgr77579zbf78p2zlhkdfr0000gn/T//ccitX7oD.s 			page 36


 1979 0047 43434D52 		.ascii	"CCMR3\000"
 1979      3300
 1980              	.LASF12:
 1981 004d 6C6F6E67 		.ascii	"long long unsigned int\000"
 1981      206C6F6E 
 1981      6720756E 
 1981      7369676E 
 1981      65642069 
 1982              	.LASF69:
 1983 0064 76697274 		.ascii	"virtual_timers_list_t\000"
 1983      75616C5F 
 1983      74696D65 
 1983      72735F6C 
 1983      6973745F 
 1984              	.LASF125:
 1985 007a 49544D5F 		.ascii	"ITM_RxBuffer\000"
 1985      52784275 
 1985      66666572 
 1985      00
 1986              	.LASF132:
 1987 0087 73745F6C 		.ascii	"st_lld_init\000"
 1987      6C645F69 
 1987      6E697400 
 1988              	.LASF111:
 1989 0093 42445452 		.ascii	"BDTR\000"
 1989      00
 1990              	.LASF52:
 1991 0098 63685F74 		.ascii	"ch_threads_queue\000"
 1991      68726561 
 1991      64735F71 
 1991      75657565 
 1991      00
 1992              	.LASF30:
 1993 00a9 705F7072 		.ascii	"p_prio\000"
 1993      696F00
 1994              	.LASF108:
 1995 00b0 43434D52 		.ascii	"CCMR1\000"
 1995      3100
 1996              	.LASF109:
 1997 00b6 43434D52 		.ascii	"CCMR2\000"
 1997      3200
 1998              	.LASF10:
 1999 00bc 6C6F6E67 		.ascii	"long long int\000"
 1999      206C6F6E 
 1999      6720696E 
 1999      7400
 2000              	.LASF1:
 2001 00ca 7369676E 		.ascii	"signed char\000"
 2001      65642063 
 2001      68617200 
 2002              	.LASF115:
 2003 00d6 73746D33 		.ascii	"stm32_tim_t\000"
 2003      325F7469 
 2003      6D5F7400 
 2004              	.LASF46:
 2005 00e2 705F6D70 		.ascii	"p_mpool\000"
 2005      6F6F6C00 
ARM GAS  /var/folders/sv/kgmgr77579zbf78p2zlhkdfr0000gn/T//ccitX7oD.s 			page 37


 2006              	.LASF99:
 2007 00ea 6D5F7175 		.ascii	"m_queue\000"
 2007      65756500 
 2008              	.LASF90:
 2009 00f2 77746F62 		.ascii	"wtobjp\000"
 2009      6A7000
 2010              	.LASF21:
 2011 00f9 74736C69 		.ascii	"tslices_t\000"
 2011      6365735F 
 2011      7400
 2012              	.LASF122:
 2013 0103 73745365 		.ascii	"stSetAlarm\000"
 2013      74416C61 
 2013      726D00
 2014              	.LASF76:
 2015 010e 63685F73 		.ascii	"ch_system\000"
 2015      79737465 
 2015      6D00
 2016              	.LASF7:
 2017 0118 6C6F6E67 		.ascii	"long int\000"
 2017      20696E74 
 2017      00
 2018              	.LASF19:
 2019 0121 74737461 		.ascii	"tstate_t\000"
 2019      74655F74 
 2019      00
 2020              	.LASF32:
 2021 012a 705F6E65 		.ascii	"p_newer\000"
 2021      77657200 
 2022              	.LASF96:
 2023 0132 735F7175 		.ascii	"s_queue\000"
 2023      65756500 
 2024              	.LASF89:
 2025 013a 65786974 		.ascii	"exitcode\000"
 2025      636F6465 
 2025      00
 2026              	.LASF58:
 2027 0143 725F6E65 		.ascii	"r_newer\000"
 2027      77657200 
 2028              	.LASF82:
 2029 014b 72656761 		.ascii	"regarm_t\000"
 2029      726D5F74 
 2029      00
 2030              	.LASF65:
 2031 0154 76745F70 		.ascii	"vt_prev\000"
 2031      72657600 
 2032              	.LASF103:
 2033 015c 6D757465 		.ascii	"mutex_t\000"
 2033      785F7400 
 2034              	.LASF80:
 2035 0164 69646C65 		.ascii	"idle_thread_wa\000"
 2035      5F746872 
 2035      6561645F 
 2035      776100
 2036              	.LASF25:
 2037 0173 636E745F 		.ascii	"cnt_t\000"
 2037      7400
ARM GAS  /var/folders/sv/kgmgr77579zbf78p2zlhkdfr0000gn/T//ccitX7oD.s 			page 38


 2038              	.LASF0:
 2039 0179 756E7369 		.ascii	"unsigned int\000"
 2039      676E6564 
 2039      20696E74 
 2039      00
 2040              	.LASF64:
 2041 0186 76745F6E 		.ascii	"vt_next\000"
 2041      65787400 
 2042              	.LASF92:
 2043 018e 77747365 		.ascii	"wtsemp\000"
 2043      6D7000
 2044              	.LASF66:
 2045 0195 76745F64 		.ascii	"vt_delta\000"
 2045      656C7461 
 2045      00
 2046              	.LASF72:
 2047 019e 73797374 		.ascii	"system_debug_t\000"
 2047      656D5F64 
 2047      65627567 
 2047      5F7400
 2048              	.LASF128:
 2049 01ad 2F557365 		.ascii	"/Users/moslin/Documents/Project/torque_control\000"
 2049      72732F6D 
 2049      6F736C69 
 2049      6E2F446F 
 2049      63756D65 
 2050              	.LASF97:
 2051 01dc 735F636E 		.ascii	"s_cnt\000"
 2051      7400
 2052              	.LASF84:
 2053 01e2 636F6E74 		.ascii	"context\000"
 2053      65787400 
 2054              	.LASF4:
 2055 01ea 73686F72 		.ascii	"short unsigned int\000"
 2055      7420756E 
 2055      7369676E 
 2055      65642069 
 2055      6E7400
 2056              	.LASF127:
 2057 01fd 43686962 		.ascii	"ChibiOS_3.0.2/os/hal/src/st.c\000"
 2057      694F535F 
 2057      332E302E 
 2057      322F6F73 
 2057      2F68616C 
 2058              	.LASF49:
 2059 021b 63685F74 		.ascii	"ch_thread\000"
 2059      68726561 
 2059      6400
 2060              	.LASF117:
 2061 0225 73745F6C 		.ascii	"st_lld_set_alarm\000"
 2061      6C645F73 
 2061      65745F61 
 2061      6C61726D 
 2061      00
 2062              	.LASF79:
 2063 0236 6D61696E 		.ascii	"mainthread\000"
 2063      74687265 
ARM GAS  /var/folders/sv/kgmgr77579zbf78p2zlhkdfr0000gn/T//ccitX7oD.s 			page 39


 2063      616400
 2064              	.LASF23:
 2065 0241 6D73675F 		.ascii	"msg_t\000"
 2065      7400
 2066              	.LASF75:
 2067 0247 63685F73 		.ascii	"ch_system_t\000"
 2067      79737465 
 2067      6D5F7400 
 2068              	.LASF18:
 2069 0253 746D6F64 		.ascii	"tmode_t\000"
 2069      655F7400 
 2070              	.LASF54:
 2071 025b 63685F72 		.ascii	"ch_ready_list\000"
 2071      65616479 
 2071      5F6C6973 
 2071      7400
 2072              	.LASF24:
 2073 0269 6576656E 		.ascii	"eventmask_t\000"
 2073      746D6173 
 2073      6B5F7400 
 2074              	.LASF6:
 2075 0275 5F5F696E 		.ascii	"__int32_t\000"
 2075      7433325F 
 2075      7400
 2076              	.LASF116:
 2077 027f 73745F6C 		.ascii	"st_lld_start_alarm\000"
 2077      6C645F73 
 2077      74617274 
 2077      5F616C61 
 2077      726D00
 2078              	.LASF83:
 2079 0292 73746B61 		.ascii	"stkalign_t\000"
 2079      6C69676E 
 2079      5F7400
 2080              	.LASF17:
 2081 029d 7274636E 		.ascii	"rtcnt_t\000"
 2081      745F7400 
 2082              	.LASF47:
 2083 02a5 74687265 		.ascii	"thread_reference_t\000"
 2083      61645F72 
 2083      65666572 
 2083      656E6365 
 2083      5F7400
 2084              	.LASF70:
 2085 02b8 63685F76 		.ascii	"ch_virtual_timers_list\000"
 2085      69727475 
 2085      616C5F74 
 2085      696D6572 
 2085      735F6C69 
 2086              	.LASF67:
 2087 02cf 76745F66 		.ascii	"vt_func\000"
 2087      756E6300 
 2088              	.LASF33:
 2089 02d7 705F6F6C 		.ascii	"p_older\000"
 2089      64657200 
 2090              	.LASF57:
 2091 02df 725F6374 		.ascii	"r_ctx\000"
ARM GAS  /var/folders/sv/kgmgr77579zbf78p2zlhkdfr0000gn/T//ccitX7oD.s 			page 40


 2091      7800
 2092              	.LASF87:
 2093 02e5 746D5F63 		.ascii	"tm_calibration_t\000"
 2093      616C6962 
 2093      72617469 
 2093      6F6E5F74 
 2093      00
 2094              	.LASF118:
 2095 02f6 74696D65 		.ascii	"time\000"
 2095      00
 2096              	.LASF60:
 2097 02fb 725F6375 		.ascii	"r_current\000"
 2097      7272656E 
 2097      7400
 2098              	.LASF59:
 2099 0305 725F6F6C 		.ascii	"r_older\000"
 2099      64657200 
 2100              	.LASF11:
 2101 030d 5F5F7569 		.ascii	"__uint64_t\000"
 2101      6E743634 
 2101      5F7400
 2102              	.LASF104:
 2103 0318 666C6F61 		.ascii	"float\000"
 2103      7400
 2104              	.LASF20:
 2105 031e 74726566 		.ascii	"trefs_t\000"
 2105      735F7400 
 2106              	.LASF62:
 2107 0326 76697274 		.ascii	"virtual_timer_t\000"
 2107      75616C5F 
 2107      74696D65 
 2107      725F7400 
 2108              	.LASF29:
 2109 0336 705F7072 		.ascii	"p_prev\000"
 2109      657600
 2110              	.LASF22:
 2111 033d 74707269 		.ascii	"tprio_t\000"
 2111      6F5F7400 
 2112              	.LASF73:
 2113 0345 63685F73 		.ascii	"ch_system_debug\000"
 2113      79737465 
 2113      6D5F6465 
 2113      62756700 
 2114              	.LASF105:
 2115 0355 5F426F6F 		.ascii	"_Bool\000"
 2115      6C00
 2116              	.LASF14:
 2117 035b 696E7433 		.ascii	"int32_t\000"
 2117      325F7400 
 2118              	.LASF2:
 2119 0363 756E7369 		.ascii	"unsigned char\000"
 2119      676E6564 
 2119      20636861 
 2119      7200
 2120              	.LASF44:
 2121 0371 705F6D74 		.ascii	"p_mtxlist\000"
 2121      786C6973 
ARM GAS  /var/folders/sv/kgmgr77579zbf78p2zlhkdfr0000gn/T//ccitX7oD.s 			page 41


 2121      7400
 2122              	.LASF3:
 2123 037b 73686F72 		.ascii	"short int\000"
 2123      7420696E 
 2123      7400
 2124              	.LASF35:
 2125 0385 705F7374 		.ascii	"p_state\000"
 2125      61746500 
 2126              	.LASF38:
 2127 038d 705F7072 		.ascii	"p_preempt\000"
 2127      65656D70 
 2127      7400
 2128              	.LASF56:
 2129 0397 725F7072 		.ascii	"r_prio\000"
 2129      696F00
 2130              	.LASF94:
 2131 039e 65776D61 		.ascii	"ewmask\000"
 2131      736B00
 2132              	.LASF28:
 2133 03a5 705F6E65 		.ascii	"p_next\000"
 2133      787400
 2134              	.LASF36:
 2135 03ac 705F666C 		.ascii	"p_flags\000"
 2135      61677300 
 2136              	.LASF124:
 2137 03b4 5F5F6675 		.ascii	"__func__\000"
 2137      6E635F5F 
 2137      00
 2138              	.LASF63:
 2139 03bd 63685F76 		.ascii	"ch_virtual_timer\000"
 2139      69727475 
 2139      616C5F74 
 2139      696D6572 
 2139      00
 2140              	.LASF130:
 2141 03ce 73745F6C 		.ascii	"st_lld_get_alarm\000"
 2141      6C645F67 
 2141      65745F61 
 2141      6C61726D 
 2141      00
 2142              	.LASF95:
 2143 03df 63685F73 		.ascii	"ch_semaphore\000"
 2143      656D6170 
 2143      686F7265 
 2143      00
 2144              	.LASF114:
 2145 03ec 43435852 		.ascii	"CCXR\000"
 2145      00
 2146              	.LASF43:
 2147 03f1 705F6570 		.ascii	"p_epending\000"
 2147      656E6469 
 2147      6E6700
 2148              	.LASF15:
 2149 03fc 75696E74 		.ascii	"uint32_t\000"
 2149      33325F74 
 2149      00
 2150              	.LASF93:
ARM GAS  /var/folders/sv/kgmgr77579zbf78p2zlhkdfr0000gn/T//ccitX7oD.s 			page 42


 2151 0405 77746D74 		.ascii	"wtmtxp\000"
 2151      787000
 2152              	.LASF55:
 2153 040c 725F7175 		.ascii	"r_queue\000"
 2153      65756500 
 2154              	.LASF71:
 2155 0414 76745F73 		.ascii	"vt_systime\000"
 2155      79737469 
 2155      6D6500
 2156              	.LASF50:
 2157 041f 63685F74 		.ascii	"ch_threads_list\000"
 2157      68726561 
 2157      64735F6C 
 2157      69737400 
 2158              	.LASF9:
 2159 042f 6C6F6E67 		.ascii	"long unsigned int\000"
 2159      20756E73 
 2159      69676E65 
 2159      6420696E 
 2159      7400
 2160              	.LASF121:
 2161 0441 73745374 		.ascii	"stStopAlarm\000"
 2161      6F70416C 
 2161      61726D00 
 2162              	.LASF102:
 2163 044d 63686172 		.ascii	"char\000"
 2163      00
 2164              	.LASF106:
 2165 0452 534D4352 		.ascii	"SMCR\000"
 2165      00
 2166              	.LASF112:
 2167 0457 444D4152 		.ascii	"DMAR\000"
 2167      00
 2168              	.LASF27:
 2169 045c 74687265 		.ascii	"thread_t\000"
 2169      61645F74 
 2169      00
 2170              	.LASF110:
 2171 0465 43434552 		.ascii	"CCER\000"
 2171      00
 2172              	.LASF101:
 2173 046a 6D5F6E65 		.ascii	"m_next\000"
 2173      787400
 2174              	.LASF26:
 2175 0471 73797374 		.ascii	"systime_t\000"
 2175      696D655F 
 2175      7400
 2176              	.LASF45:
 2177 047b 705F7265 		.ascii	"p_realprio\000"
 2177      616C7072 
 2177      696F00
 2178              	.LASF61:
 2179 0486 76746675 		.ascii	"vtfunc_t\000"
 2179      6E635F74 
 2179      00
 2180              	.LASF8:
 2181 048f 5F5F7569 		.ascii	"__uint32_t\000"
ARM GAS  /var/folders/sv/kgmgr77579zbf78p2zlhkdfr0000gn/T//ccitX7oD.s 			page 43


 2181      6E743332 
 2181      5F7400
 2182              	.LASF74:
 2183 049a 70616E69 		.ascii	"panic_msg\000"
 2183      635F6D73 
 2183      6700
 2184              	.LASF86:
 2185 04a4 6F666673 		.ascii	"offset\000"
 2185      657400
 2186              	.LASF120:
 2187 04ab 73745374 		.ascii	"stStartAlarm\000"
 2187      61727441 
 2187      6C61726D 
 2187      00
 2188              	.LASF39:
 2189 04b8 705F7469 		.ascii	"p_time\000"
 2189      6D6500
 2190              	.LASF129:
 2191 04bf 73745F6C 		.ascii	"st_lld_stop_alarm\000"
 2191      6C645F73 
 2191      746F705F 
 2191      616C6172 
 2191      6D00
 2192              	.LASF41:
 2193 04d1 705F6D73 		.ascii	"p_msgqueue\000"
 2193      67717565 
 2193      756500
 2194              	.LASF68:
 2195 04dc 76745F70 		.ascii	"vt_par\000"
 2195      617200
 2196              	.LASF51:
 2197 04e3 74687265 		.ascii	"threads_queue_t\000"
 2197      6164735F 
 2197      71756575 
 2197      655F7400 
 2198              	.LASF37:
 2199 04f3 705F7265 		.ascii	"p_refs\000"
 2199      667300
 2200              	.LASF126:
 2201 04fa 474E5520 		.ascii	"GNU C99 5.4.1 20160919 (release) [ARM/embedded-5-br"
 2201      43393920 
 2201      352E342E 
 2201      31203230 
 2201      31363039 
 2202 052d 616E6368 		.ascii	"anch revision 240496] -mcpu=cortex-m4 -mfloat-abi=h"
 2202      20726576 
 2202      6973696F 
 2202      6E203234 
 2202      30343936 
 2203 0560 61726420 		.ascii	"ard -mfpu=fpv4-sp-d16 -mno-thumb-interwork -mthumb "
 2203      2D6D6670 
 2203      753D6670 
 2203      76342D73 
 2203      702D6431 
 2204 0593 2D676764 		.ascii	"-ggdb -O2 -std=gnu99 -fomit-frame-pointer -falign-f"
 2204      62202D4F 
 2204      32202D73 
ARM GAS  /var/folders/sv/kgmgr77579zbf78p2zlhkdfr0000gn/T//ccitX7oD.s 			page 44


 2204      74643D67 
 2204      6E753939 
 2205 05c6 756E6374 		.ascii	"unctions=16 -ffunction-sections -fdata-sections -fn"
 2205      696F6E73 
 2205      3D313620 
 2205      2D666675 
 2205      6E637469 
 2206 05f9 6F2D636F 		.ascii	"o-common -fsingle-precision-constant\000"
 2206      6D6D6F6E 
 2206      202D6673 
 2206      696E676C 
 2206      652D7072 
 2207              	.LASF77:
 2208 061e 726C6973 		.ascii	"rlist\000"
 2208      7400
 2209              	.LASF13:
 2210 0624 75696E74 		.ascii	"uint8_t\000"
 2210      385F7400 
 2211              	.LASF81:
 2212 062c 73697A65 		.ascii	"sizetype\000"
 2212      74797065 
 2212      00
 2213              	.LASF131:
 2214 0635 73744765 		.ascii	"stGetAlarm\000"
 2214      74416C61 
 2214      726D00
 2215              	.LASF98:
 2216 0640 63685F6D 		.ascii	"ch_mutex\000"
 2216      75746578 
 2216      00
 2217              	.LASF34:
 2218 0649 705F6E61 		.ascii	"p_name\000"
 2218      6D6500
 2219              	.LASF107:
 2220 0650 44494552 		.ascii	"DIER\000"
 2220      00
 2221              	.LASF48:
 2222 0655 74687265 		.ascii	"threads_list_t\000"
 2222      6164735F 
 2222      6C697374 
 2222      5F7400
 2223              	.LASF123:
 2224 0664 61627374 		.ascii	"abstime\000"
 2224      696D6500 
 2225              	.LASF42:
 2226 066c 705F6D73 		.ascii	"p_msg\000"
 2226      6700
 2227              	.LASF100:
 2228 0672 6D5F6F77 		.ascii	"m_owner\000"
 2228      6E657200 
 2229              	.LASF31:
 2230 067a 705F6374 		.ascii	"p_ctx\000"
 2230      7800
 2231              	.LASF40:
 2232 0680 705F7761 		.ascii	"p_waiting\000"
 2232      6974696E 
 2232      6700
ARM GAS  /var/folders/sv/kgmgr77579zbf78p2zlhkdfr0000gn/T//ccitX7oD.s 			page 45


 2233              		.ident	"GCC: (GNU Tools for ARM Embedded Processors) 5.4.1 20160919 (release) [ARM/embedded-5-bran
ARM GAS  /var/folders/sv/kgmgr77579zbf78p2zlhkdfr0000gn/T//ccitX7oD.s 			page 46


DEFINED SYMBOLS
                            *ABS*:0000000000000000 st.c
/var/folders/sv/kgmgr77579zbf78p2zlhkdfr0000gn/T//ccitX7oD.s:22     .text.stInit:0000000000000000 $t
/var/folders/sv/kgmgr77579zbf78p2zlhkdfr0000gn/T//ccitX7oD.s:28     .text.stInit:0000000000000000 stInit
/var/folders/sv/kgmgr77579zbf78p2zlhkdfr0000gn/T//ccitX7oD.s:43     .text.stStartAlarm:0000000000000000 $t
/var/folders/sv/kgmgr77579zbf78p2zlhkdfr0000gn/T//ccitX7oD.s:49     .text.stStartAlarm:0000000000000000 stStartAlarm
/var/folders/sv/kgmgr77579zbf78p2zlhkdfr0000gn/T//ccitX7oD.s:81     .text.stStopAlarm:0000000000000000 $t
/var/folders/sv/kgmgr77579zbf78p2zlhkdfr0000gn/T//ccitX7oD.s:87     .text.stStopAlarm:0000000000000000 stStopAlarm
/var/folders/sv/kgmgr77579zbf78p2zlhkdfr0000gn/T//ccitX7oD.s:107    .text.stSetAlarm:0000000000000000 $t
/var/folders/sv/kgmgr77579zbf78p2zlhkdfr0000gn/T//ccitX7oD.s:113    .text.stSetAlarm:0000000000000000 stSetAlarm
/var/folders/sv/kgmgr77579zbf78p2zlhkdfr0000gn/T//ccitX7oD.s:135    .text.stGetAlarm:0000000000000000 $t
/var/folders/sv/kgmgr77579zbf78p2zlhkdfr0000gn/T//ccitX7oD.s:141    .text.stGetAlarm:0000000000000000 stGetAlarm
                     .debug_frame:0000000000000010 $d

UNDEFINED SYMBOLS
st_lld_init
