ARM GAS  /var/folders/sv/kgmgr77579zbf78p2zlhkdfr0000gn/T//ccLIlnK9.s 			page 1


   1              		.syntax unified
   2              		.cpu cortex-m4
   3              		.eabi_attribute 27, 1
   4              		.eabi_attribute 28, 1
   5              		.fpu fpv4-sp-d16
   6              		.eabi_attribute 20, 1
   7              		.eabi_attribute 21, 1
   8              		.eabi_attribute 23, 3
   9              		.eabi_attribute 24, 1
  10              		.eabi_attribute 25, 1
  11              		.eabi_attribute 26, 1
  12              		.eabi_attribute 30, 2
  13              		.eabi_attribute 34, 1
  14              		.eabi_attribute 18, 4
  15              		.thumb
  16              		.syntax unified
  17              		.file	"st_lld.c"
  18              		.text
  19              	.Ltext0:
  20              		.cfi_sections	.debug_frame
  21              		.section	.text.SysTick_Handler,"ax",%progbits
  22              		.align	2
  23              		.p2align 4,,15
  24              		.global	SysTick_Handler
  25              		.thumb
  26              		.thumb_func
  27              		.type	SysTick_Handler, %function
  28              	SysTick_Handler:
  29              	.LFB256:
  30              		.file 1 "ChibiOS_3.0.2/os/hal/ports/STM32/LLD/TIMv1/st_lld.c"
  31              		.loc 1 154 0
  32              		.cfi_startproc
  33              		@ args = 0, pretend = 0, frame = 0
  34              		@ frame_needed = 0, uses_anonymous_args = 0
  35              	.LVL0:
  36 0000 08B5     		push	{r3, lr}
  37              		.cfi_def_cfa_offset 8
  38              		.cfi_offset 3, -8
  39              		.cfi_offset 14, -4
  40              	.LBB52:
  41              	.LBB53:
  42              	.LBB54:
  43              	.LBB55:
  44              	.LBB56:
  45              	.LBB57:
  46              		.file 2 "ChibiOS_3.0.2/os/ext/CMSIS/include/core_cmFunc.h"
  47              		.loc 2 546 0
  48 0002 2023     		movs	r3, #32
  49              		.syntax unified
  50              	@ 546 "ChibiOS_3.0.2/os/ext/CMSIS/include/core_cmFunc.h" 1
  51 0004 83F31188 		MSR basepri, r3
  52              	@ 0 "" 2
  53              	.LVL1:
  54              		.thumb
  55              		.syntax unified
  56              	.LBE57:
  57              	.LBE56:
ARM GAS  /var/folders/sv/kgmgr77579zbf78p2zlhkdfr0000gn/T//ccLIlnK9.s 			page 2


  58              	.LBE55:
  59              	.LBE54:
  60              	.LBE53:
  61              	.LBE52:
  62              	.LBB58:
  63              	.LBB59:
  64              		.file 3 "ChibiOS_3.0.2/os/hal/osal/rt/osal.h"
  65              		.loc 3 585 0
  66 0008 FFF7FEFF 		bl	chSysTimerHandlerI
  67              	.LVL2:
  68              	.LBE59:
  69              	.LBE58:
  70              	.LBB60:
  71              	.LBB61:
  72              	.LBB62:
  73              	.LBB63:
  74              	.LBB64:
  75              	.LBB65:
  76              		.loc 2 546 0
  77 000c 0023     		movs	r3, #0
  78              		.syntax unified
  79              	@ 546 "ChibiOS_3.0.2/os/ext/CMSIS/include/core_cmFunc.h" 1
  80 000e 83F31188 		MSR basepri, r3
  81              	@ 0 "" 2
  82              	.LVL3:
  83              		.thumb
  84              		.syntax unified
  85              	.LBE65:
  86              	.LBE64:
  87              	.LBE63:
  88              	.LBE62:
  89              	.LBE61:
  90              	.LBE60:
  91              		.loc 1 163 0
  92 0012 BDE80840 		pop	{r3, lr}
  93              		.cfi_restore 14
  94              		.cfi_restore 3
  95              		.cfi_def_cfa_offset 0
  96              		.loc 1 162 0
  97 0016 FFF7FEBF 		b	_port_irq_epilogue
  98              	.LVL4:
  99              		.cfi_endproc
 100              	.LFE256:
 101              		.size	SysTick_Handler, .-SysTick_Handler
 102 001a 00BF     		.section	.text.st_lld_init,"ax",%progbits
 103              		.align	2
 104              		.p2align 4,,15
 105              		.global	st_lld_init
 106              		.thumb
 107              		.thumb_func
 108              		.type	st_lld_init, %function
 109              	st_lld_init:
 110              	.LFB257:
 111              		.loc 1 201 0
 112              		.cfi_startproc
 113              		@ args = 0, pretend = 0, frame = 0
 114              		@ frame_needed = 0, uses_anonymous_args = 0
ARM GAS  /var/folders/sv/kgmgr77579zbf78p2zlhkdfr0000gn/T//ccLIlnK9.s 			page 3


 115              		@ link register save eliminated.
 116              		.loc 1 229 0
 117 0000 054B     		ldr	r3, .L4
 118 0002 44F29F11 		movw	r1, #16799
 119              		.loc 1 230 0
 120 0006 0020     		movs	r0, #0
 121              		.loc 1 231 0
 122 0008 0722     		movs	r2, #7
 123              		.loc 1 229 0
 124 000a 5960     		str	r1, [r3, #4]
 125              		.loc 1 230 0
 126 000c 9860     		str	r0, [r3, #8]
 127              		.loc 1 236 0
 128 000e 0821     		movs	r1, #8
 129 0010 0B20     		movs	r0, #11
 130              		.loc 1 231 0
 131 0012 1A60     		str	r2, [r3]
 132              		.loc 1 236 0
 133 0014 FFF7FEBF 		b	nvicSetSystemHandlerPriority
 134              	.LVL5:
 135              	.L5:
 136              		.align	2
 137              	.L4:
 138 0018 10E000E0 		.word	-536813552
 139              		.cfi_endproc
 140              	.LFE257:
 141              		.size	st_lld_init, .-st_lld_init
 142              		.text
 143              	.Letext0:
 144              		.file 4 "/usr/local/Cellar/gcc-arm-none-eabi/20160928/arm-none-eabi/include/machine/_default_types
 145              		.file 5 "/usr/local/Cellar/gcc-arm-none-eabi/20160928/arm-none-eabi/include/sys/_stdint.h"
 146              		.file 6 "ChibiOS_3.0.2/os/rt/ports/ARMCMx/compilers/GCC/chtypes.h"
 147              		.file 7 "ChibiOS_3.0.2/os/rt/include/chsystypes.h"
 148              		.file 8 "ChibiOS_3.0.2/os/rt/include/chschd.h"
 149              		.file 9 "ChibiOS_3.0.2/os/ext/CMSIS/include/core_cm4.h"
 150              		.file 10 "ChibiOS_3.0.2/os/rt/ports/ARMCMx/chcore.h"
 151              		.file 11 "ChibiOS_3.0.2/os/rt/ports/ARMCMx/chcore_v7m.h"
 152              		.file 12 "ChibiOS_3.0.2/os/rt/include/chtm.h"
 153              		.file 13 "ChibiOS_3.0.2/os/rt/include/chsem.h"
 154              		.file 14 "ChibiOS_3.0.2/os/rt/include/chmtx.h"
 155              		.file 15 "ChibiOS_3.0.2/os/rt/include/chsys.h"
 156              		.file 16 "ChibiOS_3.0.2/os/hal/ports/common/ARMCMx/nvic.h"
 157              		.section	.debug_info,"",%progbits
 158              	.Ldebug_info0:
 159 0000 35090000 		.4byte	0x935
 160 0004 0400     		.2byte	0x4
 161 0006 00000000 		.4byte	.Ldebug_abbrev0
 162 000a 04       		.byte	0x4
 163 000b 01       		.uleb128 0x1
 164 000c 5E050000 		.4byte	.LASF125
 165 0010 0C       		.byte	0xc
 166 0011 8D030000 		.4byte	.LASF126
 167 0015 CA010000 		.4byte	.LASF127
 168 0019 00000000 		.4byte	.Ldebug_ranges0+0
 169 001d 00000000 		.4byte	0
 170 0021 00000000 		.4byte	.Ldebug_line0
 171 0025 02       		.uleb128 0x2
ARM GAS  /var/folders/sv/kgmgr77579zbf78p2zlhkdfr0000gn/T//ccLIlnK9.s 			page 4


 172 0026 04       		.byte	0x4
 173 0027 05       		.byte	0x5
 174 0028 696E7400 		.ascii	"int\000"
 175 002c 03       		.uleb128 0x3
 176 002d 04       		.byte	0x4
 177 002e 07       		.byte	0x7
 178 002f 90010000 		.4byte	.LASF0
 179 0033 03       		.uleb128 0x3
 180 0034 01       		.byte	0x1
 181 0035 06       		.byte	0x6
 182 0036 DA000000 		.4byte	.LASF1
 183 003a 04       		.uleb128 0x4
 184 003b 23000000 		.4byte	.LASF5
 185 003f 04       		.byte	0x4
 186 0040 1D       		.byte	0x1d
 187 0041 45000000 		.4byte	0x45
 188 0045 03       		.uleb128 0x3
 189 0046 01       		.byte	0x1
 190 0047 08       		.byte	0x8
 191 0048 72030000 		.4byte	.LASF2
 192 004c 03       		.uleb128 0x3
 193 004d 02       		.byte	0x2
 194 004e 05       		.byte	0x5
 195 004f C1030000 		.4byte	.LASF3
 196 0053 03       		.uleb128 0x3
 197 0054 02       		.byte	0x2
 198 0055 07       		.byte	0x7
 199 0056 07020000 		.4byte	.LASF4
 200 005a 04       		.uleb128 0x4
 201 005b 70020000 		.4byte	.LASF6
 202 005f 04       		.byte	0x4
 203 0060 3F       		.byte	0x3f
 204 0061 65000000 		.4byte	0x65
 205 0065 03       		.uleb128 0x3
 206 0066 04       		.byte	0x4
 207 0067 05       		.byte	0x5
 208 0068 16010000 		.4byte	.LASF7
 209 006c 04       		.uleb128 0x4
 210 006d DC040000 		.4byte	.LASF8
 211 0071 04       		.byte	0x4
 212 0072 41       		.byte	0x41
 213 0073 77000000 		.4byte	0x77
 214 0077 03       		.uleb128 0x3
 215 0078 04       		.byte	0x4
 216 0079 07       		.byte	0x7
 217 007a 7A040000 		.4byte	.LASF9
 218 007e 03       		.uleb128 0x3
 219 007f 08       		.byte	0x8
 220 0080 05       		.byte	0x5
 221 0081 CC000000 		.4byte	.LASF10
 222 0085 04       		.uleb128 0x4
 223 0086 09030000 		.4byte	.LASF11
 224 008a 04       		.byte	0x4
 225 008b 5B       		.byte	0x5b
 226 008c 90000000 		.4byte	0x90
 227 0090 03       		.uleb128 0x3
 228 0091 08       		.byte	0x8
ARM GAS  /var/folders/sv/kgmgr77579zbf78p2zlhkdfr0000gn/T//ccLIlnK9.s 			page 5


 229 0092 07       		.byte	0x7
 230 0093 5B000000 		.4byte	.LASF12
 231 0097 04       		.uleb128 0x4
 232 0098 9B060000 		.4byte	.LASF13
 233 009c 05       		.byte	0x5
 234 009d 18       		.byte	0x18
 235 009e 3A000000 		.4byte	0x3a
 236 00a2 04       		.uleb128 0x4
 237 00a3 6A030000 		.4byte	.LASF14
 238 00a7 05       		.byte	0x5
 239 00a8 2C       		.byte	0x2c
 240 00a9 5A000000 		.4byte	0x5a
 241 00ad 04       		.uleb128 0x4
 242 00ae 47040000 		.4byte	.LASF15
 243 00b2 05       		.byte	0x5
 244 00b3 30       		.byte	0x30
 245 00b4 6C000000 		.4byte	0x6c
 246 00b8 04       		.uleb128 0x4
 247 00b9 1A000000 		.4byte	.LASF16
 248 00bd 05       		.byte	0x5
 249 00be 3C       		.byte	0x3c
 250 00bf 85000000 		.4byte	0x85
 251 00c3 05       		.uleb128 0x5
 252 00c4 A2000000 		.4byte	0xa2
 253 00c8 05       		.uleb128 0x5
 254 00c9 AD000000 		.4byte	0xad
 255 00cd 04       		.uleb128 0x4
 256 00ce 99020000 		.4byte	.LASF17
 257 00d2 06       		.byte	0x6
 258 00d3 45       		.byte	0x45
 259 00d4 AD000000 		.4byte	0xad
 260 00d8 04       		.uleb128 0x4
 261 00d9 4E020000 		.4byte	.LASF18
 262 00dd 06       		.byte	0x6
 263 00de 48       		.byte	0x48
 264 00df 97000000 		.4byte	0x97
 265 00e3 04       		.uleb128 0x4
 266 00e4 1F010000 		.4byte	.LASF19
 267 00e8 06       		.byte	0x6
 268 00e9 49       		.byte	0x49
 269 00ea 97000000 		.4byte	0x97
 270 00ee 04       		.uleb128 0x4
 271 00ef 1A030000 		.4byte	.LASF20
 272 00f3 06       		.byte	0x6
 273 00f4 4A       		.byte	0x4a
 274 00f5 97000000 		.4byte	0x97
 275 00f9 04       		.uleb128 0x4
 276 00fa 02010000 		.4byte	.LASF21
 277 00fe 06       		.byte	0x6
 278 00ff 4B       		.byte	0x4b
 279 0100 97000000 		.4byte	0x97
 280 0104 04       		.uleb128 0x4
 281 0105 39030000 		.4byte	.LASF22
 282 0109 06       		.byte	0x6
 283 010a 4C       		.byte	0x4c
 284 010b AD000000 		.4byte	0xad
 285 010f 04       		.uleb128 0x4
ARM GAS  /var/folders/sv/kgmgr77579zbf78p2zlhkdfr0000gn/T//ccLIlnK9.s 			page 6


 286 0110 24020000 		.4byte	.LASF23
 287 0114 06       		.byte	0x6
 288 0115 4D       		.byte	0x4d
 289 0116 A2000000 		.4byte	0xa2
 290 011a 04       		.uleb128 0x4
 291 011b 64020000 		.4byte	.LASF24
 292 011f 06       		.byte	0x6
 293 0120 4F       		.byte	0x4f
 294 0121 AD000000 		.4byte	0xad
 295 0125 04       		.uleb128 0x4
 296 0126 8A010000 		.4byte	.LASF25
 297 012a 06       		.byte	0x6
 298 012b 51       		.byte	0x51
 299 012c A2000000 		.4byte	0xa2
 300 0130 04       		.uleb128 0x4
 301 0131 B6040000 		.4byte	.LASF26
 302 0135 07       		.byte	0x7
 303 0136 33       		.byte	0x33
 304 0137 AD000000 		.4byte	0xad
 305 013b 04       		.uleb128 0x4
 306 013c A6040000 		.4byte	.LASF27
 307 0140 07       		.byte	0x7
 308 0141 3F       		.byte	0x3f
 309 0142 46010000 		.4byte	0x146
 310 0146 06       		.uleb128 0x6
 311 0147 1A020000 		.4byte	.LASF49
 312 014b 48       		.byte	0x48
 313 014c 08       		.byte	0x8
 314 014d C2       		.byte	0xc2
 315 014e 4B020000 		.4byte	0x24b
 316 0152 07       		.uleb128 0x7
 317 0153 0F040000 		.4byte	.LASF28
 318 0157 08       		.byte	0x8
 319 0158 C3       		.byte	0xc3
 320 0159 56020000 		.4byte	0x256
 321 015d 00       		.byte	0
 322 015e 07       		.uleb128 0x7
 323 015f 32030000 		.4byte	.LASF29
 324 0163 08       		.byte	0x8
 325 0164 C5       		.byte	0xc5
 326 0165 56020000 		.4byte	0x256
 327 0169 04       		.byte	0x4
 328 016a 07       		.uleb128 0x7
 329 016b C5000000 		.4byte	.LASF30
 330 016f 08       		.byte	0x8
 331 0170 C7       		.byte	0xc7
 332 0171 04010000 		.4byte	0x104
 333 0175 08       		.byte	0x8
 334 0176 07       		.uleb128 0x7
 335 0177 D9060000 		.4byte	.LASF31
 336 017b 08       		.byte	0x8
 337 017c C8       		.byte	0xc8
 338 017d D5040000 		.4byte	0x4d5
 339 0181 0C       		.byte	0xc
 340 0182 07       		.uleb128 0x7
 341 0183 28010000 		.4byte	.LASF32
 342 0187 08       		.byte	0x8
ARM GAS  /var/folders/sv/kgmgr77579zbf78p2zlhkdfr0000gn/T//ccLIlnK9.s 			page 7


 343 0188 CA       		.byte	0xca
 344 0189 56020000 		.4byte	0x256
 345 018d 10       		.byte	0x10
 346 018e 07       		.uleb128 0x7
 347 018f D8020000 		.4byte	.LASF33
 348 0193 08       		.byte	0x8
 349 0194 CB       		.byte	0xcb
 350 0195 56020000 		.4byte	0x256
 351 0199 14       		.byte	0x14
 352 019a 07       		.uleb128 0x7
 353 019b B5060000 		.4byte	.LASF34
 354 019f 08       		.byte	0x8
 355 01a0 D2       		.byte	0xd2
 356 01a1 1A070000 		.4byte	0x71a
 357 01a5 18       		.byte	0x18
 358 01a6 07       		.uleb128 0x7
 359 01a7 CB030000 		.4byte	.LASF35
 360 01ab 08       		.byte	0x8
 361 01ac DD       		.byte	0xdd
 362 01ad E3000000 		.4byte	0xe3
 363 01b1 1C       		.byte	0x1c
 364 01b2 07       		.uleb128 0x7
 365 01b3 16040000 		.4byte	.LASF36
 366 01b7 08       		.byte	0x8
 367 01b8 E1       		.byte	0xe1
 368 01b9 D8000000 		.4byte	0xd8
 369 01bd 1D       		.byte	0x1d
 370 01be 07       		.uleb128 0x7
 371 01bf 57050000 		.4byte	.LASF37
 372 01c3 08       		.byte	0x8
 373 01c4 E6       		.byte	0xe6
 374 01c5 EE000000 		.4byte	0xee
 375 01c9 1E       		.byte	0x1e
 376 01ca 07       		.uleb128 0x7
 377 01cb D3030000 		.4byte	.LASF38
 378 01cf 08       		.byte	0x8
 379 01d0 EC       		.byte	0xec
 380 01d1 F9000000 		.4byte	0xf9
 381 01d5 1F       		.byte	0x1f
 382 01d6 07       		.uleb128 0x7
 383 01d7 06050000 		.4byte	.LASF39
 384 01db 08       		.byte	0x8
 385 01dc F3       		.byte	0xf3
 386 01dd 2C070000 		.4byte	0x72c
 387 01e1 20       		.byte	0x20
 388 01e2 08       		.uleb128 0x8
 389 01e3 705F7500 		.ascii	"p_u\000"
 390 01e7 08       		.byte	0x8
 391 01e8 3101     		.2byte	0x131
 392 01ea 55060000 		.4byte	0x655
 393 01ee 24       		.byte	0x24
 394 01ef 09       		.uleb128 0x9
 395 01f0 DF060000 		.4byte	.LASF40
 396 01f4 08       		.byte	0x8
 397 01f5 3601     		.2byte	0x136
 398 01f7 5C020000 		.4byte	0x25c
 399 01fb 28       		.byte	0x28
ARM GAS  /var/folders/sv/kgmgr77579zbf78p2zlhkdfr0000gn/T//ccLIlnK9.s 			page 8


 400 01fc 09       		.uleb128 0x9
 401 01fd 30050000 		.4byte	.LASF41
 402 0201 08       		.byte	0x8
 403 0202 3C01     		.2byte	0x13c
 404 0204 80020000 		.4byte	0x280
 405 0208 2C       		.byte	0x2c
 406 0209 09       		.uleb128 0x9
 407 020a CB060000 		.4byte	.LASF42
 408 020e 08       		.byte	0x8
 409 020f 4001     		.2byte	0x140
 410 0211 0F010000 		.4byte	0x10f
 411 0215 34       		.byte	0x34
 412 0216 09       		.uleb128 0x9
 413 0217 3C040000 		.4byte	.LASF43
 414 021b 08       		.byte	0x8
 415 021c 4601     		.2byte	0x146
 416 021e 1A010000 		.4byte	0x11a
 417 0222 38       		.byte	0x38
 418 0223 09       		.uleb128 0x9
 419 0224 E9060000 		.4byte	.LASF44
 420 0228 08       		.byte	0x8
 421 0229 4D01     		.2byte	0x14d
 422 022b 14070000 		.4byte	0x714
 423 022f 3C       		.byte	0x3c
 424 0230 09       		.uleb128 0x9
 425 0231 2A020000 		.4byte	.LASF45
 426 0235 08       		.byte	0x8
 427 0236 5101     		.2byte	0x151
 428 0238 04010000 		.4byte	0x104
 429 023c 40       		.byte	0x40
 430 023d 09       		.uleb128 0x9
 431 023e E6000000 		.4byte	.LASF46
 432 0242 08       		.byte	0x8
 433 0243 5801     		.2byte	0x158
 434 0245 33030000 		.4byte	0x333
 435 0249 44       		.byte	0x44
 436 024a 00       		.byte	0
 437 024b 04       		.uleb128 0x4
 438 024c A1020000 		.4byte	.LASF47
 439 0250 07       		.byte	0x7
 440 0251 44       		.byte	0x44
 441 0252 56020000 		.4byte	0x256
 442 0256 0A       		.uleb128 0xa
 443 0257 04       		.byte	0x4
 444 0258 3B010000 		.4byte	0x13b
 445 025c 04       		.uleb128 0x4
 446 025d BC060000 		.4byte	.LASF48
 447 0261 07       		.byte	0x7
 448 0262 49       		.byte	0x49
 449 0263 67020000 		.4byte	0x267
 450 0267 06       		.uleb128 0x6
 451 0268 6A040000 		.4byte	.LASF50
 452 026c 04       		.byte	0x4
 453 026d 08       		.byte	0x8
 454 026e B0       		.byte	0xb0
 455 026f 80020000 		.4byte	0x280
 456 0273 07       		.uleb128 0x7
ARM GAS  /var/folders/sv/kgmgr77579zbf78p2zlhkdfr0000gn/T//ccLIlnK9.s 			page 9


 457 0274 0F040000 		.4byte	.LASF28
 458 0278 08       		.byte	0x8
 459 0279 B1       		.byte	0xb1
 460 027a 56020000 		.4byte	0x256
 461 027e 00       		.byte	0
 462 027f 00       		.byte	0
 463 0280 04       		.uleb128 0x4
 464 0281 47050000 		.4byte	.LASF51
 465 0285 07       		.byte	0x7
 466 0286 50       		.byte	0x50
 467 0287 8B020000 		.4byte	0x28b
 468 028b 06       		.uleb128 0x6
 469 028c B4000000 		.4byte	.LASF52
 470 0290 08       		.byte	0x8
 471 0291 08       		.byte	0x8
 472 0292 B7       		.byte	0xb7
 473 0293 B0020000 		.4byte	0x2b0
 474 0297 07       		.uleb128 0x7
 475 0298 0F040000 		.4byte	.LASF28
 476 029c 08       		.byte	0x8
 477 029d B8       		.byte	0xb8
 478 029e 56020000 		.4byte	0x256
 479 02a2 00       		.byte	0
 480 02a3 07       		.uleb128 0x7
 481 02a4 32030000 		.4byte	.LASF29
 482 02a8 08       		.byte	0x8
 483 02a9 B9       		.byte	0xb9
 484 02aa 56020000 		.4byte	0x256
 485 02ae 04       		.byte	0x4
 486 02af 00       		.byte	0
 487 02b0 04       		.uleb128 0x4
 488 02b1 00000000 		.4byte	.LASF53
 489 02b5 07       		.byte	0x7
 490 02b6 57       		.byte	0x57
 491 02b7 BB020000 		.4byte	0x2bb
 492 02bb 0B       		.uleb128 0xb
 493 02bc 56020000 		.4byte	.LASF54
 494 02c0 1C       		.byte	0x1c
 495 02c1 08       		.byte	0x8
 496 02c2 9001     		.2byte	0x190
 497 02c4 17030000 		.4byte	0x317
 498 02c8 09       		.uleb128 0x9
 499 02c9 57040000 		.4byte	.LASF55
 500 02cd 08       		.byte	0x8
 501 02ce 9101     		.2byte	0x191
 502 02d0 80020000 		.4byte	0x280
 503 02d4 00       		.byte	0
 504 02d5 09       		.uleb128 0x9
 505 02d6 FA030000 		.4byte	.LASF56
 506 02da 08       		.byte	0x8
 507 02db 9201     		.2byte	0x192
 508 02dd 04010000 		.4byte	0x104
 509 02e1 08       		.byte	0x8
 510 02e2 09       		.uleb128 0x9
 511 02e3 E0020000 		.4byte	.LASF57
 512 02e7 08       		.byte	0x8
 513 02e8 9401     		.2byte	0x194
ARM GAS  /var/folders/sv/kgmgr77579zbf78p2zlhkdfr0000gn/T//ccLIlnK9.s 			page 10


 514 02ea D5040000 		.4byte	0x4d5
 515 02ee 0C       		.byte	0xc
 516 02ef 09       		.uleb128 0x9
 517 02f0 41010000 		.4byte	.LASF58
 518 02f4 08       		.byte	0x8
 519 02f5 9701     		.2byte	0x197
 520 02f7 56020000 		.4byte	0x256
 521 02fb 10       		.byte	0x10
 522 02fc 09       		.uleb128 0x9
 523 02fd 01030000 		.4byte	.LASF59
 524 0301 08       		.byte	0x8
 525 0302 9801     		.2byte	0x198
 526 0304 56020000 		.4byte	0x256
 527 0308 14       		.byte	0x14
 528 0309 09       		.uleb128 0x9
 529 030a F7020000 		.4byte	.LASF60
 530 030e 08       		.byte	0x8
 531 030f 9B01     		.2byte	0x19b
 532 0311 56020000 		.4byte	0x256
 533 0315 18       		.byte	0x18
 534 0316 00       		.byte	0
 535 0317 04       		.uleb128 0x4
 536 0318 D3040000 		.4byte	.LASF61
 537 031c 07       		.byte	0x7
 538 031d 5C       		.byte	0x5c
 539 031e 22030000 		.4byte	0x322
 540 0322 0A       		.uleb128 0xa
 541 0323 04       		.byte	0x4
 542 0324 28030000 		.4byte	0x328
 543 0328 0C       		.uleb128 0xc
 544 0329 33030000 		.4byte	0x333
 545 032d 0D       		.uleb128 0xd
 546 032e 33030000 		.4byte	0x333
 547 0332 00       		.byte	0
 548 0333 0E       		.uleb128 0xe
 549 0334 04       		.byte	0x4
 550 0335 04       		.uleb128 0x4
 551 0336 22030000 		.4byte	.LASF62
 552 033a 07       		.byte	0x7
 553 033b 61       		.byte	0x61
 554 033c 40030000 		.4byte	0x340
 555 0340 0B       		.uleb128 0xb
 556 0341 1E040000 		.4byte	.LASF63
 557 0345 14       		.byte	0x14
 558 0346 08       		.byte	0x8
 559 0347 6B01     		.2byte	0x16b
 560 0349 8F030000 		.4byte	0x38f
 561 034d 09       		.uleb128 0x9
 562 034e 9D010000 		.4byte	.LASF64
 563 0352 08       		.byte	0x8
 564 0353 6C01     		.2byte	0x16c
 565 0355 31070000 		.4byte	0x731
 566 0359 00       		.byte	0
 567 035a 09       		.uleb128 0x9
 568 035b 52010000 		.4byte	.LASF65
 569 035f 08       		.byte	0x8
 570 0360 6D01     		.2byte	0x16d
ARM GAS  /var/folders/sv/kgmgr77579zbf78p2zlhkdfr0000gn/T//ccLIlnK9.s 			page 11


 571 0362 31070000 		.4byte	0x731
 572 0366 04       		.byte	0x4
 573 0367 09       		.uleb128 0x9
 574 0368 B2010000 		.4byte	.LASF66
 575 036c 08       		.byte	0x8
 576 036d 6E01     		.2byte	0x16e
 577 036f 30010000 		.4byte	0x130
 578 0373 08       		.byte	0x8
 579 0374 09       		.uleb128 0x9
 580 0375 D0020000 		.4byte	.LASF67
 581 0379 08       		.byte	0x8
 582 037a 6F01     		.2byte	0x16f
 583 037c 17030000 		.4byte	0x317
 584 0380 0C       		.byte	0xc
 585 0381 09       		.uleb128 0x9
 586 0382 40050000 		.4byte	.LASF68
 587 0386 08       		.byte	0x8
 588 0387 7101     		.2byte	0x171
 589 0389 33030000 		.4byte	0x333
 590 038d 10       		.byte	0x10
 591 038e 00       		.byte	0
 592 038f 04       		.uleb128 0x4
 593 0390 7D000000 		.4byte	.LASF69
 594 0394 07       		.byte	0x7
 595 0395 66       		.byte	0x66
 596 0396 9A030000 		.4byte	0x39a
 597 039a 0B       		.uleb128 0xb
 598 039b B9020000 		.4byte	.LASF70
 599 039f 10       		.byte	0x10
 600 03a0 08       		.byte	0x8
 601 03a1 7B01     		.2byte	0x17b
 602 03a3 DC030000 		.4byte	0x3dc
 603 03a7 09       		.uleb128 0x9
 604 03a8 9D010000 		.4byte	.LASF64
 605 03ac 08       		.byte	0x8
 606 03ad 7C01     		.2byte	0x17c
 607 03af 31070000 		.4byte	0x731
 608 03b3 00       		.byte	0
 609 03b4 09       		.uleb128 0x9
 610 03b5 52010000 		.4byte	.LASF65
 611 03b9 08       		.byte	0x8
 612 03ba 7E01     		.2byte	0x17e
 613 03bc 31070000 		.4byte	0x731
 614 03c0 04       		.byte	0x4
 615 03c1 09       		.uleb128 0x9
 616 03c2 B2010000 		.4byte	.LASF66
 617 03c6 08       		.byte	0x8
 618 03c7 8001     		.2byte	0x180
 619 03c9 30010000 		.4byte	0x130
 620 03cd 08       		.byte	0x8
 621 03ce 09       		.uleb128 0x9
 622 03cf 5F040000 		.4byte	.LASF71
 623 03d3 08       		.byte	0x8
 624 03d4 8201     		.2byte	0x182
 625 03d6 2C070000 		.4byte	0x72c
 626 03da 0C       		.byte	0xc
 627 03db 00       		.byte	0
ARM GAS  /var/folders/sv/kgmgr77579zbf78p2zlhkdfr0000gn/T//ccLIlnK9.s 			page 12


 628 03dc 04       		.uleb128 0x4
 629 03dd BB010000 		.4byte	.LASF72
 630 03e1 07       		.byte	0x7
 631 03e2 6B       		.byte	0x6b
 632 03e3 E7030000 		.4byte	0x3e7
 633 03e7 0B       		.uleb128 0xb
 634 03e8 54030000 		.4byte	.LASF73
 635 03ec 04       		.byte	0x4
 636 03ed 08       		.byte	0x8
 637 03ee A201     		.2byte	0x1a2
 638 03f0 02040000 		.4byte	0x402
 639 03f4 09       		.uleb128 0x9
 640 03f5 F5040000 		.4byte	.LASF74
 641 03f9 08       		.byte	0x8
 642 03fa AA01     		.2byte	0x1aa
 643 03fc 37070000 		.4byte	0x737
 644 0400 00       		.byte	0
 645 0401 00       		.byte	0
 646 0402 04       		.uleb128 0x4
 647 0403 35020000 		.4byte	.LASF75
 648 0407 07       		.byte	0x7
 649 0408 70       		.byte	0x70
 650 0409 0D040000 		.4byte	0x40d
 651 040d 0F       		.uleb128 0xf
 652 040e 0C010000 		.4byte	.LASF76
 653 0412 5802     		.2byte	0x258
 654 0414 08       		.byte	0x8
 655 0415 C201     		.2byte	0x1c2
 656 0417 69040000 		.4byte	0x469
 657 041b 09       		.uleb128 0x9
 658 041c 95060000 		.4byte	.LASF77
 659 0420 08       		.byte	0x8
 660 0421 C601     		.2byte	0x1c6
 661 0423 B0020000 		.4byte	0x2b0
 662 0427 00       		.byte	0
 663 0428 09       		.uleb128 0x9
 664 0429 39000000 		.4byte	.LASF78
 665 042d 08       		.byte	0x8
 666 042e CA01     		.2byte	0x1ca
 667 0430 8F030000 		.4byte	0x38f
 668 0434 1C       		.byte	0x1c
 669 0435 08       		.uleb128 0x8
 670 0436 64626700 		.ascii	"dbg\000"
 671 043a 08       		.byte	0x8
 672 043b CE01     		.2byte	0x1ce
 673 043d DC030000 		.4byte	0x3dc
 674 0441 2C       		.byte	0x2c
 675 0442 09       		.uleb128 0x9
 676 0443 72000000 		.4byte	.LASF79
 677 0447 08       		.byte	0x8
 678 0448 D201     		.2byte	0x1d2
 679 044a 3B010000 		.4byte	0x13b
 680 044e 30       		.byte	0x30
 681 044f 08       		.uleb128 0x8
 682 0450 746D00   		.ascii	"tm\000"
 683 0453 08       		.byte	0x8
 684 0454 D701     		.2byte	0x1d7
ARM GAS  /var/folders/sv/kgmgr77579zbf78p2zlhkdfr0000gn/T//ccLIlnK9.s 			page 13


 685 0456 4A060000 		.4byte	0x64a
 686 045a 78       		.byte	0x78
 687 045b 09       		.uleb128 0x9
 688 045c 7B010000 		.4byte	.LASF80
 689 0460 08       		.byte	0x8
 690 0461 E301     		.2byte	0x1e3
 691 0463 3C070000 		.4byte	0x73c
 692 0467 80       		.byte	0x80
 693 0468 00       		.byte	0
 694 0469 03       		.uleb128 0x3
 695 046a 04       		.byte	0x4
 696 046b 07       		.byte	0x7
 697 046c A3060000 		.4byte	.LASF81
 698 0470 10       		.uleb128 0x10
 699 0471 C8000000 		.4byte	0xc8
 700 0475 11       		.uleb128 0x11
 701 0476 10       		.byte	0x10
 702 0477 09       		.byte	0x9
 703 0478 6F02     		.2byte	0x26f
 704 047a B3040000 		.4byte	0x4b3
 705 047e 09       		.uleb128 0x9
 706 047f 3B050000 		.4byte	.LASF82
 707 0483 09       		.byte	0x9
 708 0484 7102     		.2byte	0x271
 709 0486 C8000000 		.4byte	0xc8
 710 048a 00       		.byte	0
 711 048b 09       		.uleb128 0x9
 712 048c B4020000 		.4byte	.LASF83
 713 0490 09       		.byte	0x9
 714 0491 7202     		.2byte	0x272
 715 0493 C8000000 		.4byte	0xc8
 716 0497 04       		.byte	0x4
 717 0498 08       		.uleb128 0x8
 718 0499 56414C00 		.ascii	"VAL\000"
 719 049d 09       		.byte	0x9
 720 049e 7302     		.2byte	0x273
 721 04a0 C8000000 		.4byte	0xc8
 722 04a4 08       		.byte	0x8
 723 04a5 09       		.uleb128 0x9
 724 04a6 A5010000 		.4byte	.LASF84
 725 04aa 09       		.byte	0x9
 726 04ab 7402     		.2byte	0x274
 727 04ad 70040000 		.4byte	0x470
 728 04b1 0C       		.byte	0xc
 729 04b2 00       		.byte	0
 730 04b3 12       		.uleb128 0x12
 731 04b4 41020000 		.4byte	.LASF85
 732 04b8 09       		.byte	0x9
 733 04b9 7502     		.2byte	0x275
 734 04bb 75040000 		.4byte	0x475
 735 04bf 04       		.uleb128 0x4
 736 04c0 49010000 		.4byte	.LASF86
 737 04c4 0A       		.byte	0xa
 738 04c5 65       		.byte	0x65
 739 04c6 33030000 		.4byte	0x333
 740 04ca 04       		.uleb128 0x4
 741 04cb 7A020000 		.4byte	.LASF87
ARM GAS  /var/folders/sv/kgmgr77579zbf78p2zlhkdfr0000gn/T//ccLIlnK9.s 			page 14


 742 04cf 0A       		.byte	0xa
 743 04d0 6D       		.byte	0x6d
 744 04d1 B8000000 		.4byte	0xb8
 745 04d5 06       		.uleb128 0x6
 746 04d6 FF010000 		.4byte	.LASF88
 747 04da 04       		.byte	0x4
 748 04db 0A       		.byte	0xa
 749 04dc 89       		.byte	0x89
 750 04dd EE040000 		.4byte	0x4ee
 751 04e1 13       		.uleb128 0x13
 752 04e2 72313300 		.ascii	"r13\000"
 753 04e6 0A       		.byte	0xa
 754 04e7 8A       		.byte	0x8a
 755 04e8 2F060000 		.4byte	0x62f
 756 04ec 00       		.byte	0
 757 04ed 00       		.byte	0
 758 04ee 06       		.uleb128 0x6
 759 04ef 2D000000 		.4byte	.LASF89
 760 04f3 64       		.byte	0x64
 761 04f4 0B       		.byte	0xb
 762 04f5 F4       		.byte	0xf4
 763 04f6 2F060000 		.4byte	0x62f
 764 04fa 13       		.uleb128 0x13
 765 04fb 73313600 		.ascii	"s16\000"
 766 04ff 0B       		.byte	0xb
 767 0500 F6       		.byte	0xf6
 768 0501 BF040000 		.4byte	0x4bf
 769 0505 00       		.byte	0
 770 0506 13       		.uleb128 0x13
 771 0507 73313700 		.ascii	"s17\000"
 772 050b 0B       		.byte	0xb
 773 050c F7       		.byte	0xf7
 774 050d BF040000 		.4byte	0x4bf
 775 0511 04       		.byte	0x4
 776 0512 13       		.uleb128 0x13
 777 0513 73313800 		.ascii	"s18\000"
 778 0517 0B       		.byte	0xb
 779 0518 F8       		.byte	0xf8
 780 0519 BF040000 		.4byte	0x4bf
 781 051d 08       		.byte	0x8
 782 051e 13       		.uleb128 0x13
 783 051f 73313900 		.ascii	"s19\000"
 784 0523 0B       		.byte	0xb
 785 0524 F9       		.byte	0xf9
 786 0525 BF040000 		.4byte	0x4bf
 787 0529 0C       		.byte	0xc
 788 052a 13       		.uleb128 0x13
 789 052b 73323000 		.ascii	"s20\000"
 790 052f 0B       		.byte	0xb
 791 0530 FA       		.byte	0xfa
 792 0531 BF040000 		.4byte	0x4bf
 793 0535 10       		.byte	0x10
 794 0536 13       		.uleb128 0x13
 795 0537 73323100 		.ascii	"s21\000"
 796 053b 0B       		.byte	0xb
 797 053c FB       		.byte	0xfb
 798 053d BF040000 		.4byte	0x4bf
ARM GAS  /var/folders/sv/kgmgr77579zbf78p2zlhkdfr0000gn/T//ccLIlnK9.s 			page 15


 799 0541 14       		.byte	0x14
 800 0542 13       		.uleb128 0x13
 801 0543 73323200 		.ascii	"s22\000"
 802 0547 0B       		.byte	0xb
 803 0548 FC       		.byte	0xfc
 804 0549 BF040000 		.4byte	0x4bf
 805 054d 18       		.byte	0x18
 806 054e 13       		.uleb128 0x13
 807 054f 73323300 		.ascii	"s23\000"
 808 0553 0B       		.byte	0xb
 809 0554 FD       		.byte	0xfd
 810 0555 BF040000 		.4byte	0x4bf
 811 0559 1C       		.byte	0x1c
 812 055a 13       		.uleb128 0x13
 813 055b 73323400 		.ascii	"s24\000"
 814 055f 0B       		.byte	0xb
 815 0560 FE       		.byte	0xfe
 816 0561 BF040000 		.4byte	0x4bf
 817 0565 20       		.byte	0x20
 818 0566 13       		.uleb128 0x13
 819 0567 73323500 		.ascii	"s25\000"
 820 056b 0B       		.byte	0xb
 821 056c FF       		.byte	0xff
 822 056d BF040000 		.4byte	0x4bf
 823 0571 24       		.byte	0x24
 824 0572 08       		.uleb128 0x8
 825 0573 73323600 		.ascii	"s26\000"
 826 0577 0B       		.byte	0xb
 827 0578 0001     		.2byte	0x100
 828 057a BF040000 		.4byte	0x4bf
 829 057e 28       		.byte	0x28
 830 057f 08       		.uleb128 0x8
 831 0580 73323700 		.ascii	"s27\000"
 832 0584 0B       		.byte	0xb
 833 0585 0101     		.2byte	0x101
 834 0587 BF040000 		.4byte	0x4bf
 835 058b 2C       		.byte	0x2c
 836 058c 08       		.uleb128 0x8
 837 058d 73323800 		.ascii	"s28\000"
 838 0591 0B       		.byte	0xb
 839 0592 0201     		.2byte	0x102
 840 0594 BF040000 		.4byte	0x4bf
 841 0598 30       		.byte	0x30
 842 0599 08       		.uleb128 0x8
 843 059a 73323900 		.ascii	"s29\000"
 844 059e 0B       		.byte	0xb
 845 059f 0301     		.2byte	0x103
 846 05a1 BF040000 		.4byte	0x4bf
 847 05a5 34       		.byte	0x34
 848 05a6 08       		.uleb128 0x8
 849 05a7 73333000 		.ascii	"s30\000"
 850 05ab 0B       		.byte	0xb
 851 05ac 0401     		.2byte	0x104
 852 05ae BF040000 		.4byte	0x4bf
 853 05b2 38       		.byte	0x38
 854 05b3 08       		.uleb128 0x8
 855 05b4 73333100 		.ascii	"s31\000"
ARM GAS  /var/folders/sv/kgmgr77579zbf78p2zlhkdfr0000gn/T//ccLIlnK9.s 			page 16


 856 05b8 0B       		.byte	0xb
 857 05b9 0501     		.2byte	0x105
 858 05bb BF040000 		.4byte	0x4bf
 859 05bf 3C       		.byte	0x3c
 860 05c0 08       		.uleb128 0x8
 861 05c1 723400   		.ascii	"r4\000"
 862 05c4 0B       		.byte	0xb
 863 05c5 0701     		.2byte	0x107
 864 05c7 BF040000 		.4byte	0x4bf
 865 05cb 40       		.byte	0x40
 866 05cc 08       		.uleb128 0x8
 867 05cd 723500   		.ascii	"r5\000"
 868 05d0 0B       		.byte	0xb
 869 05d1 0801     		.2byte	0x108
 870 05d3 BF040000 		.4byte	0x4bf
 871 05d7 44       		.byte	0x44
 872 05d8 08       		.uleb128 0x8
 873 05d9 723600   		.ascii	"r6\000"
 874 05dc 0B       		.byte	0xb
 875 05dd 0901     		.2byte	0x109
 876 05df BF040000 		.4byte	0x4bf
 877 05e3 48       		.byte	0x48
 878 05e4 08       		.uleb128 0x8
 879 05e5 723700   		.ascii	"r7\000"
 880 05e8 0B       		.byte	0xb
 881 05e9 0A01     		.2byte	0x10a
 882 05eb BF040000 		.4byte	0x4bf
 883 05ef 4C       		.byte	0x4c
 884 05f0 08       		.uleb128 0x8
 885 05f1 723800   		.ascii	"r8\000"
 886 05f4 0B       		.byte	0xb
 887 05f5 0B01     		.2byte	0x10b
 888 05f7 BF040000 		.4byte	0x4bf
 889 05fb 50       		.byte	0x50
 890 05fc 08       		.uleb128 0x8
 891 05fd 723900   		.ascii	"r9\000"
 892 0600 0B       		.byte	0xb
 893 0601 0C01     		.2byte	0x10c
 894 0603 BF040000 		.4byte	0x4bf
 895 0607 54       		.byte	0x54
 896 0608 08       		.uleb128 0x8
 897 0609 72313000 		.ascii	"r10\000"
 898 060d 0B       		.byte	0xb
 899 060e 0D01     		.2byte	0x10d
 900 0610 BF040000 		.4byte	0x4bf
 901 0614 58       		.byte	0x58
 902 0615 08       		.uleb128 0x8
 903 0616 72313100 		.ascii	"r11\000"
 904 061a 0B       		.byte	0xb
 905 061b 0E01     		.2byte	0x10e
 906 061d BF040000 		.4byte	0x4bf
 907 0621 5C       		.byte	0x5c
 908 0622 08       		.uleb128 0x8
 909 0623 6C7200   		.ascii	"lr\000"
 910 0626 0B       		.byte	0xb
 911 0627 0F01     		.2byte	0x10f
 912 0629 BF040000 		.4byte	0x4bf
ARM GAS  /var/folders/sv/kgmgr77579zbf78p2zlhkdfr0000gn/T//ccLIlnK9.s 			page 17


 913 062d 60       		.byte	0x60
 914 062e 00       		.byte	0
 915 062f 0A       		.uleb128 0xa
 916 0630 04       		.byte	0x4
 917 0631 EE040000 		.4byte	0x4ee
 918 0635 14       		.uleb128 0x14
 919 0636 04       		.byte	0x4
 920 0637 0C       		.byte	0xc
 921 0638 38       		.byte	0x38
 922 0639 4A060000 		.4byte	0x64a
 923 063d 07       		.uleb128 0x7
 924 063e FF040000 		.4byte	.LASF90
 925 0642 0C       		.byte	0xc
 926 0643 3C       		.byte	0x3c
 927 0644 CD000000 		.4byte	0xcd
 928 0648 00       		.byte	0
 929 0649 00       		.byte	0
 930 064a 04       		.uleb128 0x4
 931 064b E6020000 		.4byte	.LASF91
 932 064f 0C       		.byte	0xc
 933 0650 3D       		.byte	0x3d
 934 0651 35060000 		.4byte	0x635
 935 0655 15       		.uleb128 0x15
 936 0656 04       		.byte	0x4
 937 0657 08       		.byte	0x8
 938 0658 FA       		.byte	0xfa
 939 0659 B2060000 		.4byte	0x6b2
 940 065d 16       		.uleb128 0x16
 941 065e 13000000 		.4byte	.LASF92
 942 0662 08       		.byte	0x8
 943 0663 0101     		.2byte	0x101
 944 0665 0F010000 		.4byte	0x10f
 945 0669 16       		.uleb128 0x16
 946 066a 38010000 		.4byte	.LASF93
 947 066e 08       		.byte	0x8
 948 066f 0801     		.2byte	0x108
 949 0671 0F010000 		.4byte	0x10f
 950 0675 16       		.uleb128 0x16
 951 0676 01040000 		.4byte	.LASF94
 952 067a 08       		.byte	0x8
 953 067b 0F01     		.2byte	0x10f
 954 067d 33030000 		.4byte	0x333
 955 0681 16       		.uleb128 0x16
 956 0682 0D000000 		.4byte	.LASF95
 957 0686 08       		.byte	0x8
 958 0687 1601     		.2byte	0x116
 959 0689 B2060000 		.4byte	0x6b2
 960 068d 16       		.uleb128 0x16
 961 068e AB010000 		.4byte	.LASF96
 962 0692 08       		.byte	0x8
 963 0693 1E01     		.2byte	0x11e
 964 0695 DD060000 		.4byte	0x6dd
 965 0699 16       		.uleb128 0x16
 966 069a 50040000 		.4byte	.LASF97
 967 069e 08       		.byte	0x8
 968 069f 2701     		.2byte	0x127
 969 06a1 14070000 		.4byte	0x714
ARM GAS  /var/folders/sv/kgmgr77579zbf78p2zlhkdfr0000gn/T//ccLIlnK9.s 			page 18


 970 06a5 16       		.uleb128 0x16
 971 06a6 08040000 		.4byte	.LASF98
 972 06aa 08       		.byte	0x8
 973 06ab 2F01     		.2byte	0x12f
 974 06ad 1A010000 		.4byte	0x11a
 975 06b1 00       		.byte	0
 976 06b2 0A       		.uleb128 0xa
 977 06b3 04       		.byte	0x4
 978 06b4 4B020000 		.4byte	0x24b
 979 06b8 06       		.uleb128 0x6
 980 06b9 2F040000 		.4byte	.LASF99
 981 06bd 0C       		.byte	0xc
 982 06be 0D       		.byte	0xd
 983 06bf 34       		.byte	0x34
 984 06c0 DD060000 		.4byte	0x6dd
 985 06c4 07       		.uleb128 0x7
 986 06c5 30010000 		.4byte	.LASF100
 987 06c9 0D       		.byte	0xd
 988 06ca 35       		.byte	0x35
 989 06cb 80020000 		.4byte	0x280
 990 06cf 00       		.byte	0
 991 06d0 07       		.uleb128 0x7
 992 06d1 F9010000 		.4byte	.LASF101
 993 06d5 0D       		.byte	0xd
 994 06d6 37       		.byte	0x37
 995 06d7 25010000 		.4byte	0x125
 996 06db 08       		.byte	0x8
 997 06dc 00       		.byte	0
 998 06dd 0A       		.uleb128 0xa
 999 06de 04       		.byte	0x4
 1000 06df B8060000 		.4byte	0x6b8
 1001 06e3 06       		.uleb128 0x6
 1002 06e4 AC060000 		.4byte	.LASF102
 1003 06e8 10       		.byte	0x10
 1004 06e9 0E       		.byte	0xe
 1005 06ea 39       		.byte	0x39
 1006 06eb 14070000 		.4byte	0x714
 1007 06ef 07       		.uleb128 0x7
 1008 06f0 EE000000 		.4byte	.LASF103
 1009 06f4 0E       		.byte	0xe
 1010 06f5 3A       		.byte	0x3a
 1011 06f6 80020000 		.4byte	0x280
 1012 06fa 00       		.byte	0
 1013 06fb 07       		.uleb128 0x7
 1014 06fc D1060000 		.4byte	.LASF104
 1015 0700 0E       		.byte	0xe
 1016 0701 3C       		.byte	0x3c
 1017 0702 56020000 		.4byte	0x256
 1018 0706 08       		.byte	0x8
 1019 0707 07       		.uleb128 0x7
 1020 0708 AF040000 		.4byte	.LASF105
 1021 070c 0E       		.byte	0xe
 1022 070d 3E       		.byte	0x3e
 1023 070e 57070000 		.4byte	0x757
 1024 0712 0C       		.byte	0xc
 1025 0713 00       		.byte	0
 1026 0714 0A       		.uleb128 0xa
ARM GAS  /var/folders/sv/kgmgr77579zbf78p2zlhkdfr0000gn/T//ccLIlnK9.s 			page 19


 1027 0715 04       		.byte	0x4
 1028 0716 E3060000 		.4byte	0x6e3
 1029 071a 0A       		.uleb128 0xa
 1030 071b 04       		.byte	0x4
 1031 071c 27070000 		.4byte	0x727
 1032 0720 03       		.uleb128 0x3
 1033 0721 01       		.byte	0x1
 1034 0722 08       		.byte	0x8
 1035 0723 8C040000 		.4byte	.LASF106
 1036 0727 10       		.uleb128 0x10
 1037 0728 20070000 		.4byte	0x720
 1038 072c 05       		.uleb128 0x5
 1039 072d 30010000 		.4byte	0x130
 1040 0731 0A       		.uleb128 0xa
 1041 0732 04       		.byte	0x4
 1042 0733 35030000 		.4byte	0x335
 1043 0737 05       		.uleb128 0x5
 1044 0738 1A070000 		.4byte	0x71a
 1045 073c 17       		.uleb128 0x17
 1046 073d CA040000 		.4byte	0x4ca
 1047 0741 4C070000 		.4byte	0x74c
 1048 0745 18       		.uleb128 0x18
 1049 0746 69040000 		.4byte	0x469
 1050 074a 3A       		.byte	0x3a
 1051 074b 00       		.byte	0
 1052 074c 04       		.uleb128 0x4
 1053 074d 6D010000 		.4byte	.LASF107
 1054 0751 0E       		.byte	0xe
 1055 0752 34       		.byte	0x34
 1056 0753 E3060000 		.4byte	0x6e3
 1057 0757 0A       		.uleb128 0xa
 1058 0758 04       		.byte	0x4
 1059 0759 4C070000 		.4byte	0x74c
 1060 075d 03       		.uleb128 0x3
 1061 075e 04       		.byte	0x4
 1062 075f 04       		.byte	0x4
 1063 0760 14030000 		.4byte	.LASF108
 1064 0764 03       		.uleb128 0x3
 1065 0765 01       		.byte	0x1
 1066 0766 02       		.byte	0x2
 1067 0767 64030000 		.4byte	.LASF109
 1068 076b 19       		.uleb128 0x19
 1069 076c E7040000 		.4byte	.LASF128
 1070 0770 02       		.byte	0x2
 1071 0771 2002     		.2byte	0x220
 1072 0773 03       		.byte	0x3
 1073 0774 85070000 		.4byte	0x785
 1074 0778 1A       		.uleb128 0x1a
 1075 0779 75010000 		.4byte	.LASF129
 1076 077d 02       		.byte	0x2
 1077 077e 2002     		.2byte	0x220
 1078 0780 AD000000 		.4byte	0xad
 1079 0784 00       		.byte	0
 1080 0785 1B       		.uleb128 0x1b
 1081 0786 51000000 		.4byte	.LASF110
 1082 078a 0B       		.byte	0xb
 1083 078b BC01     		.2byte	0x1bc
ARM GAS  /var/folders/sv/kgmgr77579zbf78p2zlhkdfr0000gn/T//ccLIlnK9.s 			page 20


 1084 078d 03       		.byte	0x3
 1085 078e 1B       		.uleb128 0x1b
 1086 078f F6000000 		.4byte	.LASF111
 1087 0793 0B       		.byte	0xb
 1088 0794 CA01     		.2byte	0x1ca
 1089 0796 03       		.byte	0x3
 1090 0797 1B       		.uleb128 0x1b
 1091 0798 1D050000 		.4byte	.LASF112
 1092 079c 0B       		.byte	0xb
 1093 079d D901     		.2byte	0x1d9
 1094 079f 03       		.byte	0x3
 1095 07a0 1B       		.uleb128 0x1b
 1096 07a1 91040000 		.4byte	.LASF113
 1097 07a5 0B       		.byte	0xb
 1098 07a6 E401     		.2byte	0x1e4
 1099 07a8 03       		.byte	0x3
 1100 07a9 1B       		.uleb128 0x1b
 1101 07aa 40000000 		.4byte	.LASF114
 1102 07ae 0F       		.byte	0xf
 1103 07af 8201     		.2byte	0x182
 1104 07b1 03       		.byte	0x3
 1105 07b2 1B       		.uleb128 0x1b
 1106 07b3 41030000 		.4byte	.LASF115
 1107 07b7 0F       		.byte	0xf
 1108 07b8 9601     		.2byte	0x196
 1109 07ba 03       		.byte	0x3
 1110 07bb 1B       		.uleb128 0x1b
 1111 07bc 93000000 		.4byte	.LASF116
 1112 07c0 03       		.byte	0x3
 1113 07c1 0C02     		.2byte	0x20c
 1114 07c3 03       		.byte	0x3
 1115 07c4 1B       		.uleb128 0x1b
 1116 07c5 85020000 		.4byte	.LASF117
 1117 07c9 03       		.byte	0x3
 1118 07ca 4702     		.2byte	0x247
 1119 07cc 03       		.byte	0x3
 1120 07cd 1B       		.uleb128 0x1b
 1121 07ce 5A010000 		.4byte	.LASF118
 1122 07d2 03       		.byte	0x3
 1123 07d3 0102     		.2byte	0x201
 1124 07d5 03       		.byte	0x3
 1125 07d6 1C       		.uleb128 0x1c
 1126 07d7 0D050000 		.4byte	.LASF119
 1127 07db 01       		.byte	0x1
 1128 07dc 9A       		.byte	0x9a
 1129 07dd 00000000 		.4byte	.LFB256
 1130 07e1 1A000000 		.4byte	.LFE256-.LFB256
 1131 07e5 01       		.uleb128 0x1
 1132 07e6 9C       		.byte	0x9c
 1133 07e7 D4080000 		.4byte	0x8d4
 1134 07eb 1D       		.uleb128 0x1d
 1135 07ec CD070000 		.4byte	0x7cd
 1136 07f0 02000000 		.4byte	.LBB52
 1137 07f4 06000000 		.4byte	.LBE52-.LBB52
 1138 07f8 01       		.byte	0x1
 1139 07f9 9E       		.byte	0x9e
 1140 07fa 4C080000 		.4byte	0x84c
ARM GAS  /var/folders/sv/kgmgr77579zbf78p2zlhkdfr0000gn/T//ccLIlnK9.s 			page 21


 1141 07fe 1E       		.uleb128 0x1e
 1142 07ff A9070000 		.4byte	0x7a9
 1143 0803 02000000 		.4byte	.LBB53
 1144 0807 06000000 		.4byte	.LBE53-.LBB53
 1145 080b 03       		.byte	0x3
 1146 080c 0302     		.2byte	0x203
 1147 080e 1E       		.uleb128 0x1e
 1148 080f 97070000 		.4byte	0x797
 1149 0813 02000000 		.4byte	.LBB54
 1150 0817 06000000 		.4byte	.LBE54-.LBB54
 1151 081b 0F       		.byte	0xf
 1152 081c 8401     		.2byte	0x184
 1153 081e 1E       		.uleb128 0x1e
 1154 081f 85070000 		.4byte	0x785
 1155 0823 02000000 		.4byte	.LBB55
 1156 0827 06000000 		.4byte	.LBE55-.LBB55
 1157 082b 0B       		.byte	0xb
 1158 082c DB01     		.2byte	0x1db
 1159 082e 1E       		.uleb128 0x1e
 1160 082f 6B070000 		.4byte	0x76b
 1161 0833 02000000 		.4byte	.LBB56
 1162 0837 06000000 		.4byte	.LBE56-.LBB56
 1163 083b 0B       		.byte	0xb
 1164 083c BF01     		.2byte	0x1bf
 1165 083e 1F       		.uleb128 0x1f
 1166 083f 78070000 		.4byte	0x778
 1167 0843 00000000 		.4byte	.LLST0
 1168 0847 00       		.byte	0
 1169 0848 00       		.byte	0
 1170 0849 00       		.byte	0
 1171 084a 00       		.byte	0
 1172 084b 00       		.byte	0
 1173 084c 1D       		.uleb128 0x1d
 1174 084d C4070000 		.4byte	0x7c4
 1175 0851 08000000 		.4byte	.LBB58
 1176 0855 04000000 		.4byte	.LBE58-.LBB58
 1177 0859 01       		.byte	0x1
 1178 085a 9F       		.byte	0x9f
 1179 085b 69080000 		.4byte	0x869
 1180 085f 20       		.uleb128 0x20
 1181 0860 0C000000 		.4byte	.LVL2
 1182 0864 15090000 		.4byte	0x915
 1183 0868 00       		.byte	0
 1184 0869 1D       		.uleb128 0x1d
 1185 086a BB070000 		.4byte	0x7bb
 1186 086e 0C000000 		.4byte	.LBB60
 1187 0872 06000000 		.4byte	.LBE60-.LBB60
 1188 0876 01       		.byte	0x1
 1189 0877 A0       		.byte	0xa0
 1190 0878 CA080000 		.4byte	0x8ca
 1191 087c 1E       		.uleb128 0x1e
 1192 087d B2070000 		.4byte	0x7b2
 1193 0881 0C000000 		.4byte	.LBB61
 1194 0885 06000000 		.4byte	.LBE61-.LBB61
 1195 0889 03       		.byte	0x3
 1196 088a 0E02     		.2byte	0x20e
 1197 088c 1E       		.uleb128 0x1e
ARM GAS  /var/folders/sv/kgmgr77579zbf78p2zlhkdfr0000gn/T//ccLIlnK9.s 			page 22


 1198 088d A0070000 		.4byte	0x7a0
 1199 0891 0C000000 		.4byte	.LBB62
 1200 0895 06000000 		.4byte	.LBE62-.LBB62
 1201 0899 0F       		.byte	0xf
 1202 089a 9A01     		.2byte	0x19a
 1203 089c 1E       		.uleb128 0x1e
 1204 089d 8E070000 		.4byte	0x78e
 1205 08a1 0C000000 		.4byte	.LBB63
 1206 08a5 06000000 		.4byte	.LBE63-.LBB63
 1207 08a9 0B       		.byte	0xb
 1208 08aa E601     		.2byte	0x1e6
 1209 08ac 1E       		.uleb128 0x1e
 1210 08ad 6B070000 		.4byte	0x76b
 1211 08b1 0C000000 		.4byte	.LBB64
 1212 08b5 06000000 		.4byte	.LBE64-.LBB64
 1213 08b9 0B       		.byte	0xb
 1214 08ba CD01     		.2byte	0x1cd
 1215 08bc 1F       		.uleb128 0x1f
 1216 08bd 78070000 		.4byte	0x778
 1217 08c1 15000000 		.4byte	.LLST1
 1218 08c5 00       		.byte	0
 1219 08c6 00       		.byte	0
 1220 08c7 00       		.byte	0
 1221 08c8 00       		.byte	0
 1222 08c9 00       		.byte	0
 1223 08ca 21       		.uleb128 0x21
 1224 08cb 1A000000 		.4byte	.LVL4
 1225 08cf 21090000 		.4byte	0x921
 1226 08d3 00       		.byte	0
 1227 08d4 1C       		.uleb128 0x1c
 1228 08d5 A8000000 		.4byte	.LASF120
 1229 08d9 01       		.byte	0x1
 1230 08da C9       		.byte	0xc9
 1231 08db 00000000 		.4byte	.LFB257
 1232 08df 1C000000 		.4byte	.LFE257-.LFB257
 1233 08e3 01       		.uleb128 0x1
 1234 08e4 9C       		.byte	0x9c
 1235 08e5 FE080000 		.4byte	0x8fe
 1236 08e9 22       		.uleb128 0x22
 1237 08ea 18000000 		.4byte	.LVL5
 1238 08ee 2D090000 		.4byte	0x92d
 1239 08f2 23       		.uleb128 0x23
 1240 08f3 01       		.uleb128 0x1
 1241 08f4 50       		.byte	0x50
 1242 08f5 01       		.uleb128 0x1
 1243 08f6 3B       		.byte	0x3b
 1244 08f7 23       		.uleb128 0x23
 1245 08f8 01       		.uleb128 0x1
 1246 08f9 51       		.byte	0x51
 1247 08fa 01       		.uleb128 0x1
 1248 08fb 38       		.byte	0x38
 1249 08fc 00       		.byte	0
 1250 08fd 00       		.byte	0
 1251 08fe 24       		.uleb128 0x24
 1252 08ff 80030000 		.4byte	.LASF121
 1253 0903 09       		.byte	0x9
 1254 0904 A706     		.2byte	0x6a7
ARM GAS  /var/folders/sv/kgmgr77579zbf78p2zlhkdfr0000gn/T//ccLIlnK9.s 			page 23


 1255 0906 C3000000 		.4byte	0xc3
 1256 090a 25       		.uleb128 0x25
 1257 090b 636800   		.ascii	"ch\000"
 1258 090e 08       		.byte	0x8
 1259 090f 0902     		.2byte	0x209
 1260 0911 02040000 		.4byte	0x402
 1261 0915 26       		.uleb128 0x26
 1262 0916 C0040000 		.4byte	.LASF122
 1263 091a C0040000 		.4byte	.LASF122
 1264 091e 0F       		.byte	0xf
 1265 091f 1801     		.2byte	0x118
 1266 0921 26       		.uleb128 0x26
 1267 0922 82060000 		.4byte	.LASF123
 1268 0926 82060000 		.4byte	.LASF123
 1269 092a 0B       		.byte	0xb
 1270 092b 6601     		.2byte	0x166
 1271 092d 27       		.uleb128 0x27
 1272 092e DD030000 		.4byte	.LASF124
 1273 0932 DD030000 		.4byte	.LASF124
 1274 0936 10       		.byte	0x10
 1275 0937 50       		.byte	0x50
 1276 0938 00       		.byte	0
 1277              		.section	.debug_abbrev,"",%progbits
 1278              	.Ldebug_abbrev0:
 1279 0000 01       		.uleb128 0x1
 1280 0001 11       		.uleb128 0x11
 1281 0002 01       		.byte	0x1
 1282 0003 25       		.uleb128 0x25
 1283 0004 0E       		.uleb128 0xe
 1284 0005 13       		.uleb128 0x13
 1285 0006 0B       		.uleb128 0xb
 1286 0007 03       		.uleb128 0x3
 1287 0008 0E       		.uleb128 0xe
 1288 0009 1B       		.uleb128 0x1b
 1289 000a 0E       		.uleb128 0xe
 1290 000b 55       		.uleb128 0x55
 1291 000c 17       		.uleb128 0x17
 1292 000d 11       		.uleb128 0x11
 1293 000e 01       		.uleb128 0x1
 1294 000f 10       		.uleb128 0x10
 1295 0010 17       		.uleb128 0x17
 1296 0011 00       		.byte	0
 1297 0012 00       		.byte	0
 1298 0013 02       		.uleb128 0x2
 1299 0014 24       		.uleb128 0x24
 1300 0015 00       		.byte	0
 1301 0016 0B       		.uleb128 0xb
 1302 0017 0B       		.uleb128 0xb
 1303 0018 3E       		.uleb128 0x3e
 1304 0019 0B       		.uleb128 0xb
 1305 001a 03       		.uleb128 0x3
 1306 001b 08       		.uleb128 0x8
 1307 001c 00       		.byte	0
 1308 001d 00       		.byte	0
 1309 001e 03       		.uleb128 0x3
 1310 001f 24       		.uleb128 0x24
 1311 0020 00       		.byte	0
ARM GAS  /var/folders/sv/kgmgr77579zbf78p2zlhkdfr0000gn/T//ccLIlnK9.s 			page 24


 1312 0021 0B       		.uleb128 0xb
 1313 0022 0B       		.uleb128 0xb
 1314 0023 3E       		.uleb128 0x3e
 1315 0024 0B       		.uleb128 0xb
 1316 0025 03       		.uleb128 0x3
 1317 0026 0E       		.uleb128 0xe
 1318 0027 00       		.byte	0
 1319 0028 00       		.byte	0
 1320 0029 04       		.uleb128 0x4
 1321 002a 16       		.uleb128 0x16
 1322 002b 00       		.byte	0
 1323 002c 03       		.uleb128 0x3
 1324 002d 0E       		.uleb128 0xe
 1325 002e 3A       		.uleb128 0x3a
 1326 002f 0B       		.uleb128 0xb
 1327 0030 3B       		.uleb128 0x3b
 1328 0031 0B       		.uleb128 0xb
 1329 0032 49       		.uleb128 0x49
 1330 0033 13       		.uleb128 0x13
 1331 0034 00       		.byte	0
 1332 0035 00       		.byte	0
 1333 0036 05       		.uleb128 0x5
 1334 0037 35       		.uleb128 0x35
 1335 0038 00       		.byte	0
 1336 0039 49       		.uleb128 0x49
 1337 003a 13       		.uleb128 0x13
 1338 003b 00       		.byte	0
 1339 003c 00       		.byte	0
 1340 003d 06       		.uleb128 0x6
 1341 003e 13       		.uleb128 0x13
 1342 003f 01       		.byte	0x1
 1343 0040 03       		.uleb128 0x3
 1344 0041 0E       		.uleb128 0xe
 1345 0042 0B       		.uleb128 0xb
 1346 0043 0B       		.uleb128 0xb
 1347 0044 3A       		.uleb128 0x3a
 1348 0045 0B       		.uleb128 0xb
 1349 0046 3B       		.uleb128 0x3b
 1350 0047 0B       		.uleb128 0xb
 1351 0048 01       		.uleb128 0x1
 1352 0049 13       		.uleb128 0x13
 1353 004a 00       		.byte	0
 1354 004b 00       		.byte	0
 1355 004c 07       		.uleb128 0x7
 1356 004d 0D       		.uleb128 0xd
 1357 004e 00       		.byte	0
 1358 004f 03       		.uleb128 0x3
 1359 0050 0E       		.uleb128 0xe
 1360 0051 3A       		.uleb128 0x3a
 1361 0052 0B       		.uleb128 0xb
 1362 0053 3B       		.uleb128 0x3b
 1363 0054 0B       		.uleb128 0xb
 1364 0055 49       		.uleb128 0x49
 1365 0056 13       		.uleb128 0x13
 1366 0057 38       		.uleb128 0x38
 1367 0058 0B       		.uleb128 0xb
 1368 0059 00       		.byte	0
ARM GAS  /var/folders/sv/kgmgr77579zbf78p2zlhkdfr0000gn/T//ccLIlnK9.s 			page 25


 1369 005a 00       		.byte	0
 1370 005b 08       		.uleb128 0x8
 1371 005c 0D       		.uleb128 0xd
 1372 005d 00       		.byte	0
 1373 005e 03       		.uleb128 0x3
 1374 005f 08       		.uleb128 0x8
 1375 0060 3A       		.uleb128 0x3a
 1376 0061 0B       		.uleb128 0xb
 1377 0062 3B       		.uleb128 0x3b
 1378 0063 05       		.uleb128 0x5
 1379 0064 49       		.uleb128 0x49
 1380 0065 13       		.uleb128 0x13
 1381 0066 38       		.uleb128 0x38
 1382 0067 0B       		.uleb128 0xb
 1383 0068 00       		.byte	0
 1384 0069 00       		.byte	0
 1385 006a 09       		.uleb128 0x9
 1386 006b 0D       		.uleb128 0xd
 1387 006c 00       		.byte	0
 1388 006d 03       		.uleb128 0x3
 1389 006e 0E       		.uleb128 0xe
 1390 006f 3A       		.uleb128 0x3a
 1391 0070 0B       		.uleb128 0xb
 1392 0071 3B       		.uleb128 0x3b
 1393 0072 05       		.uleb128 0x5
 1394 0073 49       		.uleb128 0x49
 1395 0074 13       		.uleb128 0x13
 1396 0075 38       		.uleb128 0x38
 1397 0076 0B       		.uleb128 0xb
 1398 0077 00       		.byte	0
 1399 0078 00       		.byte	0
 1400 0079 0A       		.uleb128 0xa
 1401 007a 0F       		.uleb128 0xf
 1402 007b 00       		.byte	0
 1403 007c 0B       		.uleb128 0xb
 1404 007d 0B       		.uleb128 0xb
 1405 007e 49       		.uleb128 0x49
 1406 007f 13       		.uleb128 0x13
 1407 0080 00       		.byte	0
 1408 0081 00       		.byte	0
 1409 0082 0B       		.uleb128 0xb
 1410 0083 13       		.uleb128 0x13
 1411 0084 01       		.byte	0x1
 1412 0085 03       		.uleb128 0x3
 1413 0086 0E       		.uleb128 0xe
 1414 0087 0B       		.uleb128 0xb
 1415 0088 0B       		.uleb128 0xb
 1416 0089 3A       		.uleb128 0x3a
 1417 008a 0B       		.uleb128 0xb
 1418 008b 3B       		.uleb128 0x3b
 1419 008c 05       		.uleb128 0x5
 1420 008d 01       		.uleb128 0x1
 1421 008e 13       		.uleb128 0x13
 1422 008f 00       		.byte	0
 1423 0090 00       		.byte	0
 1424 0091 0C       		.uleb128 0xc
 1425 0092 15       		.uleb128 0x15
ARM GAS  /var/folders/sv/kgmgr77579zbf78p2zlhkdfr0000gn/T//ccLIlnK9.s 			page 26


 1426 0093 01       		.byte	0x1
 1427 0094 27       		.uleb128 0x27
 1428 0095 19       		.uleb128 0x19
 1429 0096 01       		.uleb128 0x1
 1430 0097 13       		.uleb128 0x13
 1431 0098 00       		.byte	0
 1432 0099 00       		.byte	0
 1433 009a 0D       		.uleb128 0xd
 1434 009b 05       		.uleb128 0x5
 1435 009c 00       		.byte	0
 1436 009d 49       		.uleb128 0x49
 1437 009e 13       		.uleb128 0x13
 1438 009f 00       		.byte	0
 1439 00a0 00       		.byte	0
 1440 00a1 0E       		.uleb128 0xe
 1441 00a2 0F       		.uleb128 0xf
 1442 00a3 00       		.byte	0
 1443 00a4 0B       		.uleb128 0xb
 1444 00a5 0B       		.uleb128 0xb
 1445 00a6 00       		.byte	0
 1446 00a7 00       		.byte	0
 1447 00a8 0F       		.uleb128 0xf
 1448 00a9 13       		.uleb128 0x13
 1449 00aa 01       		.byte	0x1
 1450 00ab 03       		.uleb128 0x3
 1451 00ac 0E       		.uleb128 0xe
 1452 00ad 0B       		.uleb128 0xb
 1453 00ae 05       		.uleb128 0x5
 1454 00af 3A       		.uleb128 0x3a
 1455 00b0 0B       		.uleb128 0xb
 1456 00b1 3B       		.uleb128 0x3b
 1457 00b2 05       		.uleb128 0x5
 1458 00b3 01       		.uleb128 0x1
 1459 00b4 13       		.uleb128 0x13
 1460 00b5 00       		.byte	0
 1461 00b6 00       		.byte	0
 1462 00b7 10       		.uleb128 0x10
 1463 00b8 26       		.uleb128 0x26
 1464 00b9 00       		.byte	0
 1465 00ba 49       		.uleb128 0x49
 1466 00bb 13       		.uleb128 0x13
 1467 00bc 00       		.byte	0
 1468 00bd 00       		.byte	0
 1469 00be 11       		.uleb128 0x11
 1470 00bf 13       		.uleb128 0x13
 1471 00c0 01       		.byte	0x1
 1472 00c1 0B       		.uleb128 0xb
 1473 00c2 0B       		.uleb128 0xb
 1474 00c3 3A       		.uleb128 0x3a
 1475 00c4 0B       		.uleb128 0xb
 1476 00c5 3B       		.uleb128 0x3b
 1477 00c6 05       		.uleb128 0x5
 1478 00c7 01       		.uleb128 0x1
 1479 00c8 13       		.uleb128 0x13
 1480 00c9 00       		.byte	0
 1481 00ca 00       		.byte	0
 1482 00cb 12       		.uleb128 0x12
ARM GAS  /var/folders/sv/kgmgr77579zbf78p2zlhkdfr0000gn/T//ccLIlnK9.s 			page 27


 1483 00cc 16       		.uleb128 0x16
 1484 00cd 00       		.byte	0
 1485 00ce 03       		.uleb128 0x3
 1486 00cf 0E       		.uleb128 0xe
 1487 00d0 3A       		.uleb128 0x3a
 1488 00d1 0B       		.uleb128 0xb
 1489 00d2 3B       		.uleb128 0x3b
 1490 00d3 05       		.uleb128 0x5
 1491 00d4 49       		.uleb128 0x49
 1492 00d5 13       		.uleb128 0x13
 1493 00d6 00       		.byte	0
 1494 00d7 00       		.byte	0
 1495 00d8 13       		.uleb128 0x13
 1496 00d9 0D       		.uleb128 0xd
 1497 00da 00       		.byte	0
 1498 00db 03       		.uleb128 0x3
 1499 00dc 08       		.uleb128 0x8
 1500 00dd 3A       		.uleb128 0x3a
 1501 00de 0B       		.uleb128 0xb
 1502 00df 3B       		.uleb128 0x3b
 1503 00e0 0B       		.uleb128 0xb
 1504 00e1 49       		.uleb128 0x49
 1505 00e2 13       		.uleb128 0x13
 1506 00e3 38       		.uleb128 0x38
 1507 00e4 0B       		.uleb128 0xb
 1508 00e5 00       		.byte	0
 1509 00e6 00       		.byte	0
 1510 00e7 14       		.uleb128 0x14
 1511 00e8 13       		.uleb128 0x13
 1512 00e9 01       		.byte	0x1
 1513 00ea 0B       		.uleb128 0xb
 1514 00eb 0B       		.uleb128 0xb
 1515 00ec 3A       		.uleb128 0x3a
 1516 00ed 0B       		.uleb128 0xb
 1517 00ee 3B       		.uleb128 0x3b
 1518 00ef 0B       		.uleb128 0xb
 1519 00f0 01       		.uleb128 0x1
 1520 00f1 13       		.uleb128 0x13
 1521 00f2 00       		.byte	0
 1522 00f3 00       		.byte	0
 1523 00f4 15       		.uleb128 0x15
 1524 00f5 17       		.uleb128 0x17
 1525 00f6 01       		.byte	0x1
 1526 00f7 0B       		.uleb128 0xb
 1527 00f8 0B       		.uleb128 0xb
 1528 00f9 3A       		.uleb128 0x3a
 1529 00fa 0B       		.uleb128 0xb
 1530 00fb 3B       		.uleb128 0x3b
 1531 00fc 0B       		.uleb128 0xb
 1532 00fd 01       		.uleb128 0x1
 1533 00fe 13       		.uleb128 0x13
 1534 00ff 00       		.byte	0
 1535 0100 00       		.byte	0
 1536 0101 16       		.uleb128 0x16
 1537 0102 0D       		.uleb128 0xd
 1538 0103 00       		.byte	0
 1539 0104 03       		.uleb128 0x3
ARM GAS  /var/folders/sv/kgmgr77579zbf78p2zlhkdfr0000gn/T//ccLIlnK9.s 			page 28


 1540 0105 0E       		.uleb128 0xe
 1541 0106 3A       		.uleb128 0x3a
 1542 0107 0B       		.uleb128 0xb
 1543 0108 3B       		.uleb128 0x3b
 1544 0109 05       		.uleb128 0x5
 1545 010a 49       		.uleb128 0x49
 1546 010b 13       		.uleb128 0x13
 1547 010c 00       		.byte	0
 1548 010d 00       		.byte	0
 1549 010e 17       		.uleb128 0x17
 1550 010f 01       		.uleb128 0x1
 1551 0110 01       		.byte	0x1
 1552 0111 49       		.uleb128 0x49
 1553 0112 13       		.uleb128 0x13
 1554 0113 01       		.uleb128 0x1
 1555 0114 13       		.uleb128 0x13
 1556 0115 00       		.byte	0
 1557 0116 00       		.byte	0
 1558 0117 18       		.uleb128 0x18
 1559 0118 21       		.uleb128 0x21
 1560 0119 00       		.byte	0
 1561 011a 49       		.uleb128 0x49
 1562 011b 13       		.uleb128 0x13
 1563 011c 2F       		.uleb128 0x2f
 1564 011d 0B       		.uleb128 0xb
 1565 011e 00       		.byte	0
 1566 011f 00       		.byte	0
 1567 0120 19       		.uleb128 0x19
 1568 0121 2E       		.uleb128 0x2e
 1569 0122 01       		.byte	0x1
 1570 0123 03       		.uleb128 0x3
 1571 0124 0E       		.uleb128 0xe
 1572 0125 3A       		.uleb128 0x3a
 1573 0126 0B       		.uleb128 0xb
 1574 0127 3B       		.uleb128 0x3b
 1575 0128 05       		.uleb128 0x5
 1576 0129 27       		.uleb128 0x27
 1577 012a 19       		.uleb128 0x19
 1578 012b 20       		.uleb128 0x20
 1579 012c 0B       		.uleb128 0xb
 1580 012d 01       		.uleb128 0x1
 1581 012e 13       		.uleb128 0x13
 1582 012f 00       		.byte	0
 1583 0130 00       		.byte	0
 1584 0131 1A       		.uleb128 0x1a
 1585 0132 05       		.uleb128 0x5
 1586 0133 00       		.byte	0
 1587 0134 03       		.uleb128 0x3
 1588 0135 0E       		.uleb128 0xe
 1589 0136 3A       		.uleb128 0x3a
 1590 0137 0B       		.uleb128 0xb
 1591 0138 3B       		.uleb128 0x3b
 1592 0139 05       		.uleb128 0x5
 1593 013a 49       		.uleb128 0x49
 1594 013b 13       		.uleb128 0x13
 1595 013c 00       		.byte	0
 1596 013d 00       		.byte	0
ARM GAS  /var/folders/sv/kgmgr77579zbf78p2zlhkdfr0000gn/T//ccLIlnK9.s 			page 29


 1597 013e 1B       		.uleb128 0x1b
 1598 013f 2E       		.uleb128 0x2e
 1599 0140 00       		.byte	0
 1600 0141 03       		.uleb128 0x3
 1601 0142 0E       		.uleb128 0xe
 1602 0143 3A       		.uleb128 0x3a
 1603 0144 0B       		.uleb128 0xb
 1604 0145 3B       		.uleb128 0x3b
 1605 0146 05       		.uleb128 0x5
 1606 0147 27       		.uleb128 0x27
 1607 0148 19       		.uleb128 0x19
 1608 0149 20       		.uleb128 0x20
 1609 014a 0B       		.uleb128 0xb
 1610 014b 00       		.byte	0
 1611 014c 00       		.byte	0
 1612 014d 1C       		.uleb128 0x1c
 1613 014e 2E       		.uleb128 0x2e
 1614 014f 01       		.byte	0x1
 1615 0150 3F       		.uleb128 0x3f
 1616 0151 19       		.uleb128 0x19
 1617 0152 03       		.uleb128 0x3
 1618 0153 0E       		.uleb128 0xe
 1619 0154 3A       		.uleb128 0x3a
 1620 0155 0B       		.uleb128 0xb
 1621 0156 3B       		.uleb128 0x3b
 1622 0157 0B       		.uleb128 0xb
 1623 0158 27       		.uleb128 0x27
 1624 0159 19       		.uleb128 0x19
 1625 015a 11       		.uleb128 0x11
 1626 015b 01       		.uleb128 0x1
 1627 015c 12       		.uleb128 0x12
 1628 015d 06       		.uleb128 0x6
 1629 015e 40       		.uleb128 0x40
 1630 015f 18       		.uleb128 0x18
 1631 0160 9742     		.uleb128 0x2117
 1632 0162 19       		.uleb128 0x19
 1633 0163 01       		.uleb128 0x1
 1634 0164 13       		.uleb128 0x13
 1635 0165 00       		.byte	0
 1636 0166 00       		.byte	0
 1637 0167 1D       		.uleb128 0x1d
 1638 0168 1D       		.uleb128 0x1d
 1639 0169 01       		.byte	0x1
 1640 016a 31       		.uleb128 0x31
 1641 016b 13       		.uleb128 0x13
 1642 016c 11       		.uleb128 0x11
 1643 016d 01       		.uleb128 0x1
 1644 016e 12       		.uleb128 0x12
 1645 016f 06       		.uleb128 0x6
 1646 0170 58       		.uleb128 0x58
 1647 0171 0B       		.uleb128 0xb
 1648 0172 59       		.uleb128 0x59
 1649 0173 0B       		.uleb128 0xb
 1650 0174 01       		.uleb128 0x1
 1651 0175 13       		.uleb128 0x13
 1652 0176 00       		.byte	0
 1653 0177 00       		.byte	0
ARM GAS  /var/folders/sv/kgmgr77579zbf78p2zlhkdfr0000gn/T//ccLIlnK9.s 			page 30


 1654 0178 1E       		.uleb128 0x1e
 1655 0179 1D       		.uleb128 0x1d
 1656 017a 01       		.byte	0x1
 1657 017b 31       		.uleb128 0x31
 1658 017c 13       		.uleb128 0x13
 1659 017d 11       		.uleb128 0x11
 1660 017e 01       		.uleb128 0x1
 1661 017f 12       		.uleb128 0x12
 1662 0180 06       		.uleb128 0x6
 1663 0181 58       		.uleb128 0x58
 1664 0182 0B       		.uleb128 0xb
 1665 0183 59       		.uleb128 0x59
 1666 0184 05       		.uleb128 0x5
 1667 0185 00       		.byte	0
 1668 0186 00       		.byte	0
 1669 0187 1F       		.uleb128 0x1f
 1670 0188 05       		.uleb128 0x5
 1671 0189 00       		.byte	0
 1672 018a 31       		.uleb128 0x31
 1673 018b 13       		.uleb128 0x13
 1674 018c 02       		.uleb128 0x2
 1675 018d 17       		.uleb128 0x17
 1676 018e 00       		.byte	0
 1677 018f 00       		.byte	0
 1678 0190 20       		.uleb128 0x20
 1679 0191 898201   		.uleb128 0x4109
 1680 0194 00       		.byte	0
 1681 0195 11       		.uleb128 0x11
 1682 0196 01       		.uleb128 0x1
 1683 0197 31       		.uleb128 0x31
 1684 0198 13       		.uleb128 0x13
 1685 0199 00       		.byte	0
 1686 019a 00       		.byte	0
 1687 019b 21       		.uleb128 0x21
 1688 019c 898201   		.uleb128 0x4109
 1689 019f 00       		.byte	0
 1690 01a0 11       		.uleb128 0x11
 1691 01a1 01       		.uleb128 0x1
 1692 01a2 9542     		.uleb128 0x2115
 1693 01a4 19       		.uleb128 0x19
 1694 01a5 31       		.uleb128 0x31
 1695 01a6 13       		.uleb128 0x13
 1696 01a7 00       		.byte	0
 1697 01a8 00       		.byte	0
 1698 01a9 22       		.uleb128 0x22
 1699 01aa 898201   		.uleb128 0x4109
 1700 01ad 01       		.byte	0x1
 1701 01ae 11       		.uleb128 0x11
 1702 01af 01       		.uleb128 0x1
 1703 01b0 9542     		.uleb128 0x2115
 1704 01b2 19       		.uleb128 0x19
 1705 01b3 31       		.uleb128 0x31
 1706 01b4 13       		.uleb128 0x13
 1707 01b5 00       		.byte	0
 1708 01b6 00       		.byte	0
 1709 01b7 23       		.uleb128 0x23
 1710 01b8 8A8201   		.uleb128 0x410a
ARM GAS  /var/folders/sv/kgmgr77579zbf78p2zlhkdfr0000gn/T//ccLIlnK9.s 			page 31


 1711 01bb 00       		.byte	0
 1712 01bc 02       		.uleb128 0x2
 1713 01bd 18       		.uleb128 0x18
 1714 01be 9142     		.uleb128 0x2111
 1715 01c0 18       		.uleb128 0x18
 1716 01c1 00       		.byte	0
 1717 01c2 00       		.byte	0
 1718 01c3 24       		.uleb128 0x24
 1719 01c4 34       		.uleb128 0x34
 1720 01c5 00       		.byte	0
 1721 01c6 03       		.uleb128 0x3
 1722 01c7 0E       		.uleb128 0xe
 1723 01c8 3A       		.uleb128 0x3a
 1724 01c9 0B       		.uleb128 0xb
 1725 01ca 3B       		.uleb128 0x3b
 1726 01cb 05       		.uleb128 0x5
 1727 01cc 49       		.uleb128 0x49
 1728 01cd 13       		.uleb128 0x13
 1729 01ce 3F       		.uleb128 0x3f
 1730 01cf 19       		.uleb128 0x19
 1731 01d0 3C       		.uleb128 0x3c
 1732 01d1 19       		.uleb128 0x19
 1733 01d2 00       		.byte	0
 1734 01d3 00       		.byte	0
 1735 01d4 25       		.uleb128 0x25
 1736 01d5 34       		.uleb128 0x34
 1737 01d6 00       		.byte	0
 1738 01d7 03       		.uleb128 0x3
 1739 01d8 08       		.uleb128 0x8
 1740 01d9 3A       		.uleb128 0x3a
 1741 01da 0B       		.uleb128 0xb
 1742 01db 3B       		.uleb128 0x3b
 1743 01dc 05       		.uleb128 0x5
 1744 01dd 49       		.uleb128 0x49
 1745 01de 13       		.uleb128 0x13
 1746 01df 3F       		.uleb128 0x3f
 1747 01e0 19       		.uleb128 0x19
 1748 01e1 3C       		.uleb128 0x3c
 1749 01e2 19       		.uleb128 0x19
 1750 01e3 00       		.byte	0
 1751 01e4 00       		.byte	0
 1752 01e5 26       		.uleb128 0x26
 1753 01e6 2E       		.uleb128 0x2e
 1754 01e7 00       		.byte	0
 1755 01e8 3F       		.uleb128 0x3f
 1756 01e9 19       		.uleb128 0x19
 1757 01ea 3C       		.uleb128 0x3c
 1758 01eb 19       		.uleb128 0x19
 1759 01ec 6E       		.uleb128 0x6e
 1760 01ed 0E       		.uleb128 0xe
 1761 01ee 03       		.uleb128 0x3
 1762 01ef 0E       		.uleb128 0xe
 1763 01f0 3A       		.uleb128 0x3a
 1764 01f1 0B       		.uleb128 0xb
 1765 01f2 3B       		.uleb128 0x3b
 1766 01f3 05       		.uleb128 0x5
 1767 01f4 00       		.byte	0
ARM GAS  /var/folders/sv/kgmgr77579zbf78p2zlhkdfr0000gn/T//ccLIlnK9.s 			page 32


 1768 01f5 00       		.byte	0
 1769 01f6 27       		.uleb128 0x27
 1770 01f7 2E       		.uleb128 0x2e
 1771 01f8 00       		.byte	0
 1772 01f9 3F       		.uleb128 0x3f
 1773 01fa 19       		.uleb128 0x19
 1774 01fb 3C       		.uleb128 0x3c
 1775 01fc 19       		.uleb128 0x19
 1776 01fd 6E       		.uleb128 0x6e
 1777 01fe 0E       		.uleb128 0xe
 1778 01ff 03       		.uleb128 0x3
 1779 0200 0E       		.uleb128 0xe
 1780 0201 3A       		.uleb128 0x3a
 1781 0202 0B       		.uleb128 0xb
 1782 0203 3B       		.uleb128 0x3b
 1783 0204 0B       		.uleb128 0xb
 1784 0205 00       		.byte	0
 1785 0206 00       		.byte	0
 1786 0207 00       		.byte	0
 1787              		.section	.debug_loc,"",%progbits
 1788              	.Ldebug_loc0:
 1789              	.LLST0:
 1790 0000 00000000 		.4byte	.LVL0
 1791 0004 08000000 		.4byte	.LVL1
 1792 0008 0300     		.2byte	0x3
 1793 000a 08       		.byte	0x8
 1794 000b 20       		.byte	0x20
 1795 000c 9F       		.byte	0x9f
 1796 000d 00000000 		.4byte	0
 1797 0011 00000000 		.4byte	0
 1798              	.LLST1:
 1799 0015 0C000000 		.4byte	.LVL2
 1800 0019 12000000 		.4byte	.LVL3
 1801 001d 0200     		.2byte	0x2
 1802 001f 30       		.byte	0x30
 1803 0020 9F       		.byte	0x9f
 1804 0021 00000000 		.4byte	0
 1805 0025 00000000 		.4byte	0
 1806              		.section	.debug_aranges,"",%progbits
 1807 0000 24000000 		.4byte	0x24
 1808 0004 0200     		.2byte	0x2
 1809 0006 00000000 		.4byte	.Ldebug_info0
 1810 000a 04       		.byte	0x4
 1811 000b 00       		.byte	0
 1812 000c 0000     		.2byte	0
 1813 000e 0000     		.2byte	0
 1814 0010 00000000 		.4byte	.LFB256
 1815 0014 1A000000 		.4byte	.LFE256-.LFB256
 1816 0018 00000000 		.4byte	.LFB257
 1817 001c 1C000000 		.4byte	.LFE257-.LFB257
 1818 0020 00000000 		.4byte	0
 1819 0024 00000000 		.4byte	0
 1820              		.section	.debug_ranges,"",%progbits
 1821              	.Ldebug_ranges0:
 1822 0000 00000000 		.4byte	.LFB256
 1823 0004 1A000000 		.4byte	.LFE256
 1824 0008 00000000 		.4byte	.LFB257
ARM GAS  /var/folders/sv/kgmgr77579zbf78p2zlhkdfr0000gn/T//ccLIlnK9.s 			page 33


 1825 000c 1C000000 		.4byte	.LFE257
 1826 0010 00000000 		.4byte	0
 1827 0014 00000000 		.4byte	0
 1828              		.section	.debug_line,"",%progbits
 1829              	.Ldebug_line0:
 1830 0000 BC020000 		.section	.debug_str,"MS",%progbits,1
 1830      02007502 
 1830      00000201 
 1830      FB0E0D00 
 1830      01010101 
 1831              	.LASF53:
 1832 0000 72656164 		.ascii	"ready_list_t\000"
 1832      795F6C69 
 1832      73745F74 
 1832      00
 1833              	.LASF95:
 1834 000d 77747472 		.ascii	"wttrp\000"
 1834      7000
 1835              	.LASF92:
 1836 0013 7264796D 		.ascii	"rdymsg\000"
 1836      736700
 1837              	.LASF16:
 1838 001a 75696E74 		.ascii	"uint64_t\000"
 1838      36345F74 
 1838      00
 1839              	.LASF5:
 1840 0023 5F5F7569 		.ascii	"__uint8_t\000"
 1840      6E74385F 
 1840      7400
 1841              	.LASF89:
 1842 002d 706F7274 		.ascii	"port_intctx\000"
 1842      5F696E74 
 1842      63747800 
 1843              	.LASF78:
 1844 0039 76746C69 		.ascii	"vtlist\000"
 1844      737400
 1845              	.LASF114:
 1846 0040 63685379 		.ascii	"chSysLockFromISR\000"
 1846      734C6F63 
 1846      6B46726F 
 1846      6D495352 
 1846      00
 1847              	.LASF110:
 1848 0051 706F7274 		.ascii	"port_lock\000"
 1848      5F6C6F63 
 1848      6B00
 1849              	.LASF12:
 1850 005b 6C6F6E67 		.ascii	"long long unsigned int\000"
 1850      206C6F6E 
 1850      6720756E 
 1850      7369676E 
 1850      65642069 
 1851              	.LASF79:
 1852 0072 6D61696E 		.ascii	"mainthread\000"
 1852      74687265 
 1852      616400
 1853              	.LASF69:
ARM GAS  /var/folders/sv/kgmgr77579zbf78p2zlhkdfr0000gn/T//ccLIlnK9.s 			page 34


 1854 007d 76697274 		.ascii	"virtual_timers_list_t\000"
 1854      75616C5F 
 1854      74696D65 
 1854      72735F6C 
 1854      6973745F 
 1855              	.LASF116:
 1856 0093 6F73616C 		.ascii	"osalSysUnlockFromISR\000"
 1856      53797355 
 1856      6E6C6F63 
 1856      6B46726F 
 1856      6D495352 
 1857              	.LASF120:
 1858 00a8 73745F6C 		.ascii	"st_lld_init\000"
 1858      6C645F69 
 1858      6E697400 
 1859              	.LASF52:
 1860 00b4 63685F74 		.ascii	"ch_threads_queue\000"
 1860      68726561 
 1860      64735F71 
 1860      75657565 
 1860      00
 1861              	.LASF30:
 1862 00c5 705F7072 		.ascii	"p_prio\000"
 1862      696F00
 1863              	.LASF10:
 1864 00cc 6C6F6E67 		.ascii	"long long int\000"
 1864      206C6F6E 
 1864      6720696E 
 1864      7400
 1865              	.LASF1:
 1866 00da 7369676E 		.ascii	"signed char\000"
 1866      65642063 
 1866      68617200 
 1867              	.LASF46:
 1868 00e6 705F6D70 		.ascii	"p_mpool\000"
 1868      6F6F6C00 
 1869              	.LASF103:
 1870 00ee 6D5F7175 		.ascii	"m_queue\000"
 1870      65756500 
 1871              	.LASF111:
 1872 00f6 706F7274 		.ascii	"port_unlock\000"
 1872      5F756E6C 
 1872      6F636B00 
 1873              	.LASF21:
 1874 0102 74736C69 		.ascii	"tslices_t\000"
 1874      6365735F 
 1874      7400
 1875              	.LASF76:
 1876 010c 63685F73 		.ascii	"ch_system\000"
 1876      79737465 
 1876      6D00
 1877              	.LASF7:
 1878 0116 6C6F6E67 		.ascii	"long int\000"
 1878      20696E74 
 1878      00
 1879              	.LASF19:
 1880 011f 74737461 		.ascii	"tstate_t\000"
ARM GAS  /var/folders/sv/kgmgr77579zbf78p2zlhkdfr0000gn/T//ccLIlnK9.s 			page 35


 1880      74655F74 
 1880      00
 1881              	.LASF32:
 1882 0128 705F6E65 		.ascii	"p_newer\000"
 1882      77657200 
 1883              	.LASF100:
 1884 0130 735F7175 		.ascii	"s_queue\000"
 1884      65756500 
 1885              	.LASF93:
 1886 0138 65786974 		.ascii	"exitcode\000"
 1886      636F6465 
 1886      00
 1887              	.LASF58:
 1888 0141 725F6E65 		.ascii	"r_newer\000"
 1888      77657200 
 1889              	.LASF86:
 1890 0149 72656761 		.ascii	"regarm_t\000"
 1890      726D5F74 
 1890      00
 1891              	.LASF65:
 1892 0152 76745F70 		.ascii	"vt_prev\000"
 1892      72657600 
 1893              	.LASF118:
 1894 015a 6F73616C 		.ascii	"osalSysLockFromISR\000"
 1894      5379734C 
 1894      6F636B46 
 1894      726F6D49 
 1894      535200
 1895              	.LASF107:
 1896 016d 6D757465 		.ascii	"mutex_t\000"
 1896      785F7400 
 1897              	.LASF129:
 1898 0175 76616C75 		.ascii	"value\000"
 1898      6500
 1899              	.LASF80:
 1900 017b 69646C65 		.ascii	"idle_thread_wa\000"
 1900      5F746872 
 1900      6561645F 
 1900      776100
 1901              	.LASF25:
 1902 018a 636E745F 		.ascii	"cnt_t\000"
 1902      7400
 1903              	.LASF0:
 1904 0190 756E7369 		.ascii	"unsigned int\000"
 1904      676E6564 
 1904      20696E74 
 1904      00
 1905              	.LASF64:
 1906 019d 76745F6E 		.ascii	"vt_next\000"
 1906      65787400 
 1907              	.LASF84:
 1908 01a5 43414C49 		.ascii	"CALIB\000"
 1908      4200
 1909              	.LASF96:
 1910 01ab 77747365 		.ascii	"wtsemp\000"
 1910      6D7000
 1911              	.LASF66:
ARM GAS  /var/folders/sv/kgmgr77579zbf78p2zlhkdfr0000gn/T//ccLIlnK9.s 			page 36


 1912 01b2 76745F64 		.ascii	"vt_delta\000"
 1912      656C7461 
 1912      00
 1913              	.LASF72:
 1914 01bb 73797374 		.ascii	"system_debug_t\000"
 1914      656D5F64 
 1914      65627567 
 1914      5F7400
 1915              	.LASF127:
 1916 01ca 2F557365 		.ascii	"/Users/moslin/Documents/Project/torque_control\000"
 1916      72732F6D 
 1916      6F736C69 
 1916      6E2F446F 
 1916      63756D65 
 1917              	.LASF101:
 1918 01f9 735F636E 		.ascii	"s_cnt\000"
 1918      7400
 1919              	.LASF88:
 1920 01ff 636F6E74 		.ascii	"context\000"
 1920      65787400 
 1921              	.LASF4:
 1922 0207 73686F72 		.ascii	"short unsigned int\000"
 1922      7420756E 
 1922      7369676E 
 1922      65642069 
 1922      6E7400
 1923              	.LASF49:
 1924 021a 63685F74 		.ascii	"ch_thread\000"
 1924      68726561 
 1924      6400
 1925              	.LASF23:
 1926 0224 6D73675F 		.ascii	"msg_t\000"
 1926      7400
 1927              	.LASF45:
 1928 022a 705F7265 		.ascii	"p_realprio\000"
 1928      616C7072 
 1928      696F00
 1929              	.LASF75:
 1930 0235 63685F73 		.ascii	"ch_system_t\000"
 1930      79737465 
 1930      6D5F7400 
 1931              	.LASF85:
 1932 0241 53797354 		.ascii	"SysTick_Type\000"
 1932      69636B5F 
 1932      54797065 
 1932      00
 1933              	.LASF18:
 1934 024e 746D6F64 		.ascii	"tmode_t\000"
 1934      655F7400 
 1935              	.LASF54:
 1936 0256 63685F72 		.ascii	"ch_ready_list\000"
 1936      65616479 
 1936      5F6C6973 
 1936      7400
 1937              	.LASF24:
 1938 0264 6576656E 		.ascii	"eventmask_t\000"
 1938      746D6173 
ARM GAS  /var/folders/sv/kgmgr77579zbf78p2zlhkdfr0000gn/T//ccLIlnK9.s 			page 37


 1938      6B5F7400 
 1939              	.LASF6:
 1940 0270 5F5F696E 		.ascii	"__int32_t\000"
 1940      7433325F 
 1940      7400
 1941              	.LASF87:
 1942 027a 73746B61 		.ascii	"stkalign_t\000"
 1942      6C69676E 
 1942      5F7400
 1943              	.LASF117:
 1944 0285 6F73616C 		.ascii	"osalOsTimerHandlerI\000"
 1944      4F735469 
 1944      6D657248 
 1944      616E646C 
 1944      65724900 
 1945              	.LASF17:
 1946 0299 7274636E 		.ascii	"rtcnt_t\000"
 1946      745F7400 
 1947              	.LASF47:
 1948 02a1 74687265 		.ascii	"thread_reference_t\000"
 1948      61645F72 
 1948      65666572 
 1948      656E6365 
 1948      5F7400
 1949              	.LASF83:
 1950 02b4 4C4F4144 		.ascii	"LOAD\000"
 1950      00
 1951              	.LASF70:
 1952 02b9 63685F76 		.ascii	"ch_virtual_timers_list\000"
 1952      69727475 
 1952      616C5F74 
 1952      696D6572 
 1952      735F6C69 
 1953              	.LASF67:
 1954 02d0 76745F66 		.ascii	"vt_func\000"
 1954      756E6300 
 1955              	.LASF33:
 1956 02d8 705F6F6C 		.ascii	"p_older\000"
 1956      64657200 
 1957              	.LASF57:
 1958 02e0 725F6374 		.ascii	"r_ctx\000"
 1958      7800
 1959              	.LASF91:
 1960 02e6 746D5F63 		.ascii	"tm_calibration_t\000"
 1960      616C6962 
 1960      72617469 
 1960      6F6E5F74 
 1960      00
 1961              	.LASF60:
 1962 02f7 725F6375 		.ascii	"r_current\000"
 1962      7272656E 
 1962      7400
 1963              	.LASF59:
 1964 0301 725F6F6C 		.ascii	"r_older\000"
 1964      64657200 
 1965              	.LASF11:
 1966 0309 5F5F7569 		.ascii	"__uint64_t\000"
ARM GAS  /var/folders/sv/kgmgr77579zbf78p2zlhkdfr0000gn/T//ccLIlnK9.s 			page 38


 1966      6E743634 
 1966      5F7400
 1967              	.LASF108:
 1968 0314 666C6F61 		.ascii	"float\000"
 1968      7400
 1969              	.LASF20:
 1970 031a 74726566 		.ascii	"trefs_t\000"
 1970      735F7400 
 1971              	.LASF62:
 1972 0322 76697274 		.ascii	"virtual_timer_t\000"
 1972      75616C5F 
 1972      74696D65 
 1972      725F7400 
 1973              	.LASF29:
 1974 0332 705F7072 		.ascii	"p_prev\000"
 1974      657600
 1975              	.LASF22:
 1976 0339 74707269 		.ascii	"tprio_t\000"
 1976      6F5F7400 
 1977              	.LASF115:
 1978 0341 63685379 		.ascii	"chSysUnlockFromISR\000"
 1978      73556E6C 
 1978      6F636B46 
 1978      726F6D49 
 1978      535200
 1979              	.LASF73:
 1980 0354 63685F73 		.ascii	"ch_system_debug\000"
 1980      79737465 
 1980      6D5F6465 
 1980      62756700 
 1981              	.LASF109:
 1982 0364 5F426F6F 		.ascii	"_Bool\000"
 1982      6C00
 1983              	.LASF14:
 1984 036a 696E7433 		.ascii	"int32_t\000"
 1984      325F7400 
 1985              	.LASF2:
 1986 0372 756E7369 		.ascii	"unsigned char\000"
 1986      676E6564 
 1986      20636861 
 1986      7200
 1987              	.LASF121:
 1988 0380 49544D5F 		.ascii	"ITM_RxBuffer\000"
 1988      52784275 
 1988      66666572 
 1988      00
 1989              	.LASF126:
 1990 038d 43686962 		.ascii	"ChibiOS_3.0.2/os/hal/ports/STM32/LLD/TIMv1/st_lld.c"
 1990      694F535F 
 1990      332E302E 
 1990      322F6F73 
 1990      2F68616C 
 1991 03c0 00       		.ascii	"\000"
 1992              	.LASF3:
 1993 03c1 73686F72 		.ascii	"short int\000"
 1993      7420696E 
 1993      7400
ARM GAS  /var/folders/sv/kgmgr77579zbf78p2zlhkdfr0000gn/T//ccLIlnK9.s 			page 39


 1994              	.LASF35:
 1995 03cb 705F7374 		.ascii	"p_state\000"
 1995      61746500 
 1996              	.LASF38:
 1997 03d3 705F7072 		.ascii	"p_preempt\000"
 1997      65656D70 
 1997      7400
 1998              	.LASF124:
 1999 03dd 6E766963 		.ascii	"nvicSetSystemHandlerPriority\000"
 1999      53657453 
 1999      79737465 
 1999      6D48616E 
 1999      646C6572 
 2000              	.LASF56:
 2001 03fa 725F7072 		.ascii	"r_prio\000"
 2001      696F00
 2002              	.LASF94:
 2003 0401 77746F62 		.ascii	"wtobjp\000"
 2003      6A7000
 2004              	.LASF98:
 2005 0408 65776D61 		.ascii	"ewmask\000"
 2005      736B00
 2006              	.LASF28:
 2007 040f 705F6E65 		.ascii	"p_next\000"
 2007      787400
 2008              	.LASF36:
 2009 0416 705F666C 		.ascii	"p_flags\000"
 2009      61677300 
 2010              	.LASF63:
 2011 041e 63685F76 		.ascii	"ch_virtual_timer\000"
 2011      69727475 
 2011      616C5F74 
 2011      696D6572 
 2011      00
 2012              	.LASF99:
 2013 042f 63685F73 		.ascii	"ch_semaphore\000"
 2013      656D6170 
 2013      686F7265 
 2013      00
 2014              	.LASF43:
 2015 043c 705F6570 		.ascii	"p_epending\000"
 2015      656E6469 
 2015      6E6700
 2016              	.LASF15:
 2017 0447 75696E74 		.ascii	"uint32_t\000"
 2017      33325F74 
 2017      00
 2018              	.LASF97:
 2019 0450 77746D74 		.ascii	"wtmtxp\000"
 2019      787000
 2020              	.LASF55:
 2021 0457 725F7175 		.ascii	"r_queue\000"
 2021      65756500 
 2022              	.LASF71:
 2023 045f 76745F73 		.ascii	"vt_systime\000"
 2023      79737469 
 2023      6D6500
ARM GAS  /var/folders/sv/kgmgr77579zbf78p2zlhkdfr0000gn/T//ccLIlnK9.s 			page 40


 2024              	.LASF50:
 2025 046a 63685F74 		.ascii	"ch_threads_list\000"
 2025      68726561 
 2025      64735F6C 
 2025      69737400 
 2026              	.LASF9:
 2027 047a 6C6F6E67 		.ascii	"long unsigned int\000"
 2027      20756E73 
 2027      69676E65 
 2027      6420696E 
 2027      7400
 2028              	.LASF106:
 2029 048c 63686172 		.ascii	"char\000"
 2029      00
 2030              	.LASF113:
 2031 0491 706F7274 		.ascii	"port_unlock_from_isr\000"
 2031      5F756E6C 
 2031      6F636B5F 
 2031      66726F6D 
 2031      5F697372 
 2032              	.LASF27:
 2033 04a6 74687265 		.ascii	"thread_t\000"
 2033      61645F74 
 2033      00
 2034              	.LASF105:
 2035 04af 6D5F6E65 		.ascii	"m_next\000"
 2035      787400
 2036              	.LASF26:
 2037 04b6 73797374 		.ascii	"systime_t\000"
 2037      696D655F 
 2037      7400
 2038              	.LASF122:
 2039 04c0 63685379 		.ascii	"chSysTimerHandlerI\000"
 2039      7354696D 
 2039      65724861 
 2039      6E646C65 
 2039      724900
 2040              	.LASF61:
 2041 04d3 76746675 		.ascii	"vtfunc_t\000"
 2041      6E635F74 
 2041      00
 2042              	.LASF8:
 2043 04dc 5F5F7569 		.ascii	"__uint32_t\000"
 2043      6E743332 
 2043      5F7400
 2044              	.LASF128:
 2045 04e7 5F5F7365 		.ascii	"__set_BASEPRI\000"
 2045      745F4241 
 2045      53455052 
 2045      4900
 2046              	.LASF74:
 2047 04f5 70616E69 		.ascii	"panic_msg\000"
 2047      635F6D73 
 2047      6700
 2048              	.LASF90:
 2049 04ff 6F666673 		.ascii	"offset\000"
 2049      657400
ARM GAS  /var/folders/sv/kgmgr77579zbf78p2zlhkdfr0000gn/T//ccLIlnK9.s 			page 41


 2050              	.LASF39:
 2051 0506 705F7469 		.ascii	"p_time\000"
 2051      6D6500
 2052              	.LASF119:
 2053 050d 53797354 		.ascii	"SysTick_Handler\000"
 2053      69636B5F 
 2053      48616E64 
 2053      6C657200 
 2054              	.LASF112:
 2055 051d 706F7274 		.ascii	"port_lock_from_isr\000"
 2055      5F6C6F63 
 2055      6B5F6672 
 2055      6F6D5F69 
 2055      737200
 2056              	.LASF41:
 2057 0530 705F6D73 		.ascii	"p_msgqueue\000"
 2057      67717565 
 2057      756500
 2058              	.LASF82:
 2059 053b 4354524C 		.ascii	"CTRL\000"
 2059      00
 2060              	.LASF68:
 2061 0540 76745F70 		.ascii	"vt_par\000"
 2061      617200
 2062              	.LASF51:
 2063 0547 74687265 		.ascii	"threads_queue_t\000"
 2063      6164735F 
 2063      71756575 
 2063      655F7400 
 2064              	.LASF37:
 2065 0557 705F7265 		.ascii	"p_refs\000"
 2065      667300
 2066              	.LASF125:
 2067 055e 474E5520 		.ascii	"GNU C99 5.4.1 20160919 (release) [ARM/embedded-5-br"
 2067      43393920 
 2067      352E342E 
 2067      31203230 
 2067      31363039 
 2068 0591 616E6368 		.ascii	"anch revision 240496] -mcpu=cortex-m4 -mfloat-abi=h"
 2068      20726576 
 2068      6973696F 
 2068      6E203234 
 2068      30343936 
 2069 05c4 61726420 		.ascii	"ard -mfpu=fpv4-sp-d16 -mno-thumb-interwork -mthumb "
 2069      2D6D6670 
 2069      753D6670 
 2069      76342D73 
 2069      702D6431 
 2070 05f7 2D676764 		.ascii	"-ggdb -O2 -std=gnu99 -fomit-frame-pointer -falign-f"
 2070      62202D4F 
 2070      32202D73 
 2070      74643D67 
 2070      6E753939 
 2071 062a 756E6374 		.ascii	"unctions=16 -ffunction-sections -fdata-sections -fn"
 2071      696F6E73 
 2071      3D313620 
 2071      2D666675 
ARM GAS  /var/folders/sv/kgmgr77579zbf78p2zlhkdfr0000gn/T//ccLIlnK9.s 			page 42


 2071      6E637469 
 2072 065d 6F2D636F 		.ascii	"o-common -fsingle-precision-constant\000"
 2072      6D6D6F6E 
 2072      202D6673 
 2072      696E676C 
 2072      652D7072 
 2073              	.LASF123:
 2074 0682 5F706F72 		.ascii	"_port_irq_epilogue\000"
 2074      745F6972 
 2074      715F6570 
 2074      696C6F67 
 2074      756500
 2075              	.LASF77:
 2076 0695 726C6973 		.ascii	"rlist\000"
 2076      7400
 2077              	.LASF13:
 2078 069b 75696E74 		.ascii	"uint8_t\000"
 2078      385F7400 
 2079              	.LASF81:
 2080 06a3 73697A65 		.ascii	"sizetype\000"
 2080      74797065 
 2080      00
 2081              	.LASF102:
 2082 06ac 63685F6D 		.ascii	"ch_mutex\000"
 2082      75746578 
 2082      00
 2083              	.LASF34:
 2084 06b5 705F6E61 		.ascii	"p_name\000"
 2084      6D6500
 2085              	.LASF48:
 2086 06bc 74687265 		.ascii	"threads_list_t\000"
 2086      6164735F 
 2086      6C697374 
 2086      5F7400
 2087              	.LASF42:
 2088 06cb 705F6D73 		.ascii	"p_msg\000"
 2088      6700
 2089              	.LASF104:
 2090 06d1 6D5F6F77 		.ascii	"m_owner\000"
 2090      6E657200 
 2091              	.LASF31:
 2092 06d9 705F6374 		.ascii	"p_ctx\000"
 2092      7800
 2093              	.LASF40:
 2094 06df 705F7761 		.ascii	"p_waiting\000"
 2094      6974696E 
 2094      6700
 2095              	.LASF44:
 2096 06e9 705F6D74 		.ascii	"p_mtxlist\000"
 2096      786C6973 
 2096      7400
 2097              		.ident	"GCC: (GNU Tools for ARM Embedded Processors) 5.4.1 20160919 (release) [ARM/embedded-5-bran
ARM GAS  /var/folders/sv/kgmgr77579zbf78p2zlhkdfr0000gn/T//ccLIlnK9.s 			page 43


DEFINED SYMBOLS
                            *ABS*:0000000000000000 st_lld.c
/var/folders/sv/kgmgr77579zbf78p2zlhkdfr0000gn/T//ccLIlnK9.s:22     .text.SysTick_Handler:0000000000000000 $t
/var/folders/sv/kgmgr77579zbf78p2zlhkdfr0000gn/T//ccLIlnK9.s:28     .text.SysTick_Handler:0000000000000000 SysTick_Handler
/var/folders/sv/kgmgr77579zbf78p2zlhkdfr0000gn/T//ccLIlnK9.s:103    .text.st_lld_init:0000000000000000 $t
/var/folders/sv/kgmgr77579zbf78p2zlhkdfr0000gn/T//ccLIlnK9.s:109    .text.st_lld_init:0000000000000000 st_lld_init
/var/folders/sv/kgmgr77579zbf78p2zlhkdfr0000gn/T//ccLIlnK9.s:138    .text.st_lld_init:0000000000000018 $d
                     .debug_frame:0000000000000010 $d

UNDEFINED SYMBOLS
chSysTimerHandlerI
_port_irq_epilogue
nvicSetSystemHandlerPriority
